2025-03-31T13:02:49.072 [http-nio-8080-exec-1] INFO o.a.c.c.C.[.[.[/] - Initializing Spring DispatcherServlet 'dispatcherServlet' 
2025-03-31T13:02:49.075 [http-nio-8080-exec-1] INFO o.s.w.s.DispatcherServlet - Initializing Servlet 'dispatcherServlet' 
2025-03-31T13:02:49.076 [http-nio-8080-exec-1] INFO o.s.w.s.DispatcherServlet - Completed initialization in 1 ms 
2025-03-31T13:02:50.015 [http-nio-8080-exec-7] DEBUG j.sqltiming -  com.zaxxer.hikari.pool.ProxyPreparedStatement.execute(ProxyPreparedStatement.java:44)
140. SELECT
			urSeq,
		    urName,
		    urID,
		    urPassword,
		    urRegTime
		FROM
			user
		WHERE 1=1
			AND urID = 'ej'
			 AND urPassword = '1'
 {executed in 1 msec} 
2025-03-31T13:02:50.017 [http-nio-8080-exec-7] INFO j.resultsettable - 
|------|-------|-----|-----------|--------------------|
|urseq |urname |urid |urpassword |urregtime           |
|------|-------|-----|-----------|--------------------|
|2     |관리자    |ej   |1          |2025-03-28T11:37:15 |
|------|-------|-----|-----------|--------------------|
 
2025-03-31T13:02:50.044 [http-nio-8080-exec-8] DEBUG j.sqltiming -  com.zaxxer.hikari.pool.ProxyPreparedStatement.execute(ProxyPreparedStatement.java:44)
140. Select count(*)

			from
			codegroup as a 		
			where 1=1
		 AND a.cgUse = 1 
         AND a.cgdelNy = 0
 {executed in 2 msec} 
2025-03-31T13:02:50.045 [http-nio-8080-exec-8] INFO j.resultsettable - 
|---------|
|count(*) |
|---------|
|21       |
|---------|
 
2025-03-31T13:02:50.053 [http-nio-8080-exec-8] DEBUG j.sqltiming -  com.zaxxer.hikari.pool.ProxyPreparedStatement.execute(ProxyPreparedStatement.java:44)
140. select
			a.cgSeq,
			a.cgdelNy,
			a.cgUse,
		    a.cgName,
		    a.cgNameEng,
		    (select count(aa.cdSeq) from code aa where 1=1 and aa.cdDelNy = 0 and aa.codeGroup_cgSeq = a.cgSeq) as cdSeqCount,
		    a.cgOrder,
		    a.cgRegDate,
		    a.cgEdDate

			from
			codegroup as a 		
			where 1=1
		 AND a.cgUse = 1 
         AND a.cgdelNy = 0 

		order by cgSeq desc
		limit 5 offset 0
 {executed in 0 msec} 
2025-03-31T13:02:50.055 [http-nio-8080-exec-8] INFO j.resultsettable - 
|------|--------|------|--------|----------|-----------|--------|--------------------|--------------------|
|cgseq |cgdelny |cguse |cgname  |cgnameeng |cdseqcount |cgorder |cgregdate           |cgeddate            |
|------|--------|------|--------|----------|-----------|--------|--------------------|--------------------|
|25    |0       |1     |노을      |hihi      |0          |44      |2025-03-26T10:56:37 |2025-03-28T22:30:43 |
|23    |0       |1     |80802rD |hihi      |0          |44      |2025-03-26T10:52:51 |[null]              |
|22    |0       |1     |80802rD |hihi      |0          |44      |2025-03-26T10:49:22 |[null]              |
|21    |0       |1     |80802rD |hihi      |0          |44      |2025-03-26T10:48:39 |[null]              |
|20    |0       |1     |80802rD |hihi      |0          |44      |2025-03-26T10:47:38 |[null]              |
|------|--------|------|--------|----------|-----------|--------|--------------------|--------------------|
 
2025-03-31T13:02:52.762 [http-nio-8080-exec-2] DEBUG j.sqltiming -  com.zaxxer.hikari.pool.ProxyPreparedStatement.execute(ProxyPreparedStatement.java:44)
140. Select count(*)

		from
	  stadium s left join team tm ON s.team_tmSeq = tm.tmSeq
		WHERE 1=1

		 AND s.stUse = 1 
         AND s.stDelNy = 0
 {executed in 2 msec} 
2025-03-31T13:02:52.762 [http-nio-8080-exec-2] INFO j.resultsettable - 
|---------|
|count(*) |
|---------|
|30       |
|---------|
 
2025-03-31T13:02:52.774 [http-nio-8080-exec-2] DEBUG j.sqltiming -  com.zaxxer.hikari.pool.ProxyPreparedStatement.execute(ProxyPreparedStatement.java:44)
140. select
			tmNameAb,
		    tmSeq
		from
			team
		where 1=1
 {executed in 10 msec} 
2025-03-31T13:02:52.775 [http-nio-8080-exec-2] INFO j.resultsettable - 
|---------|------|
|tmnameab |tmseq |
|---------|------|
|ARI      |1     |
|LAD      |2     |
|COL      |3     |
|SD       |4     |
|SF       |5     |
|CHC      |6     |
|CIN      |7     |
|MIL      |8     |
|PIT      |9     |
|STL      |10    |
|ATL      |11    |
|MIA      |12    |
|NYM      |13    |
|PHI      |14    |
|WSH      |15    |
|HOU      |16    |
|LAA      |17    |
|ATH      |18    |
|SEA      |19    |
|TEX      |20    |
|CWS      |21    |
|CLE      |22    |
|DET      |23    |
|KC       |24    |
|MIN      |25    |
|BAL      |26    |
|BOS      |27    |
|NYY      |28    |
|TB       |29    |
|TOR      |30    |
|---------|------|
 
2025-03-31T13:02:52.777 [http-nio-8080-exec-2] DEBUG j.sqltiming -  com.zaxxer.hikari.pool.ProxyPreparedStatement.execute(ProxyPreparedStatement.java:44)
140. SELECT	
		tm.tmNameAb,
	    s.stSeq,
	    s.stUse,
	    s.stDelNy,
	    s.stName,
	    s.stNameKor,
	    s.stAdress,
	    s.stRegTime,
	    s.stModTime

		from
	  stadium s left join team tm ON s.team_tmSeq = tm.tmSeq
		WHERE 1=1

		 AND s.stUse = 1 
         AND s.stDelNy = 0 

		ORDER BY s.stSeq DESC	
		limit 5 offset 0
 {executed in 1 msec} 
2025-03-31T13:02:52.779 [http-nio-8080-exec-2] INFO j.resultsettable - 
|---------|------|------|--------|----------------------------|---------------|----------------------------------------------|--------------------|----------|
|tmnameab |stseq |stuse |stdelny |stname                      |stnamekor      |stadress                                      |stregtime           |stmodtime |
|---------|------|------|--------|----------------------------|---------------|----------------------------------------------|--------------------|----------|
|TOR      |30    |1     |0       |Rogers Centre               |로저스 센터         |1 Blue Jays Way, Toronto, ON M5V 1J1, Canada  |2025-03-25T00:40:28 |[null]    |
|TB       |29    |1     |0       |Tropicana Field             |트로피카나 필드       |1 Tropicana Dr, St. Petersburg, FL 33705, USA |2025-03-25T00:40:17 |[null]    |
|NYY      |28    |1     |0       |Yankee Stadium              |양키 스타디움        |1 E 161st St, The Bronx, NY 10451, USA        |2025-03-25T00:39:46 |[null]    |
|BOS      |27    |1     |0       |Fenway Park                 |펜웨이 파크         |4 Yawkey Way, Boston, MA 02215, USA           |2025-03-25T00:39:36 |[null]    |
|BAL      |26    |1     |0       |Oriole Park at Camden Yards |오리올 파크 앳 캠든 야드 |333 W Camden St, Baltimore, MD 21201, USA     |2025-03-25T00:39:28 |[null]    |
|---------|------|------|--------|----------------------------|---------------|----------------------------------------------|--------------------|----------|
 
