2025-04-06T21:23:11.326 [restartedMain] INFO c.a.AngelsApplication - Starting AngelsApplication using Java 21.0.5 with PID 6328 (C:\factory\ws_sts4_4270\repo_angels\angels\bin\main started by sunjs in C:\factory\ws_sts4_4270\repo_angels\angels) 
2025-04-06T21:23:11.328 [restartedMain] INFO c.a.AngelsApplication - No active profile set, falling back to 1 default profile: "default" 
2025-04-06T21:23:11.421 [restartedMain] INFO o.s.b.d.e.DevToolsPropertyDefaultsPostProcessor - Devtools property defaults active! Set 'spring.devtools.add-properties' to 'false' to disable 
2025-04-06T21:23:11.424 [restartedMain] INFO o.s.b.d.e.DevToolsPropertyDefaultsPostProcessor - For additional web related logging consider setting the 'logging.level.web' property to 'DEBUG' 
2025-04-06T21:23:14.963 [restartedMain] INFO o.s.b.w.e.t.TomcatWebServer - Tomcat initialized with port 8080 (http) 
2025-04-06T21:23:14.994 [restartedMain] INFO o.a.c.h.Http11NioProtocol - Initializing ProtocolHandler ["http-nio-8080"] 
2025-04-06T21:23:14.998 [restartedMain] INFO o.a.c.c.StandardService - Starting service [Tomcat] 
2025-04-06T21:23:15.001 [restartedMain] INFO o.a.c.c.StandardEngine - Starting Servlet engine: [Apache Tomcat/10.1.36] 
2025-04-06T21:23:15.161 [restartedMain] INFO o.a.c.c.C.[.[.[/] - Initializing Spring embedded WebApplicationContext 
2025-04-06T21:23:15.162 [restartedMain] INFO o.s.b.w.s.c.ServletWebServerApplicationContext - Root WebApplicationContext: initialization completed in 3736 ms 
2025-04-06T21:23:16.007 [restartedMain] INFO c.z.h.HikariDataSource - HikariPool-1 - Starting... 
2025-04-06T21:23:17.042 [restartedMain] INFO c.z.h.p.HikariPool - HikariPool-1 - Added connection net.sf.log4jdbc.sql.jdbcapi.ConnectionSpy@3cc2c30b 
2025-04-06T21:23:17.045 [restartedMain] INFO c.z.h.HikariDataSource - HikariPool-1 - Start completed. 
2025-04-06T21:23:17.143 [restartedMain] DEBUG j.sqltiming -  com.zaxxer.hikari.pool.ProxyPreparedStatement.execute(ProxyPreparedStatement.java:44)
1. SELECT 
			cdSeq,
			cdName,
			cdNameEng,
			codeGroup_cgSeq
		FROM
			code
		WHERE 1=1
			AND cdDelNy = 0
 {executed in 37 msec} 
2025-04-06T21:23:17.230 [restartedMain] INFO j.resultsettable - 
|------|----------|-------------------|----------------|
|cdseq |cdname    |cdnameeng          |codegroup_cgseq |
|------|----------|-------------------|----------------|
|1     |SKT       |SKT                |1               |
|2     |KT        |KT                 |1               |
|3     |LG U+     |LG U+              |1               |
|4     |SKT 알뜰폰   |                   |1               |
|5     |KT 알뜰폰    |                   |1               |
|6     |LG U+ 알뜰폰 |                   |1               |
|7     |남자        |man                |2               |
|8     |여자        |woman              |2               |
|9     |AL        |AL                 |3               |
|10    |NL        |NL                 |3               |
|11    |East      |East               |4               |
|12    |Central   |Central            |4               |
|13    |West      |West               |4               |
|14    |투수        |P                  |5               |
|15    |1루수       |1B                 |5               |
|16    |2루수       |2B                 |5               |
|17    |3루수       |3B                 |5               |
|18    |유격수       |SS                 |5               |
|19    |좌익수       |LF                 |5               |
|20    |중견수       |CF                 |5               |
|21    |우익수       |RF                 |5               |
|22    |포수        |C                  |5               |
|23    |지명타자      |DH                 |5               |
|24    |대타        | PH                |5               |
|25    |대주자       |PR                 |5               |
|26    |좌투        |L                  |6               |
|27    |우투        |R                  |6               |
|28    |양투        |S                  |6               |
|29    |좌타        |L                  |7               |
|30    |우타        |R                  |7               |
|31    |양타        |S                  |7               |
|32    |미국        |United States      |8               |
|33    |도미니카 공화국  |Dominican Republic |8               |
|34    |베네수엘라     |Venezuela          |8               |
|35    |쿠바        |Cuba               |8               |
|36    |푸에르토리코    |Puerto Rico        |8               |
|37    |멕시코       |Mexico             |8               |
|38    |캐나다       |Canada             |8               |
|39    |일본        |Japan              |8               |
|40    |콜롬비아      |Colombia           |8               |
|41    |대한민국      |Korea              |8               |
|42    |파나마       |Panama             |8               |
|43    |퀴라소       |Curaçao            |8               |
|44    |네덜란드      |Netherlands        |8               |
|45    |바하마       |Bahamas            |8               |
|46    |니카라과      |Nicaragua          |8               |
|47    |호주        |Australia          |8               |
|48    |브라질       |Brazil             |8               |
|49    |독일        |Germany            |8               |
|50    |온두라스      |Honduras           |8               |
|51    |대만        |Taiwan             |8               |
|52    |아루바       |Aruba              |8               |
|53    |1회초       |TOP 1              |9               |
|54    |1회말       |BOT 1              |9               |
|55    |2회초       |TOP 2              |9               |
|56    |2회말       |BOT 2              |9               |
|57    |3회초       |TOP 3              |9               |
|58    |3회말       |BOT 3              |9               |
|59    |4회초       |TOP 4              |9               |
|60    |4회말       |BOT 4              |9               |
|61    |5회초       |TOP 5              |9               |
|62    |5회말       |BOT 5              |9               |
|63    |6회초       |TOP 6              |9               |
|64    |6회말       |BOT 6              |9               |
|65    |7회초       |TOP 7              |9               |
|66    |7회말       |BOT 7              |9               |
|67    |8회초       |TOP 8              |9               |
|68    |8회말       |BOT 8              |9               |
|69    |9회초       |TOP 9              |9               |
|70    |9회말       |BOT 9              |9               |
|71    |10회초      |TOP 10             |9               |
|72    |10회말      |BOT 10             |9               |
|73    |11회초      |TOP 11             |9               |
|74    |11회말      |BOT 11             |9               |
|75    |12회초      |TOP 12             |9               |
|76    |12회말      |BOT 12             |9               |
|77    |13회초      |TOP 13             |9               |
|78    |13회말      |BOT 13             |9               |
|79    |14회초      |TOP 14             |9               |
|80    |14회말      |BOT 14             |9               |
|81    |15회초      |TOP 15             |9               |
|82    |15회말      |BOT 15             |9               |
|83    |16회초      |TOP 16             |9               |
|84    |16회말      |BOT 16             |9               |
|85    |17회초      |TOP 17             |9               |
|86    |17회말      |BOT 17             |9               |
|87    |18회초      |TOP 18             |9               |
|88    |18회말      |BOT 18             |9               |
|89    |19회초      |TOP 19             |9               |
|90    |19회말      |BOT 19             |9               |
|91    |20회초      |TOP 20             |9               |
|92    |20회말      |BOT 20             |9               |
|93    |현역        |active             |10              |
|94    |은퇴        |retire             |10              |
|95    |투타겸업      |TWP                |5               |
|96    |네이버       |naver.com          |11              |
|97    |다음        |daum.net           |11              |
|98    |구글(지메일)   |gmail.com          |11              |
|------|----------|-------------------|----------------|
 
2025-04-06T21:23:19.595 [restartedMain] INFO o.s.b.d.a.OptionalLiveReloadServer - LiveReload server is running on port 35729 
2025-04-06T21:23:19.632 [restartedMain] INFO o.a.c.h.Http11NioProtocol - Starting ProtocolHandler ["http-nio-8080"] 
2025-04-06T21:23:19.676 [restartedMain] INFO o.s.b.w.e.t.TomcatWebServer - Tomcat started on port 8080 (http) with context path '/' 
2025-04-06T21:23:19.692 [restartedMain] INFO c.a.AngelsApplication - Started AngelsApplication in 9.115 seconds (process running for 11.65) 
2025-04-06T21:23:26.170 [http-nio-8080-exec-1] INFO o.a.c.c.C.[.[.[/] - Initializing Spring DispatcherServlet 'dispatcherServlet' 
2025-04-06T21:23:26.170 [http-nio-8080-exec-1] INFO o.s.w.s.DispatcherServlet - Initializing Servlet 'dispatcherServlet' 
2025-04-06T21:23:26.173 [http-nio-8080-exec-1] INFO o.s.w.s.DispatcherServlet - Completed initialization in 3 ms 
2025-04-06T21:23:26.228 [http-nio-8080-exec-1] DEBUG j.sqltiming -  com.zaxxer.hikari.pool.ProxyPreparedStatement.execute(ProxyPreparedStatement.java:44)
1. select
		cdName,
	    cdSeq
		from
			code
		where 1=1
			and codeGroup_cgSeq=1

		order by cdSeq desc
 {executed in 1 msec} 
2025-04-06T21:23:26.229 [http-nio-8080-exec-1] INFO j.resultsettable - 
|-------|------|
|cdname |cdseq |
|-------|------|
|-------|------|
 
2025-04-06T21:23:26.234 [http-nio-8080-exec-1] DEBUG j.sqltiming -  com.zaxxer.hikari.pool.ProxyPreparedStatement.execute(ProxyPreparedStatement.java:44)
1. select
		cdNameEng,
		cdSeq
		from
			code
		where 1=1
			and codeGroup_cgSeq=11
		order by cdSeq desc
 {executed in 1 msec} 
2025-04-06T21:23:26.235 [http-nio-8080-exec-1] INFO j.resultsettable - 
|----------|------|
|cdnameeng |cdseq |
|----------|------|
|----------|------|
 
2025-04-06T21:23:26.239 [http-nio-8080-exec-1] DEBUG j.sqltiming -  com.zaxxer.hikari.pool.ProxyPreparedStatement.execute(ProxyPreparedStatement.java:44)
1. select
		cdName,
	    cdSeq
	from
		code
	where 1=1
		and codeGroup_cgSeq=2
	order by cdSeq desc
 {executed in 4 msec} 
2025-04-06T21:23:26.239 [http-nio-8080-exec-1] INFO j.resultsettable - 
|-------|------|
|cdname |cdseq |
|-------|------|
|-------|------|
 
2025-04-06T21:23:36.589 [http-nio-8080-exec-1] DEBUG j.sqltiming -  com.zaxxer.hikari.pool.ProxyPreparedStatement.execute(ProxyPreparedStatement.java:44)
1. select
		cdName,
	    cdSeq
		from
			code
		where 1=1
			and codeGroup_cgSeq=1

		order by cdSeq desc
 {executed in 1 msec} 
2025-04-06T21:23:36.592 [http-nio-8080-exec-1] INFO j.resultsettable - 
|-------|------|
|cdname |cdseq |
|-------|------|
|-------|------|
 
2025-04-06T21:23:36.597 [http-nio-8080-exec-1] DEBUG j.sqltiming -  com.zaxxer.hikari.pool.ProxyPreparedStatement.execute(ProxyPreparedStatement.java:44)
1. select
		cdNameEng,
		cdSeq
		from
			code
		where 1=1
			and codeGroup_cgSeq=11
		order by cdSeq desc
 {executed in 3 msec} 
2025-04-06T21:23:36.598 [http-nio-8080-exec-1] INFO j.resultsettable - 
|----------|------|
|cdnameeng |cdseq |
|----------|------|
|----------|------|
 
2025-04-06T21:23:36.600 [http-nio-8080-exec-1] DEBUG j.sqltiming -  com.zaxxer.hikari.pool.ProxyPreparedStatement.execute(ProxyPreparedStatement.java:44)
1. select
		cdName,
	    cdSeq
	from
		code
	where 1=1
		and codeGroup_cgSeq=2
	order by cdSeq desc
 {executed in 1 msec} 
2025-04-06T21:23:36.603 [http-nio-8080-exec-1] INFO j.resultsettable - 
|-------|------|
|cdname |cdseq |
|-------|------|
|-------|------|
 
2025-04-06T21:23:57.547 [http-nio-8080-exec-7] DEBUG j.sqltiming -  com.zaxxer.hikari.pool.ProxyPreparedStatement.execute(ProxyPreparedStatement.java:44)
1. select
		cdName,
	    cdSeq
		from
			code
		where 1=1
			and codeGroup_cgSeq=1

		order by cdSeq desc
 {executed in 1 msec} 
2025-04-06T21:23:57.548 [http-nio-8080-exec-7] INFO j.resultsettable - 
|-------|------|
|cdname |cdseq |
|-------|------|
|-------|------|
 
2025-04-06T21:23:57.551 [http-nio-8080-exec-7] DEBUG j.sqltiming -  com.zaxxer.hikari.pool.ProxyPreparedStatement.execute(ProxyPreparedStatement.java:44)
1. select
		cdNameEng,
		cdSeq
		from
			code
		where 1=1
			and codeGroup_cgSeq=11
		order by cdSeq desc
 {executed in 2 msec} 
2025-04-06T21:23:57.552 [http-nio-8080-exec-7] INFO j.resultsettable - 
|----------|------|
|cdnameeng |cdseq |
|----------|------|
|----------|------|
 
2025-04-06T21:23:57.557 [http-nio-8080-exec-7] DEBUG j.sqltiming -  com.zaxxer.hikari.pool.ProxyPreparedStatement.execute(ProxyPreparedStatement.java:44)
1. select
		cdName,
	    cdSeq
	from
		code
	where 1=1
		and codeGroup_cgSeq=2
	order by cdSeq desc
 {executed in 2 msec} 
2025-04-06T21:23:57.558 [http-nio-8080-exec-7] INFO j.resultsettable - 
|-------|------|
|cdname |cdseq |
|-------|------|
|-------|------|
 
2025-04-06T21:24:08.404 [http-nio-8080-exec-5] DEBUG j.sqltiming -  com.zaxxer.hikari.pool.ProxyPreparedStatement.execute(ProxyPreparedStatement.java:44)
1. select
		cdName,
	    cdSeq
		from
			code
		where 1=1
			and codeGroup_cgSeq=1

		order by cdSeq desc
 {executed in 2 msec} 
2025-04-06T21:24:08.405 [http-nio-8080-exec-5] INFO j.resultsettable - 
|-------|------|
|cdname |cdseq |
|-------|------|
|-------|------|
 
2025-04-06T21:24:08.409 [http-nio-8080-exec-5] DEBUG j.sqltiming -  com.zaxxer.hikari.pool.ProxyPreparedStatement.execute(ProxyPreparedStatement.java:44)
1. select
		cdNameEng,
		cdSeq
		from
			code
		where 1=1
			and codeGroup_cgSeq=11
		order by cdSeq desc
 {executed in 1 msec} 
2025-04-06T21:24:08.409 [http-nio-8080-exec-5] INFO j.resultsettable - 
|----------|------|
|cdnameeng |cdseq |
|----------|------|
|----------|------|
 
2025-04-06T21:24:08.412 [http-nio-8080-exec-5] DEBUG j.sqltiming -  com.zaxxer.hikari.pool.ProxyPreparedStatement.execute(ProxyPreparedStatement.java:44)
1. select
		cdName,
	    cdSeq
	from
		code
	where 1=1
		and codeGroup_cgSeq=2
	order by cdSeq desc
 {executed in 1 msec} 
2025-04-06T21:24:08.413 [http-nio-8080-exec-5] INFO j.resultsettable - 
|-------|------|
|cdname |cdseq |
|-------|------|
|-------|------|
 
2025-04-06T21:31:06.880 [File Watcher] INFO o.s.b.d.a.LocalDevToolsAutoConfiguration$RestartingClassPathChangeChangedEventListener - Restarting due to 1 class path change (0 additions, 0 deletions, 1 modification) 
2025-04-06T21:31:06.885 [Thread-5] INFO o.s.b.w.e.t.GracefulShutdown - Commencing graceful shutdown. Waiting for active requests to complete 
2025-04-06T21:31:06.887 [tomcat-shutdown] INFO o.a.c.h.Http11NioProtocol - Pausing ProtocolHandler ["http-nio-8080"] 
2025-04-06T21:31:06.906 [tomcat-shutdown] INFO o.s.b.w.e.t.GracefulShutdown - Graceful shutdown complete 
2025-04-06T21:31:06.907 [Thread-5] INFO o.a.c.h.Http11NioProtocol - Stopping ProtocolHandler ["http-nio-8080"] 
2025-04-06T21:31:06.911 [Thread-5] INFO c.z.h.HikariDataSource - HikariPool-1 - Shutdown initiated... 
2025-04-06T21:31:06.926 [Thread-5] INFO c.z.h.HikariDataSource - HikariPool-1 - Shutdown completed. 
2025-04-06T21:31:07.109 [restartedMain] INFO c.a.AngelsApplication - Starting AngelsApplication using Java 21.0.5 with PID 6328 (C:\factory\ws_sts4_4270\repo_angels\angels\bin\main started by sunjs in C:\factory\ws_sts4_4270\repo_angels\angels) 
2025-04-06T21:31:07.109 [restartedMain] INFO c.a.AngelsApplication - No active profile set, falling back to 1 default profile: "default" 
2025-04-06T21:31:07.607 [restartedMain] INFO o.s.b.w.e.t.TomcatWebServer - Tomcat initialized with port 8080 (http) 
2025-04-06T21:31:07.609 [restartedMain] INFO o.a.c.h.Http11NioProtocol - Initializing ProtocolHandler ["http-nio-8080"] 
2025-04-06T21:31:07.610 [restartedMain] INFO o.a.c.c.StandardService - Starting service [Tomcat] 
2025-04-06T21:31:07.610 [restartedMain] INFO o.a.c.c.StandardEngine - Starting Servlet engine: [Apache Tomcat/10.1.36] 
2025-04-06T21:31:07.644 [restartedMain] INFO o.a.c.c.C.[.[.[/] - Initializing Spring embedded WebApplicationContext 
2025-04-06T21:31:07.644 [restartedMain] INFO o.s.b.w.s.c.ServletWebServerApplicationContext - Root WebApplicationContext: initialization completed in 529 ms 
2025-04-06T21:31:07.792 [restartedMain] INFO c.z.h.HikariDataSource - HikariPool-2 - Starting... 
2025-04-06T21:31:07.814 [restartedMain] INFO c.z.h.p.HikariPool - HikariPool-2 - Added connection net.sf.log4jdbc.sql.jdbcapi.ConnectionSpy@410e86e5 
2025-04-06T21:31:07.814 [restartedMain] INFO c.z.h.HikariDataSource - HikariPool-2 - Start completed. 
2025-04-06T21:31:07.818 [restartedMain] DEBUG j.sqltiming -  com.zaxxer.hikari.pool.ProxyPreparedStatement.execute(ProxyPreparedStatement.java:44)
11. SELECT 
			cdSeq,
			cdName,
			cdNameEng,
			codeGroup_cgSeq
		FROM
			code
		WHERE 1=1
			AND cdDelNy = 0
 {executed in 3 msec} 
2025-04-06T21:31:07.826 [restartedMain] INFO j.resultsettable - 
|------|----------|-------------------|----------------|
|cdseq |cdname    |cdnameeng          |codegroup_cgseq |
|------|----------|-------------------|----------------|
|1     |SKT       |SKT                |1               |
|2     |KT        |KT                 |1               |
|3     |LG U+     |LG U+              |1               |
|4     |SKT 알뜰폰   |                   |1               |
|5     |KT 알뜰폰    |                   |1               |
|6     |LG U+ 알뜰폰 |                   |1               |
|7     |남자        |man                |2               |
|8     |여자        |woman              |2               |
|9     |AL        |AL                 |3               |
|10    |NL        |NL                 |3               |
|11    |East      |East               |4               |
|12    |Central   |Central            |4               |
|13    |West      |West               |4               |
|14    |투수        |P                  |5               |
|15    |1루수       |1B                 |5               |
|16    |2루수       |2B                 |5               |
|17    |3루수       |3B                 |5               |
|18    |유격수       |SS                 |5               |
|19    |좌익수       |LF                 |5               |
|20    |중견수       |CF                 |5               |
|21    |우익수       |RF                 |5               |
|22    |포수        |C                  |5               |
|23    |지명타자      |DH                 |5               |
|24    |대타        | PH                |5               |
|25    |대주자       |PR                 |5               |
|26    |좌투        |L                  |6               |
|27    |우투        |R                  |6               |
|28    |양투        |S                  |6               |
|29    |좌타        |L                  |7               |
|30    |우타        |R                  |7               |
|31    |양타        |S                  |7               |
|32    |미국        |United States      |8               |
|33    |도미니카 공화국  |Dominican Republic |8               |
|34    |베네수엘라     |Venezuela          |8               |
|35    |쿠바        |Cuba               |8               |
|36    |푸에르토리코    |Puerto Rico        |8               |
|37    |멕시코       |Mexico             |8               |
|38    |캐나다       |Canada             |8               |
|39    |일본        |Japan              |8               |
|40    |콜롬비아      |Colombia           |8               |
|41    |대한민국      |Korea              |8               |
|42    |파나마       |Panama             |8               |
|43    |퀴라소       |Curaçao            |8               |
|44    |네덜란드      |Netherlands        |8               |
|45    |바하마       |Bahamas            |8               |
|46    |니카라과      |Nicaragua          |8               |
|47    |호주        |Australia          |8               |
|48    |브라질       |Brazil             |8               |
|49    |독일        |Germany            |8               |
|50    |온두라스      |Honduras           |8               |
|51    |대만        |Taiwan             |8               |
|52    |아루바       |Aruba              |8               |
|53    |1회초       |TOP 1              |9               |
|54    |1회말       |BOT 1              |9               |
|55    |2회초       |TOP 2              |9               |
|56    |2회말       |BOT 2              |9               |
|57    |3회초       |TOP 3              |9               |
|58    |3회말       |BOT 3              |9               |
|59    |4회초       |TOP 4              |9               |
|60    |4회말       |BOT 4              |9               |
|61    |5회초       |TOP 5              |9               |
|62    |5회말       |BOT 5              |9               |
|63    |6회초       |TOP 6              |9               |
|64    |6회말       |BOT 6              |9               |
|65    |7회초       |TOP 7              |9               |
|66    |7회말       |BOT 7              |9               |
|67    |8회초       |TOP 8              |9               |
|68    |8회말       |BOT 8              |9               |
|69    |9회초       |TOP 9              |9               |
|70    |9회말       |BOT 9              |9               |
|71    |10회초      |TOP 10             |9               |
|72    |10회말      |BOT 10             |9               |
|73    |11회초      |TOP 11             |9               |
|74    |11회말      |BOT 11             |9               |
|75    |12회초      |TOP 12             |9               |
|76    |12회말      |BOT 12             |9               |
|77    |13회초      |TOP 13             |9               |
|78    |13회말      |BOT 13             |9               |
|79    |14회초      |TOP 14             |9               |
|80    |14회말      |BOT 14             |9               |
|81    |15회초      |TOP 15             |9               |
|82    |15회말      |BOT 15             |9               |
|83    |16회초      |TOP 16             |9               |
|84    |16회말      |BOT 16             |9               |
|85    |17회초      |TOP 17             |9               |
|86    |17회말      |BOT 17             |9               |
|87    |18회초      |TOP 18             |9               |
|88    |18회말      |BOT 18             |9               |
|89    |19회초      |TOP 19             |9               |
|90    |19회말      |BOT 19             |9               |
|91    |20회초      |TOP 20             |9               |
|92    |20회말      |BOT 20             |9               |
|93    |현역        |active             |10              |
|94    |은퇴        |retire             |10              |
|95    |투타겸업      |TWP                |5               |
|96    |네이버       |naver.com          |11              |
|97    |다음        |daum.net           |11              |
|98    |구글(지메일)   |gmail.com          |11              |
|------|----------|-------------------|----------------|
 
2025-04-06T21:31:07.968 [restartedMain] WARN o.s.b.w.s.c.AnnotationConfigServletWebServerApplicationContext - Exception encountered during context initialization - cancelling refresh attempt: org.springframework.beans.factory.BeanCreationException: Error creating bean with name 'welcomePageHandlerMapping' defined in class path resource [org/springframework/boot/autoconfigure/web/servlet/WebMvcAutoConfiguration$EnableWebMvcConfiguration.class]: Failed to instantiate [org.springframework.boot.autoconfigure.web.servlet.WelcomePageHandlerMapping]: Factory method 'welcomePageHandlerMapping' threw exception with message: Unresolved compilation problems: 
	Syntax error on token(s), misplaced construct(s)
	Syntax error on token ",", Expression expected after this token
 
2025-04-06T21:31:07.969 [restartedMain] INFO c.z.h.HikariDataSource - HikariPool-2 - Shutdown initiated... 
2025-04-06T21:31:07.992 [restartedMain] INFO c.z.h.HikariDataSource - HikariPool-2 - Shutdown completed. 
2025-04-06T21:31:07.993 [restartedMain] INFO o.a.c.c.StandardService - Stopping service [Tomcat] 
2025-04-06T21:31:08.011 [restartedMain] INFO o.s.b.a.l.ConditionEvaluationReportLogger - 

Error starting ApplicationContext. To display the condition evaluation report re-run your application with 'debug' enabled. 
2025-04-06T21:31:08.068 [restartedMain] ERROR o.s.b.SpringApplication - Application run failed 
org.springframework.beans.factory.BeanCreationException: Error creating bean with name 'welcomePageHandlerMapping' defined in class path resource [org/springframework/boot/autoconfigure/web/servlet/WebMvcAutoConfiguration$EnableWebMvcConfiguration.class]: Failed to instantiate [org.springframework.boot.autoconfigure.web.servlet.WelcomePageHandlerMapping]: Factory method 'welcomePageHandlerMapping' threw exception with message: Unresolved compilation problems: 
	Syntax error on token(s), misplaced construct(s)
	Syntax error on token ",", Expression expected after this token

	at org.springframework.beans.factory.support.ConstructorResolver.instantiate(ConstructorResolver.java:657)
	at org.springframework.beans.factory.support.ConstructorResolver.instantiateUsingFactoryMethod(ConstructorResolver.java:645)
	at org.springframework.beans.factory.support.AbstractAutowireCapableBeanFactory.instantiateUsingFactoryMethod(AbstractAutowireCapableBeanFactory.java:1361)
	at org.springframework.beans.factory.support.AbstractAutowireCapableBeanFactory.createBeanInstance(AbstractAutowireCapableBeanFactory.java:1191)
	at org.springframework.beans.factory.support.AbstractAutowireCapableBeanFactory.doCreateBean(AbstractAutowireCapableBeanFactory.java:563)
	at org.springframework.beans.factory.support.AbstractAutowireCapableBeanFactory.createBean(AbstractAutowireCapableBeanFactory.java:523)
	at org.springframework.beans.factory.support.AbstractBeanFactory.lambda$doGetBean$0(AbstractBeanFactory.java:339)
	at org.springframework.beans.factory.support.DefaultSingletonBeanRegistry.getSingleton(DefaultSingletonBeanRegistry.java:346)
	at org.springframework.beans.factory.support.AbstractBeanFactory.doGetBean(AbstractBeanFactory.java:337)
	at org.springframework.beans.factory.support.AbstractBeanFactory.getBean(AbstractBeanFactory.java:202)
	at org.springframework.beans.factory.support.DefaultListableBeanFactory.instantiateSingleton(DefaultListableBeanFactory.java:1155)
	at org.springframework.beans.factory.support.DefaultListableBeanFactory.preInstantiateSingleton(DefaultListableBeanFactory.java:1121)
	at org.springframework.beans.factory.support.DefaultListableBeanFactory.preInstantiateSingletons(DefaultListableBeanFactory.java:1056)
	at org.springframework.context.support.AbstractApplicationContext.finishBeanFactoryInitialization(AbstractApplicationContext.java:987)
	at org.springframework.context.support.AbstractApplicationContext.refresh(AbstractApplicationContext.java:627)
	at org.springframework.boot.web.servlet.context.ServletWebServerApplicationContext.refresh(ServletWebServerApplicationContext.java:146)
	at org.springframework.boot.SpringApplication.refresh(SpringApplication.java:752)
	at org.springframework.boot.SpringApplication.refreshContext(SpringApplication.java:439)
	at org.springframework.boot.SpringApplication.run(SpringApplication.java:318)
	at org.springframework.boot.SpringApplication.run(SpringApplication.java:1361)
	at org.springframework.boot.SpringApplication.run(SpringApplication.java:1350)
	at com.angels.AngelsApplication.main(AngelsApplication.java:10)
	at java.base/jdk.internal.reflect.DirectMethodHandleAccessor.invoke(DirectMethodHandleAccessor.java:103)
	at java.base/java.lang.reflect.Method.invoke(Method.java:580)
	at org.springframework.boot.devtools.restart.RestartLauncher.run(RestartLauncher.java:50)
Caused by: org.springframework.beans.BeanInstantiationException: Failed to instantiate [org.springframework.boot.autoconfigure.web.servlet.WelcomePageHandlerMapping]: Factory method 'welcomePageHandlerMapping' threw exception with message: Unresolved compilation problems: 
	Syntax error on token(s), misplaced construct(s)
	Syntax error on token ",", Expression expected after this token

	at org.springframework.beans.factory.support.SimpleInstantiationStrategy.lambda$instantiate$0(SimpleInstantiationStrategy.java:199)
	at org.springframework.beans.factory.support.SimpleInstantiationStrategy.instantiateWithFactoryMethod(SimpleInstantiationStrategy.java:88)
	at org.springframework.beans.factory.support.SimpleInstantiationStrategy.instantiate(SimpleInstantiationStrategy.java:168)
	at org.springframework.beans.factory.support.ConstructorResolver.instantiate(ConstructorResolver.java:653)
	... 24 common frames omitted
Caused by: java.lang.Error: Unresolved compilation problems: 
	Syntax error on token(s), misplaced construct(s)
	Syntax error on token ",", Expression expected after this token

	at com.angels.common.config.WebMvcConfigurerImpl.addInterceptors(WebMvcConfigurerImpl.java:23)
	at org.springframework.web.servlet.config.annotation.WebMvcConfigurerComposite.addInterceptors(WebMvcConfigurerComposite.java:89)
	at org.springframework.web.servlet.config.annotation.DelegatingWebMvcConfiguration.addInterceptors(DelegatingWebMvcConfiguration.java:84)
	at org.springframework.web.servlet.config.annotation.WebMvcConfigurationSupport.getInterceptors(WebMvcConfigurationSupport.java:367)
	at org.springframework.boot.autoconfigure.web.servlet.WebMvcAutoConfiguration$EnableWebMvcConfiguration.createWelcomePageHandlerMapping(WebMvcAutoConfiguration.java:440)
	at org.springframework.boot.autoconfigure.web.servlet.WebMvcAutoConfiguration$EnableWebMvcConfiguration.welcomePageHandlerMapping(WebMvcAutoConfiguration.java:420)
	at java.base/jdk.internal.reflect.DirectMethodHandleAccessor.invoke(DirectMethodHandleAccessor.java:103)
	at java.base/java.lang.reflect.Method.invoke(Method.java:580)
	at org.springframework.beans.factory.support.SimpleInstantiationStrategy.lambda$instantiate$0(SimpleInstantiationStrategy.java:171)
	... 27 common frames omitted
2025-04-06T21:31:19.832 [restartedMain] INFO c.a.AngelsApplication - Starting AngelsApplication using Java 21.0.5 with PID 6328 (C:\factory\ws_sts4_4270\repo_angels\angels\bin\main started by sunjs in C:\factory\ws_sts4_4270\repo_angels\angels) 
2025-04-06T21:31:19.832 [restartedMain] INFO c.a.AngelsApplication - No active profile set, falling back to 1 default profile: "default" 
2025-04-06T21:31:20.306 [restartedMain] INFO o.s.b.w.e.t.TomcatWebServer - Tomcat initialized with port 8080 (http) 
2025-04-06T21:31:20.310 [restartedMain] INFO o.a.c.h.Http11NioProtocol - Initializing ProtocolHandler ["http-nio-8080"] 
2025-04-06T21:31:20.310 [restartedMain] INFO o.a.c.c.StandardService - Starting service [Tomcat] 
2025-04-06T21:31:20.310 [restartedMain] INFO o.a.c.c.StandardEngine - Starting Servlet engine: [Apache Tomcat/10.1.36] 
2025-04-06T21:31:20.346 [restartedMain] INFO o.a.c.c.C.[.[.[/] - Initializing Spring embedded WebApplicationContext 
2025-04-06T21:31:20.346 [restartedMain] INFO o.s.b.w.s.c.ServletWebServerApplicationContext - Root WebApplicationContext: initialization completed in 510 ms 
2025-04-06T21:31:20.480 [restartedMain] INFO c.z.h.HikariDataSource - HikariPool-3 - Starting... 
2025-04-06T21:31:20.502 [restartedMain] INFO c.z.h.p.HikariPool - HikariPool-3 - Added connection net.sf.log4jdbc.sql.jdbcapi.ConnectionSpy@5bf580fc 
2025-04-06T21:31:20.502 [restartedMain] INFO c.z.h.HikariDataSource - HikariPool-3 - Start completed. 
2025-04-06T21:31:20.506 [restartedMain] DEBUG j.sqltiming -  com.zaxxer.hikari.pool.ProxyPreparedStatement.execute(ProxyPreparedStatement.java:44)
13. SELECT 
			cdSeq,
			cdName,
			cdNameEng,
			codeGroup_cgSeq
		FROM
			code
		WHERE 1=1
			AND cdDelNy = 0
 {executed in 3 msec} 
2025-04-06T21:31:20.515 [restartedMain] INFO j.resultsettable - 
|------|----------|-------------------|----------------|
|cdseq |cdname    |cdnameeng          |codegroup_cgseq |
|------|----------|-------------------|----------------|
|1     |SKT       |SKT                |1               |
|2     |KT        |KT                 |1               |
|3     |LG U+     |LG U+              |1               |
|4     |SKT 알뜰폰   |                   |1               |
|5     |KT 알뜰폰    |                   |1               |
|6     |LG U+ 알뜰폰 |                   |1               |
|7     |남자        |man                |2               |
|8     |여자        |woman              |2               |
|9     |AL        |AL                 |3               |
|10    |NL        |NL                 |3               |
|11    |East      |East               |4               |
|12    |Central   |Central            |4               |
|13    |West      |West               |4               |
|14    |투수        |P                  |5               |
|15    |1루수       |1B                 |5               |
|16    |2루수       |2B                 |5               |
|17    |3루수       |3B                 |5               |
|18    |유격수       |SS                 |5               |
|19    |좌익수       |LF                 |5               |
|20    |중견수       |CF                 |5               |
|21    |우익수       |RF                 |5               |
|22    |포수        |C                  |5               |
|23    |지명타자      |DH                 |5               |
|24    |대타        | PH                |5               |
|25    |대주자       |PR                 |5               |
|26    |좌투        |L                  |6               |
|27    |우투        |R                  |6               |
|28    |양투        |S                  |6               |
|29    |좌타        |L                  |7               |
|30    |우타        |R                  |7               |
|31    |양타        |S                  |7               |
|32    |미국        |United States      |8               |
|33    |도미니카 공화국  |Dominican Republic |8               |
|34    |베네수엘라     |Venezuela          |8               |
|35    |쿠바        |Cuba               |8               |
|36    |푸에르토리코    |Puerto Rico        |8               |
|37    |멕시코       |Mexico             |8               |
|38    |캐나다       |Canada             |8               |
|39    |일본        |Japan              |8               |
|40    |콜롬비아      |Colombia           |8               |
|41    |대한민국      |Korea              |8               |
|42    |파나마       |Panama             |8               |
|43    |퀴라소       |Curaçao            |8               |
|44    |네덜란드      |Netherlands        |8               |
|45    |바하마       |Bahamas            |8               |
|46    |니카라과      |Nicaragua          |8               |
|47    |호주        |Australia          |8               |
|48    |브라질       |Brazil             |8               |
|49    |독일        |Germany            |8               |
|50    |온두라스      |Honduras           |8               |
|51    |대만        |Taiwan             |8               |
|52    |아루바       |Aruba              |8               |
|53    |1회초       |TOP 1              |9               |
|54    |1회말       |BOT 1              |9               |
|55    |2회초       |TOP 2              |9               |
|56    |2회말       |BOT 2              |9               |
|57    |3회초       |TOP 3              |9               |
|58    |3회말       |BOT 3              |9               |
|59    |4회초       |TOP 4              |9               |
|60    |4회말       |BOT 4              |9               |
|61    |5회초       |TOP 5              |9               |
|62    |5회말       |BOT 5              |9               |
|63    |6회초       |TOP 6              |9               |
|64    |6회말       |BOT 6              |9               |
|65    |7회초       |TOP 7              |9               |
|66    |7회말       |BOT 7              |9               |
|67    |8회초       |TOP 8              |9               |
|68    |8회말       |BOT 8              |9               |
|69    |9회초       |TOP 9              |9               |
|70    |9회말       |BOT 9              |9               |
|71    |10회초      |TOP 10             |9               |
|72    |10회말      |BOT 10             |9               |
|73    |11회초      |TOP 11             |9               |
|74    |11회말      |BOT 11             |9               |
|75    |12회초      |TOP 12             |9               |
|76    |12회말      |BOT 12             |9               |
|77    |13회초      |TOP 13             |9               |
|78    |13회말      |BOT 13             |9               |
|79    |14회초      |TOP 14             |9               |
|80    |14회말      |BOT 14             |9               |
|81    |15회초      |TOP 15             |9               |
|82    |15회말      |BOT 15             |9               |
|83    |16회초      |TOP 16             |9               |
|84    |16회말      |BOT 16             |9               |
|85    |17회초      |TOP 17             |9               |
|86    |17회말      |BOT 17             |9               |
|87    |18회초      |TOP 18             |9               |
|88    |18회말      |BOT 18             |9               |
|89    |19회초      |TOP 19             |9               |
|90    |19회말      |BOT 19             |9               |
|91    |20회초      |TOP 20             |9               |
|92    |20회말      |BOT 20             |9               |
|93    |현역        |active             |10              |
|94    |은퇴        |retire             |10              |
|95    |투타겸업      |TWP                |5               |
|96    |네이버       |naver.com          |11              |
|97    |다음        |daum.net           |11              |
|98    |구글(지메일)   |gmail.com          |11              |
|------|----------|-------------------|----------------|
 
2025-04-06T21:31:20.580 [restartedMain] WARN o.s.b.w.s.c.AnnotationConfigServletWebServerApplicationContext - Exception encountered during context initialization - cancelling refresh attempt: org.springframework.beans.factory.BeanCreationException: Error creating bean with name 'welcomePageHandlerMapping' defined in class path resource [org/springframework/boot/autoconfigure/web/servlet/WebMvcAutoConfiguration$EnableWebMvcConfiguration.class]: Failed to instantiate [org.springframework.boot.autoconfigure.web.servlet.WelcomePageHandlerMapping]: Factory method 'welcomePageHandlerMapping' threw exception with message: Unresolved compilation problem: 
	Syntax error on token ""/login/idNmCheckXdmProc"", delete this token
 
2025-04-06T21:31:20.581 [restartedMain] INFO c.z.h.HikariDataSource - HikariPool-3 - Shutdown initiated... 
2025-04-06T21:31:20.584 [restartedMain] INFO c.z.h.HikariDataSource - HikariPool-3 - Shutdown completed. 
2025-04-06T21:31:20.585 [restartedMain] INFO o.a.c.c.StandardService - Stopping service [Tomcat] 
2025-04-06T21:31:20.596 [restartedMain] INFO o.s.b.a.l.ConditionEvaluationReportLogger - 

Error starting ApplicationContext. To display the condition evaluation report re-run your application with 'debug' enabled. 
2025-04-06T21:31:20.604 [restartedMain] ERROR o.s.b.SpringApplication - Application run failed 
org.springframework.beans.factory.BeanCreationException: Error creating bean with name 'welcomePageHandlerMapping' defined in class path resource [org/springframework/boot/autoconfigure/web/servlet/WebMvcAutoConfiguration$EnableWebMvcConfiguration.class]: Failed to instantiate [org.springframework.boot.autoconfigure.web.servlet.WelcomePageHandlerMapping]: Factory method 'welcomePageHandlerMapping' threw exception with message: Unresolved compilation problem: 
	Syntax error on token ""/login/idNmCheckXdmProc"", delete this token

	at org.springframework.beans.factory.support.ConstructorResolver.instantiate(ConstructorResolver.java:657)
	at org.springframework.beans.factory.support.ConstructorResolver.instantiateUsingFactoryMethod(ConstructorResolver.java:645)
	at org.springframework.beans.factory.support.AbstractAutowireCapableBeanFactory.instantiateUsingFactoryMethod(AbstractAutowireCapableBeanFactory.java:1361)
	at org.springframework.beans.factory.support.AbstractAutowireCapableBeanFactory.createBeanInstance(AbstractAutowireCapableBeanFactory.java:1191)
	at org.springframework.beans.factory.support.AbstractAutowireCapableBeanFactory.doCreateBean(AbstractAutowireCapableBeanFactory.java:563)
	at org.springframework.beans.factory.support.AbstractAutowireCapableBeanFactory.createBean(AbstractAutowireCapableBeanFactory.java:523)
	at org.springframework.beans.factory.support.AbstractBeanFactory.lambda$doGetBean$0(AbstractBeanFactory.java:339)
	at org.springframework.beans.factory.support.DefaultSingletonBeanRegistry.getSingleton(DefaultSingletonBeanRegistry.java:346)
	at org.springframework.beans.factory.support.AbstractBeanFactory.doGetBean(AbstractBeanFactory.java:337)
	at org.springframework.beans.factory.support.AbstractBeanFactory.getBean(AbstractBeanFactory.java:202)
	at org.springframework.beans.factory.support.DefaultListableBeanFactory.instantiateSingleton(DefaultListableBeanFactory.java:1155)
	at org.springframework.beans.factory.support.DefaultListableBeanFactory.preInstantiateSingleton(DefaultListableBeanFactory.java:1121)
	at org.springframework.beans.factory.support.DefaultListableBeanFactory.preInstantiateSingletons(DefaultListableBeanFactory.java:1056)
	at org.springframework.context.support.AbstractApplicationContext.finishBeanFactoryInitialization(AbstractApplicationContext.java:987)
	at org.springframework.context.support.AbstractApplicationContext.refresh(AbstractApplicationContext.java:627)
	at org.springframework.boot.web.servlet.context.ServletWebServerApplicationContext.refresh(ServletWebServerApplicationContext.java:146)
	at org.springframework.boot.SpringApplication.refresh(SpringApplication.java:752)
	at org.springframework.boot.SpringApplication.refreshContext(SpringApplication.java:439)
	at org.springframework.boot.SpringApplication.run(SpringApplication.java:318)
	at org.springframework.boot.SpringApplication.run(SpringApplication.java:1361)
	at org.springframework.boot.SpringApplication.run(SpringApplication.java:1350)
	at com.angels.AngelsApplication.main(AngelsApplication.java:10)
	at java.base/jdk.internal.reflect.DirectMethodHandleAccessor.invoke(DirectMethodHandleAccessor.java:103)
	at java.base/java.lang.reflect.Method.invoke(Method.java:580)
	at org.springframework.boot.devtools.restart.RestartLauncher.run(RestartLauncher.java:50)
Caused by: org.springframework.beans.BeanInstantiationException: Failed to instantiate [org.springframework.boot.autoconfigure.web.servlet.WelcomePageHandlerMapping]: Factory method 'welcomePageHandlerMapping' threw exception with message: Unresolved compilation problem: 
	Syntax error on token ""/login/idNmCheckXdmProc"", delete this token

	at org.springframework.beans.factory.support.SimpleInstantiationStrategy.lambda$instantiate$0(SimpleInstantiationStrategy.java:199)
	at org.springframework.beans.factory.support.SimpleInstantiationStrategy.instantiateWithFactoryMethod(SimpleInstantiationStrategy.java:88)
	at org.springframework.beans.factory.support.SimpleInstantiationStrategy.instantiate(SimpleInstantiationStrategy.java:168)
	at org.springframework.beans.factory.support.ConstructorResolver.instantiate(ConstructorResolver.java:653)
	... 24 common frames omitted
Caused by: java.lang.Error: Unresolved compilation problem: 
	Syntax error on token ""/login/idNmCheckXdmProc"", delete this token

	at com.angels.common.config.WebMvcConfigurerImpl.addInterceptors(WebMvcConfigurerImpl.java:43)
	at org.springframework.web.servlet.config.annotation.WebMvcConfigurerComposite.addInterceptors(WebMvcConfigurerComposite.java:89)
	at org.springframework.web.servlet.config.annotation.DelegatingWebMvcConfiguration.addInterceptors(DelegatingWebMvcConfiguration.java:84)
	at org.springframework.web.servlet.config.annotation.WebMvcConfigurationSupport.getInterceptors(WebMvcConfigurationSupport.java:367)
	at org.springframework.boot.autoconfigure.web.servlet.WebMvcAutoConfiguration$EnableWebMvcConfiguration.createWelcomePageHandlerMapping(WebMvcAutoConfiguration.java:440)
	at org.springframework.boot.autoconfigure.web.servlet.WebMvcAutoConfiguration$EnableWebMvcConfiguration.welcomePageHandlerMapping(WebMvcAutoConfiguration.java:420)
	at java.base/jdk.internal.reflect.DirectMethodHandleAccessor.invoke(DirectMethodHandleAccessor.java:103)
	at java.base/java.lang.reflect.Method.invoke(Method.java:580)
	at org.springframework.beans.factory.support.SimpleInstantiationStrategy.lambda$instantiate$0(SimpleInstantiationStrategy.java:171)
	... 27 common frames omitted
2025-04-06T21:32:46.962 [restartedMain] INFO c.a.AngelsApplication - Starting AngelsApplication using Java 21.0.5 with PID 6328 (C:\factory\ws_sts4_4270\repo_angels\angels\bin\main started by sunjs in C:\factory\ws_sts4_4270\repo_angels\angels) 
2025-04-06T21:32:46.963 [restartedMain] INFO c.a.AngelsApplication - No active profile set, falling back to 1 default profile: "default" 
2025-04-06T21:32:47.492 [restartedMain] INFO o.s.b.w.e.t.TomcatWebServer - Tomcat initialized with port 8080 (http) 
2025-04-06T21:32:47.493 [restartedMain] INFO o.a.c.h.Http11NioProtocol - Initializing ProtocolHandler ["http-nio-8080"] 
2025-04-06T21:32:47.493 [restartedMain] INFO o.a.c.c.StandardService - Starting service [Tomcat] 
2025-04-06T21:32:47.498 [restartedMain] INFO o.a.c.c.StandardEngine - Starting Servlet engine: [Apache Tomcat/10.1.36] 
2025-04-06T21:32:47.540 [restartedMain] INFO o.a.c.c.C.[.[.[/] - Initializing Spring embedded WebApplicationContext 
2025-04-06T21:32:47.540 [restartedMain] INFO o.s.b.w.s.c.ServletWebServerApplicationContext - Root WebApplicationContext: initialization completed in 574 ms 
2025-04-06T21:32:47.751 [restartedMain] INFO c.z.h.HikariDataSource - HikariPool-4 - Starting... 
2025-04-06T21:32:47.787 [restartedMain] INFO c.z.h.p.HikariPool - HikariPool-4 - Added connection net.sf.log4jdbc.sql.jdbcapi.ConnectionSpy@2ae26b30 
2025-04-06T21:32:47.789 [restartedMain] INFO c.z.h.HikariDataSource - HikariPool-4 - Start completed. 
2025-04-06T21:32:47.795 [restartedMain] DEBUG j.sqltiming -  com.zaxxer.hikari.pool.ProxyPreparedStatement.execute(ProxyPreparedStatement.java:44)
14. SELECT 
			cdSeq,
			cdName,
			cdNameEng,
			codeGroup_cgSeq
		FROM
			code
		WHERE 1=1
			AND cdDelNy = 0
 {executed in 4 msec} 
2025-04-06T21:32:47.805 [restartedMain] INFO j.resultsettable - 
|------|----------|-------------------|----------------|
|cdseq |cdname    |cdnameeng          |codegroup_cgseq |
|------|----------|-------------------|----------------|
|1     |SKT       |SKT                |1               |
|2     |KT        |KT                 |1               |
|3     |LG U+     |LG U+              |1               |
|4     |SKT 알뜰폰   |                   |1               |
|5     |KT 알뜰폰    |                   |1               |
|6     |LG U+ 알뜰폰 |                   |1               |
|7     |남자        |man                |2               |
|8     |여자        |woman              |2               |
|9     |AL        |AL                 |3               |
|10    |NL        |NL                 |3               |
|11    |East      |East               |4               |
|12    |Central   |Central            |4               |
|13    |West      |West               |4               |
|14    |투수        |P                  |5               |
|15    |1루수       |1B                 |5               |
|16    |2루수       |2B                 |5               |
|17    |3루수       |3B                 |5               |
|18    |유격수       |SS                 |5               |
|19    |좌익수       |LF                 |5               |
|20    |중견수       |CF                 |5               |
|21    |우익수       |RF                 |5               |
|22    |포수        |C                  |5               |
|23    |지명타자      |DH                 |5               |
|24    |대타        | PH                |5               |
|25    |대주자       |PR                 |5               |
|26    |좌투        |L                  |6               |
|27    |우투        |R                  |6               |
|28    |양투        |S                  |6               |
|29    |좌타        |L                  |7               |
|30    |우타        |R                  |7               |
|31    |양타        |S                  |7               |
|32    |미국        |United States      |8               |
|33    |도미니카 공화국  |Dominican Republic |8               |
|34    |베네수엘라     |Venezuela          |8               |
|35    |쿠바        |Cuba               |8               |
|36    |푸에르토리코    |Puerto Rico        |8               |
|37    |멕시코       |Mexico             |8               |
|38    |캐나다       |Canada             |8               |
|39    |일본        |Japan              |8               |
|40    |콜롬비아      |Colombia           |8               |
|41    |대한민국      |Korea              |8               |
|42    |파나마       |Panama             |8               |
|43    |퀴라소       |Curaçao            |8               |
|44    |네덜란드      |Netherlands        |8               |
|45    |바하마       |Bahamas            |8               |
|46    |니카라과      |Nicaragua          |8               |
|47    |호주        |Australia          |8               |
|48    |브라질       |Brazil             |8               |
|49    |독일        |Germany            |8               |
|50    |온두라스      |Honduras           |8               |
|51    |대만        |Taiwan             |8               |
|52    |아루바       |Aruba              |8               |
|53    |1회초       |TOP 1              |9               |
|54    |1회말       |BOT 1              |9               |
|55    |2회초       |TOP 2              |9               |
|56    |2회말       |BOT 2              |9               |
|57    |3회초       |TOP 3              |9               |
|58    |3회말       |BOT 3              |9               |
|59    |4회초       |TOP 4              |9               |
|60    |4회말       |BOT 4              |9               |
|61    |5회초       |TOP 5              |9               |
|62    |5회말       |BOT 5              |9               |
|63    |6회초       |TOP 6              |9               |
|64    |6회말       |BOT 6              |9               |
|65    |7회초       |TOP 7              |9               |
|66    |7회말       |BOT 7              |9               |
|67    |8회초       |TOP 8              |9               |
|68    |8회말       |BOT 8              |9               |
|69    |9회초       |TOP 9              |9               |
|70    |9회말       |BOT 9              |9               |
|71    |10회초      |TOP 10             |9               |
|72    |10회말      |BOT 10             |9               |
|73    |11회초      |TOP 11             |9               |
|74    |11회말      |BOT 11             |9               |
|75    |12회초      |TOP 12             |9               |
|76    |12회말      |BOT 12             |9               |
|77    |13회초      |TOP 13             |9               |
|78    |13회말      |BOT 13             |9               |
|79    |14회초      |TOP 14             |9               |
|80    |14회말      |BOT 14             |9               |
|81    |15회초      |TOP 15             |9               |
|82    |15회말      |BOT 15             |9               |
|83    |16회초      |TOP 16             |9               |
|84    |16회말      |BOT 16             |9               |
|85    |17회초      |TOP 17             |9               |
|86    |17회말      |BOT 17             |9               |
|87    |18회초      |TOP 18             |9               |
|88    |18회말      |BOT 18             |9               |
|89    |19회초      |TOP 19             |9               |
|90    |19회말      |BOT 19             |9               |
|91    |20회초      |TOP 20             |9               |
|92    |20회말      |BOT 20             |9               |
|93    |현역        |active             |10              |
|94    |은퇴        |retire             |10              |
|95    |투타겸업      |TWP                |5               |
|96    |네이버       |naver.com          |11              |
|97    |다음        |daum.net           |11              |
|98    |구글(지메일)   |gmail.com          |11              |
|------|----------|-------------------|----------------|
 
2025-04-06T21:32:48.092 [restartedMain] INFO o.s.b.d.a.OptionalLiveReloadServer - LiveReload server is running on port 35729 
2025-04-06T21:32:48.111 [restartedMain] INFO o.a.c.h.Http11NioProtocol - Starting ProtocolHandler ["http-nio-8080"] 
2025-04-06T21:32:48.124 [restartedMain] INFO o.s.b.w.e.t.TomcatWebServer - Tomcat started on port 8080 (http) with context path '/' 
2025-04-06T21:32:48.138 [restartedMain] INFO c.a.AngelsApplication - Started AngelsApplication in 1.224 seconds (process running for 580.095) 
2025-04-06T21:32:48.144 [restartedMain] INFO o.s.b.d.a.ConditionEvaluationDeltaLoggingListener - Condition evaluation unchanged 
2025-04-06T21:32:48.247 [http-nio-8080-exec-1] INFO o.a.c.c.C.[.[.[/] - Initializing Spring DispatcherServlet 'dispatcherServlet' 
2025-04-06T21:32:48.248 [http-nio-8080-exec-1] INFO o.s.w.s.DispatcherServlet - Initializing Servlet 'dispatcherServlet' 
2025-04-06T21:32:48.249 [http-nio-8080-exec-1] INFO o.s.w.s.DispatcherServlet - Completed initialization in 1 ms 
2025-04-06T21:32:48.252 [http-nio-8080-exec-1] DEBUG j.sqltiming -  com.zaxxer.hikari.pool.ProxyPreparedStatement.execute(ProxyPreparedStatement.java:44)
14. select
		cdName,
	    cdSeq
		from
			code
		where 1=1
			and codeGroup_cgSeq=1

		order by cdSeq desc
 {executed in 1 msec} 
2025-04-06T21:32:48.254 [http-nio-8080-exec-1] INFO j.resultsettable - 
|-------|------|
|cdname |cdseq |
|-------|------|
|-------|------|
 
2025-04-06T21:32:48.257 [http-nio-8080-exec-1] DEBUG j.sqltiming -  com.zaxxer.hikari.pool.ProxyPreparedStatement.execute(ProxyPreparedStatement.java:44)
14. select
		cdNameEng,
		cdSeq
		from
			code
		where 1=1
			and codeGroup_cgSeq=11
		order by cdSeq desc
 {executed in 2 msec} 
2025-04-06T21:32:48.259 [http-nio-8080-exec-1] INFO j.resultsettable - 
|----------|------|
|cdnameeng |cdseq |
|----------|------|
|----------|------|
 
2025-04-06T21:32:48.261 [http-nio-8080-exec-1] DEBUG j.sqltiming -  com.zaxxer.hikari.pool.ProxyPreparedStatement.execute(ProxyPreparedStatement.java:44)
14. select
		cdName,
	    cdSeq
	from
		code
	where 1=1
		and codeGroup_cgSeq=2
	order by cdSeq desc
 {executed in 1 msec} 
2025-04-06T21:32:48.262 [http-nio-8080-exec-1] INFO j.resultsettable - 
|-------|------|
|cdname |cdseq |
|-------|------|
|-------|------|
 
2025-04-06T21:35:08.558 [http-nio-8080-exec-1] DEBUG j.sqltiming -  com.zaxxer.hikari.pool.ProxyPreparedStatement.execute(ProxyPreparedStatement.java:44)
14. select
		cdName,
	    cdSeq
		from
			code
		where 1=1
			and codeGroup_cgSeq=1

		order by cdSeq desc
 {executed in 3 msec} 
2025-04-06T21:35:08.563 [http-nio-8080-exec-1] INFO j.resultsettable - 
|-------|------|
|cdname |cdseq |
|-------|------|
|-------|------|
 
2025-04-06T21:35:08.574 [http-nio-8080-exec-1] DEBUG j.sqltiming -  com.zaxxer.hikari.pool.ProxyPreparedStatement.execute(ProxyPreparedStatement.java:44)
14. select
		cdNameEng,
		cdSeq
		from
			code
		where 1=1
			and codeGroup_cgSeq=11
		order by cdSeq desc
 {executed in 6 msec} 
2025-04-06T21:35:08.577 [http-nio-8080-exec-1] INFO j.resultsettable - 
|----------|------|
|cdnameeng |cdseq |
|----------|------|
|----------|------|
 
2025-04-06T21:35:08.584 [http-nio-8080-exec-1] DEBUG j.sqltiming -  com.zaxxer.hikari.pool.ProxyPreparedStatement.execute(ProxyPreparedStatement.java:44)
14. select
		cdName,
	    cdSeq
	from
		code
	where 1=1
		and codeGroup_cgSeq=2
	order by cdSeq desc
 {executed in 5 msec} 
2025-04-06T21:35:08.586 [http-nio-8080-exec-1] INFO j.resultsettable - 
|-------|------|
|cdname |cdseq |
|-------|------|
|-------|------|
 
2025-04-06T21:35:36.695 [http-nio-8080-exec-9] DEBUG j.sqltiming -  com.zaxxer.hikari.pool.ProxyPreparedStatement.execute(ProxyPreparedStatement.java:44)
14. select
		cdName,
	    cdSeq
		from
			code
		where 1=1
			and codeGroup_cgSeq=1

		order by cdSeq desc
 {executed in 1 msec} 
2025-04-06T21:35:36.697 [http-nio-8080-exec-9] INFO j.resultsettable - 
|-------|------|
|cdname |cdseq |
|-------|------|
|-------|------|
 
2025-04-06T21:35:36.702 [http-nio-8080-exec-9] DEBUG j.sqltiming -  com.zaxxer.hikari.pool.ProxyPreparedStatement.execute(ProxyPreparedStatement.java:44)
14. select
		cdNameEng,
		cdSeq
		from
			code
		where 1=1
			and codeGroup_cgSeq=11
		order by cdSeq desc
 {executed in 3 msec} 
2025-04-06T21:35:36.704 [http-nio-8080-exec-9] INFO j.resultsettable - 
|----------|------|
|cdnameeng |cdseq |
|----------|------|
|----------|------|
 
2025-04-06T21:35:36.708 [http-nio-8080-exec-9] DEBUG j.sqltiming -  com.zaxxer.hikari.pool.ProxyPreparedStatement.execute(ProxyPreparedStatement.java:44)
14. select
		cdName,
	    cdSeq
	from
		code
	where 1=1
		and codeGroup_cgSeq=2
	order by cdSeq desc
 {executed in 1 msec} 
2025-04-06T21:35:36.710 [http-nio-8080-exec-9] INFO j.resultsettable - 
|-------|------|
|cdname |cdseq |
|-------|------|
|-------|------|
 
2025-04-06T21:36:05.779 [http-nio-8080-exec-9] DEBUG j.sqltiming -  com.zaxxer.hikari.pool.ProxyPreparedStatement.execute(ProxyPreparedStatement.java:44)
14. select
		cdName,
	    cdSeq
		from
			code
		where 1=1
			and codeGroup_cgSeq=1

		order by cdSeq desc
 {executed in 1 msec} 
2025-04-06T21:36:05.780 [http-nio-8080-exec-9] INFO j.resultsettable - 
|-------|------|
|cdname |cdseq |
|-------|------|
|-------|------|
 
2025-04-06T21:36:05.784 [http-nio-8080-exec-9] DEBUG j.sqltiming -  com.zaxxer.hikari.pool.ProxyPreparedStatement.execute(ProxyPreparedStatement.java:44)
14. select
		cdNameEng,
		cdSeq
		from
			code
		where 1=1
			and codeGroup_cgSeq=11
		order by cdSeq desc
 {executed in 2 msec} 
2025-04-06T21:36:05.786 [http-nio-8080-exec-9] INFO j.resultsettable - 
|----------|------|
|cdnameeng |cdseq |
|----------|------|
|----------|------|
 
2025-04-06T21:36:05.790 [http-nio-8080-exec-9] DEBUG j.sqltiming -  com.zaxxer.hikari.pool.ProxyPreparedStatement.execute(ProxyPreparedStatement.java:44)
14. select
		cdName,
	    cdSeq
	from
		code
	where 1=1
		and codeGroup_cgSeq=2
	order by cdSeq desc
 {executed in 2 msec} 
2025-04-06T21:36:05.791 [http-nio-8080-exec-9] INFO j.resultsettable - 
|-------|------|
|cdname |cdseq |
|-------|------|
|-------|------|
 
2025-04-06T21:36:18.774 [http-nio-8080-exec-9] DEBUG j.sqltiming -  com.zaxxer.hikari.pool.ProxyPreparedStatement.execute(ProxyPreparedStatement.java:44)
14. select
		cdName,
	    cdSeq
		from
			code
		where 1=1
			and codeGroup_cgSeq=1

		order by cdSeq desc
 {executed in 2 msec} 
2025-04-06T21:36:18.776 [http-nio-8080-exec-9] INFO j.resultsettable - 
|-------|------|
|cdname |cdseq |
|-------|------|
|-------|------|
 
2025-04-06T21:36:18.779 [http-nio-8080-exec-9] DEBUG j.sqltiming -  com.zaxxer.hikari.pool.ProxyPreparedStatement.execute(ProxyPreparedStatement.java:44)
14. select
		cdNameEng,
		cdSeq
		from
			code
		where 1=1
			and codeGroup_cgSeq=11
		order by cdSeq desc
 {executed in 2 msec} 
2025-04-06T21:36:18.781 [http-nio-8080-exec-9] INFO j.resultsettable - 
|----------|------|
|cdnameeng |cdseq |
|----------|------|
|----------|------|
 
2025-04-06T21:36:18.785 [http-nio-8080-exec-9] DEBUG j.sqltiming -  com.zaxxer.hikari.pool.ProxyPreparedStatement.execute(ProxyPreparedStatement.java:44)
14. select
		cdName,
	    cdSeq
	from
		code
	where 1=1
		and codeGroup_cgSeq=2
	order by cdSeq desc
 {executed in 3 msec} 
2025-04-06T21:36:18.786 [http-nio-8080-exec-9] INFO j.resultsettable - 
|-------|------|
|cdname |cdseq |
|-------|------|
|-------|------|
 
2025-04-06T21:40:28.882 [http-nio-8080-exec-3] DEBUG j.sqltiming -  com.zaxxer.hikari.pool.ProxyPreparedStatement.execute(ProxyPreparedStatement.java:44)
14. select
		cdName,
	    cdSeq
		from
			code
		where 1=1
			and codeGroup_cgSeq=1

		order by cdSeq desc
 {executed in 4 msec} 
2025-04-06T21:40:28.889 [http-nio-8080-exec-3] INFO j.resultsettable - 
|-------|------|
|cdname |cdseq |
|-------|------|
|-------|------|
 
2025-04-06T21:40:28.898 [http-nio-8080-exec-3] DEBUG j.sqltiming -  com.zaxxer.hikari.pool.ProxyPreparedStatement.execute(ProxyPreparedStatement.java:44)
14. select
		cdNameEng,
		cdSeq
		from
			code
		where 1=1
			and codeGroup_cgSeq=11
		order by cdSeq desc
 {executed in 7 msec} 
2025-04-06T21:40:28.899 [http-nio-8080-exec-3] INFO j.resultsettable - 
|----------|------|
|cdnameeng |cdseq |
|----------|------|
|----------|------|
 
2025-04-06T21:40:28.904 [http-nio-8080-exec-3] DEBUG j.sqltiming -  com.zaxxer.hikari.pool.ProxyPreparedStatement.execute(ProxyPreparedStatement.java:44)
14. select
		cdName,
	    cdSeq
	from
		code
	where 1=1
		and codeGroup_cgSeq=2
	order by cdSeq desc
 {executed in 2 msec} 
2025-04-06T21:40:28.906 [http-nio-8080-exec-3] INFO j.resultsettable - 
|-------|------|
|cdname |cdseq |
|-------|------|
|-------|------|
 
2025-04-06T21:40:32.137 [http-nio-8080-exec-1] ERROR o.a.c.c.C.[.[.[.[dispatcherServlet] - Servlet.service() for servlet [dispatcherServlet] in context with path [] threw exception [Request processing failed: org.mybatis.spring.MyBatisSystemException: 
### Error querying database.  Cause: org.apache.ibatis.reflection.ReflectionException: There is no getter for property named 'urNickName' in 'class com.angels.module.user.UserDto'
### Cause: org.apache.ibatis.reflection.ReflectionException: There is no getter for property named 'urNickName' in 'class com.angels.module.user.UserDto'] with root cause 
org.apache.ibatis.reflection.ReflectionException: There is no getter for property named 'urNickName' in 'class com.angels.module.user.UserDto'
	at org.apache.ibatis.reflection.Reflector.getGetInvoker(Reflector.java:385)
	at org.apache.ibatis.reflection.MetaClass.getGetInvoker(MetaClass.java:160)
	at org.apache.ibatis.reflection.wrapper.BeanWrapper.getBeanProperty(BeanWrapper.java:156)
	at org.apache.ibatis.reflection.wrapper.BeanWrapper.get(BeanWrapper.java:50)
	at org.apache.ibatis.reflection.MetaObject.getValue(MetaObject.java:115)
	at org.apache.ibatis.executor.BaseExecutor.createCacheKey(BaseExecutor.java:225)
	at org.apache.ibatis.executor.CachingExecutor.createCacheKey(CachingExecutor.java:149)
	at org.apache.ibatis.executor.CachingExecutor.query(CachingExecutor.java:89)
	at org.apache.ibatis.session.defaults.DefaultSqlSession.selectList(DefaultSqlSession.java:154)
	at org.apache.ibatis.session.defaults.DefaultSqlSession.selectList(DefaultSqlSession.java:147)
	at org.apache.ibatis.session.defaults.DefaultSqlSession.selectList(DefaultSqlSession.java:142)
	at org.apache.ibatis.session.defaults.DefaultSqlSession.selectOne(DefaultSqlSession.java:75)
	at java.base/jdk.internal.reflect.DirectMethodHandleAccessor.invoke(DirectMethodHandleAccessor.java:103)
	at java.base/java.lang.reflect.Method.invoke(Method.java:580)
	at org.mybatis.spring.SqlSessionTemplate$SqlSessionInterceptor.invoke(SqlSessionTemplate.java:333)
	at jdk.proxy2/jdk.proxy2.$Proxy64.selectOne(Unknown Source)
	at org.mybatis.spring.SqlSessionTemplate.selectOne(SqlSessionTemplate.java:154)
	at org.apache.ibatis.binding.MapperMethod.execute(MapperMethod.java:87)
	at org.apache.ibatis.binding.MapperProxy$PlainMethodInvoker.invoke(MapperProxy.java:141)
	at org.apache.ibatis.binding.MapperProxy.invoke(MapperProxy.java:86)
	at jdk.proxy7/jdk.proxy7.$Proxy108.nicknameCheck(Unknown Source)
	at java.base/jdk.internal.reflect.DirectMethodHandleAccessor.invoke(DirectMethodHandleAccessor.java:103)
	at java.base/java.lang.reflect.Method.invoke(Method.java:580)
	at org.springframework.aop.support.AopUtils.invokeJoinpointUsingReflection(AopUtils.java:359)
	at org.springframework.aop.framework.ReflectiveMethodInvocation.invokeJoinpoint(ReflectiveMethodInvocation.java:196)
	at org.springframework.aop.framework.ReflectiveMethodInvocation.proceed(ReflectiveMethodInvocation.java:163)
	at org.springframework.dao.support.PersistenceExceptionTranslationInterceptor.invoke(PersistenceExceptionTranslationInterceptor.java:138)
	at org.springframework.aop.framework.ReflectiveMethodInvocation.proceed(ReflectiveMethodInvocation.java:184)
	at org.springframework.aop.framework.JdkDynamicAopProxy.invoke(JdkDynamicAopProxy.java:223)
	at jdk.proxy7/jdk.proxy7.$Proxy109.nicknameCheck(Unknown Source)
	at com.angels.module.user.UserService.nicknameCheck(UserService.java:52)
	at com.angels.module.user.UserController.idNmCheckXdmProc(UserController.java:166)
	at java.base/jdk.internal.reflect.DirectMethodHandleAccessor.invoke(DirectMethodHandleAccessor.java:103)
	at java.base/java.lang.reflect.Method.invoke(Method.java:580)
	at org.springframework.web.method.support.InvocableHandlerMethod.doInvoke(InvocableHandlerMethod.java:257)
	at org.springframework.web.method.support.InvocableHandlerMethod.invokeForRequest(InvocableHandlerMethod.java:190)
	at org.springframework.web.servlet.mvc.method.annotation.ServletInvocableHandlerMethod.invokeAndHandle(ServletInvocableHandlerMethod.java:118)
	at org.springframework.web.servlet.mvc.method.annotation.RequestMappingHandlerAdapter.invokeHandlerMethod(RequestMappingHandlerAdapter.java:986)
	at org.springframework.web.servlet.mvc.method.annotation.RequestMappingHandlerAdapter.handleInternal(RequestMappingHandlerAdapter.java:891)
	at org.springframework.web.servlet.mvc.method.AbstractHandlerMethodAdapter.handle(AbstractHandlerMethodAdapter.java:87)
	at org.springframework.web.servlet.DispatcherServlet.doDispatch(DispatcherServlet.java:1088)
	at org.springframework.web.servlet.DispatcherServlet.doService(DispatcherServlet.java:978)
	at org.springframework.web.servlet.FrameworkServlet.processRequest(FrameworkServlet.java:1014)
	at org.springframework.web.servlet.FrameworkServlet.doPost(FrameworkServlet.java:914)
	at jakarta.servlet.http.HttpServlet.service(HttpServlet.java:590)
	at org.springframework.web.servlet.FrameworkServlet.service(FrameworkServlet.java:885)
	at jakarta.servlet.http.HttpServlet.service(HttpServlet.java:658)
	at org.apache.catalina.core.ApplicationFilterChain.internalDoFilter(ApplicationFilterChain.java:195)
	at org.apache.catalina.core.ApplicationFilterChain.doFilter(ApplicationFilterChain.java:140)
	at org.apache.tomcat.websocket.server.WsFilter.doFilter(WsFilter.java:51)
	at org.apache.catalina.core.ApplicationFilterChain.internalDoFilter(ApplicationFilterChain.java:164)
	at org.apache.catalina.core.ApplicationFilterChain.doFilter(ApplicationFilterChain.java:140)
	at org.springframework.web.filter.RequestContextFilter.doFilterInternal(RequestContextFilter.java:100)
	at org.springframework.web.filter.OncePerRequestFilter.doFilter(OncePerRequestFilter.java:116)
	at org.apache.catalina.core.ApplicationFilterChain.internalDoFilter(ApplicationFilterChain.java:164)
	at org.apache.catalina.core.ApplicationFilterChain.doFilter(ApplicationFilterChain.java:140)
	at org.springframework.web.filter.FormContentFilter.doFilterInternal(FormContentFilter.java:93)
	at org.springframework.web.filter.OncePerRequestFilter.doFilter(OncePerRequestFilter.java:116)
	at org.apache.catalina.core.ApplicationFilterChain.internalDoFilter(ApplicationFilterChain.java:164)
	at org.apache.catalina.core.ApplicationFilterChain.doFilter(ApplicationFilterChain.java:140)
	at org.springframework.web.filter.CharacterEncodingFilter.doFilterInternal(CharacterEncodingFilter.java:201)
	at org.springframework.web.filter.OncePerRequestFilter.doFilter(OncePerRequestFilter.java:116)
	at org.apache.catalina.core.ApplicationFilterChain.internalDoFilter(ApplicationFilterChain.java:164)
	at org.apache.catalina.core.ApplicationFilterChain.doFilter(ApplicationFilterChain.java:140)
	at org.apache.catalina.core.StandardWrapperValve.invoke(StandardWrapperValve.java:167)
	at org.apache.catalina.core.StandardContextValve.invoke(StandardContextValve.java:90)
	at org.apache.catalina.authenticator.AuthenticatorBase.invoke(AuthenticatorBase.java:483)
	at org.apache.catalina.core.StandardHostValve.invoke(StandardHostValve.java:115)
	at org.apache.catalina.valves.ErrorReportValve.invoke(ErrorReportValve.java:93)
	at org.apache.catalina.core.StandardEngineValve.invoke(StandardEngineValve.java:74)
	at org.apache.catalina.connector.CoyoteAdapter.service(CoyoteAdapter.java:344)
	at org.apache.coyote.http11.Http11Processor.service(Http11Processor.java:397)
	at org.apache.coyote.AbstractProcessorLight.process(AbstractProcessorLight.java:63)
	at org.apache.coyote.AbstractProtocol$ConnectionHandler.process(AbstractProtocol.java:905)
	at org.apache.tomcat.util.net.NioEndpoint$SocketProcessor.doRun(NioEndpoint.java:1743)
	at org.apache.tomcat.util.net.SocketProcessorBase.run(SocketProcessorBase.java:52)
	at org.apache.tomcat.util.threads.ThreadPoolExecutor.runWorker(ThreadPoolExecutor.java:1190)
	at org.apache.tomcat.util.threads.ThreadPoolExecutor$Worker.run(ThreadPoolExecutor.java:659)
	at org.apache.tomcat.util.threads.TaskThread$WrappingRunnable.run(TaskThread.java:63)
	at java.base/java.lang.Thread.run(Thread.java:1583)
2025-04-06T21:40:34.813 [http-nio-8080-exec-9] DEBUG j.sqltiming -  com.zaxxer.hikari.pool.ProxyPreparedStatement.execute(ProxyPreparedStatement.java:44)
14. SELECT COUNT(*) 
	    FROM user 
	    WHERE urID = 'dusdyd'
 {executed in 15 msec} 
2025-04-06T21:40:34.815 [http-nio-8080-exec-9] INFO j.resultsettable - 
|---------|
|count(*) |
|---------|
|1        |
|---------|
 
2025-04-06T21:40:52.144 [http-nio-8080-exec-7] DEBUG j.sqltiming -  com.zaxxer.hikari.pool.ProxyPreparedStatement.execute(ProxyPreparedStatement.java:44)
14. SELECT COUNT(*) 
	    FROM user 
	    WHERE urID = 'ej2'
 {executed in 3 msec} 
2025-04-06T21:40:52.145 [http-nio-8080-exec-7] INFO j.resultsettable - 
|---------|
|count(*) |
|---------|
|0        |
|---------|
 
