2025-03-14T12:01:51.857 [File Watcher] INFO o.s.b.d.a.LocalDevToolsAutoConfiguration$RestartingClassPathChangeChangedEventListener - Restarting due to 1 class path change (0 additions, 0 deletions, 1 modification) 
2025-03-14T12:01:51.868 [Thread-11] INFO o.s.b.w.e.t.GracefulShutdown - Commencing graceful shutdown. Waiting for active requests to complete 
2025-03-14T12:01:51.868 [tomcat-shutdown] INFO o.a.c.h.Http11NioProtocol - Pausing ProtocolHandler ["http-nio-8080"] 
2025-03-14T12:01:51.885 [tomcat-shutdown] INFO o.s.b.w.e.t.GracefulShutdown - Graceful shutdown complete 
2025-03-14T12:01:51.885 [Thread-11] INFO o.a.c.h.Http11NioProtocol - Stopping ProtocolHandler ["http-nio-8080"] 
2025-03-14T12:01:51.888 [Thread-11] INFO c.z.h.HikariDataSource - HikariPool-3 - Shutdown initiated... 
2025-03-14T12:01:51.892 [Thread-11] INFO c.z.h.HikariDataSource - HikariPool-3 - Shutdown completed. 
2025-03-14T12:01:51.982 [restartedMain] INFO c.a.AngelsApplication - Starting AngelsApplication using Java 21.0.5 with PID 17956 (C:\factory\ws_sts4_4270\repo_angels\angels\bin\main started by sunjs in C:\factory\ws_sts4_4270\repo_angels\angels) 
2025-03-14T12:01:51.982 [restartedMain] INFO c.a.AngelsApplication - No active profile set, falling back to 1 default profile: "default" 
2025-03-14T12:01:52.207 [restartedMain] INFO o.s.b.w.e.t.TomcatWebServer - Tomcat initialized with port 8080 (http) 
2025-03-14T12:01:52.209 [restartedMain] INFO o.a.c.h.Http11NioProtocol - Initializing ProtocolHandler ["http-nio-8080"] 
2025-03-14T12:01:52.210 [restartedMain] INFO o.a.c.c.StandardService - Starting service [Tomcat] 
2025-03-14T12:01:52.210 [restartedMain] INFO o.a.c.c.StandardEngine - Starting Servlet engine: [Apache Tomcat/10.1.36] 
2025-03-14T12:01:52.231 [restartedMain] INFO o.a.c.c.C.[.[.[/] - Initializing Spring embedded WebApplicationContext 
2025-03-14T12:01:52.232 [restartedMain] INFO o.s.b.w.s.c.ServletWebServerApplicationContext - Root WebApplicationContext: initialization completed in 248 ms 
2025-03-14T12:01:52.366 [restartedMain] INFO o.s.b.d.a.OptionalLiveReloadServer - LiveReload server is running on port 35729 
2025-03-14T12:01:52.373 [restartedMain] INFO o.a.c.h.Http11NioProtocol - Starting ProtocolHandler ["http-nio-8080"] 
2025-03-14T12:01:52.377 [restartedMain] INFO o.s.b.w.e.t.TomcatWebServer - Tomcat started on port 8080 (http) with context path '/' 
2025-03-14T12:01:52.382 [restartedMain] INFO c.a.AngelsApplication - Started AngelsApplication in 0.438 seconds (process running for 511.7) 
2025-03-14T12:01:52.385 [restartedMain] INFO o.s.b.d.a.ConditionEvaluationDeltaLoggingListener - Condition evaluation unchanged 
2025-03-14T12:01:58.691 [RMI TCP Connection(27)-127.0.0.1] INFO o.s.b.a.SpringApplicationAdminMXBeanRegistrar$SpringApplicationAdmin - Application shutdown requested. 
2025-03-14T12:01:58.691 [RMI TCP Connection(27)-127.0.0.1] INFO o.s.b.w.e.t.GracefulShutdown - Commencing graceful shutdown. Waiting for active requests to complete 
2025-03-14T12:01:58.692 [tomcat-shutdown] INFO o.a.c.h.Http11NioProtocol - Pausing ProtocolHandler ["http-nio-8080"] 
2025-03-14T12:01:58.706 [tomcat-shutdown] INFO o.s.b.w.e.t.GracefulShutdown - Graceful shutdown complete 
2025-03-14T12:01:58.706 [RMI TCP Connection(27)-127.0.0.1] INFO o.a.c.h.Http11NioProtocol - Stopping ProtocolHandler ["http-nio-8080"] 
2025-03-14T12:02:02.943 [restartedMain] INFO c.a.AngelsApplication - Starting AngelsApplication using Java 21.0.5 with PID 10644 (C:\factory\ws_sts4_4270\repo_angels\angels\bin\main started by sunjs in C:\factory\ws_sts4_4270\repo_angels\angels) 
2025-03-14T12:02:02.944 [restartedMain] INFO c.a.AngelsApplication - No active profile set, falling back to 1 default profile: "default" 
2025-03-14T12:02:02.990 [restartedMain] INFO o.s.b.d.e.DevToolsPropertyDefaultsPostProcessor - Devtools property defaults active! Set 'spring.devtools.add-properties' to 'false' to disable 
2025-03-14T12:02:02.991 [restartedMain] INFO o.s.b.d.e.DevToolsPropertyDefaultsPostProcessor - For additional web related logging consider setting the 'logging.level.web' property to 'DEBUG' 
2025-03-14T12:02:04.072 [restartedMain] INFO o.s.b.w.e.t.TomcatWebServer - Tomcat initialized with port 8080 (http) 
2025-03-14T12:02:04.087 [restartedMain] INFO o.a.c.h.Http11NioProtocol - Initializing ProtocolHandler ["http-nio-8080"] 
2025-03-14T12:02:04.088 [restartedMain] INFO o.a.c.c.StandardService - Starting service [Tomcat] 
2025-03-14T12:02:04.088 [restartedMain] INFO o.a.c.c.StandardEngine - Starting Servlet engine: [Apache Tomcat/10.1.36] 
2025-03-14T12:02:04.136 [restartedMain] INFO o.a.c.c.C.[.[.[/] - Initializing Spring embedded WebApplicationContext 
2025-03-14T12:02:04.137 [restartedMain] INFO o.s.b.w.s.c.ServletWebServerApplicationContext - Root WebApplicationContext: initialization completed in 1146 ms 
2025-03-14T12:02:04.751 [restartedMain] INFO o.s.b.d.a.OptionalLiveReloadServer - LiveReload server is running on port 35729 
2025-03-14T12:02:04.769 [restartedMain] INFO o.a.c.h.Http11NioProtocol - Starting ProtocolHandler ["http-nio-8080"] 
2025-03-14T12:02:04.790 [restartedMain] INFO o.s.b.w.e.t.TomcatWebServer - Tomcat started on port 8080 (http) with context path '/' 
2025-03-14T12:02:04.798 [restartedMain] INFO c.a.AngelsApplication - Started AngelsApplication in 2.224 seconds (process running for 3.331) 
2025-03-14T12:02:07.172 [http-nio-8080-exec-1] INFO o.a.c.c.C.[.[.[/] - Initializing Spring DispatcherServlet 'dispatcherServlet' 
2025-03-14T12:02:07.172 [http-nio-8080-exec-1] INFO o.s.w.s.DispatcherServlet - Initializing Servlet 'dispatcherServlet' 
2025-03-14T12:02:07.175 [http-nio-8080-exec-1] INFO o.s.w.s.DispatcherServlet - Completed initialization in 2 ms 
2025-03-14T12:02:12.730 [http-nio-8080-exec-10] INFO c.z.h.HikariDataSource - HikariPool-1 - Starting... 
2025-03-14T12:02:13.109 [http-nio-8080-exec-10] INFO c.z.h.p.HikariPool - HikariPool-1 - Added connection net.sf.log4jdbc.sql.jdbcapi.ConnectionSpy@243b78 
2025-03-14T12:02:13.112 [http-nio-8080-exec-10] INFO c.z.h.HikariDataSource - HikariPool-1 - Start completed. 
2025-03-14T12:02:13.148 [http-nio-8080-exec-10] DEBUG j.sqltiming -  com.zaxxer.hikari.pool.ProxyPreparedStatement.execute(ProxyPreparedStatement.java:44)
1. INSERT INTO codegroup (
			cgUse,
		    cgName,
		    cgCount,
		    cgOrder

			) values (
				'0',
				'gsdgdga',
				NULL,
				'22'
			)
 {executed in 7 msec} 
2025-03-14T12:02:13.156 [http-nio-8080-exec-10] DEBUG j.sqltiming -  com.zaxxer.hikari.pool.ProxyPreparedStatement.execute(ProxyPreparedStatement.java:44)
1. SELECT last_insert_id()
 {executed in 7 msec} 
2025-03-14T12:02:13.167 [http-nio-8080-exec-10] INFO j.resultsettable - 
|-----------------|
|last_insert_id() |
|-----------------|
|39               |
|-----------------|
 
2025-03-14T12:02:13.188 [http-nio-8080-exec-1] DEBUG j.sqltiming -  com.zaxxer.hikari.pool.ProxyPreparedStatement.execute(ProxyPreparedStatement.java:44)
1. select
			cgSeq,
			cgUse,
		    cgCode,
		    cgName,
		    cgCount,
		    cgOrder,
		    cgRegDate,
		    cgEdDate
		from
			codegroup
		where 1=1
		order by cgSeq desc
 {executed in 2 msec} 
2025-03-14T12:02:13.196 [http-nio-8080-exec-1] INFO j.resultsettable - 
|------|------|-------|----------------|--------|--------|----------|---------|
|cgseq |cguse |cgcode |cgname          |cgcount |cgorder |cgregdate |cgeddate |
|------|------|-------|----------------|--------|--------|----------|---------|
|39    |0     |null   |gsdgdga         |null    |22      |null      |null     |
|38    |0     |null   |sdsa            |null    |2       |null      |null     |
|37    |0     |null   |아이우에오           |null    |7       |null      |null     |
|36    |1     |null   |가나다라마바사         |null    |2       |null      |null     |
|35    |1     |null   |ㄴㅇㅁㄹㄴㅇㄻㅇㄹㄴㅁ     |null    |1232    |null      |null     |
|34    |1     |null   |메롱              |null    |121     |null      |null     |
|33    |0     |null   |111111111111111 |null    |1111    |null      |null     |
|32    |1     |null   |asdfdfd         |null    |4       |null      |null     |
|31    |0     |null   |12111           |null    |323     |null      |null     |
|30    |1     |null   |하이              |null    |1       |null      |null     |
|29    |1     |null   |sassas          |null    |2121    |null      |null     |
|28    |1     |null   |sassas          |null    |2121    |null      |null     |
|27    |1     |null   |sassas          |null    |2121    |null      |null     |
|26    |1     |null   |sassas          |null    |2121    |null      |null     |
|------|------|-------|----------------|--------|--------|----------|---------|
 
2025-03-14T12:04:26.559 [File Watcher] INFO o.s.b.d.a.LocalDevToolsAutoConfiguration$RestartingClassPathChangeChangedEventListener - Restarting due to 1 class path change (0 additions, 0 deletions, 1 modification) 
2025-03-14T12:04:26.569 [Thread-5] INFO o.s.b.w.e.t.GracefulShutdown - Commencing graceful shutdown. Waiting for active requests to complete 
2025-03-14T12:04:26.570 [tomcat-shutdown] INFO o.a.c.h.Http11NioProtocol - Pausing ProtocolHandler ["http-nio-8080"] 
2025-03-14T12:04:26.586 [tomcat-shutdown] INFO o.s.b.w.e.t.GracefulShutdown - Graceful shutdown complete 
2025-03-14T12:04:26.587 [Thread-5] INFO o.a.c.h.Http11NioProtocol - Stopping ProtocolHandler ["http-nio-8080"] 
2025-03-14T12:04:26.590 [Thread-5] INFO c.z.h.HikariDataSource - HikariPool-1 - Shutdown initiated... 
2025-03-14T12:04:26.598 [Thread-5] INFO c.z.h.HikariDataSource - HikariPool-1 - Shutdown completed. 
2025-03-14T12:04:26.687 [restartedMain] INFO c.a.AngelsApplication - Starting AngelsApplication using Java 21.0.5 with PID 10644 (C:\factory\ws_sts4_4270\repo_angels\angels\bin\main started by sunjs in C:\factory\ws_sts4_4270\repo_angels\angels) 
2025-03-14T12:04:26.688 [restartedMain] INFO c.a.AngelsApplication - No active profile set, falling back to 1 default profile: "default" 
2025-03-14T12:04:26.939 [restartedMain] INFO o.s.b.w.e.t.TomcatWebServer - Tomcat initialized with port 8080 (http) 
2025-03-14T12:04:26.939 [restartedMain] INFO o.a.c.h.Http11NioProtocol - Initializing ProtocolHandler ["http-nio-8080"] 
2025-03-14T12:04:26.940 [restartedMain] INFO o.a.c.c.StandardService - Starting service [Tomcat] 
2025-03-14T12:04:26.940 [restartedMain] INFO o.a.c.c.StandardEngine - Starting Servlet engine: [Apache Tomcat/10.1.36] 
2025-03-14T12:04:26.960 [restartedMain] INFO o.a.c.c.C.[.[.[/] - Initializing Spring embedded WebApplicationContext 
2025-03-14T12:04:26.961 [restartedMain] INFO o.s.b.w.s.c.ServletWebServerApplicationContext - Root WebApplicationContext: initialization completed in 270 ms 
2025-03-14T12:04:27.088 [restartedMain] INFO o.s.b.d.a.OptionalLiveReloadServer - LiveReload server is running on port 35729 
2025-03-14T12:04:27.095 [restartedMain] INFO o.a.c.h.Http11NioProtocol - Starting ProtocolHandler ["http-nio-8080"] 
2025-03-14T12:04:27.099 [restartedMain] INFO o.s.b.w.e.t.TomcatWebServer - Tomcat started on port 8080 (http) with context path '/' 
2025-03-14T12:04:27.104 [restartedMain] INFO c.a.AngelsApplication - Started AngelsApplication in 0.45 seconds (process running for 145.637) 
2025-03-14T12:04:27.106 [restartedMain] INFO o.s.b.d.a.ConditionEvaluationDeltaLoggingListener - Condition evaluation unchanged 
2025-03-14T12:04:49.305 [File Watcher] INFO o.s.b.d.a.LocalDevToolsAutoConfiguration$RestartingClassPathChangeChangedEventListener - Restarting due to 1 class path change (0 additions, 0 deletions, 1 modification) 
2025-03-14T12:04:49.306 [Thread-7] INFO o.s.b.w.e.t.GracefulShutdown - Commencing graceful shutdown. Waiting for active requests to complete 
2025-03-14T12:04:49.307 [tomcat-shutdown] INFO o.a.c.h.Http11NioProtocol - Pausing ProtocolHandler ["http-nio-8080"] 
2025-03-14T12:04:49.322 [tomcat-shutdown] INFO o.s.b.w.e.t.GracefulShutdown - Graceful shutdown complete 
2025-03-14T12:04:49.324 [Thread-7] INFO o.a.c.h.Http11NioProtocol - Stopping ProtocolHandler ["http-nio-8080"] 
2025-03-14T12:04:49.410 [restartedMain] INFO c.a.AngelsApplication - Starting AngelsApplication using Java 21.0.5 with PID 10644 (C:\factory\ws_sts4_4270\repo_angels\angels\bin\main started by sunjs in C:\factory\ws_sts4_4270\repo_angels\angels) 
2025-03-14T12:04:49.410 [restartedMain] INFO c.a.AngelsApplication - No active profile set, falling back to 1 default profile: "default" 
2025-03-14T12:04:49.672 [restartedMain] INFO o.s.b.w.e.t.TomcatWebServer - Tomcat initialized with port 8080 (http) 
2025-03-14T12:04:49.672 [restartedMain] INFO o.a.c.h.Http11NioProtocol - Initializing ProtocolHandler ["http-nio-8080"] 
2025-03-14T12:04:49.673 [restartedMain] INFO o.a.c.c.StandardService - Starting service [Tomcat] 
2025-03-14T12:04:49.673 [restartedMain] INFO o.a.c.c.StandardEngine - Starting Servlet engine: [Apache Tomcat/10.1.36] 
2025-03-14T12:04:49.699 [restartedMain] INFO o.a.c.c.C.[.[.[/] - Initializing Spring embedded WebApplicationContext 
2025-03-14T12:04:49.703 [restartedMain] INFO o.s.b.w.s.c.ServletWebServerApplicationContext - Root WebApplicationContext: initialization completed in 291 ms 
2025-03-14T12:04:49.827 [restartedMain] INFO o.s.b.d.a.OptionalLiveReloadServer - LiveReload server is running on port 35729 
2025-03-14T12:04:49.833 [restartedMain] INFO o.a.c.h.Http11NioProtocol - Starting ProtocolHandler ["http-nio-8080"] 
2025-03-14T12:04:49.838 [restartedMain] INFO o.s.b.w.e.t.TomcatWebServer - Tomcat started on port 8080 (http) with context path '/' 
2025-03-14T12:04:49.842 [restartedMain] INFO c.a.AngelsApplication - Started AngelsApplication in 0.464 seconds (process running for 168.374) 
2025-03-14T12:04:49.844 [restartedMain] INFO o.s.b.d.a.ConditionEvaluationDeltaLoggingListener - Condition evaluation unchanged 
2025-03-14T12:05:32.953 [File Watcher] INFO o.s.b.d.a.LocalDevToolsAutoConfiguration$RestartingClassPathChangeChangedEventListener - Restarting due to 1 class path change (0 additions, 0 deletions, 1 modification) 
2025-03-14T12:05:32.954 [Thread-11] INFO o.s.b.w.e.t.GracefulShutdown - Commencing graceful shutdown. Waiting for active requests to complete 
2025-03-14T12:05:32.955 [tomcat-shutdown] INFO o.a.c.h.Http11NioProtocol - Pausing ProtocolHandler ["http-nio-8080"] 
2025-03-14T12:05:32.970 [tomcat-shutdown] INFO o.s.b.w.e.t.GracefulShutdown - Graceful shutdown complete 
2025-03-14T12:05:32.971 [Thread-11] INFO o.a.c.h.Http11NioProtocol - Stopping ProtocolHandler ["http-nio-8080"] 
2025-03-14T12:05:33.047 [restartedMain] INFO c.a.AngelsApplication - Starting AngelsApplication using Java 21.0.5 with PID 10644 (C:\factory\ws_sts4_4270\repo_angels\angels\bin\main started by sunjs in C:\factory\ws_sts4_4270\repo_angels\angels) 
2025-03-14T12:05:33.048 [restartedMain] INFO c.a.AngelsApplication - No active profile set, falling back to 1 default profile: "default" 
2025-03-14T12:05:33.278 [restartedMain] INFO o.s.b.w.e.t.TomcatWebServer - Tomcat initialized with port 8080 (http) 
2025-03-14T12:05:33.279 [restartedMain] INFO o.a.c.h.Http11NioProtocol - Initializing ProtocolHandler ["http-nio-8080"] 
2025-03-14T12:05:33.279 [restartedMain] INFO o.a.c.c.StandardService - Starting service [Tomcat] 
2025-03-14T12:05:33.279 [restartedMain] INFO o.a.c.c.StandardEngine - Starting Servlet engine: [Apache Tomcat/10.1.36] 
2025-03-14T12:05:33.298 [restartedMain] INFO o.a.c.c.C.[.[.[/] - Initializing Spring embedded WebApplicationContext 
2025-03-14T12:05:33.298 [restartedMain] INFO o.s.b.w.s.c.ServletWebServerApplicationContext - Root WebApplicationContext: initialization completed in 249 ms 
2025-03-14T12:05:33.408 [restartedMain] INFO o.s.b.d.a.OptionalLiveReloadServer - LiveReload server is running on port 35729 
2025-03-14T12:05:33.414 [restartedMain] INFO o.a.c.h.Http11NioProtocol - Starting ProtocolHandler ["http-nio-8080"] 
2025-03-14T12:05:33.418 [restartedMain] INFO o.s.b.w.e.t.TomcatWebServer - Tomcat started on port 8080 (http) with context path '/' 
2025-03-14T12:05:33.421 [restartedMain] INFO c.a.AngelsApplication - Started AngelsApplication in 0.404 seconds (process running for 211.954) 
2025-03-14T12:05:33.423 [restartedMain] INFO o.s.b.d.a.ConditionEvaluationDeltaLoggingListener - Condition evaluation unchanged 
2025-03-14T12:06:15.531 [File Watcher] INFO o.s.b.d.a.LocalDevToolsAutoConfiguration$RestartingClassPathChangeChangedEventListener - Restarting due to 1 class path change (0 additions, 0 deletions, 1 modification) 
2025-03-14T12:06:15.535 [Thread-15] INFO o.s.b.w.e.t.GracefulShutdown - Commencing graceful shutdown. Waiting for active requests to complete 
2025-03-14T12:06:15.538 [tomcat-shutdown] INFO o.a.c.h.Http11NioProtocol - Pausing ProtocolHandler ["http-nio-8080"] 
2025-03-14T12:06:15.557 [tomcat-shutdown] INFO o.s.b.w.e.t.GracefulShutdown - Graceful shutdown complete 
2025-03-14T12:06:15.558 [Thread-15] INFO o.a.c.h.Http11NioProtocol - Stopping ProtocolHandler ["http-nio-8080"] 
2025-03-14T12:06:15.637 [restartedMain] INFO c.a.AngelsApplication - Starting AngelsApplication using Java 21.0.5 with PID 10644 (C:\factory\ws_sts4_4270\repo_angels\angels\bin\main started by sunjs in C:\factory\ws_sts4_4270\repo_angels\angels) 
2025-03-14T12:06:15.637 [restartedMain] INFO c.a.AngelsApplication - No active profile set, falling back to 1 default profile: "default" 
2025-03-14T12:06:15.886 [restartedMain] INFO o.s.b.w.e.t.TomcatWebServer - Tomcat initialized with port 8080 (http) 
2025-03-14T12:06:15.887 [restartedMain] INFO o.a.c.h.Http11NioProtocol - Initializing ProtocolHandler ["http-nio-8080"] 
2025-03-14T12:06:15.887 [restartedMain] INFO o.a.c.c.StandardService - Starting service [Tomcat] 
2025-03-14T12:06:15.887 [restartedMain] INFO o.a.c.c.StandardEngine - Starting Servlet engine: [Apache Tomcat/10.1.36] 
2025-03-14T12:06:15.906 [restartedMain] INFO o.a.c.c.C.[.[.[/] - Initializing Spring embedded WebApplicationContext 
2025-03-14T12:06:15.906 [restartedMain] INFO o.s.b.w.s.c.ServletWebServerApplicationContext - Root WebApplicationContext: initialization completed in 267 ms 
2025-03-14T12:06:16.015 [restartedMain] INFO o.s.b.d.a.OptionalLiveReloadServer - LiveReload server is running on port 35729 
2025-03-14T12:06:16.021 [restartedMain] INFO o.a.c.h.Http11NioProtocol - Starting ProtocolHandler ["http-nio-8080"] 
2025-03-14T12:06:16.026 [restartedMain] INFO o.s.b.w.e.t.TomcatWebServer - Tomcat started on port 8080 (http) with context path '/' 
2025-03-14T12:06:16.030 [restartedMain] INFO c.a.AngelsApplication - Started AngelsApplication in 0.424 seconds (process running for 254.562) 
2025-03-14T12:06:16.032 [restartedMain] INFO o.s.b.d.a.ConditionEvaluationDeltaLoggingListener - Condition evaluation unchanged 
2025-03-14T12:06:22.362 [http-nio-8080-exec-1] INFO o.a.c.c.C.[.[.[/] - Initializing Spring DispatcherServlet 'dispatcherServlet' 
2025-03-14T12:06:22.362 [http-nio-8080-exec-1] INFO o.s.w.s.DispatcherServlet - Initializing Servlet 'dispatcherServlet' 
2025-03-14T12:06:22.364 [http-nio-8080-exec-1] INFO o.s.w.s.DispatcherServlet - Completed initialization in 2 ms 
2025-03-14T12:06:22.367 [http-nio-8080-exec-1] INFO c.z.h.HikariDataSource - HikariPool-2 - Starting... 
2025-03-14T12:06:22.418 [http-nio-8080-exec-1] INFO c.z.h.p.HikariPool - HikariPool-2 - Added connection net.sf.log4jdbc.sql.jdbcapi.ConnectionSpy@fea6978 
2025-03-14T12:06:22.420 [http-nio-8080-exec-1] INFO c.z.h.HikariDataSource - HikariPool-2 - Start completed. 
2025-03-14T12:06:22.424 [http-nio-8080-exec-1] DEBUG j.sqltiming -  com.zaxxer.hikari.pool.ProxyPreparedStatement.execute(ProxyPreparedStatement.java:44)
11. select
			cgSeq,
			cgUse,
		    cgCode,
		    cgName,
		    cgCount,
		    cgOrder,
		    cgRegDate,
		    cgEdDate
		from
			codegroup
		where 1=1
		order by cgSeq desc
 {executed in 3 msec} 
2025-03-14T12:06:22.432 [http-nio-8080-exec-1] INFO j.resultsettable - 
|------|------|-------|----------------|--------|--------|----------|---------|
|cgseq |cguse |cgcode |cgname          |cgcount |cgorder |cgregdate |cgeddate |
|------|------|-------|----------------|--------|--------|----------|---------|
|39    |0     |null   |gsdgdga         |null    |22      |null      |null     |
|38    |0     |null   |sdsa            |null    |2       |null      |null     |
|37    |0     |null   |아이우에오           |null    |7       |null      |null     |
|36    |1     |null   |가나다라마바사         |null    |2       |null      |null     |
|35    |1     |null   |ㄴㅇㅁㄹㄴㅇㄻㅇㄹㄴㅁ     |null    |1232    |null      |null     |
|34    |1     |null   |메롱              |null    |121     |null      |null     |
|33    |0     |null   |111111111111111 |null    |1111    |null      |null     |
|32    |1     |null   |asdfdfd         |null    |4       |null      |null     |
|31    |0     |null   |12111           |null    |323     |null      |null     |
|30    |1     |null   |하이              |null    |1       |null      |null     |
|29    |1     |null   |sassas          |null    |2121    |null      |null     |
|28    |1     |null   |sassas          |null    |2121    |null      |null     |
|27    |1     |null   |sassas          |null    |2121    |null      |null     |
|26    |1     |null   |sassas          |null    |2121    |null      |null     |
|------|------|-------|----------------|--------|--------|----------|---------|
 
2025-03-14T12:06:22.443 [http-nio-8080-exec-1] DEBUG j.sqltiming -  com.zaxxer.hikari.pool.ProxyPreparedStatement.execute(ProxyPreparedStatement.java:44)
11. Select count(*)
	from codegroup
 {executed in 6 msec} 
2025-03-14T12:06:22.445 [http-nio-8080-exec-1] INFO j.resultsettable - 
|---------|
|count(*) |
|---------|
|14       |
|---------|
 
