2025-04-04T10:00:22.192 [http-nio-8080-exec-2] DEBUG j.sqltiming -  com.zaxxer.hikari.pool.ProxyPreparedStatement.execute(ProxyPreparedStatement.java:44)
1. select
		cdName,
	    cdSeq
		from
			code
		where 1=1
			and codeGroup_cgSeq=1

		order by cdSeq desc
 {executed in 2 msec} 
2025-04-04T10:00:22.195 [http-nio-8080-exec-2] INFO j.resultsettable - 
|-------|------|
|cdname |cdseq |
|-------|------|
|-------|------|
 
2025-04-04T10:00:22.197 [http-nio-8080-exec-2] DEBUG j.sqltiming -  com.zaxxer.hikari.pool.ProxyPreparedStatement.execute(ProxyPreparedStatement.java:44)
1. select
		cdNameEng,
		cdSeq
		from
			code
		where 1=1
			and codeGroup_cgSeq=11
		order by cdSeq desc
 {executed in 1 msec} 
2025-04-04T10:00:22.207 [http-nio-8080-exec-2] INFO j.resultsettable - 
|----------|------|
|cdnameeng |cdseq |
|----------|------|
|----------|------|
 
2025-04-04T10:00:22.208 [http-nio-8080-exec-2] DEBUG j.sqltiming -  com.zaxxer.hikari.pool.ProxyPreparedStatement.execute(ProxyPreparedStatement.java:44)
1. select
		cdName,
	    cdSeq
	from
		code
	where 1=1
		and codeGroup_cgSeq=2
	order by cdSeq desc
 {executed in 1 msec} 
2025-04-04T10:00:22.209 [http-nio-8080-exec-2] INFO j.resultsettable - 
|-------|------|
|cdname |cdseq |
|-------|------|
|-------|------|
 
2025-04-04T10:00:42.996 [http-nio-8080-exec-9] DEBUG j.sqltiming -  com.zaxxer.hikari.pool.ProxyPreparedStatement.execute(ProxyPreparedStatement.java:44)
1. select
		cdName,
	    cdSeq
		from
			code
		where 1=1
			and codeGroup_cgSeq=1

		order by cdSeq desc
 {executed in 1 msec} 
2025-04-04T10:00:42.996 [http-nio-8080-exec-9] INFO j.resultsettable - 
|-------|------|
|cdname |cdseq |
|-------|------|
|-------|------|
 
2025-04-04T10:00:42.998 [http-nio-8080-exec-9] DEBUG j.sqltiming -  com.zaxxer.hikari.pool.ProxyPreparedStatement.execute(ProxyPreparedStatement.java:44)
1. select
		cdNameEng,
		cdSeq
		from
			code
		where 1=1
			and codeGroup_cgSeq=11
		order by cdSeq desc
 {executed in 1 msec} 
2025-04-04T10:00:43.000 [http-nio-8080-exec-9] INFO j.resultsettable - 
|----------|------|
|cdnameeng |cdseq |
|----------|------|
|----------|------|
 
2025-04-04T10:00:43.002 [http-nio-8080-exec-9] DEBUG j.sqltiming -  com.zaxxer.hikari.pool.ProxyPreparedStatement.execute(ProxyPreparedStatement.java:44)
1. select
		cdName,
	    cdSeq
	from
		code
	where 1=1
		and codeGroup_cgSeq=2
	order by cdSeq desc
 {executed in 1 msec} 
2025-04-04T10:00:43.002 [http-nio-8080-exec-9] INFO j.resultsettable - 
|-------|------|
|cdname |cdseq |
|-------|------|
|-------|------|
 
2025-04-04T10:01:01.135 [http-nio-8080-exec-9] DEBUG j.sqltiming -  com.zaxxer.hikari.pool.ProxyPreparedStatement.execute(ProxyPreparedStatement.java:44)
1. select
		cdName,
	    cdSeq
		from
			code
		where 1=1
			and codeGroup_cgSeq=1

		order by cdSeq desc
 {executed in 2 msec} 
2025-04-04T10:01:01.135 [http-nio-8080-exec-9] INFO j.resultsettable - 
|-------|------|
|cdname |cdseq |
|-------|------|
|-------|------|
 
2025-04-04T10:01:01.138 [http-nio-8080-exec-9] DEBUG j.sqltiming -  com.zaxxer.hikari.pool.ProxyPreparedStatement.execute(ProxyPreparedStatement.java:44)
1. select
		cdNameEng,
		cdSeq
		from
			code
		where 1=1
			and codeGroup_cgSeq=11
		order by cdSeq desc
 {executed in 2 msec} 
2025-04-04T10:01:01.140 [http-nio-8080-exec-9] INFO j.resultsettable - 
|----------|------|
|cdnameeng |cdseq |
|----------|------|
|----------|------|
 
2025-04-04T10:01:01.142 [http-nio-8080-exec-9] DEBUG j.sqltiming -  com.zaxxer.hikari.pool.ProxyPreparedStatement.execute(ProxyPreparedStatement.java:44)
1. select
		cdName,
	    cdSeq
	from
		code
	where 1=1
		and codeGroup_cgSeq=2
	order by cdSeq desc
 {executed in 2 msec} 
2025-04-04T10:01:01.143 [http-nio-8080-exec-9] INFO j.resultsettable - 
|-------|------|
|cdname |cdseq |
|-------|------|
|-------|------|
 
2025-04-04T10:01:46.572 [http-nio-8080-exec-9] DEBUG j.sqltiming -  com.zaxxer.hikari.pool.ProxyPreparedStatement.execute(ProxyPreparedStatement.java:44)
1. select
		cdName,
	    cdSeq
		from
			code
		where 1=1
			and codeGroup_cgSeq=1

		order by cdSeq desc
 {executed in 1 msec} 
2025-04-04T10:01:46.573 [http-nio-8080-exec-9] INFO j.resultsettable - 
|-------|------|
|cdname |cdseq |
|-------|------|
|-------|------|
 
2025-04-04T10:01:46.576 [http-nio-8080-exec-9] DEBUG j.sqltiming -  com.zaxxer.hikari.pool.ProxyPreparedStatement.execute(ProxyPreparedStatement.java:44)
1. select
		cdNameEng,
		cdSeq
		from
			code
		where 1=1
			and codeGroup_cgSeq=11
		order by cdSeq desc
 {executed in 1 msec} 
2025-04-04T10:01:46.576 [http-nio-8080-exec-9] INFO j.resultsettable - 
|----------|------|
|cdnameeng |cdseq |
|----------|------|
|----------|------|
 
2025-04-04T10:01:46.579 [http-nio-8080-exec-9] DEBUG j.sqltiming -  com.zaxxer.hikari.pool.ProxyPreparedStatement.execute(ProxyPreparedStatement.java:44)
1. select
		cdName,
	    cdSeq
	from
		code
	where 1=1
		and codeGroup_cgSeq=2
	order by cdSeq desc
 {executed in 1 msec} 
2025-04-04T10:01:46.579 [http-nio-8080-exec-9] INFO j.resultsettable - 
|-------|------|
|cdname |cdseq |
|-------|------|
|-------|------|
 
2025-04-04T10:02:09.655 [http-nio-8080-exec-3] DEBUG j.sqltiming -  com.zaxxer.hikari.pool.ProxyPreparedStatement.execute(ProxyPreparedStatement.java:44)
1. SELECT
			urSeq,
		    urName,
		    urNickName,
		    urID,
		    urPassword,
		    urRegTime
		FROM
			user
		WHERE 1=1
			AND urID = 'ej'
			 AND urPassword = '1'
 {executed in 2 msec} 
2025-04-04T10:02:09.661 [http-nio-8080-exec-3] INFO j.resultsettable - 
|------|-------|-----------|-----|-----------|--------------------|
|urseq |urname |urnickname |urid |urpassword |urregtime           |
|------|-------|-----------|-----|-----------|--------------------|
|2     |이은준    |관리자        |ej   |1          |2025-03-28T11:37:15 |
|------|-------|-----------|-----|-----------|--------------------|
 
2025-04-04T10:02:09.700 [http-nio-8080-exec-6] DEBUG j.sqltiming -  com.zaxxer.hikari.pool.ProxyPreparedStatement.execute(ProxyPreparedStatement.java:44)
1. Select count(*)

			from
			codegroup as a 		
			where 1=1
		 AND a.cgUse = 1 
         AND a.cgdelNy = 0
 {executed in 4 msec} 
2025-04-04T10:02:09.702 [http-nio-8080-exec-6] INFO j.resultsettable - 
|---------|
|count(*) |
|---------|
|11       |
|---------|
 
2025-04-04T10:02:09.716 [http-nio-8080-exec-6] DEBUG j.sqltiming -  com.zaxxer.hikari.pool.ProxyPreparedStatement.execute(ProxyPreparedStatement.java:44)
1. select
			a.cgSeq,
			a.cgdelNy,
			a.cgUse,
		    a.cgName,
		    a.cgNameEng,
		    (select count(aa.cdSeq) from code aa where 1=1 and aa.cdDelNy = 0 and aa.codeGroup_cgSeq = a.cgSeq) as cdSeqCount,
		    a.cgOrder,
		    a.cgRegDate,
		    a.cgEdDate

			from
			codegroup as a 		
			where 1=1
		 AND a.cgUse = 1 
         AND a.cgdelNy = 0 

		order by cgSeq desc
		limit 5 offset 0
 {executed in 3 msec} 
2025-04-04T10:02:09.719 [http-nio-8080-exec-6] INFO j.resultsettable - 
|------|--------|------|-------|------------|-----------|--------|--------------------|---------|
|cgseq |cgdelny |cguse |cgname |cgnameeng   |cdseqcount |cgorder |cgregdate           |cgeddate |
|------|--------|------|-------|------------|-----------|--------|--------------------|---------|
|11    |0       |1     |이메일    |e-mail      |3          |1       |2025-04-01T19:50:09 |[null]   |
|10    |0       |1     |status |status      |2          |1       |2025-03-23T17:08:37 |[null]   |
|9     |0       |1     |이닝     |Inning      |40         |1       |2025-03-22T13:33:54 |[null]   |
|8     |0       |1     |국적     |Nationality |21         |1       |2025-03-22T10:51:18 |[null]   |
|7     |0       |1     |타      |Bat         |3          |1       |2025-03-21T17:26:47 |[null]   |
|------|--------|------|-------|------------|-----------|--------|--------------------|---------|
 
2025-04-04T10:05:42.331 [http-nio-8080-exec-4] DEBUG j.sqltiming -  com.zaxxer.hikari.pool.ProxyPreparedStatement.execute(ProxyPreparedStatement.java:44)
1. select
		cdName,
	    cdSeq
		from
			code
		where 1=1
			and codeGroup_cgSeq=1

		order by cdSeq desc
 {executed in 0 msec} 
2025-04-04T10:05:42.333 [http-nio-8080-exec-4] INFO j.resultsettable - 
|-------|------|
|cdname |cdseq |
|-------|------|
|-------|------|
 
2025-04-04T10:05:42.336 [http-nio-8080-exec-4] DEBUG j.sqltiming -  com.zaxxer.hikari.pool.ProxyPreparedStatement.execute(ProxyPreparedStatement.java:44)
1. select
		cdNameEng,
		cdSeq
		from
			code
		where 1=1
			and codeGroup_cgSeq=11
		order by cdSeq desc
 {executed in 1 msec} 
2025-04-04T10:05:42.336 [http-nio-8080-exec-4] INFO j.resultsettable - 
|----------|------|
|cdnameeng |cdseq |
|----------|------|
|----------|------|
 
2025-04-04T10:05:42.339 [http-nio-8080-exec-4] DEBUG j.sqltiming -  com.zaxxer.hikari.pool.ProxyPreparedStatement.execute(ProxyPreparedStatement.java:44)
1. select
		cdName,
	    cdSeq
	from
		code
	where 1=1
		and codeGroup_cgSeq=2
	order by cdSeq desc
 {executed in 1 msec} 
2025-04-04T10:05:42.339 [http-nio-8080-exec-4] INFO j.resultsettable - 
|-------|------|
|cdname |cdseq |
|-------|------|
|-------|------|
 
2025-04-04T10:06:58.100 [http-nio-8080-exec-9] DEBUG j.sqltiming -  com.zaxxer.hikari.pool.ProxyPreparedStatement.execute(ProxyPreparedStatement.java:44)
1. select
		cdName,
	    cdSeq
		from
			code
		where 1=1
			and codeGroup_cgSeq=1

		order by cdSeq desc
 {executed in 1 msec} 
2025-04-04T10:06:58.101 [http-nio-8080-exec-9] INFO j.resultsettable - 
|-------|------|
|cdname |cdseq |
|-------|------|
|-------|------|
 
2025-04-04T10:06:58.104 [http-nio-8080-exec-9] DEBUG j.sqltiming -  com.zaxxer.hikari.pool.ProxyPreparedStatement.execute(ProxyPreparedStatement.java:44)
1. select
		cdNameEng,
		cdSeq
		from
			code
		where 1=1
			and codeGroup_cgSeq=11
		order by cdSeq desc
 {executed in 2 msec} 
2025-04-04T10:06:58.105 [http-nio-8080-exec-9] INFO j.resultsettable - 
|----------|------|
|cdnameeng |cdseq |
|----------|------|
|----------|------|
 
2025-04-04T10:06:58.107 [http-nio-8080-exec-9] DEBUG j.sqltiming -  com.zaxxer.hikari.pool.ProxyPreparedStatement.execute(ProxyPreparedStatement.java:44)
1. select
		cdName,
	    cdSeq
	from
		code
	where 1=1
		and codeGroup_cgSeq=2
	order by cdSeq desc
 {executed in 1 msec} 
2025-04-04T10:06:58.108 [http-nio-8080-exec-9] INFO j.resultsettable - 
|-------|------|
|cdname |cdseq |
|-------|------|
|-------|------|
 
2025-04-04T10:07:11.227 [http-nio-8080-exec-9] DEBUG j.sqltiming -  com.zaxxer.hikari.pool.ProxyPreparedStatement.execute(ProxyPreparedStatement.java:44)
1. select
		cdName,
	    cdSeq
		from
			code
		where 1=1
			and codeGroup_cgSeq=1

		order by cdSeq desc
 {executed in 1 msec} 
2025-04-04T10:07:11.228 [http-nio-8080-exec-9] INFO j.resultsettable - 
|-------|------|
|cdname |cdseq |
|-------|------|
|-------|------|
 
2025-04-04T10:07:11.230 [http-nio-8080-exec-9] DEBUG j.sqltiming -  com.zaxxer.hikari.pool.ProxyPreparedStatement.execute(ProxyPreparedStatement.java:44)
1. select
		cdNameEng,
		cdSeq
		from
			code
		where 1=1
			and codeGroup_cgSeq=11
		order by cdSeq desc
 {executed in 1 msec} 
2025-04-04T10:07:11.230 [http-nio-8080-exec-9] INFO j.resultsettable - 
|----------|------|
|cdnameeng |cdseq |
|----------|------|
|----------|------|
 
2025-04-04T10:07:11.232 [http-nio-8080-exec-9] DEBUG j.sqltiming -  com.zaxxer.hikari.pool.ProxyPreparedStatement.execute(ProxyPreparedStatement.java:44)
1. select
		cdName,
	    cdSeq
	from
		code
	where 1=1
		and codeGroup_cgSeq=2
	order by cdSeq desc
 {executed in 1 msec} 
2025-04-04T10:07:11.233 [http-nio-8080-exec-9] INFO j.resultsettable - 
|-------|------|
|cdname |cdseq |
|-------|------|
|-------|------|
 
2025-04-04T10:11:03.652 [RMI TCP Connection(30)-127.0.0.1] INFO o.s.b.a.SpringApplicationAdminMXBeanRegistrar$SpringApplicationAdmin - Application shutdown requested. 
2025-04-04T10:11:03.662 [RMI TCP Connection(30)-127.0.0.1] INFO o.s.b.w.e.t.GracefulShutdown - Commencing graceful shutdown. Waiting for active requests to complete 
2025-04-04T10:11:03.664 [tomcat-shutdown] INFO o.a.c.h.Http11NioProtocol - Pausing ProtocolHandler ["http-nio-8080"] 
2025-04-04T10:11:03.682 [tomcat-shutdown] INFO o.s.b.w.e.t.GracefulShutdown - Graceful shutdown complete 
2025-04-04T10:11:03.682 [RMI TCP Connection(30)-127.0.0.1] INFO o.a.c.h.Http11NioProtocol - Stopping ProtocolHandler ["http-nio-8080"] 
2025-04-04T10:11:04.287 [RMI TCP Connection(30)-127.0.0.1] INFO c.z.h.HikariDataSource - HikariPool-1 - Shutdown initiated... 
2025-04-04T10:11:04.299 [RMI TCP Connection(30)-127.0.0.1] INFO c.z.h.HikariDataSource - HikariPool-1 - Shutdown completed. 
2025-04-04T10:23:06.372 [restartedMain] INFO c.a.AngelsApplication - Starting AngelsApplication using Java 21.0.5 with PID 19788 (C:\factory\ws_sts4_4270\repo_angels\angels\bin\main started by sunjs in C:\factory\ws_sts4_4270\repo_angels\angels) 
2025-04-04T10:23:06.373 [restartedMain] INFO c.a.AngelsApplication - No active profile set, falling back to 1 default profile: "default" 
2025-04-04T10:23:06.429 [restartedMain] INFO o.s.b.d.e.DevToolsPropertyDefaultsPostProcessor - Devtools property defaults active! Set 'spring.devtools.add-properties' to 'false' to disable 
2025-04-04T10:23:06.430 [restartedMain] INFO o.s.b.d.e.DevToolsPropertyDefaultsPostProcessor - For additional web related logging consider setting the 'logging.level.web' property to 'DEBUG' 
2025-04-04T10:23:07.574 [restartedMain] INFO o.s.b.w.e.t.TomcatWebServer - Tomcat initialized with port 8080 (http) 
2025-04-04T10:23:07.587 [restartedMain] INFO o.a.c.h.Http11NioProtocol - Initializing ProtocolHandler ["http-nio-8080"] 
2025-04-04T10:23:07.589 [restartedMain] INFO o.a.c.c.StandardService - Starting service [Tomcat] 
2025-04-04T10:23:07.589 [restartedMain] INFO o.a.c.c.StandardEngine - Starting Servlet engine: [Apache Tomcat/10.1.36] 
2025-04-04T10:23:07.638 [restartedMain] INFO o.a.c.c.C.[.[.[/] - Initializing Spring embedded WebApplicationContext 
2025-04-04T10:23:07.638 [restartedMain] INFO o.s.b.w.s.c.ServletWebServerApplicationContext - Root WebApplicationContext: initialization completed in 1208 ms 
2025-04-04T10:23:07.991 [restartedMain] INFO c.z.h.HikariDataSource - HikariPool-1 - Starting... 
2025-04-04T10:23:08.386 [restartedMain] INFO c.z.h.p.HikariPool - HikariPool-1 - Added connection net.sf.log4jdbc.sql.jdbcapi.ConnectionSpy@3a0b9151 
2025-04-04T10:23:08.389 [restartedMain] INFO c.z.h.HikariDataSource - HikariPool-1 - Start completed. 
2025-04-04T10:23:08.423 [restartedMain] DEBUG j.sqltiming -  com.zaxxer.hikari.pool.ProxyPreparedStatement.execute(ProxyPreparedStatement.java:44)
1. SELECT 
			cdSeq,
			cdName,
			cdNameEng,
			codeGroup_cgSeq
		FROM
			code
		WHERE 1=1
			AND cdDelNy = 0
 {executed in 13 msec} 
2025-04-04T10:23:08.452 [restartedMain] INFO j.resultsettable - 
|------|----------|-------------------|----------------|
|cdseq |cdname    |cdnameeng          |codegroup_cgseq |
|------|----------|-------------------|----------------|
|1     |SKT       |SKT                |1               |
|2     |KT        |KT                 |1               |
|3     |LG U+     |LG U+              |1               |
|4     |SKT 알뜰폰   |                   |1               |
|5     |KT 알뜰폰    |                   |1               |
|6     |LG U+ 알뜰폰 |                   |1               |
|7     |남자        |man                |2               |
|8     |여자        |woman              |2               |
|9     |AL        |AL                 |3               |
|10    |NL        |NL                 |3               |
|11    |East      |East               |4               |
|12    |Central   |Central            |4               |
|13    |West      |West               |4               |
|14    |투수        |P                  |5               |
|15    |1루수       |1B                 |5               |
|16    |2루수       |2B                 |5               |
|17    |3루수       |3B                 |5               |
|18    |유격수       |SS                 |5               |
|19    |좌익수       |LF                 |5               |
|20    |중견수       |CF                 |5               |
|21    |우익수       |RF                 |5               |
|22    |포수        |C                  |5               |
|23    |지명타자      |DH                 |5               |
|24    |대타        | PH                |5               |
|25    |대주자       |PR                 |5               |
|26    |좌투        |L                  |6               |
|27    |우투        |R                  |6               |
|28    |양투        |S                  |6               |
|29    |좌타        |L                  |7               |
|30    |우타        |R                  |7               |
|31    |양타        |S                  |7               |
|32    |미국        |United States      |8               |
|33    |도미니카 공화국  |Dominican Republic |8               |
|34    |베네수엘라     |Venezuela          |8               |
|35    |쿠바        |Cuba               |8               |
|36    |푸에르토리코    |Puerto Rico        |8               |
|37    |멕시코       |Mexico             |8               |
|38    |캐나다       |Canada             |8               |
|39    |일본        |Japan              |8               |
|40    |콜롬비아      |Colombia           |8               |
|41    |대한민국      |Korea              |8               |
|42    |파나마       |Panama             |8               |
|43    |퀴라소       |Curaçao            |8               |
|44    |네덜란드      |Netherlands        |8               |
|45    |바하마       |Bahamas            |8               |
|46    |니카라과      |Nicaragua          |8               |
|47    |호주        |Australia          |8               |
|48    |브라질       |Brazil             |8               |
|49    |독일        |Germany            |8               |
|50    |온두라스      |Honduras           |8               |
|51    |대만        |Taiwan             |8               |
|52    |아루바       |Aruba              |8               |
|53    |1회초       |TOP 1              |9               |
|54    |1회말       |BOT 1              |9               |
|55    |2회초       |TOP 2              |9               |
|56    |2회말       |BOT 2              |9               |
|57    |3회초       |TOP 3              |9               |
|58    |3회말       |BOT 3              |9               |
|59    |4회초       |TOP 4              |9               |
|60    |4회말       |BOT 4              |9               |
|61    |5회초       |TOP 5              |9               |
|62    |5회말       |BOT 5              |9               |
|63    |6회초       |TOP 6              |9               |
|64    |6회말       |BOT 6              |9               |
|65    |7회초       |TOP 7              |9               |
|66    |7회말       |BOT 7              |9               |
|67    |8회초       |TOP 8              |9               |
|68    |8회말       |BOT 8              |9               |
|69    |9회초       |TOP 9              |9               |
|70    |9회말       |BOT 9              |9               |
|71    |10회초      |TOP 10             |9               |
|72    |10회말      |BOT 10             |9               |
|73    |11회초      |TOP 11             |9               |
|74    |11회말      |BOT 11             |9               |
|75    |12회초      |TOP 12             |9               |
|76    |12회말      |BOT 12             |9               |
|77    |13회초      |TOP 13             |9               |
|78    |13회말      |BOT 13             |9               |
|79    |14회초      |TOP 14             |9               |
|80    |14회말      |BOT 14             |9               |
|81    |15회초      |TOP 15             |9               |
|82    |15회말      |BOT 15             |9               |
|83    |16회초      |TOP 16             |9               |
|84    |16회말      |BOT 16             |9               |
|85    |17회초      |TOP 17             |9               |
|86    |17회말      |BOT 17             |9               |
|87    |18회초      |TOP 18             |9               |
|88    |18회말      |BOT 18             |9               |
|89    |19회초      |TOP 19             |9               |
|90    |19회말      |BOT 19             |9               |
|91    |20회초      |TOP 20             |9               |
|92    |20회말      |BOT 20             |9               |
|93    |현역        |active             |10              |
|94    |은퇴        |retire             |10              |
|95    |투타겸업      |TWP                |5               |
|96    |네이버       |naver.com          |11              |
|97    |다음        |daum.net           |11              |
|98    |구글(지메일)   |gmail.com          |11              |
|------|----------|-------------------|----------------|
 
2025-04-04T10:23:09.970 [restartedMain] INFO o.s.b.d.a.OptionalLiveReloadServer - LiveReload server is running on port 35729 
2025-04-04T10:23:10.000 [restartedMain] INFO o.a.c.h.Http11NioProtocol - Starting ProtocolHandler ["http-nio-8080"] 
2025-04-04T10:23:10.021 [restartedMain] INFO o.s.b.w.e.t.TomcatWebServer - Tomcat started on port 8080 (http) with context path '/' 
2025-04-04T10:23:10.030 [restartedMain] INFO c.a.AngelsApplication - Started AngelsApplication in 4.03 seconds (process running for 5.188) 
2025-04-04T10:25:15.465 [http-nio-8080-exec-1] INFO o.a.c.c.C.[.[.[/] - Initializing Spring DispatcherServlet 'dispatcherServlet' 
2025-04-04T10:25:15.466 [http-nio-8080-exec-1] INFO o.s.w.s.DispatcherServlet - Initializing Servlet 'dispatcherServlet' 
2025-04-04T10:25:15.468 [http-nio-8080-exec-1] INFO o.s.w.s.DispatcherServlet - Completed initialization in 2 ms 
2025-04-04T10:25:15.516 [http-nio-8080-exec-1] DEBUG j.sqltiming -  com.zaxxer.hikari.pool.ProxyPreparedStatement.execute(ProxyPreparedStatement.java:44)
1. select
		cdName,
	    cdSeq
		from
			code
		where 1=1
			and codeGroup_cgSeq=1

		order by cdSeq desc
 {executed in 1 msec} 
2025-04-04T10:25:15.517 [http-nio-8080-exec-1] INFO j.resultsettable - 
|-------|------|
|cdname |cdseq |
|-------|------|
|-------|------|
 
2025-04-04T10:25:15.521 [http-nio-8080-exec-1] DEBUG j.sqltiming -  com.zaxxer.hikari.pool.ProxyPreparedStatement.execute(ProxyPreparedStatement.java:44)
1. select
		cdNameEng,
		cdSeq
		from
			code
		where 1=1
			and codeGroup_cgSeq=11
		order by cdSeq desc
 {executed in 1 msec} 
2025-04-04T10:25:15.521 [http-nio-8080-exec-1] INFO j.resultsettable - 
|----------|------|
|cdnameeng |cdseq |
|----------|------|
|----------|------|
 
2025-04-04T10:25:15.524 [http-nio-8080-exec-1] DEBUG j.sqltiming -  com.zaxxer.hikari.pool.ProxyPreparedStatement.execute(ProxyPreparedStatement.java:44)
1. select
		cdName,
	    cdSeq
	from
		code
	where 1=1
		and codeGroup_cgSeq=2
	order by cdSeq desc
 {executed in 1 msec} 
2025-04-04T10:25:15.525 [http-nio-8080-exec-1] INFO j.resultsettable - 
|-------|------|
|cdname |cdseq |
|-------|------|
|-------|------|
 
2025-04-04T10:25:55.990 [http-nio-8080-exec-4] DEBUG j.sqltiming -  com.zaxxer.hikari.pool.ProxyPreparedStatement.execute(ProxyPreparedStatement.java:44)
1. select
		cdName,
	    cdSeq
		from
			code
		where 1=1
			and codeGroup_cgSeq=1

		order by cdSeq desc
 {executed in 1 msec} 
2025-04-04T10:25:55.990 [http-nio-8080-exec-4] INFO j.resultsettable - 
|-------|------|
|cdname |cdseq |
|-------|------|
|-------|------|
 
2025-04-04T10:25:55.994 [http-nio-8080-exec-4] DEBUG j.sqltiming -  com.zaxxer.hikari.pool.ProxyPreparedStatement.execute(ProxyPreparedStatement.java:44)
1. select
		cdNameEng,
		cdSeq
		from
			code
		where 1=1
			and codeGroup_cgSeq=11
		order by cdSeq desc
 {executed in 2 msec} 
2025-04-04T10:25:55.995 [http-nio-8080-exec-4] INFO j.resultsettable - 
|----------|------|
|cdnameeng |cdseq |
|----------|------|
|----------|------|
 
2025-04-04T10:25:55.998 [http-nio-8080-exec-4] DEBUG j.sqltiming -  com.zaxxer.hikari.pool.ProxyPreparedStatement.execute(ProxyPreparedStatement.java:44)
1. select
		cdName,
	    cdSeq
	from
		code
	where 1=1
		and codeGroup_cgSeq=2
	order by cdSeq desc
 {executed in 2 msec} 
2025-04-04T10:25:55.999 [http-nio-8080-exec-4] INFO j.resultsettable - 
|-------|------|
|cdname |cdseq |
|-------|------|
|-------|------|
 
2025-04-04T10:26:18.655 [http-nio-8080-exec-1] DEBUG j.sqltiming -  com.zaxxer.hikari.pool.ProxyPreparedStatement.execute(ProxyPreparedStatement.java:44)
1. select
		cdName,
	    cdSeq
		from
			code
		where 1=1
			and codeGroup_cgSeq=1

		order by cdSeq desc
 {executed in 1 msec} 
2025-04-04T10:26:18.656 [http-nio-8080-exec-1] INFO j.resultsettable - 
|-------|------|
|cdname |cdseq |
|-------|------|
|-------|------|
 
2025-04-04T10:26:18.659 [http-nio-8080-exec-1] DEBUG j.sqltiming -  com.zaxxer.hikari.pool.ProxyPreparedStatement.execute(ProxyPreparedStatement.java:44)
1. select
		cdNameEng,
		cdSeq
		from
			code
		where 1=1
			and codeGroup_cgSeq=11
		order by cdSeq desc
 {executed in 1 msec} 
2025-04-04T10:26:18.659 [http-nio-8080-exec-1] INFO j.resultsettable - 
|----------|------|
|cdnameeng |cdseq |
|----------|------|
|----------|------|
 
2025-04-04T10:26:18.663 [http-nio-8080-exec-1] DEBUG j.sqltiming -  com.zaxxer.hikari.pool.ProxyPreparedStatement.execute(ProxyPreparedStatement.java:44)
1. select
		cdName,
	    cdSeq
	from
		code
	where 1=1
		and codeGroup_cgSeq=2
	order by cdSeq desc
 {executed in 2 msec} 
2025-04-04T10:26:18.664 [http-nio-8080-exec-1] INFO j.resultsettable - 
|-------|------|
|cdname |cdseq |
|-------|------|
|-------|------|
 
2025-04-04T10:26:42.767 [http-nio-8080-exec-1] DEBUG j.sqltiming -  com.zaxxer.hikari.pool.ProxyPreparedStatement.execute(ProxyPreparedStatement.java:44)
1. select
		cdName,
	    cdSeq
		from
			code
		where 1=1
			and codeGroup_cgSeq=1

		order by cdSeq desc
 {executed in 2 msec} 
2025-04-04T10:26:42.768 [http-nio-8080-exec-1] INFO j.resultsettable - 
|-------|------|
|cdname |cdseq |
|-------|------|
|-------|------|
 
2025-04-04T10:26:42.772 [http-nio-8080-exec-1] DEBUG j.sqltiming -  com.zaxxer.hikari.pool.ProxyPreparedStatement.execute(ProxyPreparedStatement.java:44)
1. select
		cdNameEng,
		cdSeq
		from
			code
		where 1=1
			and codeGroup_cgSeq=11
		order by cdSeq desc
 {executed in 2 msec} 
2025-04-04T10:26:42.772 [http-nio-8080-exec-1] INFO j.resultsettable - 
|----------|------|
|cdnameeng |cdseq |
|----------|------|
|----------|------|
 
2025-04-04T10:26:42.776 [http-nio-8080-exec-1] DEBUG j.sqltiming -  com.zaxxer.hikari.pool.ProxyPreparedStatement.execute(ProxyPreparedStatement.java:44)
1. select
		cdName,
	    cdSeq
	from
		code
	where 1=1
		and codeGroup_cgSeq=2
	order by cdSeq desc
 {executed in 2 msec} 
2025-04-04T10:26:42.776 [http-nio-8080-exec-1] INFO j.resultsettable - 
|-------|------|
|cdname |cdseq |
|-------|------|
|-------|------|
 
2025-04-04T10:26:56.602 [http-nio-8080-exec-3] DEBUG j.sqltiming -  com.zaxxer.hikari.pool.ProxyPreparedStatement.execute(ProxyPreparedStatement.java:44)
1. select
		cdName,
	    cdSeq
		from
			code
		where 1=1
			and codeGroup_cgSeq=1

		order by cdSeq desc
 {executed in 1 msec} 
2025-04-04T10:26:56.602 [http-nio-8080-exec-3] INFO j.resultsettable - 
|-------|------|
|cdname |cdseq |
|-------|------|
|-------|------|
 
2025-04-04T10:26:56.605 [http-nio-8080-exec-3] DEBUG j.sqltiming -  com.zaxxer.hikari.pool.ProxyPreparedStatement.execute(ProxyPreparedStatement.java:44)
1. select
		cdNameEng,
		cdSeq
		from
			code
		where 1=1
			and codeGroup_cgSeq=11
		order by cdSeq desc
 {executed in 1 msec} 
2025-04-04T10:26:56.606 [http-nio-8080-exec-3] INFO j.resultsettable - 
|----------|------|
|cdnameeng |cdseq |
|----------|------|
|----------|------|
 
2025-04-04T10:26:56.608 [http-nio-8080-exec-3] DEBUG j.sqltiming -  com.zaxxer.hikari.pool.ProxyPreparedStatement.execute(ProxyPreparedStatement.java:44)
1. select
		cdName,
	    cdSeq
	from
		code
	where 1=1
		and codeGroup_cgSeq=2
	order by cdSeq desc
 {executed in 1 msec} 
2025-04-04T10:26:56.609 [http-nio-8080-exec-3] INFO j.resultsettable - 
|-------|------|
|cdname |cdseq |
|-------|------|
|-------|------|
 
2025-04-04T10:27:32.378 [http-nio-8080-exec-9] DEBUG j.sqltiming -  com.zaxxer.hikari.pool.ProxyPreparedStatement.execute(ProxyPreparedStatement.java:44)
1. select
		cdName,
	    cdSeq
		from
			code
		where 1=1
			and codeGroup_cgSeq=1

		order by cdSeq desc
 {executed in 1 msec} 
2025-04-04T10:27:32.379 [http-nio-8080-exec-9] INFO j.resultsettable - 
|-------|------|
|cdname |cdseq |
|-------|------|
|-------|------|
 
2025-04-04T10:27:32.383 [http-nio-8080-exec-9] DEBUG j.sqltiming -  com.zaxxer.hikari.pool.ProxyPreparedStatement.execute(ProxyPreparedStatement.java:44)
1. select
		cdNameEng,
		cdSeq
		from
			code
		where 1=1
			and codeGroup_cgSeq=11
		order by cdSeq desc
 {executed in 1 msec} 
2025-04-04T10:27:32.383 [http-nio-8080-exec-9] INFO j.resultsettable - 
|----------|------|
|cdnameeng |cdseq |
|----------|------|
|----------|------|
 
2025-04-04T10:27:32.386 [http-nio-8080-exec-9] DEBUG j.sqltiming -  com.zaxxer.hikari.pool.ProxyPreparedStatement.execute(ProxyPreparedStatement.java:44)
1. select
		cdName,
	    cdSeq
	from
		code
	where 1=1
		and codeGroup_cgSeq=2
	order by cdSeq desc
 {executed in 1 msec} 
2025-04-04T10:27:32.387 [http-nio-8080-exec-9] INFO j.resultsettable - 
|-------|------|
|cdname |cdseq |
|-------|------|
|-------|------|
 
2025-04-04T10:27:46.849 [http-nio-8080-exec-4] DEBUG j.sqltiming -  com.zaxxer.hikari.pool.ProxyPreparedStatement.execute(ProxyPreparedStatement.java:44)
1. select
		cdName,
	    cdSeq
		from
			code
		where 1=1
			and codeGroup_cgSeq=1

		order by cdSeq desc
 {executed in 3 msec} 
2025-04-04T10:27:46.850 [http-nio-8080-exec-4] INFO j.resultsettable - 
|-------|------|
|cdname |cdseq |
|-------|------|
|-------|------|
 
2025-04-04T10:27:46.852 [http-nio-8080-exec-4] DEBUG j.sqltiming -  com.zaxxer.hikari.pool.ProxyPreparedStatement.execute(ProxyPreparedStatement.java:44)
1. select
		cdNameEng,
		cdSeq
		from
			code
		where 1=1
			and codeGroup_cgSeq=11
		order by cdSeq desc
 {executed in 1 msec} 
2025-04-04T10:27:46.853 [http-nio-8080-exec-4] INFO j.resultsettable - 
|----------|------|
|cdnameeng |cdseq |
|----------|------|
|----------|------|
 
2025-04-04T10:27:46.855 [http-nio-8080-exec-4] DEBUG j.sqltiming -  com.zaxxer.hikari.pool.ProxyPreparedStatement.execute(ProxyPreparedStatement.java:44)
1. select
		cdName,
	    cdSeq
	from
		code
	where 1=1
		and codeGroup_cgSeq=2
	order by cdSeq desc
 {executed in 1 msec} 
2025-04-04T10:27:46.855 [http-nio-8080-exec-4] INFO j.resultsettable - 
|-------|------|
|cdname |cdseq |
|-------|------|
|-------|------|
 
2025-04-04T10:28:14.388 [http-nio-8080-exec-8] DEBUG j.sqltiming -  com.zaxxer.hikari.pool.ProxyPreparedStatement.execute(ProxyPreparedStatement.java:44)
1. select
		cdName,
	    cdSeq
		from
			code
		where 1=1
			and codeGroup_cgSeq=1

		order by cdSeq desc
 {executed in 3 msec} 
2025-04-04T10:28:14.389 [http-nio-8080-exec-8] INFO j.resultsettable - 
|-------|------|
|cdname |cdseq |
|-------|------|
|-------|------|
 
2025-04-04T10:28:14.391 [http-nio-8080-exec-8] DEBUG j.sqltiming -  com.zaxxer.hikari.pool.ProxyPreparedStatement.execute(ProxyPreparedStatement.java:44)
1. select
		cdNameEng,
		cdSeq
		from
			code
		where 1=1
			and codeGroup_cgSeq=11
		order by cdSeq desc
 {executed in 1 msec} 
2025-04-04T10:28:14.392 [http-nio-8080-exec-8] INFO j.resultsettable - 
|----------|------|
|cdnameeng |cdseq |
|----------|------|
|----------|------|
 
2025-04-04T10:28:14.395 [http-nio-8080-exec-8] DEBUG j.sqltiming -  com.zaxxer.hikari.pool.ProxyPreparedStatement.execute(ProxyPreparedStatement.java:44)
1. select
		cdName,
	    cdSeq
	from
		code
	where 1=1
		and codeGroup_cgSeq=2
	order by cdSeq desc
 {executed in 1 msec} 
2025-04-04T10:28:14.396 [http-nio-8080-exec-8] INFO j.resultsettable - 
|-------|------|
|cdname |cdseq |
|-------|------|
|-------|------|
 
2025-04-04T10:34:54.678 [http-nio-8080-exec-6] DEBUG j.sqltiming -  com.zaxxer.hikari.pool.ProxyPreparedStatement.execute(ProxyPreparedStatement.java:44)
1. select
		cdName,
	    cdSeq
		from
			code
		where 1=1
			and codeGroup_cgSeq=1

		order by cdSeq desc
 {executed in 2 msec} 
2025-04-04T10:34:54.682 [http-nio-8080-exec-6] INFO j.resultsettable - 
|-------|------|
|cdname |cdseq |
|-------|------|
|-------|------|
 
2025-04-04T10:34:54.688 [http-nio-8080-exec-6] DEBUG j.sqltiming -  com.zaxxer.hikari.pool.ProxyPreparedStatement.execute(ProxyPreparedStatement.java:44)
1. select
		cdNameEng,
		cdSeq
		from
			code
		where 1=1
			and codeGroup_cgSeq=11
		order by cdSeq desc
 {executed in 3 msec} 
2025-04-04T10:34:54.689 [http-nio-8080-exec-6] INFO j.resultsettable - 
|----------|------|
|cdnameeng |cdseq |
|----------|------|
|----------|------|
 
2025-04-04T10:34:54.693 [http-nio-8080-exec-6] DEBUG j.sqltiming -  com.zaxxer.hikari.pool.ProxyPreparedStatement.execute(ProxyPreparedStatement.java:44)
1. select
		cdName,
	    cdSeq
	from
		code
	where 1=1
		and codeGroup_cgSeq=2
	order by cdSeq desc
 {executed in 1 msec} 
2025-04-04T10:34:54.694 [http-nio-8080-exec-6] INFO j.resultsettable - 
|-------|------|
|cdname |cdseq |
|-------|------|
|-------|------|
 
2025-04-04T10:35:00.861 [http-nio-8080-exec-7] ERROR j.sqltiming -  com.zaxxer.hikari.pool.ProxyPreparedStatement.execute(ProxyPreparedStatement.java:44)
1. INSERT INTO team (
		    urUse,
		    urDelNy,
		    urName,
		    urNickname,
		    urGender,
		    telecom,
		    phoneNumber,
		    urBirth,
		    urID,
			emailID,
		    email,
		    urPassword,
		    urRegTime
	) values (
		1,
		0,
		'',
		'',
		NULL,
		NULL,
		'',
		NULL,
		'',
		'',
		'',
		'',
		NOW()
	)
 {FAILED after 512 msec} 
java.sql.SQLSyntaxErrorException: Unknown column 'urUse' in 'field list'
	at com.mysql.cj.jdbc.exceptions.SQLError.createSQLException(SQLError.java:112)
	at com.mysql.cj.jdbc.exceptions.SQLExceptionsMapping.translateException(SQLExceptionsMapping.java:114)
	at com.mysql.cj.jdbc.ClientPreparedStatement.executeInternal(ClientPreparedStatement.java:988)
	at com.mysql.cj.jdbc.ClientPreparedStatement.execute(ClientPreparedStatement.java:382)
	at net.sf.log4jdbc.sql.jdbcapi.PreparedStatementSpy.execute(PreparedStatementSpy.java:443)
	at com.zaxxer.hikari.pool.ProxyPreparedStatement.execute(ProxyPreparedStatement.java:44)
	at com.zaxxer.hikari.pool.HikariProxyPreparedStatement.execute(HikariProxyPreparedStatement.java)
	at org.apache.ibatis.executor.statement.PreparedStatementHandler.update(PreparedStatementHandler.java:48)
	at org.apache.ibatis.executor.statement.RoutingStatementHandler.update(RoutingStatementHandler.java:75)
	at org.apache.ibatis.executor.SimpleExecutor.doUpdate(SimpleExecutor.java:50)
	at org.apache.ibatis.executor.BaseExecutor.update(BaseExecutor.java:117)
	at org.apache.ibatis.executor.CachingExecutor.update(CachingExecutor.java:76)
	at org.apache.ibatis.session.defaults.DefaultSqlSession.update(DefaultSqlSession.java:197)
	at org.apache.ibatis.session.defaults.DefaultSqlSession.insert(DefaultSqlSession.java:184)
	at java.base/jdk.internal.reflect.DirectMethodHandleAccessor.invoke(DirectMethodHandleAccessor.java:103)
	at java.base/java.lang.reflect.Method.invoke(Method.java:580)
	at org.mybatis.spring.SqlSessionTemplate$SqlSessionInterceptor.invoke(SqlSessionTemplate.java:333)
	at jdk.proxy2/jdk.proxy2.$Proxy64.insert(Unknown Source)
	at org.mybatis.spring.SqlSessionTemplate.insert(SqlSessionTemplate.java:224)
	at org.apache.ibatis.binding.MapperMethod.execute(MapperMethod.java:62)
	at org.apache.ibatis.binding.MapperProxy$PlainMethodInvoker.invoke(MapperProxy.java:141)
	at org.apache.ibatis.binding.MapperProxy.invoke(MapperProxy.java:86)
	at jdk.proxy3/jdk.proxy3.$Proxy75.insert(Unknown Source)
	at java.base/jdk.internal.reflect.DirectMethodHandleAccessor.invoke(DirectMethodHandleAccessor.java:103)
	at java.base/java.lang.reflect.Method.invoke(Method.java:580)
	at org.springframework.aop.support.AopUtils.invokeJoinpointUsingReflection(AopUtils.java:359)
	at org.springframework.aop.framework.ReflectiveMethodInvocation.invokeJoinpoint(ReflectiveMethodInvocation.java:196)
	at org.springframework.aop.framework.ReflectiveMethodInvocation.proceed(ReflectiveMethodInvocation.java:163)
	at org.springframework.dao.support.PersistenceExceptionTranslationInterceptor.invoke(PersistenceExceptionTranslationInterceptor.java:138)
	at org.springframework.aop.framework.ReflectiveMethodInvocation.proceed(ReflectiveMethodInvocation.java:184)
	at org.springframework.aop.framework.JdkDynamicAopProxy.invoke(JdkDynamicAopProxy.java:223)
	at jdk.proxy3/jdk.proxy3.$Proxy76.insert(Unknown Source)
	at com.angels.module.user.UserService.insert(UserService.java:25)
	at com.angels.module.user.UserController.userXdmInst(UserController.java:68)
	at java.base/jdk.internal.reflect.DirectMethodHandleAccessor.invoke(DirectMethodHandleAccessor.java:103)
	at java.base/java.lang.reflect.Method.invoke(Method.java:580)
	at org.springframework.web.method.support.InvocableHandlerMethod.doInvoke(InvocableHandlerMethod.java:257)
	at org.springframework.web.method.support.InvocableHandlerMethod.invokeForRequest(InvocableHandlerMethod.java:190)
	at org.springframework.web.servlet.mvc.method.annotation.ServletInvocableHandlerMethod.invokeAndHandle(ServletInvocableHandlerMethod.java:118)
	at org.springframework.web.servlet.mvc.method.annotation.RequestMappingHandlerAdapter.invokeHandlerMethod(RequestMappingHandlerAdapter.java:986)
	at org.springframework.web.servlet.mvc.method.annotation.RequestMappingHandlerAdapter.handleInternal(RequestMappingHandlerAdapter.java:891)
	at org.springframework.web.servlet.mvc.method.AbstractHandlerMethodAdapter.handle(AbstractHandlerMethodAdapter.java:87)
	at org.springframework.web.servlet.DispatcherServlet.doDispatch(DispatcherServlet.java:1088)
	at org.springframework.web.servlet.DispatcherServlet.doService(DispatcherServlet.java:978)
	at org.springframework.web.servlet.FrameworkServlet.processRequest(FrameworkServlet.java:1014)
	at org.springframework.web.servlet.FrameworkServlet.doPost(FrameworkServlet.java:914)
	at jakarta.servlet.http.HttpServlet.service(HttpServlet.java:590)
	at org.springframework.web.servlet.FrameworkServlet.service(FrameworkServlet.java:885)
	at jakarta.servlet.http.HttpServlet.service(HttpServlet.java:658)
	at org.apache.catalina.core.ApplicationFilterChain.internalDoFilter(ApplicationFilterChain.java:195)
	at org.apache.catalina.core.ApplicationFilterChain.doFilter(ApplicationFilterChain.java:140)
	at org.apache.tomcat.websocket.server.WsFilter.doFilter(WsFilter.java:51)
	at org.apache.catalina.core.ApplicationFilterChain.internalDoFilter(ApplicationFilterChain.java:164)
	at org.apache.catalina.core.ApplicationFilterChain.doFilter(ApplicationFilterChain.java:140)
	at org.springframework.web.filter.RequestContextFilter.doFilterInternal(RequestContextFilter.java:100)
	at org.springframework.web.filter.OncePerRequestFilter.doFilter(OncePerRequestFilter.java:116)
	at org.apache.catalina.core.ApplicationFilterChain.internalDoFilter(ApplicationFilterChain.java:164)
	at org.apache.catalina.core.ApplicationFilterChain.doFilter(ApplicationFilterChain.java:140)
	at org.springframework.web.filter.FormContentFilter.doFilterInternal(FormContentFilter.java:93)
	at org.springframework.web.filter.OncePerRequestFilter.doFilter(OncePerRequestFilter.java:116)
	at org.apache.catalina.core.ApplicationFilterChain.internalDoFilter(ApplicationFilterChain.java:164)
	at org.apache.catalina.core.ApplicationFilterChain.doFilter(ApplicationFilterChain.java:140)
	at org.springframework.web.filter.CharacterEncodingFilter.doFilterInternal(CharacterEncodingFilter.java:201)
	at org.springframework.web.filter.OncePerRequestFilter.doFilter(OncePerRequestFilter.java:116)
	at org.apache.catalina.core.ApplicationFilterChain.internalDoFilter(ApplicationFilterChain.java:164)
	at org.apache.catalina.core.ApplicationFilterChain.doFilter(ApplicationFilterChain.java:140)
	at org.apache.catalina.core.StandardWrapperValve.invoke(StandardWrapperValve.java:167)
	at org.apache.catalina.core.StandardContextValve.invoke(StandardContextValve.java:90)
	at org.apache.catalina.authenticator.AuthenticatorBase.invoke(AuthenticatorBase.java:483)
	at org.apache.catalina.core.StandardHostValve.invoke(StandardHostValve.java:115)
	at org.apache.catalina.valves.ErrorReportValve.invoke(ErrorReportValve.java:93)
	at org.apache.catalina.core.StandardEngineValve.invoke(StandardEngineValve.java:74)
	at org.apache.catalina.connector.CoyoteAdapter.service(CoyoteAdapter.java:344)
	at org.apache.coyote.http11.Http11Processor.service(Http11Processor.java:397)
	at org.apache.coyote.AbstractProcessorLight.process(AbstractProcessorLight.java:63)
	at org.apache.coyote.AbstractProtocol$ConnectionHandler.process(AbstractProtocol.java:905)
	at org.apache.tomcat.util.net.NioEndpoint$SocketProcessor.doRun(NioEndpoint.java:1743)
	at org.apache.tomcat.util.net.SocketProcessorBase.run(SocketProcessorBase.java:52)
	at org.apache.tomcat.util.threads.ThreadPoolExecutor.runWorker(ThreadPoolExecutor.java:1190)
	at org.apache.tomcat.util.threads.ThreadPoolExecutor$Worker.run(ThreadPoolExecutor.java:659)
	at org.apache.tomcat.util.threads.TaskThread$WrappingRunnable.run(TaskThread.java:63)
	at java.base/java.lang.Thread.run(Thread.java:1583)
2025-04-04T10:35:01.071 [http-nio-8080-exec-7] ERROR o.a.c.c.C.[.[.[.[dispatcherServlet] - Servlet.service() for servlet [dispatcherServlet] in context with path [] threw exception [Request processing failed: org.springframework.jdbc.BadSqlGrammarException: 
### Error updating database.  Cause: java.sql.SQLSyntaxErrorException: Unknown column 'urUse' in 'field list'
### The error may exist in file [C:\factory\ws_sts4_4270\repo_angels\angels\bin\main\mybatis\mapper\mysql\main\infra\UserMapper.xml]
### The error may involve com.angels.module.user.UserDao.insert-Inline
### The error occurred while setting parameters
### SQL: INSERT INTO team (       urUse,       urDelNy,       urName,       urNickname,       urGender,       telecom,       phoneNumber,       urBirth,       urID,    emailID,       email,       urPassword,       urRegTime  ) values (   1,   0,   ?,   ?,   ?,   ?,   ?,   ?,   ?,   ?,   ?,   ?,   NOW()  )
### Cause: java.sql.SQLSyntaxErrorException: Unknown column 'urUse' in 'field list'
; bad SQL grammar []] with root cause 
java.sql.SQLSyntaxErrorException: Unknown column 'urUse' in 'field list'
	at com.mysql.cj.jdbc.exceptions.SQLError.createSQLException(SQLError.java:112)
	at com.mysql.cj.jdbc.exceptions.SQLExceptionsMapping.translateException(SQLExceptionsMapping.java:114)
	at com.mysql.cj.jdbc.ClientPreparedStatement.executeInternal(ClientPreparedStatement.java:988)
	at com.mysql.cj.jdbc.ClientPreparedStatement.execute(ClientPreparedStatement.java:382)
	at net.sf.log4jdbc.sql.jdbcapi.PreparedStatementSpy.execute(PreparedStatementSpy.java:443)
	at com.zaxxer.hikari.pool.ProxyPreparedStatement.execute(ProxyPreparedStatement.java:44)
	at com.zaxxer.hikari.pool.HikariProxyPreparedStatement.execute(HikariProxyPreparedStatement.java)
	at org.apache.ibatis.executor.statement.PreparedStatementHandler.update(PreparedStatementHandler.java:48)
	at org.apache.ibatis.executor.statement.RoutingStatementHandler.update(RoutingStatementHandler.java:75)
	at org.apache.ibatis.executor.SimpleExecutor.doUpdate(SimpleExecutor.java:50)
	at org.apache.ibatis.executor.BaseExecutor.update(BaseExecutor.java:117)
	at org.apache.ibatis.executor.CachingExecutor.update(CachingExecutor.java:76)
	at org.apache.ibatis.session.defaults.DefaultSqlSession.update(DefaultSqlSession.java:197)
	at org.apache.ibatis.session.defaults.DefaultSqlSession.insert(DefaultSqlSession.java:184)
	at java.base/jdk.internal.reflect.DirectMethodHandleAccessor.invoke(DirectMethodHandleAccessor.java:103)
	at java.base/java.lang.reflect.Method.invoke(Method.java:580)
	at org.mybatis.spring.SqlSessionTemplate$SqlSessionInterceptor.invoke(SqlSessionTemplate.java:333)
	at jdk.proxy2/jdk.proxy2.$Proxy64.insert(Unknown Source)
	at org.mybatis.spring.SqlSessionTemplate.insert(SqlSessionTemplate.java:224)
	at org.apache.ibatis.binding.MapperMethod.execute(MapperMethod.java:62)
	at org.apache.ibatis.binding.MapperProxy$PlainMethodInvoker.invoke(MapperProxy.java:141)
	at org.apache.ibatis.binding.MapperProxy.invoke(MapperProxy.java:86)
	at jdk.proxy3/jdk.proxy3.$Proxy75.insert(Unknown Source)
	at java.base/jdk.internal.reflect.DirectMethodHandleAccessor.invoke(DirectMethodHandleAccessor.java:103)
	at java.base/java.lang.reflect.Method.invoke(Method.java:580)
	at org.springframework.aop.support.AopUtils.invokeJoinpointUsingReflection(AopUtils.java:359)
	at org.springframework.aop.framework.ReflectiveMethodInvocation.invokeJoinpoint(ReflectiveMethodInvocation.java:196)
	at org.springframework.aop.framework.ReflectiveMethodInvocation.proceed(ReflectiveMethodInvocation.java:163)
	at org.springframework.dao.support.PersistenceExceptionTranslationInterceptor.invoke(PersistenceExceptionTranslationInterceptor.java:138)
	at org.springframework.aop.framework.ReflectiveMethodInvocation.proceed(ReflectiveMethodInvocation.java:184)
	at org.springframework.aop.framework.JdkDynamicAopProxy.invoke(JdkDynamicAopProxy.java:223)
	at jdk.proxy3/jdk.proxy3.$Proxy76.insert(Unknown Source)
	at com.angels.module.user.UserService.insert(UserService.java:25)
	at com.angels.module.user.UserController.userXdmInst(UserController.java:68)
	at java.base/jdk.internal.reflect.DirectMethodHandleAccessor.invoke(DirectMethodHandleAccessor.java:103)
	at java.base/java.lang.reflect.Method.invoke(Method.java:580)
	at org.springframework.web.method.support.InvocableHandlerMethod.doInvoke(InvocableHandlerMethod.java:257)
	at org.springframework.web.method.support.InvocableHandlerMethod.invokeForRequest(InvocableHandlerMethod.java:190)
	at org.springframework.web.servlet.mvc.method.annotation.ServletInvocableHandlerMethod.invokeAndHandle(ServletInvocableHandlerMethod.java:118)
	at org.springframework.web.servlet.mvc.method.annotation.RequestMappingHandlerAdapter.invokeHandlerMethod(RequestMappingHandlerAdapter.java:986)
	at org.springframework.web.servlet.mvc.method.annotation.RequestMappingHandlerAdapter.handleInternal(RequestMappingHandlerAdapter.java:891)
	at org.springframework.web.servlet.mvc.method.AbstractHandlerMethodAdapter.handle(AbstractHandlerMethodAdapter.java:87)
	at org.springframework.web.servlet.DispatcherServlet.doDispatch(DispatcherServlet.java:1088)
	at org.springframework.web.servlet.DispatcherServlet.doService(DispatcherServlet.java:978)
	at org.springframework.web.servlet.FrameworkServlet.processRequest(FrameworkServlet.java:1014)
	at org.springframework.web.servlet.FrameworkServlet.doPost(FrameworkServlet.java:914)
	at jakarta.servlet.http.HttpServlet.service(HttpServlet.java:590)
	at org.springframework.web.servlet.FrameworkServlet.service(FrameworkServlet.java:885)
	at jakarta.servlet.http.HttpServlet.service(HttpServlet.java:658)
	at org.apache.catalina.core.ApplicationFilterChain.internalDoFilter(ApplicationFilterChain.java:195)
	at org.apache.catalina.core.ApplicationFilterChain.doFilter(ApplicationFilterChain.java:140)
	at org.apache.tomcat.websocket.server.WsFilter.doFilter(WsFilter.java:51)
	at org.apache.catalina.core.ApplicationFilterChain.internalDoFilter(ApplicationFilterChain.java:164)
	at org.apache.catalina.core.ApplicationFilterChain.doFilter(ApplicationFilterChain.java:140)
	at org.springframework.web.filter.RequestContextFilter.doFilterInternal(RequestContextFilter.java:100)
	at org.springframework.web.filter.OncePerRequestFilter.doFilter(OncePerRequestFilter.java:116)
	at org.apache.catalina.core.ApplicationFilterChain.internalDoFilter(ApplicationFilterChain.java:164)
	at org.apache.catalina.core.ApplicationFilterChain.doFilter(ApplicationFilterChain.java:140)
	at org.springframework.web.filter.FormContentFilter.doFilterInternal(FormContentFilter.java:93)
	at org.springframework.web.filter.OncePerRequestFilter.doFilter(OncePerRequestFilter.java:116)
	at org.apache.catalina.core.ApplicationFilterChain.internalDoFilter(ApplicationFilterChain.java:164)
	at org.apache.catalina.core.ApplicationFilterChain.doFilter(ApplicationFilterChain.java:140)
	at org.springframework.web.filter.CharacterEncodingFilter.doFilterInternal(CharacterEncodingFilter.java:201)
	at org.springframework.web.filter.OncePerRequestFilter.doFilter(OncePerRequestFilter.java:116)
	at org.apache.catalina.core.ApplicationFilterChain.internalDoFilter(ApplicationFilterChain.java:164)
	at org.apache.catalina.core.ApplicationFilterChain.doFilter(ApplicationFilterChain.java:140)
	at org.apache.catalina.core.StandardWrapperValve.invoke(StandardWrapperValve.java:167)
	at org.apache.catalina.core.StandardContextValve.invoke(StandardContextValve.java:90)
	at org.apache.catalina.authenticator.AuthenticatorBase.invoke(AuthenticatorBase.java:483)
	at org.apache.catalina.core.StandardHostValve.invoke(StandardHostValve.java:115)
	at org.apache.catalina.valves.ErrorReportValve.invoke(ErrorReportValve.java:93)
	at org.apache.catalina.core.StandardEngineValve.invoke(StandardEngineValve.java:74)
	at org.apache.catalina.connector.CoyoteAdapter.service(CoyoteAdapter.java:344)
	at org.apache.coyote.http11.Http11Processor.service(Http11Processor.java:397)
	at org.apache.coyote.AbstractProcessorLight.process(AbstractProcessorLight.java:63)
	at org.apache.coyote.AbstractProtocol$ConnectionHandler.process(AbstractProtocol.java:905)
	at org.apache.tomcat.util.net.NioEndpoint$SocketProcessor.doRun(NioEndpoint.java:1743)
	at org.apache.tomcat.util.net.SocketProcessorBase.run(SocketProcessorBase.java:52)
	at org.apache.tomcat.util.threads.ThreadPoolExecutor.runWorker(ThreadPoolExecutor.java:1190)
	at org.apache.tomcat.util.threads.ThreadPoolExecutor$Worker.run(ThreadPoolExecutor.java:659)
	at org.apache.tomcat.util.threads.TaskThread$WrappingRunnable.run(TaskThread.java:63)
	at java.base/java.lang.Thread.run(Thread.java:1583)
2025-04-04T10:35:04.300 [http-nio-8080-exec-3] ERROR j.sqltiming -  com.zaxxer.hikari.pool.ProxyPreparedStatement.execute(ProxyPreparedStatement.java:44)
1. INSERT INTO team (
		    urUse,
		    urDelNy,
		    urName,
		    urNickname,
		    urGender,
		    telecom,
		    phoneNumber,
		    urBirth,
		    urID,
			emailID,
		    email,
		    urPassword,
		    urRegTime
	) values (
		1,
		0,
		'',
		'',
		NULL,
		NULL,
		'',
		NULL,
		'',
		'',
		'',
		'',
		NOW()
	)
 {FAILED after 2 msec} 
java.sql.SQLSyntaxErrorException: Unknown column 'urUse' in 'field list'
	at com.mysql.cj.jdbc.exceptions.SQLError.createSQLException(SQLError.java:112)
	at com.mysql.cj.jdbc.exceptions.SQLExceptionsMapping.translateException(SQLExceptionsMapping.java:114)
	at com.mysql.cj.jdbc.ClientPreparedStatement.executeInternal(ClientPreparedStatement.java:988)
	at com.mysql.cj.jdbc.ClientPreparedStatement.execute(ClientPreparedStatement.java:382)
	at net.sf.log4jdbc.sql.jdbcapi.PreparedStatementSpy.execute(PreparedStatementSpy.java:443)
	at com.zaxxer.hikari.pool.ProxyPreparedStatement.execute(ProxyPreparedStatement.java:44)
	at com.zaxxer.hikari.pool.HikariProxyPreparedStatement.execute(HikariProxyPreparedStatement.java)
	at org.apache.ibatis.executor.statement.PreparedStatementHandler.update(PreparedStatementHandler.java:48)
	at org.apache.ibatis.executor.statement.RoutingStatementHandler.update(RoutingStatementHandler.java:75)
	at org.apache.ibatis.executor.SimpleExecutor.doUpdate(SimpleExecutor.java:50)
	at org.apache.ibatis.executor.BaseExecutor.update(BaseExecutor.java:117)
	at org.apache.ibatis.executor.CachingExecutor.update(CachingExecutor.java:76)
	at org.apache.ibatis.session.defaults.DefaultSqlSession.update(DefaultSqlSession.java:197)
	at org.apache.ibatis.session.defaults.DefaultSqlSession.insert(DefaultSqlSession.java:184)
	at java.base/jdk.internal.reflect.DirectMethodHandleAccessor.invoke(DirectMethodHandleAccessor.java:103)
	at java.base/java.lang.reflect.Method.invoke(Method.java:580)
	at org.mybatis.spring.SqlSessionTemplate$SqlSessionInterceptor.invoke(SqlSessionTemplate.java:333)
	at jdk.proxy2/jdk.proxy2.$Proxy64.insert(Unknown Source)
	at org.mybatis.spring.SqlSessionTemplate.insert(SqlSessionTemplate.java:224)
	at org.apache.ibatis.binding.MapperMethod.execute(MapperMethod.java:62)
	at org.apache.ibatis.binding.MapperProxy$PlainMethodInvoker.invoke(MapperProxy.java:141)
	at org.apache.ibatis.binding.MapperProxy.invoke(MapperProxy.java:86)
	at jdk.proxy3/jdk.proxy3.$Proxy75.insert(Unknown Source)
	at java.base/jdk.internal.reflect.DirectMethodHandleAccessor.invoke(DirectMethodHandleAccessor.java:103)
	at java.base/java.lang.reflect.Method.invoke(Method.java:580)
	at org.springframework.aop.support.AopUtils.invokeJoinpointUsingReflection(AopUtils.java:359)
	at org.springframework.aop.framework.ReflectiveMethodInvocation.invokeJoinpoint(ReflectiveMethodInvocation.java:196)
	at org.springframework.aop.framework.ReflectiveMethodInvocation.proceed(ReflectiveMethodInvocation.java:163)
	at org.springframework.dao.support.PersistenceExceptionTranslationInterceptor.invoke(PersistenceExceptionTranslationInterceptor.java:138)
	at org.springframework.aop.framework.ReflectiveMethodInvocation.proceed(ReflectiveMethodInvocation.java:184)
	at org.springframework.aop.framework.JdkDynamicAopProxy.invoke(JdkDynamicAopProxy.java:223)
	at jdk.proxy3/jdk.proxy3.$Proxy76.insert(Unknown Source)
	at com.angels.module.user.UserService.insert(UserService.java:25)
	at com.angels.module.user.UserController.userXdmInst(UserController.java:68)
	at java.base/jdk.internal.reflect.DirectMethodHandleAccessor.invoke(DirectMethodHandleAccessor.java:103)
	at java.base/java.lang.reflect.Method.invoke(Method.java:580)
	at org.springframework.web.method.support.InvocableHandlerMethod.doInvoke(InvocableHandlerMethod.java:257)
	at org.springframework.web.method.support.InvocableHandlerMethod.invokeForRequest(InvocableHandlerMethod.java:190)
	at org.springframework.web.servlet.mvc.method.annotation.ServletInvocableHandlerMethod.invokeAndHandle(ServletInvocableHandlerMethod.java:118)
	at org.springframework.web.servlet.mvc.method.annotation.RequestMappingHandlerAdapter.invokeHandlerMethod(RequestMappingHandlerAdapter.java:986)
	at org.springframework.web.servlet.mvc.method.annotation.RequestMappingHandlerAdapter.handleInternal(RequestMappingHandlerAdapter.java:891)
	at org.springframework.web.servlet.mvc.method.AbstractHandlerMethodAdapter.handle(AbstractHandlerMethodAdapter.java:87)
	at org.springframework.web.servlet.DispatcherServlet.doDispatch(DispatcherServlet.java:1088)
	at org.springframework.web.servlet.DispatcherServlet.doService(DispatcherServlet.java:978)
	at org.springframework.web.servlet.FrameworkServlet.processRequest(FrameworkServlet.java:1014)
	at org.springframework.web.servlet.FrameworkServlet.doPost(FrameworkServlet.java:914)
	at jakarta.servlet.http.HttpServlet.service(HttpServlet.java:590)
	at org.springframework.web.servlet.FrameworkServlet.service(FrameworkServlet.java:885)
	at jakarta.servlet.http.HttpServlet.service(HttpServlet.java:658)
	at org.apache.catalina.core.ApplicationFilterChain.internalDoFilter(ApplicationFilterChain.java:195)
	at org.apache.catalina.core.ApplicationFilterChain.doFilter(ApplicationFilterChain.java:140)
	at org.apache.tomcat.websocket.server.WsFilter.doFilter(WsFilter.java:51)
	at org.apache.catalina.core.ApplicationFilterChain.internalDoFilter(ApplicationFilterChain.java:164)
	at org.apache.catalina.core.ApplicationFilterChain.doFilter(ApplicationFilterChain.java:140)
	at org.springframework.web.filter.RequestContextFilter.doFilterInternal(RequestContextFilter.java:100)
	at org.springframework.web.filter.OncePerRequestFilter.doFilter(OncePerRequestFilter.java:116)
	at org.apache.catalina.core.ApplicationFilterChain.internalDoFilter(ApplicationFilterChain.java:164)
	at org.apache.catalina.core.ApplicationFilterChain.doFilter(ApplicationFilterChain.java:140)
	at org.springframework.web.filter.FormContentFilter.doFilterInternal(FormContentFilter.java:93)
	at org.springframework.web.filter.OncePerRequestFilter.doFilter(OncePerRequestFilter.java:116)
	at org.apache.catalina.core.ApplicationFilterChain.internalDoFilter(ApplicationFilterChain.java:164)
	at org.apache.catalina.core.ApplicationFilterChain.doFilter(ApplicationFilterChain.java:140)
	at org.springframework.web.filter.CharacterEncodingFilter.doFilterInternal(CharacterEncodingFilter.java:201)
	at org.springframework.web.filter.OncePerRequestFilter.doFilter(OncePerRequestFilter.java:116)
	at org.apache.catalina.core.ApplicationFilterChain.internalDoFilter(ApplicationFilterChain.java:164)
	at org.apache.catalina.core.ApplicationFilterChain.doFilter(ApplicationFilterChain.java:140)
	at org.apache.catalina.core.StandardWrapperValve.invoke(StandardWrapperValve.java:167)
	at org.apache.catalina.core.StandardContextValve.invoke(StandardContextValve.java:90)
	at org.apache.catalina.authenticator.AuthenticatorBase.invoke(AuthenticatorBase.java:483)
	at org.apache.catalina.core.StandardHostValve.invoke(StandardHostValve.java:115)
	at org.apache.catalina.valves.ErrorReportValve.invoke(ErrorReportValve.java:93)
	at org.apache.catalina.core.StandardEngineValve.invoke(StandardEngineValve.java:74)
	at org.apache.catalina.connector.CoyoteAdapter.service(CoyoteAdapter.java:344)
	at org.apache.coyote.http11.Http11Processor.service(Http11Processor.java:397)
	at org.apache.coyote.AbstractProcessorLight.process(AbstractProcessorLight.java:63)
	at org.apache.coyote.AbstractProtocol$ConnectionHandler.process(AbstractProtocol.java:905)
	at org.apache.tomcat.util.net.NioEndpoint$SocketProcessor.doRun(NioEndpoint.java:1743)
	at org.apache.tomcat.util.net.SocketProcessorBase.run(SocketProcessorBase.java:52)
	at org.apache.tomcat.util.threads.ThreadPoolExecutor.runWorker(ThreadPoolExecutor.java:1190)
	at org.apache.tomcat.util.threads.ThreadPoolExecutor$Worker.run(ThreadPoolExecutor.java:659)
	at org.apache.tomcat.util.threads.TaskThread$WrappingRunnable.run(TaskThread.java:63)
	at java.base/java.lang.Thread.run(Thread.java:1583)
2025-04-04T10:35:04.306 [http-nio-8080-exec-3] ERROR o.a.c.c.C.[.[.[.[dispatcherServlet] - Servlet.service() for servlet [dispatcherServlet] in context with path [] threw exception [Request processing failed: org.springframework.jdbc.BadSqlGrammarException: 
### Error updating database.  Cause: java.sql.SQLSyntaxErrorException: Unknown column 'urUse' in 'field list'
### The error may exist in file [C:\factory\ws_sts4_4270\repo_angels\angels\bin\main\mybatis\mapper\mysql\main\infra\UserMapper.xml]
### The error may involve com.angels.module.user.UserDao.insert-Inline
### The error occurred while setting parameters
### SQL: INSERT INTO team (       urUse,       urDelNy,       urName,       urNickname,       urGender,       telecom,       phoneNumber,       urBirth,       urID,    emailID,       email,       urPassword,       urRegTime  ) values (   1,   0,   ?,   ?,   ?,   ?,   ?,   ?,   ?,   ?,   ?,   ?,   NOW()  )
### Cause: java.sql.SQLSyntaxErrorException: Unknown column 'urUse' in 'field list'
; bad SQL grammar []] with root cause 
java.sql.SQLSyntaxErrorException: Unknown column 'urUse' in 'field list'
	at com.mysql.cj.jdbc.exceptions.SQLError.createSQLException(SQLError.java:112)
	at com.mysql.cj.jdbc.exceptions.SQLExceptionsMapping.translateException(SQLExceptionsMapping.java:114)
	at com.mysql.cj.jdbc.ClientPreparedStatement.executeInternal(ClientPreparedStatement.java:988)
	at com.mysql.cj.jdbc.ClientPreparedStatement.execute(ClientPreparedStatement.java:382)
	at net.sf.log4jdbc.sql.jdbcapi.PreparedStatementSpy.execute(PreparedStatementSpy.java:443)
	at com.zaxxer.hikari.pool.ProxyPreparedStatement.execute(ProxyPreparedStatement.java:44)
	at com.zaxxer.hikari.pool.HikariProxyPreparedStatement.execute(HikariProxyPreparedStatement.java)
	at org.apache.ibatis.executor.statement.PreparedStatementHandler.update(PreparedStatementHandler.java:48)
	at org.apache.ibatis.executor.statement.RoutingStatementHandler.update(RoutingStatementHandler.java:75)
	at org.apache.ibatis.executor.SimpleExecutor.doUpdate(SimpleExecutor.java:50)
	at org.apache.ibatis.executor.BaseExecutor.update(BaseExecutor.java:117)
	at org.apache.ibatis.executor.CachingExecutor.update(CachingExecutor.java:76)
	at org.apache.ibatis.session.defaults.DefaultSqlSession.update(DefaultSqlSession.java:197)
	at org.apache.ibatis.session.defaults.DefaultSqlSession.insert(DefaultSqlSession.java:184)
	at java.base/jdk.internal.reflect.DirectMethodHandleAccessor.invoke(DirectMethodHandleAccessor.java:103)
	at java.base/java.lang.reflect.Method.invoke(Method.java:580)
	at org.mybatis.spring.SqlSessionTemplate$SqlSessionInterceptor.invoke(SqlSessionTemplate.java:333)
	at jdk.proxy2/jdk.proxy2.$Proxy64.insert(Unknown Source)
	at org.mybatis.spring.SqlSessionTemplate.insert(SqlSessionTemplate.java:224)
	at org.apache.ibatis.binding.MapperMethod.execute(MapperMethod.java:62)
	at org.apache.ibatis.binding.MapperProxy$PlainMethodInvoker.invoke(MapperProxy.java:141)
	at org.apache.ibatis.binding.MapperProxy.invoke(MapperProxy.java:86)
	at jdk.proxy3/jdk.proxy3.$Proxy75.insert(Unknown Source)
	at java.base/jdk.internal.reflect.DirectMethodHandleAccessor.invoke(DirectMethodHandleAccessor.java:103)
	at java.base/java.lang.reflect.Method.invoke(Method.java:580)
	at org.springframework.aop.support.AopUtils.invokeJoinpointUsingReflection(AopUtils.java:359)
	at org.springframework.aop.framework.ReflectiveMethodInvocation.invokeJoinpoint(ReflectiveMethodInvocation.java:196)
	at org.springframework.aop.framework.ReflectiveMethodInvocation.proceed(ReflectiveMethodInvocation.java:163)
	at org.springframework.dao.support.PersistenceExceptionTranslationInterceptor.invoke(PersistenceExceptionTranslationInterceptor.java:138)
	at org.springframework.aop.framework.ReflectiveMethodInvocation.proceed(ReflectiveMethodInvocation.java:184)
	at org.springframework.aop.framework.JdkDynamicAopProxy.invoke(JdkDynamicAopProxy.java:223)
	at jdk.proxy3/jdk.proxy3.$Proxy76.insert(Unknown Source)
	at com.angels.module.user.UserService.insert(UserService.java:25)
	at com.angels.module.user.UserController.userXdmInst(UserController.java:68)
	at java.base/jdk.internal.reflect.DirectMethodHandleAccessor.invoke(DirectMethodHandleAccessor.java:103)
	at java.base/java.lang.reflect.Method.invoke(Method.java:580)
	at org.springframework.web.method.support.InvocableHandlerMethod.doInvoke(InvocableHandlerMethod.java:257)
	at org.springframework.web.method.support.InvocableHandlerMethod.invokeForRequest(InvocableHandlerMethod.java:190)
	at org.springframework.web.servlet.mvc.method.annotation.ServletInvocableHandlerMethod.invokeAndHandle(ServletInvocableHandlerMethod.java:118)
	at org.springframework.web.servlet.mvc.method.annotation.RequestMappingHandlerAdapter.invokeHandlerMethod(RequestMappingHandlerAdapter.java:986)
	at org.springframework.web.servlet.mvc.method.annotation.RequestMappingHandlerAdapter.handleInternal(RequestMappingHandlerAdapter.java:891)
	at org.springframework.web.servlet.mvc.method.AbstractHandlerMethodAdapter.handle(AbstractHandlerMethodAdapter.java:87)
	at org.springframework.web.servlet.DispatcherServlet.doDispatch(DispatcherServlet.java:1088)
	at org.springframework.web.servlet.DispatcherServlet.doService(DispatcherServlet.java:978)
	at org.springframework.web.servlet.FrameworkServlet.processRequest(FrameworkServlet.java:1014)
	at org.springframework.web.servlet.FrameworkServlet.doPost(FrameworkServlet.java:914)
	at jakarta.servlet.http.HttpServlet.service(HttpServlet.java:590)
	at org.springframework.web.servlet.FrameworkServlet.service(FrameworkServlet.java:885)
	at jakarta.servlet.http.HttpServlet.service(HttpServlet.java:658)
	at org.apache.catalina.core.ApplicationFilterChain.internalDoFilter(ApplicationFilterChain.java:195)
	at org.apache.catalina.core.ApplicationFilterChain.doFilter(ApplicationFilterChain.java:140)
	at org.apache.tomcat.websocket.server.WsFilter.doFilter(WsFilter.java:51)
	at org.apache.catalina.core.ApplicationFilterChain.internalDoFilter(ApplicationFilterChain.java:164)
	at org.apache.catalina.core.ApplicationFilterChain.doFilter(ApplicationFilterChain.java:140)
	at org.springframework.web.filter.RequestContextFilter.doFilterInternal(RequestContextFilter.java:100)
	at org.springframework.web.filter.OncePerRequestFilter.doFilter(OncePerRequestFilter.java:116)
	at org.apache.catalina.core.ApplicationFilterChain.internalDoFilter(ApplicationFilterChain.java:164)
	at org.apache.catalina.core.ApplicationFilterChain.doFilter(ApplicationFilterChain.java:140)
	at org.springframework.web.filter.FormContentFilter.doFilterInternal(FormContentFilter.java:93)
	at org.springframework.web.filter.OncePerRequestFilter.doFilter(OncePerRequestFilter.java:116)
	at org.apache.catalina.core.ApplicationFilterChain.internalDoFilter(ApplicationFilterChain.java:164)
	at org.apache.catalina.core.ApplicationFilterChain.doFilter(ApplicationFilterChain.java:140)
	at org.springframework.web.filter.CharacterEncodingFilter.doFilterInternal(CharacterEncodingFilter.java:201)
	at org.springframework.web.filter.OncePerRequestFilter.doFilter(OncePerRequestFilter.java:116)
	at org.apache.catalina.core.ApplicationFilterChain.internalDoFilter(ApplicationFilterChain.java:164)
	at org.apache.catalina.core.ApplicationFilterChain.doFilter(ApplicationFilterChain.java:140)
	at org.apache.catalina.core.StandardWrapperValve.invoke(StandardWrapperValve.java:167)
	at org.apache.catalina.core.StandardContextValve.invoke(StandardContextValve.java:90)
	at org.apache.catalina.authenticator.AuthenticatorBase.invoke(AuthenticatorBase.java:483)
	at org.apache.catalina.core.StandardHostValve.invoke(StandardHostValve.java:115)
	at org.apache.catalina.valves.ErrorReportValve.invoke(ErrorReportValve.java:93)
	at org.apache.catalina.core.StandardEngineValve.invoke(StandardEngineValve.java:74)
	at org.apache.catalina.connector.CoyoteAdapter.service(CoyoteAdapter.java:344)
	at org.apache.coyote.http11.Http11Processor.service(Http11Processor.java:397)
	at org.apache.coyote.AbstractProcessorLight.process(AbstractProcessorLight.java:63)
	at org.apache.coyote.AbstractProtocol$ConnectionHandler.process(AbstractProtocol.java:905)
	at org.apache.tomcat.util.net.NioEndpoint$SocketProcessor.doRun(NioEndpoint.java:1743)
	at org.apache.tomcat.util.net.SocketProcessorBase.run(SocketProcessorBase.java:52)
	at org.apache.tomcat.util.threads.ThreadPoolExecutor.runWorker(ThreadPoolExecutor.java:1190)
	at org.apache.tomcat.util.threads.ThreadPoolExecutor$Worker.run(ThreadPoolExecutor.java:659)
	at org.apache.tomcat.util.threads.TaskThread$WrappingRunnable.run(TaskThread.java:63)
	at java.base/java.lang.Thread.run(Thread.java:1583)
