2025-03-14T15:04:06.985 [File Watcher] INFO o.s.b.d.a.LocalDevToolsAutoConfiguration$RestartingClassPathChangeChangedEventListener - Restarting due to 1 class path change (0 additions, 0 deletions, 1 modification) 
2025-03-14T15:04:06.987 [Thread-87] INFO o.s.b.w.e.t.GracefulShutdown - Commencing graceful shutdown. Waiting for active requests to complete 
2025-03-14T15:04:06.988 [tomcat-shutdown] INFO o.a.c.h.Http11NioProtocol - Pausing ProtocolHandler ["http-nio-8080"] 
2025-03-14T15:04:07.004 [tomcat-shutdown] INFO o.s.b.w.e.t.GracefulShutdown - Graceful shutdown complete 
2025-03-14T15:04:07.012 [Thread-87] INFO o.a.c.h.Http11NioProtocol - Stopping ProtocolHandler ["http-nio-8080"] 
2025-03-14T15:04:07.014 [Thread-87] INFO c.z.h.HikariDataSource - HikariPool-4 - Shutdown initiated... 
2025-03-14T15:04:07.020 [Thread-87] INFO c.z.h.HikariDataSource - HikariPool-4 - Shutdown completed. 
2025-03-14T15:04:07.112 [restartedMain] INFO c.a.AngelsApplication - Starting AngelsApplication using Java 21.0.5 with PID 10644 (C:\factory\ws_sts4_4270\repo_angels\angels\bin\main started by sunjs in C:\factory\ws_sts4_4270\repo_angels\angels) 
2025-03-14T15:04:07.112 [restartedMain] INFO c.a.AngelsApplication - No active profile set, falling back to 1 default profile: "default" 
2025-03-14T15:04:07.335 [restartedMain] INFO o.s.b.w.e.t.TomcatWebServer - Tomcat initialized with port 8080 (http) 
2025-03-14T15:04:07.336 [restartedMain] INFO o.a.c.h.Http11NioProtocol - Initializing ProtocolHandler ["http-nio-8080"] 
2025-03-14T15:04:07.336 [restartedMain] INFO o.a.c.c.StandardService - Starting service [Tomcat] 
2025-03-14T15:04:07.337 [restartedMain] INFO o.a.c.c.StandardEngine - Starting Servlet engine: [Apache Tomcat/10.1.36] 
2025-03-14T15:04:07.355 [restartedMain] INFO o.a.c.c.C.[.[.[/] - Initializing Spring embedded WebApplicationContext 
2025-03-14T15:04:07.355 [restartedMain] INFO o.s.b.w.s.c.ServletWebServerApplicationContext - Root WebApplicationContext: initialization completed in 240 ms 
2025-03-14T15:04:07.497 [restartedMain] INFO o.s.b.d.a.OptionalLiveReloadServer - LiveReload server is running on port 35729 
2025-03-14T15:04:07.503 [restartedMain] INFO o.a.c.h.Http11NioProtocol - Starting ProtocolHandler ["http-nio-8080"] 
2025-03-14T15:04:07.507 [restartedMain] INFO o.s.b.w.e.t.TomcatWebServer - Tomcat started on port 8080 (http) with context path '/' 
2025-03-14T15:04:07.512 [restartedMain] INFO c.a.AngelsApplication - Started AngelsApplication in 0.431 seconds (process running for 10926.064) 
2025-03-14T15:04:07.513 [restartedMain] INFO o.s.b.d.a.ConditionEvaluationDeltaLoggingListener - Condition evaluation unchanged 
2025-03-14T15:16:51.549 [http-nio-8080-exec-1] INFO o.a.c.c.C.[.[.[/] - Initializing Spring DispatcherServlet 'dispatcherServlet' 
2025-03-14T15:16:51.550 [http-nio-8080-exec-1] INFO o.s.w.s.DispatcherServlet - Initializing Servlet 'dispatcherServlet' 
2025-03-14T15:16:51.550 [http-nio-8080-exec-1] INFO o.s.w.s.DispatcherServlet - Completed initialization in 0 ms 
2025-03-14T15:16:51.555 [http-nio-8080-exec-1] INFO c.z.h.HikariDataSource - HikariPool-5 - Starting... 
2025-03-14T15:16:51.576 [http-nio-8080-exec-1] INFO c.z.h.p.HikariPool - HikariPool-5 - Added connection net.sf.log4jdbc.sql.jdbcapi.ConnectionSpy@2d92d10b 
2025-03-14T15:16:51.576 [http-nio-8080-exec-1] INFO c.z.h.HikariDataSource - HikariPool-5 - Start completed. 
2025-03-14T15:16:51.579 [http-nio-8080-exec-1] DEBUG j.sqltiming -  com.zaxxer.hikari.pool.ProxyPreparedStatement.execute(ProxyPreparedStatement.java:44)
71. Select count(*)
	from codegroup
 {executed in 2 msec} 
2025-03-14T15:16:51.580 [http-nio-8080-exec-1] INFO j.resultsettable - 
|---------|
|count(*) |
|---------|
|14       |
|---------|
 
2025-03-14T15:16:51.584 [http-nio-8080-exec-1] DEBUG j.sqltiming -  com.zaxxer.hikari.pool.ProxyPreparedStatement.execute(ProxyPreparedStatement.java:44)
71. select
			cgSeq,
			cgUse,
		    cgCode,
		    cgName,
		    cgCount,
		    cgOrder,
		    cgRegDate,
		    cgEdDate
		from
			codegroup
		where 1=1
		order by cgSeq desc
 {executed in 1 msec} 
2025-03-14T15:16:51.587 [http-nio-8080-exec-1] INFO j.resultsettable - 
|------|------|-------|----------------|--------|--------|----------|---------|
|cgseq |cguse |cgcode |cgname          |cgcount |cgorder |cgregdate |cgeddate |
|------|------|-------|----------------|--------|--------|----------|---------|
|39    |0     |null   |gsdgdga         |null    |22      |null      |null     |
|38    |0     |null   |sdsa            |null    |2       |null      |null     |
|37    |0     |null   |아이우에오           |null    |7       |null      |null     |
|36    |1     |null   |가나다라마바사         |null    |2       |null      |null     |
|35    |1     |null   |ㄴㅇㅁㄹㄴㅇㄻㅇㄹㄴㅁ     |null    |1232    |null      |null     |
|34    |1     |null   |메롱              |null    |121     |null      |null     |
|33    |0     |null   |111111111111111 |null    |1111    |null      |null     |
|32    |1     |null   |asdfdfd         |null    |4       |null      |null     |
|31    |0     |null   |12111           |null    |323     |null      |null     |
|30    |1     |null   |하이              |null    |1       |null      |null     |
|29    |1     |null   |sassas          |null    |2121    |null      |null     |
|28    |1     |null   |sassas          |null    |2121    |null      |null     |
|27    |1     |null   |sassas          |null    |2121    |null      |null     |
|26    |1     |null   |sassas          |null    |2121    |null      |null     |
|------|------|-------|----------------|--------|--------|----------|---------|
 
2025-03-14T15:17:03.588 [http-nio-8080-exec-1] DEBUG j.sqltiming -  com.zaxxer.hikari.pool.ProxyPreparedStatement.execute(ProxyPreparedStatement.java:44)
71. Select count(*)
	from codegroup
 {executed in 2 msec} 
2025-03-14T15:17:03.588 [http-nio-8080-exec-1] INFO j.resultsettable - 
|---------|
|count(*) |
|---------|
|14       |
|---------|
 
2025-03-14T15:17:03.590 [http-nio-8080-exec-1] DEBUG j.sqltiming -  com.zaxxer.hikari.pool.ProxyPreparedStatement.execute(ProxyPreparedStatement.java:44)
71. select
			cgSeq,
			cgUse,
		    cgCode,
		    cgName,
		    cgCount,
		    cgOrder,
		    cgRegDate,
		    cgEdDate
		from
			codegroup
		where 1=1
		order by cgSeq desc
 {executed in 1 msec} 
2025-03-14T15:17:03.593 [http-nio-8080-exec-1] INFO j.resultsettable - 
|------|------|-------|----------------|--------|--------|----------|---------|
|cgseq |cguse |cgcode |cgname          |cgcount |cgorder |cgregdate |cgeddate |
|------|------|-------|----------------|--------|--------|----------|---------|
|39    |0     |null   |gsdgdga         |null    |22      |null      |null     |
|38    |0     |null   |sdsa            |null    |2       |null      |null     |
|37    |0     |null   |아이우에오           |null    |7       |null      |null     |
|36    |1     |null   |가나다라마바사         |null    |2       |null      |null     |
|35    |1     |null   |ㄴㅇㅁㄹㄴㅇㄻㅇㄹㄴㅁ     |null    |1232    |null      |null     |
|34    |1     |null   |메롱              |null    |121     |null      |null     |
|33    |0     |null   |111111111111111 |null    |1111    |null      |null     |
|32    |1     |null   |asdfdfd         |null    |4       |null      |null     |
|31    |0     |null   |12111           |null    |323     |null      |null     |
|30    |1     |null   |하이              |null    |1       |null      |null     |
|29    |1     |null   |sassas          |null    |2121    |null      |null     |
|28    |1     |null   |sassas          |null    |2121    |null      |null     |
|27    |1     |null   |sassas          |null    |2121    |null      |null     |
|26    |1     |null   |sassas          |null    |2121    |null      |null     |
|------|------|-------|----------------|--------|--------|----------|---------|
 
2025-03-14T15:17:43.945 [http-nio-8080-exec-7] DEBUG j.sqltiming -  com.zaxxer.hikari.pool.ProxyPreparedStatement.execute(ProxyPreparedStatement.java:44)
71. INSERT INTO codegroup (
			cgUse,
		    cgName,
		    cgCount,
		    cgOrder

			) values (
				'0',
				'ㄴㄴㅁㅋ',
				NULL,
				'5'
			)
 {executed in 7 msec} 
2025-03-14T15:17:43.947 [http-nio-8080-exec-7] DEBUG j.sqltiming -  com.zaxxer.hikari.pool.ProxyPreparedStatement.execute(ProxyPreparedStatement.java:44)
71. SELECT last_insert_id()
 {executed in 0 msec} 
2025-03-14T15:17:43.947 [http-nio-8080-exec-7] INFO j.resultsettable - 
|-----------------|
|last_insert_id() |
|-----------------|
|40               |
|-----------------|
 
2025-03-14T15:17:43.959 [http-nio-8080-exec-10] DEBUG j.sqltiming -  com.zaxxer.hikari.pool.ProxyPreparedStatement.execute(ProxyPreparedStatement.java:44)
71. Select count(*)
	from codegroup
 {executed in 2 msec} 
2025-03-14T15:17:43.960 [http-nio-8080-exec-10] INFO j.resultsettable - 
|---------|
|count(*) |
|---------|
|15       |
|---------|
 
2025-03-14T15:17:43.964 [http-nio-8080-exec-10] DEBUG j.sqltiming -  com.zaxxer.hikari.pool.ProxyPreparedStatement.execute(ProxyPreparedStatement.java:44)
71. select
			cgSeq,
			cgUse,
		    cgCode,
		    cgName,
		    cgCount,
		    cgOrder,
		    cgRegDate,
		    cgEdDate
		from
			codegroup
		where 1=1
		order by cgSeq desc
 {executed in 4 msec} 
2025-03-14T15:17:43.967 [http-nio-8080-exec-10] INFO j.resultsettable - 
|------|------|-------|----------------|--------|--------|----------|---------|
|cgseq |cguse |cgcode |cgname          |cgcount |cgorder |cgregdate |cgeddate |
|------|------|-------|----------------|--------|--------|----------|---------|
|40    |0     |null   |ㄴㄴㅁㅋ            |null    |5       |null      |null     |
|39    |0     |null   |gsdgdga         |null    |22      |null      |null     |
|38    |0     |null   |sdsa            |null    |2       |null      |null     |
|37    |0     |null   |아이우에오           |null    |7       |null      |null     |
|36    |1     |null   |가나다라마바사         |null    |2       |null      |null     |
|35    |1     |null   |ㄴㅇㅁㄹㄴㅇㄻㅇㄹㄴㅁ     |null    |1232    |null      |null     |
|34    |1     |null   |메롱              |null    |121     |null      |null     |
|33    |0     |null   |111111111111111 |null    |1111    |null      |null     |
|32    |1     |null   |asdfdfd         |null    |4       |null      |null     |
|31    |0     |null   |12111           |null    |323     |null      |null     |
|30    |1     |null   |하이              |null    |1       |null      |null     |
|29    |1     |null   |sassas          |null    |2121    |null      |null     |
|28    |1     |null   |sassas          |null    |2121    |null      |null     |
|27    |1     |null   |sassas          |null    |2121    |null      |null     |
|26    |1     |null   |sassas          |null    |2121    |null      |null     |
|------|------|-------|----------------|--------|--------|----------|---------|
 
2025-03-14T15:17:53.090 [http-nio-8080-exec-6] DEBUG j.sqltiming -  com.zaxxer.hikari.pool.ProxyPreparedStatement.execute(ProxyPreparedStatement.java:44)
71. INSERT INTO codegroup (
			cgUse,
		    cgName,
		    cgCount,
		    cgOrder

			) values (
				'0',
				'ㅠㅠㅠㅠ',
				NULL,
				'89'
			)
 {executed in 4 msec} 
2025-03-14T15:17:53.092 [http-nio-8080-exec-6] DEBUG j.sqltiming -  com.zaxxer.hikari.pool.ProxyPreparedStatement.execute(ProxyPreparedStatement.java:44)
71. SELECT last_insert_id()
 {executed in 1 msec} 
2025-03-14T15:17:53.092 [http-nio-8080-exec-6] INFO j.resultsettable - 
|-----------------|
|last_insert_id() |
|-----------------|
|41               |
|-----------------|
 
2025-03-14T15:17:53.104 [http-nio-8080-exec-9] DEBUG j.sqltiming -  com.zaxxer.hikari.pool.ProxyPreparedStatement.execute(ProxyPreparedStatement.java:44)
71. Select count(*)
	from codegroup
 {executed in 1 msec} 
2025-03-14T15:17:53.104 [http-nio-8080-exec-9] INFO j.resultsettable - 
|---------|
|count(*) |
|---------|
|16       |
|---------|
 
2025-03-14T15:17:53.106 [http-nio-8080-exec-9] DEBUG j.sqltiming -  com.zaxxer.hikari.pool.ProxyPreparedStatement.execute(ProxyPreparedStatement.java:44)
71. select
			cgSeq,
			cgUse,
		    cgCode,
		    cgName,
		    cgCount,
		    cgOrder,
		    cgRegDate,
		    cgEdDate
		from
			codegroup
		where 1=1
		order by cgSeq desc
 {executed in 0 msec} 
2025-03-14T15:17:53.108 [http-nio-8080-exec-9] INFO j.resultsettable - 
|------|------|-------|----------------|--------|--------|----------|---------|
|cgseq |cguse |cgcode |cgname          |cgcount |cgorder |cgregdate |cgeddate |
|------|------|-------|----------------|--------|--------|----------|---------|
|41    |0     |null   |ㅠㅠㅠㅠ            |null    |89      |null      |null     |
|40    |0     |null   |ㄴㄴㅁㅋ            |null    |5       |null      |null     |
|39    |0     |null   |gsdgdga         |null    |22      |null      |null     |
|38    |0     |null   |sdsa            |null    |2       |null      |null     |
|37    |0     |null   |아이우에오           |null    |7       |null      |null     |
|36    |1     |null   |가나다라마바사         |null    |2       |null      |null     |
|35    |1     |null   |ㄴㅇㅁㄹㄴㅇㄻㅇㄹㄴㅁ     |null    |1232    |null      |null     |
|34    |1     |null   |메롱              |null    |121     |null      |null     |
|33    |0     |null   |111111111111111 |null    |1111    |null      |null     |
|32    |1     |null   |asdfdfd         |null    |4       |null      |null     |
|31    |0     |null   |12111           |null    |323     |null      |null     |
|30    |1     |null   |하이              |null    |1       |null      |null     |
|29    |1     |null   |sassas          |null    |2121    |null      |null     |
|28    |1     |null   |sassas          |null    |2121    |null      |null     |
|27    |1     |null   |sassas          |null    |2121    |null      |null     |
|26    |1     |null   |sassas          |null    |2121    |null      |null     |
|------|------|-------|----------------|--------|--------|----------|---------|
 
2025-03-14T15:18:04.098 [http-nio-8080-exec-5] DEBUG j.sqltiming -  com.zaxxer.hikari.pool.ProxyPreparedStatement.execute(ProxyPreparedStatement.java:44)
71. INSERT INTO codegroup (
			cgUse,
		    cgName,
		    cgCount,
		    cgOrder

			) values (
				'1',
				'ㅓㅗㅓㅗ',
				NULL,
				'33'
			)
 {executed in 5 msec} 
2025-03-14T15:18:04.099 [http-nio-8080-exec-5] DEBUG j.sqltiming -  com.zaxxer.hikari.pool.ProxyPreparedStatement.execute(ProxyPreparedStatement.java:44)
71. SELECT last_insert_id()
 {executed in 1 msec} 
2025-03-14T15:18:04.100 [http-nio-8080-exec-5] INFO j.resultsettable - 
|-----------------|
|last_insert_id() |
|-----------------|
|42               |
|-----------------|
 
2025-03-14T15:18:04.108 [http-nio-8080-exec-3] DEBUG j.sqltiming -  com.zaxxer.hikari.pool.ProxyPreparedStatement.execute(ProxyPreparedStatement.java:44)
71. Select count(*)
	from codegroup
 {executed in 2 msec} 
2025-03-14T15:18:04.108 [http-nio-8080-exec-3] INFO j.resultsettable - 
|---------|
|count(*) |
|---------|
|17       |
|---------|
 
2025-03-14T15:18:04.109 [http-nio-8080-exec-3] DEBUG j.sqltiming -  com.zaxxer.hikari.pool.ProxyPreparedStatement.execute(ProxyPreparedStatement.java:44)
71. select
			cgSeq,
			cgUse,
		    cgCode,
		    cgName,
		    cgCount,
		    cgOrder,
		    cgRegDate,
		    cgEdDate
		from
			codegroup
		where 1=1
		order by cgSeq desc
 {executed in 0 msec} 
2025-03-14T15:18:04.112 [http-nio-8080-exec-3] INFO j.resultsettable - 
|------|------|-------|----------------|--------|--------|----------|---------|
|cgseq |cguse |cgcode |cgname          |cgcount |cgorder |cgregdate |cgeddate |
|------|------|-------|----------------|--------|--------|----------|---------|
|42    |1     |null   |ㅓㅗㅓㅗ            |null    |33      |null      |null     |
|41    |0     |null   |ㅠㅠㅠㅠ            |null    |89      |null      |null     |
|40    |0     |null   |ㄴㄴㅁㅋ            |null    |5       |null      |null     |
|39    |0     |null   |gsdgdga         |null    |22      |null      |null     |
|38    |0     |null   |sdsa            |null    |2       |null      |null     |
|37    |0     |null   |아이우에오           |null    |7       |null      |null     |
|36    |1     |null   |가나다라마바사         |null    |2       |null      |null     |
|35    |1     |null   |ㄴㅇㅁㄹㄴㅇㄻㅇㄹㄴㅁ     |null    |1232    |null      |null     |
|34    |1     |null   |메롱              |null    |121     |null      |null     |
|33    |0     |null   |111111111111111 |null    |1111    |null      |null     |
|32    |1     |null   |asdfdfd         |null    |4       |null      |null     |
|31    |0     |null   |12111           |null    |323     |null      |null     |
|30    |1     |null   |하이              |null    |1       |null      |null     |
|29    |1     |null   |sassas          |null    |2121    |null      |null     |
|28    |1     |null   |sassas          |null    |2121    |null      |null     |
|27    |1     |null   |sassas          |null    |2121    |null      |null     |
|26    |1     |null   |sassas          |null    |2121    |null      |null     |
|------|------|-------|----------------|--------|--------|----------|---------|
 
2025-03-14T15:21:38.499 [http-nio-8080-exec-8] DEBUG j.sqltiming -  com.zaxxer.hikari.pool.ProxyPreparedStatement.execute(ProxyPreparedStatement.java:44)
71. Select count(*)
	from codegroup
 {executed in 2 msec} 
2025-03-14T15:21:38.500 [http-nio-8080-exec-8] INFO j.resultsettable - 
|---------|
|count(*) |
|---------|
|17       |
|---------|
 
2025-03-14T15:21:38.502 [http-nio-8080-exec-8] DEBUG j.sqltiming -  com.zaxxer.hikari.pool.ProxyPreparedStatement.execute(ProxyPreparedStatement.java:44)
71. select
			cgSeq,
			cgUse,
		    cgCode,
		    cgName,
		    cgCount,
		    cgOrder,
		    cgRegDate,
		    cgEdDate
		from
			codegroup
		where 1=1
		order by cgSeq desc
 {executed in 1 msec} 
2025-03-14T15:21:38.503 [http-nio-8080-exec-8] INFO j.resultsettable - 
|------|------|-------|----------------|--------|--------|----------|---------|
|cgseq |cguse |cgcode |cgname          |cgcount |cgorder |cgregdate |cgeddate |
|------|------|-------|----------------|--------|--------|----------|---------|
|42    |1     |null   |ㅓㅗㅓㅗ            |null    |33      |null      |null     |
|41    |0     |null   |ㅠㅠㅠㅠ            |null    |89      |null      |null     |
|40    |0     |null   |ㄴㄴㅁㅋ            |null    |5       |null      |null     |
|39    |0     |null   |gsdgdga         |null    |22      |null      |null     |
|38    |0     |null   |sdsa            |null    |2       |null      |null     |
|37    |0     |null   |아이우에오           |null    |7       |null      |null     |
|36    |1     |null   |가나다라마바사         |null    |2       |null      |null     |
|35    |1     |null   |ㄴㅇㅁㄹㄴㅇㄻㅇㄹㄴㅁ     |null    |1232    |null      |null     |
|34    |1     |null   |메롱              |null    |121     |null      |null     |
|33    |0     |null   |111111111111111 |null    |1111    |null      |null     |
|32    |1     |null   |asdfdfd         |null    |4       |null      |null     |
|31    |0     |null   |12111           |null    |323     |null      |null     |
|30    |1     |null   |하이              |null    |1       |null      |null     |
|29    |1     |null   |sassas          |null    |2121    |null      |null     |
|28    |1     |null   |sassas          |null    |2121    |null      |null     |
|27    |1     |null   |sassas          |null    |2121    |null      |null     |
|26    |1     |null   |sassas          |null    |2121    |null      |null     |
|------|------|-------|----------------|--------|--------|----------|---------|
 
2025-03-14T15:21:38.729 [File Watcher] INFO o.s.b.d.a.LocalDevToolsAutoConfiguration$RestartingClassPathChangeChangedEventListener - Restarting due to 1 class path change (0 additions, 0 deletions, 1 modification) 
2025-03-14T15:21:38.730 [Thread-91] INFO o.s.b.w.e.t.GracefulShutdown - Commencing graceful shutdown. Waiting for active requests to complete 
2025-03-14T15:21:38.731 [tomcat-shutdown] INFO o.a.c.h.Http11NioProtocol - Pausing ProtocolHandler ["http-nio-8080"] 
2025-03-14T15:21:38.747 [tomcat-shutdown] INFO o.s.b.w.e.t.GracefulShutdown - Graceful shutdown complete 
2025-03-14T15:21:38.747 [Thread-91] INFO o.a.c.h.Http11NioProtocol - Stopping ProtocolHandler ["http-nio-8080"] 
2025-03-14T15:21:38.749 [Thread-91] INFO c.z.h.HikariDataSource - HikariPool-5 - Shutdown initiated... 
2025-03-14T15:21:38.757 [Thread-91] INFO c.z.h.HikariDataSource - HikariPool-5 - Shutdown completed. 
2025-03-14T15:21:38.864 [restartedMain] INFO c.a.AngelsApplication - Starting AngelsApplication using Java 21.0.5 with PID 10644 (C:\factory\ws_sts4_4270\repo_angels\angels\bin\main started by sunjs in C:\factory\ws_sts4_4270\repo_angels\angels) 
2025-03-14T15:21:38.864 [restartedMain] INFO c.a.AngelsApplication - No active profile set, falling back to 1 default profile: "default" 
2025-03-14T15:21:39.110 [restartedMain] INFO o.s.b.w.e.t.TomcatWebServer - Tomcat initialized with port 8080 (http) 
2025-03-14T15:21:39.111 [restartedMain] INFO o.a.c.h.Http11NioProtocol - Initializing ProtocolHandler ["http-nio-8080"] 
2025-03-14T15:21:39.112 [restartedMain] INFO o.a.c.c.StandardService - Starting service [Tomcat] 
2025-03-14T15:21:39.112 [restartedMain] INFO o.a.c.c.StandardEngine - Starting Servlet engine: [Apache Tomcat/10.1.36] 
2025-03-14T15:21:39.130 [restartedMain] INFO o.a.c.c.C.[.[.[/] - Initializing Spring embedded WebApplicationContext 
2025-03-14T15:21:39.130 [restartedMain] INFO o.s.b.w.s.c.ServletWebServerApplicationContext - Root WebApplicationContext: initialization completed in 262 ms 
2025-03-14T15:21:39.311 [restartedMain] INFO o.s.b.d.a.OptionalLiveReloadServer - LiveReload server is running on port 35729 
2025-03-14T15:21:39.319 [restartedMain] INFO o.a.c.h.Http11NioProtocol - Starting ProtocolHandler ["http-nio-8080"] 
2025-03-14T15:21:39.325 [restartedMain] INFO o.s.b.w.e.t.TomcatWebServer - Tomcat started on port 8080 (http) with context path '/' 
2025-03-14T15:21:39.330 [restartedMain] INFO c.a.AngelsApplication - Started AngelsApplication in 0.517 seconds (process running for 11977.884) 
2025-03-14T15:21:39.334 [restartedMain] INFO o.s.b.d.a.ConditionEvaluationDeltaLoggingListener - Condition evaluation unchanged 
2025-03-14T15:21:39.350 [http-nio-8080-exec-1] INFO o.a.c.c.C.[.[.[/] - Initializing Spring DispatcherServlet 'dispatcherServlet' 
2025-03-14T15:21:39.351 [http-nio-8080-exec-1] INFO o.s.w.s.DispatcherServlet - Initializing Servlet 'dispatcherServlet' 
2025-03-14T15:21:39.352 [http-nio-8080-exec-1] INFO o.s.w.s.DispatcherServlet - Completed initialization in 1 ms 
2025-03-14T15:21:51.208 [File Watcher] INFO o.s.b.d.a.LocalDevToolsAutoConfiguration$RestartingClassPathChangeChangedEventListener - Restarting due to 1 class path change (0 additions, 0 deletions, 1 modification) 
2025-03-14T15:21:51.209 [Thread-95] INFO o.s.b.w.e.t.GracefulShutdown - Commencing graceful shutdown. Waiting for active requests to complete 
2025-03-14T15:21:51.210 [tomcat-shutdown] INFO o.a.c.h.Http11NioProtocol - Pausing ProtocolHandler ["http-nio-8080"] 
2025-03-14T15:21:51.225 [tomcat-shutdown] INFO o.s.b.w.e.t.GracefulShutdown - Graceful shutdown complete 
2025-03-14T15:21:51.226 [Thread-95] INFO o.a.c.h.Http11NioProtocol - Stopping ProtocolHandler ["http-nio-8080"] 
2025-03-14T15:21:51.298 [restartedMain] INFO c.a.AngelsApplication - Starting AngelsApplication using Java 21.0.5 with PID 10644 (C:\factory\ws_sts4_4270\repo_angels\angels\bin\main started by sunjs in C:\factory\ws_sts4_4270\repo_angels\angels) 
2025-03-14T15:21:51.298 [restartedMain] INFO c.a.AngelsApplication - No active profile set, falling back to 1 default profile: "default" 
2025-03-14T15:21:51.491 [restartedMain] INFO o.s.b.w.e.t.TomcatWebServer - Tomcat initialized with port 8080 (http) 
2025-03-14T15:21:51.491 [restartedMain] INFO o.a.c.h.Http11NioProtocol - Initializing ProtocolHandler ["http-nio-8080"] 
2025-03-14T15:21:51.492 [restartedMain] INFO o.a.c.c.StandardService - Starting service [Tomcat] 
2025-03-14T15:21:51.492 [restartedMain] INFO o.a.c.c.StandardEngine - Starting Servlet engine: [Apache Tomcat/10.1.36] 
2025-03-14T15:21:51.509 [restartedMain] INFO o.a.c.c.C.[.[.[/] - Initializing Spring embedded WebApplicationContext 
2025-03-14T15:21:51.509 [restartedMain] INFO o.s.b.w.s.c.ServletWebServerApplicationContext - Root WebApplicationContext: initialization completed in 209 ms 
2025-03-14T15:21:51.611 [restartedMain] INFO o.s.b.d.a.OptionalLiveReloadServer - LiveReload server is running on port 35729 
2025-03-14T15:21:51.616 [restartedMain] INFO o.a.c.h.Http11NioProtocol - Starting ProtocolHandler ["http-nio-8080"] 
2025-03-14T15:21:51.627 [restartedMain] INFO o.s.b.w.e.t.TomcatWebServer - Tomcat started on port 8080 (http) with context path '/' 
2025-03-14T15:21:51.639 [restartedMain] INFO c.a.AngelsApplication - Started AngelsApplication in 0.368 seconds (process running for 11990.192) 
2025-03-14T15:21:51.641 [restartedMain] INFO o.s.b.d.a.ConditionEvaluationDeltaLoggingListener - Condition evaluation unchanged 
2025-03-14T15:22:06.746 [File Watcher] INFO o.s.b.d.a.LocalDevToolsAutoConfiguration$RestartingClassPathChangeChangedEventListener - Restarting due to 1 class path change (0 additions, 0 deletions, 1 modification) 
2025-03-14T15:22:06.748 [Thread-99] INFO o.s.b.w.e.t.GracefulShutdown - Commencing graceful shutdown. Waiting for active requests to complete 
2025-03-14T15:22:06.749 [tomcat-shutdown] INFO o.a.c.h.Http11NioProtocol - Pausing ProtocolHandler ["http-nio-8080"] 
2025-03-14T15:22:06.766 [tomcat-shutdown] INFO o.s.b.w.e.t.GracefulShutdown - Graceful shutdown complete 
2025-03-14T15:22:06.767 [Thread-99] INFO o.a.c.h.Http11NioProtocol - Stopping ProtocolHandler ["http-nio-8080"] 
2025-03-14T15:22:06.898 [restartedMain] INFO c.a.AngelsApplication - Starting AngelsApplication using Java 21.0.5 with PID 10644 (C:\factory\ws_sts4_4270\repo_angels\angels\bin\main started by sunjs in C:\factory\ws_sts4_4270\repo_angels\angels) 
2025-03-14T15:22:06.898 [restartedMain] INFO c.a.AngelsApplication - No active profile set, falling back to 1 default profile: "default" 
2025-03-14T15:22:07.181 [restartedMain] INFO o.s.b.w.e.t.TomcatWebServer - Tomcat initialized with port 8080 (http) 
2025-03-14T15:22:07.182 [restartedMain] INFO o.a.c.h.Http11NioProtocol - Initializing ProtocolHandler ["http-nio-8080"] 
2025-03-14T15:22:07.182 [restartedMain] INFO o.a.c.c.StandardService - Starting service [Tomcat] 
2025-03-14T15:22:07.182 [restartedMain] INFO o.a.c.c.StandardEngine - Starting Servlet engine: [Apache Tomcat/10.1.36] 
2025-03-14T15:22:07.202 [restartedMain] INFO o.a.c.c.C.[.[.[/] - Initializing Spring embedded WebApplicationContext 
2025-03-14T15:22:07.202 [restartedMain] INFO o.s.b.w.s.c.ServletWebServerApplicationContext - Root WebApplicationContext: initialization completed in 302 ms 
2025-03-14T15:22:07.318 [restartedMain] INFO o.s.b.d.a.OptionalLiveReloadServer - LiveReload server is running on port 35729 
2025-03-14T15:22:07.326 [restartedMain] INFO o.a.c.h.Http11NioProtocol - Starting ProtocolHandler ["http-nio-8080"] 
2025-03-14T15:22:07.336 [restartedMain] INFO o.s.b.w.e.t.TomcatWebServer - Tomcat started on port 8080 (http) with context path '/' 
2025-03-14T15:22:07.341 [restartedMain] INFO c.a.AngelsApplication - Started AngelsApplication in 0.489 seconds (process running for 12005.895) 
2025-03-14T15:22:07.344 [restartedMain] INFO o.s.b.d.a.ConditionEvaluationDeltaLoggingListener - Condition evaluation unchanged 
2025-03-14T15:22:08.381 [http-nio-8080-exec-1] INFO o.a.c.c.C.[.[.[/] - Initializing Spring DispatcherServlet 'dispatcherServlet' 
2025-03-14T15:22:08.381 [http-nio-8080-exec-1] INFO o.s.w.s.DispatcherServlet - Initializing Servlet 'dispatcherServlet' 
2025-03-14T15:22:08.382 [http-nio-8080-exec-1] INFO o.s.w.s.DispatcherServlet - Completed initialization in 1 ms 
2025-03-14T15:22:08.385 [http-nio-8080-exec-1] INFO c.z.h.HikariDataSource - HikariPool-6 - Starting... 
2025-03-14T15:22:08.422 [http-nio-8080-exec-1] INFO c.z.h.p.HikariPool - HikariPool-6 - Added connection net.sf.log4jdbc.sql.jdbcapi.ConnectionSpy@74a527f7 
2025-03-14T15:22:08.422 [http-nio-8080-exec-1] INFO c.z.h.HikariDataSource - HikariPool-6 - Start completed. 
2025-03-14T15:22:08.425 [http-nio-8080-exec-1] DEBUG j.sqltiming -  com.zaxxer.hikari.pool.ProxyPreparedStatement.execute(ProxyPreparedStatement.java:44)
81. Select count(*)
	from codegroup
 {executed in 3 msec} 
2025-03-14T15:22:08.426 [http-nio-8080-exec-1] INFO j.resultsettable - 
|---------|
|count(*) |
|---------|
|17       |
|---------|
 
2025-03-14T15:22:08.433 [http-nio-8080-exec-1] DEBUG j.sqltiming -  com.zaxxer.hikari.pool.ProxyPreparedStatement.execute(ProxyPreparedStatement.java:44)
81. select
			cgSeq,
			cgUse,
		    cgCode,
		    cgName,
		    cgCount,
		    cgOrder,
		    cgRegDate,
		    cgEdDate
		from
			codegroup
		where 1=1
		order by cgSeq desc
 {executed in 2 msec} 
2025-03-14T15:22:08.439 [http-nio-8080-exec-1] INFO j.resultsettable - 
|------|------|-------|----------------|--------|--------|----------|---------|
|cgseq |cguse |cgcode |cgname          |cgcount |cgorder |cgregdate |cgeddate |
|------|------|-------|----------------|--------|--------|----------|---------|
|42    |1     |null   |ㅓㅗㅓㅗ            |null    |33      |null      |null     |
|41    |0     |null   |ㅠㅠㅠㅠ            |null    |89      |null      |null     |
|40    |0     |null   |ㄴㄴㅁㅋ            |null    |5       |null      |null     |
|39    |0     |null   |gsdgdga         |null    |22      |null      |null     |
|38    |0     |null   |sdsa            |null    |2       |null      |null     |
|37    |0     |null   |아이우에오           |null    |7       |null      |null     |
|36    |1     |null   |가나다라마바사         |null    |2       |null      |null     |
|35    |1     |null   |ㄴㅇㅁㄹㄴㅇㄻㅇㄹㄴㅁ     |null    |1232    |null      |null     |
|34    |1     |null   |메롱              |null    |121     |null      |null     |
|33    |0     |null   |111111111111111 |null    |1111    |null      |null     |
|32    |1     |null   |asdfdfd         |null    |4       |null      |null     |
|31    |0     |null   |12111           |null    |323     |null      |null     |
|30    |1     |null   |하이              |null    |1       |null      |null     |
|29    |1     |null   |sassas          |null    |2121    |null      |null     |
|28    |1     |null   |sassas          |null    |2121    |null      |null     |
|27    |1     |null   |sassas          |null    |2121    |null      |null     |
|26    |1     |null   |sassas          |null    |2121    |null      |null     |
|------|------|-------|----------------|--------|--------|----------|---------|
 
2025-03-14T15:22:16.044 [File Watcher] INFO o.s.b.d.a.LocalDevToolsAutoConfiguration$RestartingClassPathChangeChangedEventListener - Restarting due to 1 class path change (0 additions, 0 deletions, 1 modification) 
2025-03-14T15:22:16.045 [Thread-103] INFO o.s.b.w.e.t.GracefulShutdown - Commencing graceful shutdown. Waiting for active requests to complete 
2025-03-14T15:22:16.045 [tomcat-shutdown] INFO o.a.c.h.Http11NioProtocol - Pausing ProtocolHandler ["http-nio-8080"] 
2025-03-14T15:22:16.062 [tomcat-shutdown] INFO o.s.b.w.e.t.GracefulShutdown - Graceful shutdown complete 
2025-03-14T15:22:16.062 [Thread-103] INFO o.a.c.h.Http11NioProtocol - Stopping ProtocolHandler ["http-nio-8080"] 
2025-03-14T15:22:16.064 [Thread-103] INFO c.z.h.HikariDataSource - HikariPool-6 - Shutdown initiated... 
2025-03-14T15:22:16.068 [Thread-103] INFO c.z.h.HikariDataSource - HikariPool-6 - Shutdown completed. 
2025-03-14T15:22:16.138 [restartedMain] INFO c.a.AngelsApplication - Starting AngelsApplication using Java 21.0.5 with PID 10644 (C:\factory\ws_sts4_4270\repo_angels\angels\bin\main started by sunjs in C:\factory\ws_sts4_4270\repo_angels\angels) 
2025-03-14T15:22:16.138 [restartedMain] INFO c.a.AngelsApplication - No active profile set, falling back to 1 default profile: "default" 
2025-03-14T15:22:16.325 [restartedMain] INFO o.s.b.w.e.t.TomcatWebServer - Tomcat initialized with port 8080 (http) 
2025-03-14T15:22:16.326 [restartedMain] INFO o.a.c.h.Http11NioProtocol - Initializing ProtocolHandler ["http-nio-8080"] 
2025-03-14T15:22:16.326 [restartedMain] INFO o.a.c.c.StandardService - Starting service [Tomcat] 
2025-03-14T15:22:16.326 [restartedMain] INFO o.a.c.c.StandardEngine - Starting Servlet engine: [Apache Tomcat/10.1.36] 
2025-03-14T15:22:16.343 [restartedMain] INFO o.a.c.c.C.[.[.[/] - Initializing Spring embedded WebApplicationContext 
2025-03-14T15:22:16.343 [restartedMain] INFO o.s.b.w.s.c.ServletWebServerApplicationContext - Root WebApplicationContext: initialization completed in 204 ms 
2025-03-14T15:22:16.441 [restartedMain] INFO o.s.b.d.a.OptionalLiveReloadServer - LiveReload server is running on port 35729 
2025-03-14T15:22:16.449 [restartedMain] INFO o.a.c.h.Http11NioProtocol - Starting ProtocolHandler ["http-nio-8080"] 
2025-03-14T15:22:16.460 [restartedMain] INFO o.s.b.w.e.t.TomcatWebServer - Tomcat started on port 8080 (http) with context path '/' 
2025-03-14T15:22:16.469 [restartedMain] INFO c.a.AngelsApplication - Started AngelsApplication in 0.357 seconds (process running for 12015.022) 
2025-03-14T15:22:16.469 [restartedMain] INFO o.s.b.d.a.ConditionEvaluationDeltaLoggingListener - Condition evaluation unchanged 
2025-03-14T15:22:29.959 [http-nio-8080-exec-1] INFO o.a.c.c.C.[.[.[/] - Initializing Spring DispatcherServlet 'dispatcherServlet' 
2025-03-14T15:22:29.959 [http-nio-8080-exec-1] INFO o.s.w.s.DispatcherServlet - Initializing Servlet 'dispatcherServlet' 
2025-03-14T15:22:29.960 [http-nio-8080-exec-1] INFO o.s.w.s.DispatcherServlet - Completed initialization in 1 ms 
2025-03-14T15:22:29.963 [http-nio-8080-exec-1] INFO c.z.h.HikariDataSource - HikariPool-7 - Starting... 
2025-03-14T15:22:29.977 [http-nio-8080-exec-1] INFO c.z.h.p.HikariPool - HikariPool-7 - Added connection net.sf.log4jdbc.sql.jdbcapi.ConnectionSpy@24c30974 
2025-03-14T15:22:29.978 [http-nio-8080-exec-1] INFO c.z.h.HikariDataSource - HikariPool-7 - Start completed. 
2025-03-14T15:22:29.980 [http-nio-8080-exec-1] DEBUG j.sqltiming -  com.zaxxer.hikari.pool.ProxyPreparedStatement.execute(ProxyPreparedStatement.java:44)
91. Select count(*)
	from codegroup
 {executed in 2 msec} 
2025-03-14T15:22:29.981 [http-nio-8080-exec-1] INFO j.resultsettable - 
|---------|
|count(*) |
|---------|
|17       |
|---------|
 
2025-03-14T15:22:29.989 [http-nio-8080-exec-1] DEBUG j.sqltiming -  com.zaxxer.hikari.pool.ProxyPreparedStatement.execute(ProxyPreparedStatement.java:44)
91. select
			cgSeq,
			cgUse,
		    cgCode,
		    cgName,
		    cgCount,
		    cgOrder,
		    cgRegDate,
		    cgEdDate
		from
			codegroup
		where 1=1
		order by cgSeq desc
 {executed in 1 msec} 
2025-03-14T15:22:29.991 [http-nio-8080-exec-1] INFO j.resultsettable - 
|------|------|-------|----------------|--------|--------|----------|---------|
|cgseq |cguse |cgcode |cgname          |cgcount |cgorder |cgregdate |cgeddate |
|------|------|-------|----------------|--------|--------|----------|---------|
|42    |1     |null   |ㅓㅗㅓㅗ            |null    |33      |null      |null     |
|41    |0     |null   |ㅠㅠㅠㅠ            |null    |89      |null      |null     |
|40    |0     |null   |ㄴㄴㅁㅋ            |null    |5       |null      |null     |
|39    |0     |null   |gsdgdga         |null    |22      |null      |null     |
|38    |0     |null   |sdsa            |null    |2       |null      |null     |
|37    |0     |null   |아이우에오           |null    |7       |null      |null     |
|36    |1     |null   |가나다라마바사         |null    |2       |null      |null     |
|35    |1     |null   |ㄴㅇㅁㄹㄴㅇㄻㅇㄹㄴㅁ     |null    |1232    |null      |null     |
|34    |1     |null   |메롱              |null    |121     |null      |null     |
|33    |0     |null   |111111111111111 |null    |1111    |null      |null     |
|32    |1     |null   |asdfdfd         |null    |4       |null      |null     |
|31    |0     |null   |12111           |null    |323     |null      |null     |
|30    |1     |null   |하이              |null    |1       |null      |null     |
|29    |1     |null   |sassas          |null    |2121    |null      |null     |
|28    |1     |null   |sassas          |null    |2121    |null      |null     |
|27    |1     |null   |sassas          |null    |2121    |null      |null     |
|26    |1     |null   |sassas          |null    |2121    |null      |null     |
|------|------|-------|----------------|--------|--------|----------|---------|
 
2025-03-14T15:22:40.850 [File Watcher] INFO o.s.b.d.a.LocalDevToolsAutoConfiguration$RestartingClassPathChangeChangedEventListener - Restarting due to 1 class path change (0 additions, 0 deletions, 1 modification) 
2025-03-14T15:22:40.852 [Thread-107] INFO o.s.b.w.e.t.GracefulShutdown - Commencing graceful shutdown. Waiting for active requests to complete 
2025-03-14T15:22:40.853 [tomcat-shutdown] INFO o.a.c.h.Http11NioProtocol - Pausing ProtocolHandler ["http-nio-8080"] 
2025-03-14T15:22:40.868 [tomcat-shutdown] INFO o.s.b.w.e.t.GracefulShutdown - Graceful shutdown complete 
2025-03-14T15:22:40.868 [Thread-107] INFO o.a.c.h.Http11NioProtocol - Stopping ProtocolHandler ["http-nio-8080"] 
2025-03-14T15:22:40.869 [Thread-107] INFO c.z.h.HikariDataSource - HikariPool-7 - Shutdown initiated... 
2025-03-14T15:22:40.875 [Thread-107] INFO c.z.h.HikariDataSource - HikariPool-7 - Shutdown completed. 
2025-03-14T15:22:40.956 [restartedMain] INFO c.a.AngelsApplication - Starting AngelsApplication using Java 21.0.5 with PID 10644 (C:\factory\ws_sts4_4270\repo_angels\angels\bin\main started by sunjs in C:\factory\ws_sts4_4270\repo_angels\angels) 
2025-03-14T15:22:40.957 [restartedMain] INFO c.a.AngelsApplication - No active profile set, falling back to 1 default profile: "default" 
2025-03-14T15:22:41.154 [restartedMain] INFO o.s.b.w.e.t.TomcatWebServer - Tomcat initialized with port 8080 (http) 
2025-03-14T15:22:41.155 [restartedMain] INFO o.a.c.h.Http11NioProtocol - Initializing ProtocolHandler ["http-nio-8080"] 
2025-03-14T15:22:41.155 [restartedMain] INFO o.a.c.c.StandardService - Starting service [Tomcat] 
2025-03-14T15:22:41.155 [restartedMain] INFO o.a.c.c.StandardEngine - Starting Servlet engine: [Apache Tomcat/10.1.36] 
2025-03-14T15:22:41.172 [restartedMain] INFO o.a.c.c.C.[.[.[/] - Initializing Spring embedded WebApplicationContext 
2025-03-14T15:22:41.172 [restartedMain] INFO o.s.b.w.s.c.ServletWebServerApplicationContext - Root WebApplicationContext: initialization completed in 214 ms 
2025-03-14T15:22:41.278 [restartedMain] INFO o.s.b.d.a.OptionalLiveReloadServer - LiveReload server is running on port 35729 
2025-03-14T15:22:41.298 [restartedMain] INFO o.a.c.h.Http11NioProtocol - Starting ProtocolHandler ["http-nio-8080"] 
2025-03-14T15:22:41.302 [restartedMain] INFO o.s.b.w.e.t.TomcatWebServer - Tomcat started on port 8080 (http) with context path '/' 
2025-03-14T15:22:41.307 [restartedMain] INFO c.a.AngelsApplication - Started AngelsApplication in 0.383 seconds (process running for 12039.86) 
2025-03-14T15:22:41.308 [restartedMain] INFO o.s.b.d.a.ConditionEvaluationDeltaLoggingListener - Condition evaluation unchanged 
2025-03-14T15:22:41.412 [http-nio-8080-exec-1] INFO o.a.c.c.C.[.[.[/] - Initializing Spring DispatcherServlet 'dispatcherServlet' 
2025-03-14T15:22:41.413 [http-nio-8080-exec-1] INFO o.s.w.s.DispatcherServlet - Initializing Servlet 'dispatcherServlet' 
2025-03-14T15:22:41.416 [http-nio-8080-exec-1] INFO o.s.w.s.DispatcherServlet - Completed initialization in 3 ms 
2025-03-14T15:22:41.421 [http-nio-8080-exec-1] INFO c.z.h.HikariDataSource - HikariPool-8 - Starting... 
2025-03-14T15:22:41.441 [http-nio-8080-exec-1] INFO c.z.h.p.HikariPool - HikariPool-8 - Added connection net.sf.log4jdbc.sql.jdbcapi.ConnectionSpy@28acf266 
2025-03-14T15:22:41.441 [http-nio-8080-exec-1] INFO c.z.h.HikariDataSource - HikariPool-8 - Start completed. 
2025-03-14T15:22:41.453 [http-nio-8080-exec-1] DEBUG j.sqltiming -  com.zaxxer.hikari.pool.ProxyPreparedStatement.execute(ProxyPreparedStatement.java:44)
101. Select count(*)
	from codegroup
 {executed in 10 msec} 
2025-03-14T15:22:41.453 [http-nio-8080-exec-1] INFO j.resultsettable - 
|---------|
|count(*) |
|---------|
|17       |
|---------|
 
2025-03-14T15:22:41.457 [http-nio-8080-exec-1] DEBUG j.sqltiming -  com.zaxxer.hikari.pool.ProxyPreparedStatement.execute(ProxyPreparedStatement.java:44)
101. select
			cgSeq,
			cgUse,
		    cgCode,
		    cgName,
		    cgCount,
		    cgOrder,
		    cgRegDate,
		    cgEdDate
		from
			codegroup
		where 1=1
		order by cgSeq desc
 {executed in 1 msec} 
2025-03-14T15:22:41.459 [http-nio-8080-exec-1] INFO j.resultsettable - 
|------|------|-------|----------------|--------|--------|----------|---------|
|cgseq |cguse |cgcode |cgname          |cgcount |cgorder |cgregdate |cgeddate |
|------|------|-------|----------------|--------|--------|----------|---------|
|42    |1     |null   |ㅓㅗㅓㅗ            |null    |33      |null      |null     |
|41    |0     |null   |ㅠㅠㅠㅠ            |null    |89      |null      |null     |
|40    |0     |null   |ㄴㄴㅁㅋ            |null    |5       |null      |null     |
|39    |0     |null   |gsdgdga         |null    |22      |null      |null     |
|38    |0     |null   |sdsa            |null    |2       |null      |null     |
|37    |0     |null   |아이우에오           |null    |7       |null      |null     |
|36    |1     |null   |가나다라마바사         |null    |2       |null      |null     |
|35    |1     |null   |ㄴㅇㅁㄹㄴㅇㄻㅇㄹㄴㅁ     |null    |1232    |null      |null     |
|34    |1     |null   |메롱              |null    |121     |null      |null     |
|33    |0     |null   |111111111111111 |null    |1111    |null      |null     |
|32    |1     |null   |asdfdfd         |null    |4       |null      |null     |
|31    |0     |null   |12111           |null    |323     |null      |null     |
|30    |1     |null   |하이              |null    |1       |null      |null     |
|29    |1     |null   |sassas          |null    |2121    |null      |null     |
|28    |1     |null   |sassas          |null    |2121    |null      |null     |
|27    |1     |null   |sassas          |null    |2121    |null      |null     |
|26    |1     |null   |sassas          |null    |2121    |null      |null     |
|------|------|-------|----------------|--------|--------|----------|---------|
 
2025-03-14T15:22:48.353 [http-nio-8080-exec-1] DEBUG j.sqltiming -  com.zaxxer.hikari.pool.ProxyPreparedStatement.execute(ProxyPreparedStatement.java:44)
101. Select count(*)
	from codegroup
 {executed in 3 msec} 
2025-03-14T15:22:48.353 [http-nio-8080-exec-1] INFO j.resultsettable - 
|---------|
|count(*) |
|---------|
|17       |
|---------|
 
2025-03-14T15:22:48.355 [http-nio-8080-exec-1] DEBUG j.sqltiming -  com.zaxxer.hikari.pool.ProxyPreparedStatement.execute(ProxyPreparedStatement.java:44)
101. select
			cgSeq,
			cgUse,
		    cgCode,
		    cgName,
		    cgCount,
		    cgOrder,
		    cgRegDate,
		    cgEdDate
		from
			codegroup
		where 1=1
		order by cgSeq desc
 {executed in 1 msec} 
2025-03-14T15:22:48.357 [http-nio-8080-exec-1] INFO j.resultsettable - 
|------|------|-------|----------------|--------|--------|----------|---------|
|cgseq |cguse |cgcode |cgname          |cgcount |cgorder |cgregdate |cgeddate |
|------|------|-------|----------------|--------|--------|----------|---------|
|42    |1     |null   |ㅓㅗㅓㅗ            |null    |33      |null      |null     |
|41    |0     |null   |ㅠㅠㅠㅠ            |null    |89      |null      |null     |
|40    |0     |null   |ㄴㄴㅁㅋ            |null    |5       |null      |null     |
|39    |0     |null   |gsdgdga         |null    |22      |null      |null     |
|38    |0     |null   |sdsa            |null    |2       |null      |null     |
|37    |0     |null   |아이우에오           |null    |7       |null      |null     |
|36    |1     |null   |가나다라마바사         |null    |2       |null      |null     |
|35    |1     |null   |ㄴㅇㅁㄹㄴㅇㄻㅇㄹㄴㅁ     |null    |1232    |null      |null     |
|34    |1     |null   |메롱              |null    |121     |null      |null     |
|33    |0     |null   |111111111111111 |null    |1111    |null      |null     |
|32    |1     |null   |asdfdfd         |null    |4       |null      |null     |
|31    |0     |null   |12111           |null    |323     |null      |null     |
|30    |1     |null   |하이              |null    |1       |null      |null     |
|29    |1     |null   |sassas          |null    |2121    |null      |null     |
|28    |1     |null   |sassas          |null    |2121    |null      |null     |
|27    |1     |null   |sassas          |null    |2121    |null      |null     |
|26    |1     |null   |sassas          |null    |2121    |null      |null     |
|------|------|-------|----------------|--------|--------|----------|---------|
 
2025-03-14T15:22:48.968 [File Watcher] INFO o.s.b.d.a.LocalDevToolsAutoConfiguration$RestartingClassPathChangeChangedEventListener - Restarting due to 1 class path change (0 additions, 0 deletions, 1 modification) 
2025-03-14T15:22:48.971 [Thread-111] INFO o.s.b.w.e.t.GracefulShutdown - Commencing graceful shutdown. Waiting for active requests to complete 
2025-03-14T15:22:48.974 [tomcat-shutdown] INFO o.a.c.h.Http11NioProtocol - Pausing ProtocolHandler ["http-nio-8080"] 
2025-03-14T15:22:48.993 [tomcat-shutdown] INFO o.s.b.w.e.t.GracefulShutdown - Graceful shutdown complete 
2025-03-14T15:22:48.994 [Thread-111] INFO o.a.c.h.Http11NioProtocol - Stopping ProtocolHandler ["http-nio-8080"] 
2025-03-14T15:22:48.996 [Thread-111] INFO c.z.h.HikariDataSource - HikariPool-8 - Shutdown initiated... 
2025-03-14T15:22:49.001 [Thread-111] INFO c.z.h.HikariDataSource - HikariPool-8 - Shutdown completed. 
2025-03-14T15:22:49.076 [restartedMain] INFO c.a.AngelsApplication - Starting AngelsApplication using Java 21.0.5 with PID 10644 (C:\factory\ws_sts4_4270\repo_angels\angels\bin\main started by sunjs in C:\factory\ws_sts4_4270\repo_angels\angels) 
2025-03-14T15:22:49.076 [restartedMain] INFO c.a.AngelsApplication - No active profile set, falling back to 1 default profile: "default" 
2025-03-14T15:22:49.334 [restartedMain] INFO o.s.b.w.e.t.TomcatWebServer - Tomcat initialized with port 8080 (http) 
2025-03-14T15:22:49.334 [restartedMain] INFO o.a.c.h.Http11NioProtocol - Initializing ProtocolHandler ["http-nio-8080"] 
2025-03-14T15:22:49.334 [restartedMain] INFO o.a.c.c.StandardService - Starting service [Tomcat] 
2025-03-14T15:22:49.336 [restartedMain] INFO o.a.c.c.StandardEngine - Starting Servlet engine: [Apache Tomcat/10.1.36] 
2025-03-14T15:22:49.355 [restartedMain] INFO o.a.c.c.C.[.[.[/] - Initializing Spring embedded WebApplicationContext 
2025-03-14T15:22:49.355 [restartedMain] INFO o.s.b.w.s.c.ServletWebServerApplicationContext - Root WebApplicationContext: initialization completed in 277 ms 
2025-03-14T15:22:49.457 [restartedMain] INFO o.s.b.d.a.OptionalLiveReloadServer - LiveReload server is running on port 35729 
2025-03-14T15:22:49.467 [restartedMain] INFO o.a.c.h.Http11NioProtocol - Starting ProtocolHandler ["http-nio-8080"] 
2025-03-14T15:22:49.487 [restartedMain] INFO o.s.b.w.e.t.TomcatWebServer - Tomcat started on port 8080 (http) with context path '/' 
2025-03-14T15:22:49.493 [restartedMain] INFO c.a.AngelsApplication - Started AngelsApplication in 0.444 seconds (process running for 12048.047) 
2025-03-14T15:22:49.496 [restartedMain] INFO o.s.b.d.a.ConditionEvaluationDeltaLoggingListener - Condition evaluation unchanged 
2025-03-14T15:25:32.725 [http-nio-8080-exec-2] INFO o.a.c.c.C.[.[.[/] - Initializing Spring DispatcherServlet 'dispatcherServlet' 
2025-03-14T15:25:32.725 [http-nio-8080-exec-2] INFO o.s.w.s.DispatcherServlet - Initializing Servlet 'dispatcherServlet' 
2025-03-14T15:25:32.727 [http-nio-8080-exec-2] INFO o.s.w.s.DispatcherServlet - Completed initialization in 2 ms 
2025-03-14T15:25:35.165 [http-nio-8080-exec-8] INFO c.z.h.HikariDataSource - HikariPool-9 - Starting... 
2025-03-14T15:25:35.183 [http-nio-8080-exec-8] INFO c.z.h.p.HikariPool - HikariPool-9 - Added connection net.sf.log4jdbc.sql.jdbcapi.ConnectionSpy@785e12b8 
2025-03-14T15:25:35.183 [http-nio-8080-exec-8] INFO c.z.h.HikariDataSource - HikariPool-9 - Start completed. 
2025-03-14T15:25:35.185 [http-nio-8080-exec-8] DEBUG j.sqltiming -  com.zaxxer.hikari.pool.ProxyPreparedStatement.execute(ProxyPreparedStatement.java:44)
111. Select count(*)
	from codegroup
 {executed in 2 msec} 
2025-03-14T15:25:35.186 [http-nio-8080-exec-8] INFO j.resultsettable - 
|---------|
|count(*) |
|---------|
|17       |
|---------|
 
2025-03-14T15:25:35.190 [http-nio-8080-exec-8] DEBUG j.sqltiming -  com.zaxxer.hikari.pool.ProxyPreparedStatement.execute(ProxyPreparedStatement.java:44)
111. select
			cgSeq,
			cgUse,
		    cgCode,
		    cgName,
		    cgCount,
		    cgOrder,
		    cgRegDate,
		    cgEdDate
		from
			codegroup
		where 1=1
		order by cgSeq desc
 {executed in 2 msec} 
2025-03-14T15:25:35.192 [http-nio-8080-exec-8] INFO j.resultsettable - 
|------|------|-------|----------------|--------|--------|----------|---------|
|cgseq |cguse |cgcode |cgname          |cgcount |cgorder |cgregdate |cgeddate |
|------|------|-------|----------------|--------|--------|----------|---------|
|42    |1     |null   |ㅓㅗㅓㅗ            |null    |33      |null      |null     |
|41    |0     |null   |ㅠㅠㅠㅠ            |null    |89      |null      |null     |
|40    |0     |null   |ㄴㄴㅁㅋ            |null    |5       |null      |null     |
|39    |0     |null   |gsdgdga         |null    |22      |null      |null     |
|38    |0     |null   |sdsa            |null    |2       |null      |null     |
|37    |0     |null   |아이우에오           |null    |7       |null      |null     |
|36    |1     |null   |가나다라마바사         |null    |2       |null      |null     |
|35    |1     |null   |ㄴㅇㅁㄹㄴㅇㄻㅇㄹㄴㅁ     |null    |1232    |null      |null     |
|34    |1     |null   |메롱              |null    |121     |null      |null     |
|33    |0     |null   |111111111111111 |null    |1111    |null      |null     |
|32    |1     |null   |asdfdfd         |null    |4       |null      |null     |
|31    |0     |null   |12111           |null    |323     |null      |null     |
|30    |1     |null   |하이              |null    |1       |null      |null     |
|29    |1     |null   |sassas          |null    |2121    |null      |null     |
|28    |1     |null   |sassas          |null    |2121    |null      |null     |
|27    |1     |null   |sassas          |null    |2121    |null      |null     |
|26    |1     |null   |sassas          |null    |2121    |null      |null     |
|------|------|-------|----------------|--------|--------|----------|---------|
 
2025-03-14T15:26:00.263 [http-nio-8080-exec-8] DEBUG j.sqltiming -  com.zaxxer.hikari.pool.ProxyPreparedStatement.execute(ProxyPreparedStatement.java:44)
111. Select count(*)
	from codegroup
 {executed in 3 msec} 
2025-03-14T15:26:00.263 [http-nio-8080-exec-8] INFO j.resultsettable - 
|---------|
|count(*) |
|---------|
|17       |
|---------|
 
2025-03-14T15:26:00.265 [http-nio-8080-exec-8] DEBUG j.sqltiming -  com.zaxxer.hikari.pool.ProxyPreparedStatement.execute(ProxyPreparedStatement.java:44)
111. select
			cgSeq,
			cgUse,
		    cgCode,
		    cgName,
		    cgCount,
		    cgOrder,
		    cgRegDate,
		    cgEdDate
		from
			codegroup
		where 1=1
		order by cgSeq desc
 {executed in 1 msec} 
2025-03-14T15:26:00.266 [http-nio-8080-exec-8] INFO j.resultsettable - 
|------|------|-------|----------------|--------|--------|----------|---------|
|cgseq |cguse |cgcode |cgname          |cgcount |cgorder |cgregdate |cgeddate |
|------|------|-------|----------------|--------|--------|----------|---------|
|42    |1     |null   |ㅓㅗㅓㅗ            |null    |33      |null      |null     |
|41    |0     |null   |ㅠㅠㅠㅠ            |null    |89      |null      |null     |
|40    |0     |null   |ㄴㄴㅁㅋ            |null    |5       |null      |null     |
|39    |0     |null   |gsdgdga         |null    |22      |null      |null     |
|38    |0     |null   |sdsa            |null    |2       |null      |null     |
|37    |0     |null   |아이우에오           |null    |7       |null      |null     |
|36    |1     |null   |가나다라마바사         |null    |2       |null      |null     |
|35    |1     |null   |ㄴㅇㅁㄹㄴㅇㄻㅇㄹㄴㅁ     |null    |1232    |null      |null     |
|34    |1     |null   |메롱              |null    |121     |null      |null     |
|33    |0     |null   |111111111111111 |null    |1111    |null      |null     |
|32    |1     |null   |asdfdfd         |null    |4       |null      |null     |
|31    |0     |null   |12111           |null    |323     |null      |null     |
|30    |1     |null   |하이              |null    |1       |null      |null     |
|29    |1     |null   |sassas          |null    |2121    |null      |null     |
|28    |1     |null   |sassas          |null    |2121    |null      |null     |
|27    |1     |null   |sassas          |null    |2121    |null      |null     |
|26    |1     |null   |sassas          |null    |2121    |null      |null     |
|------|------|-------|----------------|--------|--------|----------|---------|
 
2025-03-14T15:26:00.378 [File Watcher] INFO o.s.b.d.a.LocalDevToolsAutoConfiguration$RestartingClassPathChangeChangedEventListener - Restarting due to 1 class path change (0 additions, 0 deletions, 1 modification) 
2025-03-14T15:26:00.381 [Thread-115] INFO o.s.b.w.e.t.GracefulShutdown - Commencing graceful shutdown. Waiting for active requests to complete 
2025-03-14T15:26:00.381 [tomcat-shutdown] INFO o.a.c.h.Http11NioProtocol - Pausing ProtocolHandler ["http-nio-8080"] 
2025-03-14T15:26:00.400 [tomcat-shutdown] INFO o.s.b.w.e.t.GracefulShutdown - Graceful shutdown complete 
2025-03-14T15:26:00.400 [Thread-115] INFO o.a.c.h.Http11NioProtocol - Stopping ProtocolHandler ["http-nio-8080"] 
2025-03-14T15:26:00.403 [Thread-115] INFO c.z.h.HikariDataSource - HikariPool-9 - Shutdown initiated... 
2025-03-14T15:26:00.408 [Thread-115] INFO c.z.h.HikariDataSource - HikariPool-9 - Shutdown completed. 
2025-03-14T15:26:00.499 [restartedMain] INFO c.a.AngelsApplication - Starting AngelsApplication using Java 21.0.5 with PID 10644 (C:\factory\ws_sts4_4270\repo_angels\angels\bin\main started by sunjs in C:\factory\ws_sts4_4270\repo_angels\angels) 
2025-03-14T15:26:00.499 [restartedMain] INFO c.a.AngelsApplication - No active profile set, falling back to 1 default profile: "default" 
2025-03-14T15:26:00.718 [restartedMain] INFO o.s.b.w.e.t.TomcatWebServer - Tomcat initialized with port 8080 (http) 
2025-03-14T15:26:00.718 [restartedMain] INFO o.a.c.h.Http11NioProtocol - Initializing ProtocolHandler ["http-nio-8080"] 
2025-03-14T15:26:00.718 [restartedMain] INFO o.a.c.c.StandardService - Starting service [Tomcat] 
2025-03-14T15:26:00.718 [restartedMain] INFO o.a.c.c.StandardEngine - Starting Servlet engine: [Apache Tomcat/10.1.36] 
2025-03-14T15:26:00.737 [restartedMain] INFO o.a.c.c.C.[.[.[/] - Initializing Spring embedded WebApplicationContext 
2025-03-14T15:26:00.737 [restartedMain] INFO o.s.b.w.s.c.ServletWebServerApplicationContext - Root WebApplicationContext: initialization completed in 235 ms 
2025-03-14T15:26:00.845 [restartedMain] INFO o.s.b.d.a.OptionalLiveReloadServer - LiveReload server is running on port 35729 
2025-03-14T15:26:00.853 [restartedMain] INFO o.a.c.h.Http11NioProtocol - Starting ProtocolHandler ["http-nio-8080"] 
2025-03-14T15:26:00.868 [restartedMain] INFO o.s.b.w.e.t.TomcatWebServer - Tomcat started on port 8080 (http) with context path '/' 
2025-03-14T15:26:00.874 [restartedMain] INFO c.a.AngelsApplication - Started AngelsApplication in 0.407 seconds (process running for 12239.426) 
2025-03-14T15:26:00.876 [restartedMain] INFO o.s.b.d.a.ConditionEvaluationDeltaLoggingListener - Condition evaluation unchanged 
2025-03-14T15:26:00.956 [http-nio-8080-exec-1] INFO o.a.c.c.C.[.[.[/] - Initializing Spring DispatcherServlet 'dispatcherServlet' 
2025-03-14T15:26:00.956 [http-nio-8080-exec-1] INFO o.s.w.s.DispatcherServlet - Initializing Servlet 'dispatcherServlet' 
2025-03-14T15:26:00.958 [http-nio-8080-exec-1] INFO o.s.w.s.DispatcherServlet - Completed initialization in 2 ms 
2025-03-14T15:27:15.749 [http-nio-8080-exec-4] INFO c.z.h.HikariDataSource - HikariPool-10 - Starting... 
2025-03-14T15:27:15.765 [http-nio-8080-exec-4] INFO c.z.h.p.HikariPool - HikariPool-10 - Added connection net.sf.log4jdbc.sql.jdbcapi.ConnectionSpy@3599125c 
2025-03-14T15:27:15.765 [http-nio-8080-exec-4] INFO c.z.h.HikariDataSource - HikariPool-10 - Start completed. 
2025-03-14T15:27:15.771 [http-nio-8080-exec-4] DEBUG j.sqltiming -  com.zaxxer.hikari.pool.ProxyPreparedStatement.execute(ProxyPreparedStatement.java:44)
121. Select count(*)
	from codegroup
 {executed in 4 msec} 
2025-03-14T15:27:15.771 [http-nio-8080-exec-4] INFO j.resultsettable - 
|---------|
|count(*) |
|---------|
|17       |
|---------|
 
2025-03-14T15:27:15.776 [http-nio-8080-exec-4] DEBUG j.sqltiming -  com.zaxxer.hikari.pool.ProxyPreparedStatement.execute(ProxyPreparedStatement.java:44)
121. select
			cgSeq,
			cgUse,
		    cgCode,
		    cgName,
		    cgCount,
		    cgOrder,
		    cgRegDate,
		    cgEdDate
		from
			codegroup
		where 1=1
		order by cgSeq desc
 {executed in 1 msec} 
2025-03-14T15:27:15.777 [http-nio-8080-exec-4] INFO j.resultsettable - 
|------|------|-------|----------------|--------|--------|----------|---------|
|cgseq |cguse |cgcode |cgname          |cgcount |cgorder |cgregdate |cgeddate |
|------|------|-------|----------------|--------|--------|----------|---------|
|42    |1     |null   |ㅓㅗㅓㅗ            |null    |33      |null      |null     |
|41    |0     |null   |ㅠㅠㅠㅠ            |null    |89      |null      |null     |
|40    |0     |null   |ㄴㄴㅁㅋ            |null    |5       |null      |null     |
|39    |0     |null   |gsdgdga         |null    |22      |null      |null     |
|38    |0     |null   |sdsa            |null    |2       |null      |null     |
|37    |0     |null   |아이우에오           |null    |7       |null      |null     |
|36    |1     |null   |가나다라마바사         |null    |2       |null      |null     |
|35    |1     |null   |ㄴㅇㅁㄹㄴㅇㄻㅇㄹㄴㅁ     |null    |1232    |null      |null     |
|34    |1     |null   |메롱              |null    |121     |null      |null     |
|33    |0     |null   |111111111111111 |null    |1111    |null      |null     |
|32    |1     |null   |asdfdfd         |null    |4       |null      |null     |
|31    |0     |null   |12111           |null    |323     |null      |null     |
|30    |1     |null   |하이              |null    |1       |null      |null     |
|29    |1     |null   |sassas          |null    |2121    |null      |null     |
|28    |1     |null   |sassas          |null    |2121    |null      |null     |
|27    |1     |null   |sassas          |null    |2121    |null      |null     |
|26    |1     |null   |sassas          |null    |2121    |null      |null     |
|------|------|-------|----------------|--------|--------|----------|---------|
 
2025-03-14T15:28:11.962 [http-nio-8080-exec-4] DEBUG j.sqltiming -  com.zaxxer.hikari.pool.ProxyPreparedStatement.execute(ProxyPreparedStatement.java:44)
121. Select count(*)
	from codegroup
 {executed in 2 msec} 
2025-03-14T15:28:11.963 [http-nio-8080-exec-4] INFO j.resultsettable - 
|---------|
|count(*) |
|---------|
|17       |
|---------|
 
2025-03-14T15:28:11.964 [http-nio-8080-exec-4] DEBUG j.sqltiming -  com.zaxxer.hikari.pool.ProxyPreparedStatement.execute(ProxyPreparedStatement.java:44)
121. select
			cgSeq,
			cgUse,
		    cgCode,
		    cgName,
		    cgCount,
		    cgOrder,
		    cgRegDate,
		    cgEdDate
		from
			codegroup
		where 1=1
		order by cgSeq desc
 {executed in 1 msec} 
2025-03-14T15:28:11.966 [http-nio-8080-exec-4] INFO j.resultsettable - 
|------|------|-------|----------------|--------|--------|----------|---------|
|cgseq |cguse |cgcode |cgname          |cgcount |cgorder |cgregdate |cgeddate |
|------|------|-------|----------------|--------|--------|----------|---------|
|42    |1     |null   |ㅓㅗㅓㅗ            |null    |33      |null      |null     |
|41    |0     |null   |ㅠㅠㅠㅠ            |null    |89      |null      |null     |
|40    |0     |null   |ㄴㄴㅁㅋ            |null    |5       |null      |null     |
|39    |0     |null   |gsdgdga         |null    |22      |null      |null     |
|38    |0     |null   |sdsa            |null    |2       |null      |null     |
|37    |0     |null   |아이우에오           |null    |7       |null      |null     |
|36    |1     |null   |가나다라마바사         |null    |2       |null      |null     |
|35    |1     |null   |ㄴㅇㅁㄹㄴㅇㄻㅇㄹㄴㅁ     |null    |1232    |null      |null     |
|34    |1     |null   |메롱              |null    |121     |null      |null     |
|33    |0     |null   |111111111111111 |null    |1111    |null      |null     |
|32    |1     |null   |asdfdfd         |null    |4       |null      |null     |
|31    |0     |null   |12111           |null    |323     |null      |null     |
|30    |1     |null   |하이              |null    |1       |null      |null     |
|29    |1     |null   |sassas          |null    |2121    |null      |null     |
|28    |1     |null   |sassas          |null    |2121    |null      |null     |
|27    |1     |null   |sassas          |null    |2121    |null      |null     |
|26    |1     |null   |sassas          |null    |2121    |null      |null     |
|------|------|-------|----------------|--------|--------|----------|---------|
 
2025-03-14T15:28:27.781 [http-nio-8080-exec-4] DEBUG j.sqltiming -  com.zaxxer.hikari.pool.ProxyPreparedStatement.execute(ProxyPreparedStatement.java:44)
121. Select count(*)
	from codegroup
 {executed in 4 msec} 
2025-03-14T15:28:27.781 [http-nio-8080-exec-4] INFO j.resultsettable - 
|---------|
|count(*) |
|---------|
|17       |
|---------|
 
2025-03-14T15:28:27.784 [http-nio-8080-exec-4] DEBUG j.sqltiming -  com.zaxxer.hikari.pool.ProxyPreparedStatement.execute(ProxyPreparedStatement.java:44)
121. select
			cgSeq,
			cgUse,
		    cgCode,
		    cgName,
		    cgCount,
		    cgOrder,
		    cgRegDate,
		    cgEdDate
		from
			codegroup
		where 1=1
		order by cgSeq desc
 {executed in 2 msec} 
2025-03-14T15:28:27.787 [http-nio-8080-exec-4] INFO j.resultsettable - 
|------|------|-------|----------------|--------|--------|----------|---------|
|cgseq |cguse |cgcode |cgname          |cgcount |cgorder |cgregdate |cgeddate |
|------|------|-------|----------------|--------|--------|----------|---------|
|42    |1     |null   |ㅓㅗㅓㅗ            |null    |33      |null      |null     |
|41    |0     |null   |ㅠㅠㅠㅠ            |null    |89      |null      |null     |
|40    |0     |null   |ㄴㄴㅁㅋ            |null    |5       |null      |null     |
|39    |0     |null   |gsdgdga         |null    |22      |null      |null     |
|38    |0     |null   |sdsa            |null    |2       |null      |null     |
|37    |0     |null   |아이우에오           |null    |7       |null      |null     |
|36    |1     |null   |가나다라마바사         |null    |2       |null      |null     |
|35    |1     |null   |ㄴㅇㅁㄹㄴㅇㄻㅇㄹㄴㅁ     |null    |1232    |null      |null     |
|34    |1     |null   |메롱              |null    |121     |null      |null     |
|33    |0     |null   |111111111111111 |null    |1111    |null      |null     |
|32    |1     |null   |asdfdfd         |null    |4       |null      |null     |
|31    |0     |null   |12111           |null    |323     |null      |null     |
|30    |1     |null   |하이              |null    |1       |null      |null     |
|29    |1     |null   |sassas          |null    |2121    |null      |null     |
|28    |1     |null   |sassas          |null    |2121    |null      |null     |
|27    |1     |null   |sassas          |null    |2121    |null      |null     |
|26    |1     |null   |sassas          |null    |2121    |null      |null     |
|------|------|-------|----------------|--------|--------|----------|---------|
 
2025-03-14T15:28:47.841 [http-nio-8080-exec-4] DEBUG j.sqltiming -  com.zaxxer.hikari.pool.ProxyPreparedStatement.execute(ProxyPreparedStatement.java:44)
121. Select count(*)
	from codegroup
 {executed in 2 msec} 
2025-03-14T15:28:47.842 [http-nio-8080-exec-4] INFO j.resultsettable - 
|---------|
|count(*) |
|---------|
|17       |
|---------|
 
2025-03-14T15:28:47.843 [http-nio-8080-exec-4] DEBUG j.sqltiming -  com.zaxxer.hikari.pool.ProxyPreparedStatement.execute(ProxyPreparedStatement.java:44)
121. select
			cgSeq,
			cgUse,
		    cgCode,
		    cgName,
		    cgCount,
		    cgOrder,
		    cgRegDate,
		    cgEdDate
		from
			codegroup
		where 1=1
		order by cgSeq desc
 {executed in 1 msec} 
2025-03-14T15:28:47.845 [http-nio-8080-exec-4] INFO j.resultsettable - 
|------|------|-------|----------------|--------|--------|----------|---------|
|cgseq |cguse |cgcode |cgname          |cgcount |cgorder |cgregdate |cgeddate |
|------|------|-------|----------------|--------|--------|----------|---------|
|42    |1     |null   |ㅓㅗㅓㅗ            |null    |33      |null      |null     |
|41    |0     |null   |ㅠㅠㅠㅠ            |null    |89      |null      |null     |
|40    |0     |null   |ㄴㄴㅁㅋ            |null    |5       |null      |null     |
|39    |0     |null   |gsdgdga         |null    |22      |null      |null     |
|38    |0     |null   |sdsa            |null    |2       |null      |null     |
|37    |0     |null   |아이우에오           |null    |7       |null      |null     |
|36    |1     |null   |가나다라마바사         |null    |2       |null      |null     |
|35    |1     |null   |ㄴㅇㅁㄹㄴㅇㄻㅇㄹㄴㅁ     |null    |1232    |null      |null     |
|34    |1     |null   |메롱              |null    |121     |null      |null     |
|33    |0     |null   |111111111111111 |null    |1111    |null      |null     |
|32    |1     |null   |asdfdfd         |null    |4       |null      |null     |
|31    |0     |null   |12111           |null    |323     |null      |null     |
|30    |1     |null   |하이              |null    |1       |null      |null     |
|29    |1     |null   |sassas          |null    |2121    |null      |null     |
|28    |1     |null   |sassas          |null    |2121    |null      |null     |
|27    |1     |null   |sassas          |null    |2121    |null      |null     |
|26    |1     |null   |sassas          |null    |2121    |null      |null     |
|------|------|-------|----------------|--------|--------|----------|---------|
 
2025-03-14T15:30:41.550 [http-nio-8080-exec-5] DEBUG j.sqltiming -  com.zaxxer.hikari.pool.ProxyPreparedStatement.execute(ProxyPreparedStatement.java:44)
121. Select count(*)
	from codegroup
 {executed in 4 msec} 
2025-03-14T15:30:41.550 [http-nio-8080-exec-5] INFO j.resultsettable - 
|---------|
|count(*) |
|---------|
|17       |
|---------|
 
2025-03-14T15:30:41.553 [http-nio-8080-exec-5] DEBUG j.sqltiming -  com.zaxxer.hikari.pool.ProxyPreparedStatement.execute(ProxyPreparedStatement.java:44)
121. select
			cgSeq,
			cgUse,
		    cgCode,
		    cgName,
		    cgCount,
		    cgOrder,
		    cgRegDate,
		    cgEdDate
		from
			codegroup
		where 1=1
		order by cgSeq desc
 {executed in 2 msec} 
2025-03-14T15:30:41.555 [http-nio-8080-exec-5] INFO j.resultsettable - 
|------|------|-------|----------------|--------|--------|----------|---------|
|cgseq |cguse |cgcode |cgname          |cgcount |cgorder |cgregdate |cgeddate |
|------|------|-------|----------------|--------|--------|----------|---------|
|42    |1     |null   |ㅓㅗㅓㅗ            |null    |33      |null      |null     |
|41    |0     |null   |ㅠㅠㅠㅠ            |null    |89      |null      |null     |
|40    |0     |null   |ㄴㄴㅁㅋ            |null    |5       |null      |null     |
|39    |0     |null   |gsdgdga         |null    |22      |null      |null     |
|38    |0     |null   |sdsa            |null    |2       |null      |null     |
|37    |0     |null   |아이우에오           |null    |7       |null      |null     |
|36    |1     |null   |가나다라마바사         |null    |2       |null      |null     |
|35    |1     |null   |ㄴㅇㅁㄹㄴㅇㄻㅇㄹㄴㅁ     |null    |1232    |null      |null     |
|34    |1     |null   |메롱              |null    |121     |null      |null     |
|33    |0     |null   |111111111111111 |null    |1111    |null      |null     |
|32    |1     |null   |asdfdfd         |null    |4       |null      |null     |
|31    |0     |null   |12111           |null    |323     |null      |null     |
|30    |1     |null   |하이              |null    |1       |null      |null     |
|29    |1     |null   |sassas          |null    |2121    |null      |null     |
|28    |1     |null   |sassas          |null    |2121    |null      |null     |
|27    |1     |null   |sassas          |null    |2121    |null      |null     |
|26    |1     |null   |sassas          |null    |2121    |null      |null     |
|------|------|-------|----------------|--------|--------|----------|---------|
 
2025-03-14T15:32:05.065 [http-nio-8080-exec-9] DEBUG j.sqltiming -  com.zaxxer.hikari.pool.ProxyPreparedStatement.execute(ProxyPreparedStatement.java:44)
121. Select count(*)
	from codegroup
 {executed in 3 msec} 
2025-03-14T15:32:05.066 [http-nio-8080-exec-9] INFO j.resultsettable - 
|---------|
|count(*) |
|---------|
|17       |
|---------|
 
2025-03-14T15:32:05.069 [http-nio-8080-exec-9] DEBUG j.sqltiming -  com.zaxxer.hikari.pool.ProxyPreparedStatement.execute(ProxyPreparedStatement.java:44)
121. select
			cgSeq,
			cgUse,
		    cgCode,
		    cgName,
		    cgCount,
		    cgOrder,
		    cgRegDate,
		    cgEdDate
		from
			codegroup
		where 1=1
		order by cgSeq desc
 {executed in 0 msec} 
2025-03-14T15:32:05.071 [http-nio-8080-exec-9] INFO j.resultsettable - 
|------|------|-------|----------------|--------|--------|----------|---------|
|cgseq |cguse |cgcode |cgname          |cgcount |cgorder |cgregdate |cgeddate |
|------|------|-------|----------------|--------|--------|----------|---------|
|42    |1     |null   |ㅓㅗㅓㅗ            |null    |33      |null      |null     |
|41    |0     |null   |ㅠㅠㅠㅠ            |null    |89      |null      |null     |
|40    |0     |null   |ㄴㄴㅁㅋ            |null    |5       |null      |null     |
|39    |0     |null   |gsdgdga         |null    |22      |null      |null     |
|38    |0     |null   |sdsa            |null    |2       |null      |null     |
|37    |0     |null   |아이우에오           |null    |7       |null      |null     |
|36    |1     |null   |가나다라마바사         |null    |2       |null      |null     |
|35    |1     |null   |ㄴㅇㅁㄹㄴㅇㄻㅇㄹㄴㅁ     |null    |1232    |null      |null     |
|34    |1     |null   |메롱              |null    |121     |null      |null     |
|33    |0     |null   |111111111111111 |null    |1111    |null      |null     |
|32    |1     |null   |asdfdfd         |null    |4       |null      |null     |
|31    |0     |null   |12111           |null    |323     |null      |null     |
|30    |1     |null   |하이              |null    |1       |null      |null     |
|29    |1     |null   |sassas          |null    |2121    |null      |null     |
|28    |1     |null   |sassas          |null    |2121    |null      |null     |
|27    |1     |null   |sassas          |null    |2121    |null      |null     |
|26    |1     |null   |sassas          |null    |2121    |null      |null     |
|------|------|-------|----------------|--------|--------|----------|---------|
 
2025-03-14T15:34:52.651 [http-nio-8080-exec-2] DEBUG j.sqltiming -  com.zaxxer.hikari.pool.ProxyPreparedStatement.execute(ProxyPreparedStatement.java:44)
121. Select count(*)
	from codegroup
 {executed in 5 msec} 
2025-03-14T15:34:52.652 [http-nio-8080-exec-2] INFO j.resultsettable - 
|---------|
|count(*) |
|---------|
|17       |
|---------|
 
2025-03-14T15:34:52.655 [http-nio-8080-exec-2] DEBUG j.sqltiming -  com.zaxxer.hikari.pool.ProxyPreparedStatement.execute(ProxyPreparedStatement.java:44)
121. select
			cgSeq,
			cgUse,
		    cgCode,
		    cgName,
		    cgCount,
		    cgOrder,
		    cgRegDate,
		    cgEdDate
		from
			codegroup
		where 1=1
		order by cgSeq desc
 {executed in 1 msec} 
2025-03-14T15:34:52.656 [http-nio-8080-exec-2] INFO j.resultsettable - 
|------|------|-------|----------------|--------|--------|----------|---------|
|cgseq |cguse |cgcode |cgname          |cgcount |cgorder |cgregdate |cgeddate |
|------|------|-------|----------------|--------|--------|----------|---------|
|42    |1     |null   |ㅓㅗㅓㅗ            |null    |33      |null      |null     |
|41    |0     |null   |ㅠㅠㅠㅠ            |null    |89      |null      |null     |
|40    |0     |null   |ㄴㄴㅁㅋ            |null    |5       |null      |null     |
|39    |0     |null   |gsdgdga         |null    |22      |null      |null     |
|38    |0     |null   |sdsa            |null    |2       |null      |null     |
|37    |0     |null   |아이우에오           |null    |7       |null      |null     |
|36    |1     |null   |가나다라마바사         |null    |2       |null      |null     |
|35    |1     |null   |ㄴㅇㅁㄹㄴㅇㄻㅇㄹㄴㅁ     |null    |1232    |null      |null     |
|34    |1     |null   |메롱              |null    |121     |null      |null     |
|33    |0     |null   |111111111111111 |null    |1111    |null      |null     |
|32    |1     |null   |asdfdfd         |null    |4       |null      |null     |
|31    |0     |null   |12111           |null    |323     |null      |null     |
|30    |1     |null   |하이              |null    |1       |null      |null     |
|29    |1     |null   |sassas          |null    |2121    |null      |null     |
|28    |1     |null   |sassas          |null    |2121    |null      |null     |
|27    |1     |null   |sassas          |null    |2121    |null      |null     |
|26    |1     |null   |sassas          |null    |2121    |null      |null     |
|------|------|-------|----------------|--------|--------|----------|---------|
 
2025-03-14T15:34:52.672 [http-nio-8080-exec-2] ERROR o.t.TemplateEngine - [THYMELEAF][http-nio-8080-exec-2] Exception processing template "xdm/codegroup/CodeGroupXdmList": An error happened during template parsing (template: "class path resource [templates/xdm/codegroup/CodeGroupXdmList.html]") 
org.thymeleaf.exceptions.TemplateInputException: An error happened during template parsing (template: "class path resource [templates/xdm/codegroup/CodeGroupXdmList.html]")
	at org.thymeleaf.templateparser.markup.AbstractMarkupTemplateParser.parse(AbstractMarkupTemplateParser.java:241)
	at org.thymeleaf.templateparser.markup.AbstractMarkupTemplateParser.parseStandalone(AbstractMarkupTemplateParser.java:100)
	at org.thymeleaf.engine.TemplateManager.parseAndProcess(TemplateManager.java:666)
	at org.thymeleaf.TemplateEngine.process(TemplateEngine.java:1103)
	at org.thymeleaf.TemplateEngine.process(TemplateEngine.java:1077)
	at org.thymeleaf.spring6.view.ThymeleafView.renderFragment(ThymeleafView.java:372)
	at org.thymeleaf.spring6.view.ThymeleafView.render(ThymeleafView.java:192)
	at org.springframework.web.servlet.DispatcherServlet.render(DispatcherServlet.java:1435)
	at org.springframework.web.servlet.DispatcherServlet.processDispatchResult(DispatcherServlet.java:1167)
	at org.springframework.web.servlet.DispatcherServlet.doDispatch(DispatcherServlet.java:1105)
	at org.springframework.web.servlet.DispatcherServlet.doService(DispatcherServlet.java:978)
	at org.springframework.web.servlet.FrameworkServlet.processRequest(FrameworkServlet.java:1014)
	at org.springframework.web.servlet.FrameworkServlet.doGet(FrameworkServlet.java:903)
	at jakarta.servlet.http.HttpServlet.service(HttpServlet.java:564)
	at org.springframework.web.servlet.FrameworkServlet.service(FrameworkServlet.java:885)
	at jakarta.servlet.http.HttpServlet.service(HttpServlet.java:658)
	at org.apache.catalina.core.ApplicationFilterChain.internalDoFilter(ApplicationFilterChain.java:195)
	at org.apache.catalina.core.ApplicationFilterChain.doFilter(ApplicationFilterChain.java:140)
	at org.apache.tomcat.websocket.server.WsFilter.doFilter(WsFilter.java:51)
	at org.apache.catalina.core.ApplicationFilterChain.internalDoFilter(ApplicationFilterChain.java:164)
	at org.apache.catalina.core.ApplicationFilterChain.doFilter(ApplicationFilterChain.java:140)
	at org.springframework.web.filter.RequestContextFilter.doFilterInternal(RequestContextFilter.java:100)
	at org.springframework.web.filter.OncePerRequestFilter.doFilter(OncePerRequestFilter.java:116)
	at org.apache.catalina.core.ApplicationFilterChain.internalDoFilter(ApplicationFilterChain.java:164)
	at org.apache.catalina.core.ApplicationFilterChain.doFilter(ApplicationFilterChain.java:140)
	at org.springframework.web.filter.FormContentFilter.doFilterInternal(FormContentFilter.java:93)
	at org.springframework.web.filter.OncePerRequestFilter.doFilter(OncePerRequestFilter.java:116)
	at org.apache.catalina.core.ApplicationFilterChain.internalDoFilter(ApplicationFilterChain.java:164)
	at org.apache.catalina.core.ApplicationFilterChain.doFilter(ApplicationFilterChain.java:140)
	at org.springframework.web.filter.CharacterEncodingFilter.doFilterInternal(CharacterEncodingFilter.java:201)
	at org.springframework.web.filter.OncePerRequestFilter.doFilter(OncePerRequestFilter.java:116)
	at org.apache.catalina.core.ApplicationFilterChain.internalDoFilter(ApplicationFilterChain.java:164)
	at org.apache.catalina.core.ApplicationFilterChain.doFilter(ApplicationFilterChain.java:140)
	at org.apache.catalina.core.StandardWrapperValve.invoke(StandardWrapperValve.java:167)
	at org.apache.catalina.core.StandardContextValve.invoke(StandardContextValve.java:90)
	at org.apache.catalina.authenticator.AuthenticatorBase.invoke(AuthenticatorBase.java:483)
	at org.apache.catalina.core.StandardHostValve.invoke(StandardHostValve.java:115)
	at org.apache.catalina.valves.ErrorReportValve.invoke(ErrorReportValve.java:93)
	at org.apache.catalina.core.StandardEngineValve.invoke(StandardEngineValve.java:74)
	at org.apache.catalina.connector.CoyoteAdapter.service(CoyoteAdapter.java:344)
	at org.apache.coyote.http11.Http11Processor.service(Http11Processor.java:397)
	at org.apache.coyote.AbstractProcessorLight.process(AbstractProcessorLight.java:63)
	at org.apache.coyote.AbstractProtocol$ConnectionHandler.process(AbstractProtocol.java:905)
	at org.apache.tomcat.util.net.NioEndpoint$SocketProcessor.doRun(NioEndpoint.java:1743)
	at org.apache.tomcat.util.net.SocketProcessorBase.run(SocketProcessorBase.java:52)
	at org.apache.tomcat.util.threads.ThreadPoolExecutor.runWorker(ThreadPoolExecutor.java:1190)
	at org.apache.tomcat.util.threads.ThreadPoolExecutor$Worker.run(ThreadPoolExecutor.java:659)
	at org.apache.tomcat.util.threads.TaskThread$WrappingRunnable.run(TaskThread.java:63)
	at java.base/java.lang.Thread.run(Thread.java:1583)
Caused by: org.attoparser.ParseException: Exception evaluating SpringEL expression: "vo.cgCode" (template: "xdm/codegroup/CodeGroupXdmList" - line 140, col 27)
	at org.attoparser.MarkupParser.parseDocument(MarkupParser.java:393)
	at org.attoparser.MarkupParser.parse(MarkupParser.java:257)
	at org.thymeleaf.templateparser.markup.AbstractMarkupTemplateParser.parse(AbstractMarkupTemplateParser.java:230)
	... 48 common frames omitted
Caused by: org.thymeleaf.exceptions.TemplateProcessingException: Exception evaluating SpringEL expression: "vo.cgCode" (template: "xdm/codegroup/CodeGroupXdmList" - line 140, col 27)
	at org.thymeleaf.spring6.expression.SPELVariableExpressionEvaluator.evaluate(SPELVariableExpressionEvaluator.java:292)
	at org.thymeleaf.standard.expression.VariableExpression.executeVariableExpression(VariableExpression.java:166)
	at org.thymeleaf.standard.expression.SimpleExpression.executeSimple(SimpleExpression.java:66)
	at org.thymeleaf.standard.expression.Expression.execute(Expression.java:109)
	at org.thymeleaf.standard.expression.Expression.execute(Expression.java:138)
	at org.thymeleaf.standard.processor.AbstractStandardExpressionAttributeTagProcessor.doProcess(AbstractStandardExpressionAttributeTagProcessor.java:144)
	at org.thymeleaf.processor.element.AbstractAttributeTagProcessor.doProcess(AbstractAttributeTagProcessor.java:74)
	at org.thymeleaf.processor.element.AbstractElementTagProcessor.process(AbstractElementTagProcessor.java:95)
	at org.thymeleaf.util.ProcessorConfigurationUtils$ElementTagProcessorWrapper.process(ProcessorConfigurationUtils.java:633)
	at org.thymeleaf.engine.ProcessorTemplateHandler.handleOpenElement(ProcessorTemplateHandler.java:1314)
	at org.thymeleaf.engine.OpenElementTag.beHandled(OpenElementTag.java:205)
	at org.thymeleaf.engine.Model.process(Model.java:282)
	at org.thymeleaf.engine.Model.process(Model.java:290)
	at org.thymeleaf.engine.IteratedGatheringModelProcessable.processIterationModel(IteratedGatheringModelProcessable.java:368)
	at org.thymeleaf.engine.IteratedGatheringModelProcessable.process(IteratedGatheringModelProcessable.java:222)
	at org.thymeleaf.engine.ProcessorTemplateHandler.handleCloseElement(ProcessorTemplateHandler.java:1640)
	at org.thymeleaf.engine.TemplateHandlerAdapterMarkupHandler.handleCloseElementEnd(TemplateHandlerAdapterMarkupHandler.java:388)
	at org.thymeleaf.templateparser.markup.InlinedOutputExpressionMarkupHandler$InlineMarkupAdapterPreProcessorHandler.handleCloseElementEnd(InlinedOutputExpressionMarkupHandler.java:322)
	at org.thymeleaf.standard.inline.OutputExpressionInlinePreProcessorHandler.handleCloseElementEnd(OutputExpressionInlinePreProcessorHandler.java:220)
	at org.thymeleaf.templateparser.markup.InlinedOutputExpressionMarkupHandler.handleCloseElementEnd(InlinedOutputExpressionMarkupHandler.java:164)
	at org.attoparser.HtmlElement.handleCloseElementEnd(HtmlElement.java:169)
	at org.attoparser.HtmlMarkupHandler.handleCloseElementEnd(HtmlMarkupHandler.java:412)
	at org.attoparser.MarkupEventProcessorHandler.handleCloseElementEnd(MarkupEventProcessorHandler.java:473)
	at org.attoparser.ParsingElementMarkupUtil.parseCloseElement(ParsingElementMarkupUtil.java:201)
	at org.attoparser.MarkupParser.parseBuffer(MarkupParser.java:725)
	at org.attoparser.MarkupParser.parseDocument(MarkupParser.java:301)
	... 50 common frames omitted
Caused by: org.springframework.expression.spel.SpelEvaluationException: EL1008E: Property or field 'cgCode' cannot be found on object of type 'com.angels.module.codegroup.CodeGroupVo' - maybe not public or not valid?
	at org.springframework.expression.spel.ast.PropertyOrFieldReference.readProperty(PropertyOrFieldReference.java:229)
	at org.springframework.expression.spel.ast.PropertyOrFieldReference.getValueInternal(PropertyOrFieldReference.java:112)
	at org.springframework.expression.spel.ast.PropertyOrFieldReference$AccessorValueRef.getValue(PropertyOrFieldReference.java:376)
	at org.springframework.expression.spel.ast.CompoundExpression.getValueInternal(CompoundExpression.java:97)
	at org.springframework.expression.spel.ast.SpelNodeImpl.getValue(SpelNodeImpl.java:116)
	at org.springframework.expression.spel.standard.SpelExpression.getValue(SpelExpression.java:338)
	at org.thymeleaf.spring6.expression.SPELVariableExpressionEvaluator.evaluate(SPELVariableExpressionEvaluator.java:265)
	... 75 common frames omitted
2025-03-14T15:34:52.677 [http-nio-8080-exec-2] ERROR o.a.c.c.C.[.[.[.[dispatcherServlet] - Servlet.service() for servlet [dispatcherServlet] in context with path [] threw exception [Request processing failed: org.thymeleaf.exceptions.TemplateInputException: An error happened during template parsing (template: "class path resource [templates/xdm/codegroup/CodeGroupXdmList.html]")] with root cause 
org.springframework.expression.spel.SpelEvaluationException: EL1008E: Property or field 'cgCode' cannot be found on object of type 'com.angels.module.codegroup.CodeGroupVo' - maybe not public or not valid?
	at org.springframework.expression.spel.ast.PropertyOrFieldReference.readProperty(PropertyOrFieldReference.java:229)
	at org.springframework.expression.spel.ast.PropertyOrFieldReference.getValueInternal(PropertyOrFieldReference.java:112)
	at org.springframework.expression.spel.ast.PropertyOrFieldReference$AccessorValueRef.getValue(PropertyOrFieldReference.java:376)
	at org.springframework.expression.spel.ast.CompoundExpression.getValueInternal(CompoundExpression.java:97)
	at org.springframework.expression.spel.ast.SpelNodeImpl.getValue(SpelNodeImpl.java:116)
	at org.springframework.expression.spel.standard.SpelExpression.getValue(SpelExpression.java:338)
	at org.thymeleaf.spring6.expression.SPELVariableExpressionEvaluator.evaluate(SPELVariableExpressionEvaluator.java:265)
	at org.thymeleaf.standard.expression.VariableExpression.executeVariableExpression(VariableExpression.java:166)
	at org.thymeleaf.standard.expression.SimpleExpression.executeSimple(SimpleExpression.java:66)
	at org.thymeleaf.standard.expression.Expression.execute(Expression.java:109)
	at org.thymeleaf.standard.expression.Expression.execute(Expression.java:138)
	at org.thymeleaf.standard.processor.AbstractStandardExpressionAttributeTagProcessor.doProcess(AbstractStandardExpressionAttributeTagProcessor.java:144)
	at org.thymeleaf.processor.element.AbstractAttributeTagProcessor.doProcess(AbstractAttributeTagProcessor.java:74)
	at org.thymeleaf.processor.element.AbstractElementTagProcessor.process(AbstractElementTagProcessor.java:95)
	at org.thymeleaf.util.ProcessorConfigurationUtils$ElementTagProcessorWrapper.process(ProcessorConfigurationUtils.java:633)
	at org.thymeleaf.engine.ProcessorTemplateHandler.handleOpenElement(ProcessorTemplateHandler.java:1314)
	at org.thymeleaf.engine.OpenElementTag.beHandled(OpenElementTag.java:205)
	at org.thymeleaf.engine.Model.process(Model.java:282)
	at org.thymeleaf.engine.Model.process(Model.java:290)
	at org.thymeleaf.engine.IteratedGatheringModelProcessable.processIterationModel(IteratedGatheringModelProcessable.java:368)
	at org.thymeleaf.engine.IteratedGatheringModelProcessable.process(IteratedGatheringModelProcessable.java:222)
	at org.thymeleaf.engine.ProcessorTemplateHandler.handleCloseElement(ProcessorTemplateHandler.java:1640)
	at org.thymeleaf.engine.TemplateHandlerAdapterMarkupHandler.handleCloseElementEnd(TemplateHandlerAdapterMarkupHandler.java:388)
	at org.thymeleaf.templateparser.markup.InlinedOutputExpressionMarkupHandler$InlineMarkupAdapterPreProcessorHandler.handleCloseElementEnd(InlinedOutputExpressionMarkupHandler.java:322)
	at org.thymeleaf.standard.inline.OutputExpressionInlinePreProcessorHandler.handleCloseElementEnd(OutputExpressionInlinePreProcessorHandler.java:220)
	at org.thymeleaf.templateparser.markup.InlinedOutputExpressionMarkupHandler.handleCloseElementEnd(InlinedOutputExpressionMarkupHandler.java:164)
	at org.attoparser.HtmlElement.handleCloseElementEnd(HtmlElement.java:169)
	at org.attoparser.HtmlMarkupHandler.handleCloseElementEnd(HtmlMarkupHandler.java:412)
	at org.attoparser.MarkupEventProcessorHandler.handleCloseElementEnd(MarkupEventProcessorHandler.java:473)
	at org.attoparser.ParsingElementMarkupUtil.parseCloseElement(ParsingElementMarkupUtil.java:201)
	at org.attoparser.MarkupParser.parseBuffer(MarkupParser.java:725)
	at org.attoparser.MarkupParser.parseDocument(MarkupParser.java:301)
	at org.attoparser.MarkupParser.parse(MarkupParser.java:257)
	at org.thymeleaf.templateparser.markup.AbstractMarkupTemplateParser.parse(AbstractMarkupTemplateParser.java:230)
	at org.thymeleaf.templateparser.markup.AbstractMarkupTemplateParser.parseStandalone(AbstractMarkupTemplateParser.java:100)
	at org.thymeleaf.engine.TemplateManager.parseAndProcess(TemplateManager.java:666)
	at org.thymeleaf.TemplateEngine.process(TemplateEngine.java:1103)
	at org.thymeleaf.TemplateEngine.process(TemplateEngine.java:1077)
	at org.thymeleaf.spring6.view.ThymeleafView.renderFragment(ThymeleafView.java:372)
	at org.thymeleaf.spring6.view.ThymeleafView.render(ThymeleafView.java:192)
	at org.springframework.web.servlet.DispatcherServlet.render(DispatcherServlet.java:1435)
	at org.springframework.web.servlet.DispatcherServlet.processDispatchResult(DispatcherServlet.java:1167)
	at org.springframework.web.servlet.DispatcherServlet.doDispatch(DispatcherServlet.java:1105)
	at org.springframework.web.servlet.DispatcherServlet.doService(DispatcherServlet.java:978)
	at org.springframework.web.servlet.FrameworkServlet.processRequest(FrameworkServlet.java:1014)
	at org.springframework.web.servlet.FrameworkServlet.doGet(FrameworkServlet.java:903)
	at jakarta.servlet.http.HttpServlet.service(HttpServlet.java:564)
	at org.springframework.web.servlet.FrameworkServlet.service(FrameworkServlet.java:885)
	at jakarta.servlet.http.HttpServlet.service(HttpServlet.java:658)
	at org.apache.catalina.core.ApplicationFilterChain.internalDoFilter(ApplicationFilterChain.java:195)
	at org.apache.catalina.core.ApplicationFilterChain.doFilter(ApplicationFilterChain.java:140)
	at org.apache.tomcat.websocket.server.WsFilter.doFilter(WsFilter.java:51)
	at org.apache.catalina.core.ApplicationFilterChain.internalDoFilter(ApplicationFilterChain.java:164)
	at org.apache.catalina.core.ApplicationFilterChain.doFilter(ApplicationFilterChain.java:140)
	at org.springframework.web.filter.RequestContextFilter.doFilterInternal(RequestContextFilter.java:100)
	at org.springframework.web.filter.OncePerRequestFilter.doFilter(OncePerRequestFilter.java:116)
	at org.apache.catalina.core.ApplicationFilterChain.internalDoFilter(ApplicationFilterChain.java:164)
	at org.apache.catalina.core.ApplicationFilterChain.doFilter(ApplicationFilterChain.java:140)
	at org.springframework.web.filter.FormContentFilter.doFilterInternal(FormContentFilter.java:93)
	at org.springframework.web.filter.OncePerRequestFilter.doFilter(OncePerRequestFilter.java:116)
	at org.apache.catalina.core.ApplicationFilterChain.internalDoFilter(ApplicationFilterChain.java:164)
	at org.apache.catalina.core.ApplicationFilterChain.doFilter(ApplicationFilterChain.java:140)
	at org.springframework.web.filter.CharacterEncodingFilter.doFilterInternal(CharacterEncodingFilter.java:201)
	at org.springframework.web.filter.OncePerRequestFilter.doFilter(OncePerRequestFilter.java:116)
	at org.apache.catalina.core.ApplicationFilterChain.internalDoFilter(ApplicationFilterChain.java:164)
	at org.apache.catalina.core.ApplicationFilterChain.doFilter(ApplicationFilterChain.java:140)
	at org.apache.catalina.core.StandardWrapperValve.invoke(StandardWrapperValve.java:167)
	at org.apache.catalina.core.StandardContextValve.invoke(StandardContextValve.java:90)
	at org.apache.catalina.authenticator.AuthenticatorBase.invoke(AuthenticatorBase.java:483)
	at org.apache.catalina.core.StandardHostValve.invoke(StandardHostValve.java:115)
	at org.apache.catalina.valves.ErrorReportValve.invoke(ErrorReportValve.java:93)
	at org.apache.catalina.core.StandardEngineValve.invoke(StandardEngineValve.java:74)
	at org.apache.catalina.connector.CoyoteAdapter.service(CoyoteAdapter.java:344)
	at org.apache.coyote.http11.Http11Processor.service(Http11Processor.java:397)
	at org.apache.coyote.AbstractProcessorLight.process(AbstractProcessorLight.java:63)
	at org.apache.coyote.AbstractProtocol$ConnectionHandler.process(AbstractProtocol.java:905)
	at org.apache.tomcat.util.net.NioEndpoint$SocketProcessor.doRun(NioEndpoint.java:1743)
	at org.apache.tomcat.util.net.SocketProcessorBase.run(SocketProcessorBase.java:52)
	at org.apache.tomcat.util.threads.ThreadPoolExecutor.runWorker(ThreadPoolExecutor.java:1190)
	at org.apache.tomcat.util.threads.ThreadPoolExecutor$Worker.run(ThreadPoolExecutor.java:659)
	at org.apache.tomcat.util.threads.TaskThread$WrappingRunnable.run(TaskThread.java:63)
	at java.base/java.lang.Thread.run(Thread.java:1583)
2025-03-14T15:34:52.702 [http-nio-8080-exec-2] ERROR o.s.b.a.w.s.e.ErrorMvcAutoConfiguration$StaticView - Cannot render error page for request [/codegroup/codeGroupXdmList] and exception [An error happened during template parsing (template: "class path resource [templates/xdm/codegroup/CodeGroupXdmList.html]")] as the response has already been committed. As a result, the response may have the wrong status code. 
2025-03-14T15:35:19.338 [http-nio-8080-exec-9] DEBUG j.sqltiming -  com.zaxxer.hikari.pool.ProxyPreparedStatement.execute(ProxyPreparedStatement.java:44)
121. Select count(*)
	from codegroup
 {executed in 2 msec} 
2025-03-14T15:35:19.338 [http-nio-8080-exec-9] INFO j.resultsettable - 
|---------|
|count(*) |
|---------|
|17       |
|---------|
 
2025-03-14T15:35:19.340 [http-nio-8080-exec-9] DEBUG j.sqltiming -  com.zaxxer.hikari.pool.ProxyPreparedStatement.execute(ProxyPreparedStatement.java:44)
121. select
			cgSeq,
			cgUse,
		    cgCode,
		    cgName,
		    cgCount,
		    cgOrder,
		    cgRegDate,
		    cgEdDate
		from
			codegroup
		where 1=1
		order by cgSeq desc
 {executed in 0 msec} 
2025-03-14T15:35:19.341 [http-nio-8080-exec-9] INFO j.resultsettable - 
|------|------|-------|----------------|--------|--------|----------|---------|
|cgseq |cguse |cgcode |cgname          |cgcount |cgorder |cgregdate |cgeddate |
|------|------|-------|----------------|--------|--------|----------|---------|
|42    |1     |null   |ㅓㅗㅓㅗ            |null    |33      |null      |null     |
|41    |0     |null   |ㅠㅠㅠㅠ            |null    |89      |null      |null     |
|40    |0     |null   |ㄴㄴㅁㅋ            |null    |5       |null      |null     |
|39    |0     |null   |gsdgdga         |null    |22      |null      |null     |
|38    |0     |null   |sdsa            |null    |2       |null      |null     |
|37    |0     |null   |아이우에오           |null    |7       |null      |null     |
|36    |1     |null   |가나다라마바사         |null    |2       |null      |null     |
|35    |1     |null   |ㄴㅇㅁㄹㄴㅇㄻㅇㄹㄴㅁ     |null    |1232    |null      |null     |
|34    |1     |null   |메롱              |null    |121     |null      |null     |
|33    |0     |null   |111111111111111 |null    |1111    |null      |null     |
|32    |1     |null   |asdfdfd         |null    |4       |null      |null     |
|31    |0     |null   |12111           |null    |323     |null      |null     |
|30    |1     |null   |하이              |null    |1       |null      |null     |
|29    |1     |null   |sassas          |null    |2121    |null      |null     |
|28    |1     |null   |sassas          |null    |2121    |null      |null     |
|27    |1     |null   |sassas          |null    |2121    |null      |null     |
|26    |1     |null   |sassas          |null    |2121    |null      |null     |
|------|------|-------|----------------|--------|--------|----------|---------|
 
2025-03-14T15:41:04.440 [http-nio-8080-exec-10] DEBUG j.sqltiming -  com.zaxxer.hikari.pool.ProxyPreparedStatement.execute(ProxyPreparedStatement.java:44)
121. Select count(*)
	from codegroup
 {executed in 3 msec} 
2025-03-14T15:41:04.441 [http-nio-8080-exec-10] INFO j.resultsettable - 
|---------|
|count(*) |
|---------|
|17       |
|---------|
 
2025-03-14T15:41:04.443 [http-nio-8080-exec-10] DEBUG j.sqltiming -  com.zaxxer.hikari.pool.ProxyPreparedStatement.execute(ProxyPreparedStatement.java:44)
121. select
			cgSeq,
			cgUse,
		    cgCode,
		    cgName,
		    cgCount,
		    cgOrder,
		    cgRegDate,
		    cgEdDate
		from
			codegroup
		where 1=1
		order by cgSeq desc
 {executed in 1 msec} 
2025-03-14T15:41:04.445 [http-nio-8080-exec-10] INFO j.resultsettable - 
|------|------|-------|----------------|--------|--------|----------|---------|
|cgseq |cguse |cgcode |cgname          |cgcount |cgorder |cgregdate |cgeddate |
|------|------|-------|----------------|--------|--------|----------|---------|
|42    |1     |null   |ㅓㅗㅓㅗ            |null    |33      |null      |null     |
|41    |0     |null   |ㅠㅠㅠㅠ            |null    |89      |null      |null     |
|40    |0     |null   |ㄴㄴㅁㅋ            |null    |5       |null      |null     |
|39    |0     |null   |gsdgdga         |null    |22      |null      |null     |
|38    |0     |null   |sdsa            |null    |2       |null      |null     |
|37    |0     |null   |아이우에오           |null    |7       |null      |null     |
|36    |1     |null   |가나다라마바사         |null    |2       |null      |null     |
|35    |1     |null   |ㄴㅇㅁㄹㄴㅇㄻㅇㄹㄴㅁ     |null    |1232    |null      |null     |
|34    |1     |null   |메롱              |null    |121     |null      |null     |
|33    |0     |null   |111111111111111 |null    |1111    |null      |null     |
|32    |1     |null   |asdfdfd         |null    |4       |null      |null     |
|31    |0     |null   |12111           |null    |323     |null      |null     |
|30    |1     |null   |하이              |null    |1       |null      |null     |
|29    |1     |null   |sassas          |null    |2121    |null      |null     |
|28    |1     |null   |sassas          |null    |2121    |null      |null     |
|27    |1     |null   |sassas          |null    |2121    |null      |null     |
|26    |1     |null   |sassas          |null    |2121    |null      |null     |
|------|------|-------|----------------|--------|--------|----------|---------|
 
