2025-04-04T17:07:22.340 [http-nio-8080-exec-9] DEBUG j.sqltiming -  com.zaxxer.hikari.pool.ProxyPreparedStatement.execute(ProxyPreparedStatement.java:44)
302. select
		cdName,
	    cdSeq
		from
			code
		where 1=1
			and codeGroup_cgSeq=1

		order by cdSeq desc
 {executed in 3 msec} 
2025-04-04T17:07:22.349 [http-nio-8080-exec-9] INFO j.resultsettable - 
|-------|------|
|cdname |cdseq |
|-------|------|
|-------|------|
 
2025-04-04T17:07:22.355 [http-nio-8080-exec-9] DEBUG j.sqltiming -  com.zaxxer.hikari.pool.ProxyPreparedStatement.execute(ProxyPreparedStatement.java:44)
302. select
		cdNameEng,
		cdSeq
		from
			code
		where 1=1
			and codeGroup_cgSeq=11
		order by cdSeq desc
 {executed in 2 msec} 
2025-04-04T17:07:22.368 [http-nio-8080-exec-9] INFO j.resultsettable - 
|----------|------|
|cdnameeng |cdseq |
|----------|------|
|----------|------|
 
2025-04-04T17:07:22.375 [http-nio-8080-exec-9] DEBUG j.sqltiming -  com.zaxxer.hikari.pool.ProxyPreparedStatement.execute(ProxyPreparedStatement.java:44)
302. select
		cdName,
	    cdSeq
	from
		code
	where 1=1
		and codeGroup_cgSeq=2
	order by cdSeq desc
 {executed in 3 msec} 
2025-04-04T17:07:22.376 [http-nio-8080-exec-9] INFO j.resultsettable - 
|-------|------|
|cdname |cdseq |
|-------|------|
|-------|------|
 
2025-04-04T17:08:25.973 [http-nio-8080-exec-9] DEBUG j.sqltiming -  com.zaxxer.hikari.pool.ProxyPreparedStatement.execute(ProxyPreparedStatement.java:44)
302. INSERT INTO user (
			urUse,
		    urDelNy,
		    urName,
		    urNickname,
		    urGender,
		    telecom,
		    phoneNumber,
		    urBirth,
		    urID,
			emailID,
		    email,
		    urPassword,
		    urRegTime
	) values (
		1,
		0,
		'베츠',
		'베츠',
		7,
		3,
		'01012345678',
		2025-03-31,
		'betts',
		'betts',
		'98',
		'12121212',
		NOW()
	)
 {executed in 17 msec} 
2025-04-04T17:08:25.977 [http-nio-8080-exec-9] DEBUG j.sqltiming -  com.zaxxer.hikari.pool.ProxyPreparedStatement.execute(ProxyPreparedStatement.java:44)
302. SELECT last_insert_id()
 {executed in 3 msec} 
2025-04-04T17:08:25.979 [http-nio-8080-exec-9] INFO j.resultsettable - 
|-----------------|
|last_insert_id() |
|-----------------|
|8                |
|-----------------|
 
2025-04-04T17:08:31.651 [http-nio-8080-exec-4] DEBUG j.sqltiming -  com.zaxxer.hikari.pool.ProxyPreparedStatement.execute(ProxyPreparedStatement.java:44)
302. SELECT
			urSeq,
		    urName,
		    urNickName,
		    urID,
		    urPassword,
		    urRegTime
		FROM
			user
		WHERE 1=1
			AND urID = 'ej'
			 AND urPassword = '1'
 {executed in 4 msec} 
2025-04-04T17:08:31.654 [http-nio-8080-exec-4] INFO j.resultsettable - 
|------|-------|-----------|-----|-----------|--------------------|
|urseq |urname |urnickname |urid |urpassword |urregtime           |
|------|-------|-----------|-----|-----------|--------------------|
|2     |이은준    |관리자        |ej   |1          |2025-03-28T11:37:15 |
|------|-------|-----------|-----|-----------|--------------------|
 
2025-04-04T17:08:31.689 [http-nio-8080-exec-8] DEBUG j.sqltiming -  com.zaxxer.hikari.pool.ProxyPreparedStatement.execute(ProxyPreparedStatement.java:44)
302. Select count(*)

			from
			codegroup as a 		
			where 1=1
		 AND a.cgUse = 1 
         AND a.cgdelNy = 0
 {executed in 2 msec} 
2025-04-04T17:08:31.693 [http-nio-8080-exec-8] INFO j.resultsettable - 
|---------|
|count(*) |
|---------|
|11       |
|---------|
 
2025-04-04T17:08:31.700 [http-nio-8080-exec-8] DEBUG j.sqltiming -  com.zaxxer.hikari.pool.ProxyPreparedStatement.execute(ProxyPreparedStatement.java:44)
302. select
			a.cgSeq,
			a.cgdelNy,
			a.cgUse,
		    a.cgName,
		    a.cgNameEng,
		    (select count(aa.cdSeq) from code aa where 1=1 and aa.cdDelNy = 0 and aa.codeGroup_cgSeq = a.cgSeq) as cdSeqCount,
		    a.cgOrder,
		    a.cgRegDate,
		    a.cgEdDate

			from
			codegroup as a 		
			where 1=1
		 AND a.cgUse = 1 
         AND a.cgdelNy = 0 

		order by cgSeq desc
		limit 5 offset 0
 {executed in 3 msec} 
2025-04-04T17:08:31.714 [http-nio-8080-exec-8] INFO j.resultsettable - 
|------|--------|------|-------|------------|-----------|--------|--------------------|---------|
|cgseq |cgdelny |cguse |cgname |cgnameeng   |cdseqcount |cgorder |cgregdate           |cgeddate |
|------|--------|------|-------|------------|-----------|--------|--------------------|---------|
|11    |0       |1     |이메일    |e-mail      |3          |1       |2025-04-01T19:50:09 |[null]   |
|10    |0       |1     |status |status      |2          |1       |2025-03-23T17:08:37 |[null]   |
|9     |0       |1     |이닝     |Inning      |40         |1       |2025-03-22T13:33:54 |[null]   |
|8     |0       |1     |국적     |Nationality |21         |1       |2025-03-22T10:51:18 |[null]   |
|7     |0       |1     |타      |Bat         |3          |1       |2025-03-21T17:26:47 |[null]   |
|------|--------|------|-------|------------|-----------|--------|--------------------|---------|
 
2025-04-04T17:08:34.138 [http-nio-8080-exec-3] DEBUG j.sqltiming -  com.zaxxer.hikari.pool.ProxyPreparedStatement.execute(ProxyPreparedStatement.java:44)
302. Select count(*)
	from 
	user
	where 1=1

		 AND urUse = 1 
         AND urDelNy = 0
 {executed in 3 msec} 
2025-04-04T17:08:34.142 [http-nio-8080-exec-3] INFO j.resultsettable - 
|---------|
|count(*) |
|---------|
|8        |
|---------|
 
2025-04-04T17:08:34.152 [http-nio-8080-exec-3] DEBUG j.sqltiming -  com.zaxxer.hikari.pool.ProxyPreparedStatement.execute(ProxyPreparedStatement.java:44)
302. select 
			urSeq,
		    urUse,
		    urDelNy,
		    urName,
		    urNickname,
		    urGender,
		    telecom,
		    phoneNumber,
		    urBirth,
		    urID,
		    emailID,
		    email,
		    urPassword,
		    urRegTime,
		    urModTime
		from user
		where 1=1 

		 AND urUse = 1 
         AND urDelNy = 0 

		order by urSeq desc
		limit 5 offset 0
 {executed in 4 msec} 
2025-04-04T17:08:34.167 [http-nio-8080-exec-3] INFO j.resultsettable - 
|------|------|--------|-------|-----------|---------|--------|------------|-----------|--------|--------|------|-----------|--------------------|----------|
|urseq |uruse |urdelny |urname |urnickname |urgender |telecom |phonenumber |urbirth    |urid    |emailid |email |urpassword |urregtime           |urmodtime |
|------|------|--------|-------|-----------|---------|--------|------------|-----------|--------|--------|------|-----------|--------------------|----------|
|8     |1     |0       |베츠     |베츠         |7        |3       |01012345678 |2025-03-31 |betts   |betts   |98    |12121212   |2025-04-04T17:08:25 |[null]    |
|7     |1     |0       |이연주    |쭈니마마       |8        |2       |01047191253 |1972-02-06 |kaos719 |kaos719 |96    |12121212   |2025-04-04T16:57:01 |[null]    |
|6     |1     |0       |이우범    |쭈니파파       |7        |2       |01076111235 |1974-03-12 |kaos399 |kaos399 |96    |12121212   |2025-04-04T16:53:49 |[null]    |
|5     |1     |0       |오타니    |쇼타임        |7        |5       |01012121215 |1993-07-08 |ohtani  |ohtani  |97    |121212     |2025-04-04T16:49:03 |[null]    |
|4     |1     |0       |트라웃    |트라우트       |8        |3       |01051515511 |1991-10-08 |trout   |trout   |98    |12121212   |2025-04-04T16:46:14 |[null]    |
|------|------|--------|-------|-----------|---------|--------|------------|-----------|--------|--------|------|-----------|--------------------|----------|
 
2025-04-04T17:08:44.377 [http-nio-8080-exec-3] DEBUG j.sqltiming -  com.zaxxer.hikari.pool.ProxyPreparedStatement.execute(ProxyPreparedStatement.java:44)
302. SELECT
			urSeq,
		    urName,
		    urNickName,
		    urID,
		    urPassword,
		    urRegTime
		FROM
			user
		WHERE 1=1
			AND urID = 'ej'
			 AND urPassword = '1'
 {executed in 4 msec} 
2025-04-04T17:08:44.386 [http-nio-8080-exec-3] INFO j.resultsettable - 
|------|-------|-----------|-----|-----------|--------------------|
|urseq |urname |urnickname |urid |urpassword |urregtime           |
|------|-------|-----------|-----|-----------|--------------------|
|2     |이은준    |관리자        |ej   |1          |2025-03-28T11:37:15 |
|------|-------|-----------|-----|-----------|--------------------|
 
2025-04-04T17:09:02.688 [http-nio-8080-exec-2] DEBUG j.sqltiming -  com.zaxxer.hikari.pool.ProxyPreparedStatement.execute(ProxyPreparedStatement.java:44)
302. SELECT
			urSeq,
		    urName,
		    urNickName,
		    urID,
		    urPassword,
		    urRegTime
		FROM
			user
		WHERE 1=1
			AND urID = 'ej'
			 AND urPassword = '1kgufytfyu'
 {executed in 3 msec} 
2025-04-04T17:09:02.691 [http-nio-8080-exec-2] INFO j.resultsettable - 
|------|-------|-----------|-----|-----------|----------|
|urseq |urname |urnickname |urid |urpassword |urregtime |
|------|-------|-----------|-----|-----------|----------|
|------|-------|-----------|-----|-----------|----------|
 
2025-04-04T17:09:13.454 [http-nio-8080-exec-4] DEBUG j.sqltiming -  com.zaxxer.hikari.pool.ProxyPreparedStatement.execute(ProxyPreparedStatement.java:44)
302. SELECT
			urSeq,
		    urName,
		    urNickName,
		    urID,
		    urPassword,
		    urRegTime
		FROM
			user
		WHERE 1=1
			AND urID = 'ej'
			 AND urPassword = '1kgufytfyu'
 {executed in 2 msec} 
2025-04-04T17:09:13.455 [http-nio-8080-exec-4] INFO j.resultsettable - 
|------|-------|-----------|-----|-----------|----------|
|urseq |urname |urnickname |urid |urpassword |urregtime |
|------|-------|-----------|-----|-----------|----------|
|------|-------|-----------|-----|-----------|----------|
 
2025-04-04T17:11:31.617 [http-nio-8080-exec-8] DEBUG j.sqltiming -  com.zaxxer.hikari.pool.ProxyPreparedStatement.execute(ProxyPreparedStatement.java:44)
302. SELECT
			urSeq,
		    urName,
		    urNickName,
		    urID,
		    urPassword,
		    urRegTime
		FROM
			user
		WHERE 1=1
			AND urID = 'ej'
			 AND urPassword = '1AS'
 {executed in 2 msec} 
2025-04-04T17:11:31.618 [http-nio-8080-exec-8] INFO j.resultsettable - 
|------|-------|-----------|-----|-----------|----------|
|urseq |urname |urnickname |urid |urpassword |urregtime |
|------|-------|-----------|-----|-----------|----------|
|------|-------|-----------|-----|-----------|----------|
 
