2025-04-04T12:02:07.190 [http-nio-8080-exec-1] INFO o.a.c.c.C.[.[.[/] - Initializing Spring DispatcherServlet 'dispatcherServlet' 
2025-04-04T12:02:07.193 [http-nio-8080-exec-1] INFO o.s.w.s.DispatcherServlet - Initializing Servlet 'dispatcherServlet' 
2025-04-04T12:02:07.202 [http-nio-8080-exec-1] INFO o.s.w.s.DispatcherServlet - Completed initialization in 8 ms 
2025-04-04T12:02:07.226 [http-nio-8080-exec-1] DEBUG j.sqltiming -  com.zaxxer.hikari.pool.ProxyPreparedStatement.execute(ProxyPreparedStatement.java:44)
51. select
		cdName,
	    cdSeq
		from
			code
		where 1=1
			and codeGroup_cgSeq=1

		order by cdSeq desc
 {executed in 2 msec} 
2025-04-04T12:02:07.229 [http-nio-8080-exec-1] INFO j.resultsettable - 
|-------|------|
|cdname |cdseq |
|-------|------|
|-------|------|
 
2025-04-04T12:02:07.235 [http-nio-8080-exec-1] DEBUG j.sqltiming -  com.zaxxer.hikari.pool.ProxyPreparedStatement.execute(ProxyPreparedStatement.java:44)
51. select
		cdNameEng,
		cdSeq
		from
			code
		where 1=1
			and codeGroup_cgSeq=11
		order by cdSeq desc
 {executed in 2 msec} 
2025-04-04T12:02:07.236 [http-nio-8080-exec-1] INFO j.resultsettable - 
|----------|------|
|cdnameeng |cdseq |
|----------|------|
|----------|------|
 
2025-04-04T12:02:07.240 [http-nio-8080-exec-1] DEBUG j.sqltiming -  com.zaxxer.hikari.pool.ProxyPreparedStatement.execute(ProxyPreparedStatement.java:44)
51. select
		cdName,
	    cdSeq
	from
		code
	where 1=1
		and codeGroup_cgSeq=2
	order by cdSeq desc
 {executed in 2 msec} 
2025-04-04T12:02:07.243 [http-nio-8080-exec-1] INFO j.resultsettable - 
|-------|------|
|cdname |cdseq |
|-------|------|
|-------|------|
 
2025-04-04T12:03:32.489 [http-nio-8080-exec-5] DEBUG j.sqltiming -  com.zaxxer.hikari.pool.ProxyPreparedStatement.execute(ProxyPreparedStatement.java:44)
51. select
		cdName,
	    cdSeq
		from
			code
		where 1=1
			and codeGroup_cgSeq=1

		order by cdSeq desc
 {executed in 2 msec} 
2025-04-04T12:03:32.492 [http-nio-8080-exec-5] INFO j.resultsettable - 
|-------|------|
|cdname |cdseq |
|-------|------|
|-------|------|
 
2025-04-04T12:03:32.497 [http-nio-8080-exec-5] DEBUG j.sqltiming -  com.zaxxer.hikari.pool.ProxyPreparedStatement.execute(ProxyPreparedStatement.java:44)
51. select
		cdNameEng,
		cdSeq
		from
			code
		where 1=1
			and codeGroup_cgSeq=11
		order by cdSeq desc
 {executed in 2 msec} 
2025-04-04T12:03:32.501 [http-nio-8080-exec-5] INFO j.resultsettable - 
|----------|------|
|cdnameeng |cdseq |
|----------|------|
|----------|------|
 
2025-04-04T12:03:32.507 [http-nio-8080-exec-5] DEBUG j.sqltiming -  com.zaxxer.hikari.pool.ProxyPreparedStatement.execute(ProxyPreparedStatement.java:44)
51. select
		cdName,
	    cdSeq
	from
		code
	where 1=1
		and codeGroup_cgSeq=2
	order by cdSeq desc
 {executed in 2 msec} 
2025-04-04T12:03:32.508 [http-nio-8080-exec-5] INFO j.resultsettable - 
|-------|------|
|cdname |cdseq |
|-------|------|
|-------|------|
 
2025-04-04T12:04:12.020 [http-nio-8080-exec-8] DEBUG j.sqltiming -  com.zaxxer.hikari.pool.ProxyPreparedStatement.execute(ProxyPreparedStatement.java:44)
51. select
		cdName,
	    cdSeq
		from
			code
		where 1=1
			and codeGroup_cgSeq=1

		order by cdSeq desc
 {executed in 2 msec} 
2025-04-04T12:04:12.021 [http-nio-8080-exec-8] INFO j.resultsettable - 
|-------|------|
|cdname |cdseq |
|-------|------|
|-------|------|
 
2025-04-04T12:04:12.027 [http-nio-8080-exec-8] DEBUG j.sqltiming -  com.zaxxer.hikari.pool.ProxyPreparedStatement.execute(ProxyPreparedStatement.java:44)
51. select
		cdNameEng,
		cdSeq
		from
			code
		where 1=1
			and codeGroup_cgSeq=11
		order by cdSeq desc
 {executed in 3 msec} 
2025-04-04T12:04:12.029 [http-nio-8080-exec-8] INFO j.resultsettable - 
|----------|------|
|cdnameeng |cdseq |
|----------|------|
|----------|------|
 
2025-04-04T12:04:12.034 [http-nio-8080-exec-8] DEBUG j.sqltiming -  com.zaxxer.hikari.pool.ProxyPreparedStatement.execute(ProxyPreparedStatement.java:44)
51. select
		cdName,
	    cdSeq
	from
		code
	where 1=1
		and codeGroup_cgSeq=2
	order by cdSeq desc
 {executed in 4 msec} 
2025-04-04T12:04:12.036 [http-nio-8080-exec-8] INFO j.resultsettable - 
|-------|------|
|cdname |cdseq |
|-------|------|
|-------|------|
 
2025-04-04T12:35:10.927 [http-nio-8080-exec-10] DEBUG j.sqltiming -  com.zaxxer.hikari.pool.ProxyPreparedStatement.execute(ProxyPreparedStatement.java:44)
61. select
		cdName,
	    cdSeq
		from
			code
		where 1=1
			and codeGroup_cgSeq=1

		order by cdSeq desc
 {executed in 2 msec} 
2025-04-04T12:35:10.929 [http-nio-8080-exec-10] INFO j.resultsettable - 
|-------|------|
|cdname |cdseq |
|-------|------|
|-------|------|
 
2025-04-04T12:35:10.932 [http-nio-8080-exec-10] DEBUG j.sqltiming -  com.zaxxer.hikari.pool.ProxyPreparedStatement.execute(ProxyPreparedStatement.java:44)
61. select
		cdNameEng,
		cdSeq
		from
			code
		where 1=1
			and codeGroup_cgSeq=11
		order by cdSeq desc
 {executed in 1 msec} 
2025-04-04T12:35:10.933 [http-nio-8080-exec-10] INFO j.resultsettable - 
|----------|------|
|cdnameeng |cdseq |
|----------|------|
|----------|------|
 
2025-04-04T12:35:10.935 [http-nio-8080-exec-10] DEBUG j.sqltiming -  com.zaxxer.hikari.pool.ProxyPreparedStatement.execute(ProxyPreparedStatement.java:44)
61. select
		cdName,
	    cdSeq
	from
		code
	where 1=1
		and codeGroup_cgSeq=2
	order by cdSeq desc
 {executed in 1 msec} 
2025-04-04T12:35:10.936 [http-nio-8080-exec-10] INFO j.resultsettable - 
|-------|------|
|cdname |cdseq |
|-------|------|
|-------|------|
 
2025-04-04T12:35:10.963 [http-nio-8080-exec-10] ERROR o.t.TemplateEngine - [THYMELEAF][http-nio-8080-exec-10] Exception processing template "hof/user/baseball-register": An error happened during template parsing (template: "class path resource [templates/hof/user/baseball-register.html]" - line 54, col 55) 
org.thymeleaf.exceptions.TemplateInputException: An error happened during template parsing (template: "class path resource [templates/hof/user/baseball-register.html]" - line 54, col 55)
	at org.thymeleaf.templateparser.markup.AbstractMarkupTemplateParser.parse(AbstractMarkupTemplateParser.java:239)
	at org.thymeleaf.templateparser.markup.AbstractMarkupTemplateParser.parseStandalone(AbstractMarkupTemplateParser.java:100)
	at org.thymeleaf.engine.TemplateManager.parseAndProcess(TemplateManager.java:666)
	at org.thymeleaf.TemplateEngine.process(TemplateEngine.java:1103)
	at org.thymeleaf.TemplateEngine.process(TemplateEngine.java:1077)
	at org.thymeleaf.spring6.view.ThymeleafView.renderFragment(ThymeleafView.java:372)
	at org.thymeleaf.spring6.view.ThymeleafView.render(ThymeleafView.java:192)
	at org.springframework.web.servlet.DispatcherServlet.render(DispatcherServlet.java:1435)
	at org.springframework.web.servlet.DispatcherServlet.processDispatchResult(DispatcherServlet.java:1167)
	at org.springframework.web.servlet.DispatcherServlet.doDispatch(DispatcherServlet.java:1105)
	at org.springframework.web.servlet.DispatcherServlet.doService(DispatcherServlet.java:978)
	at org.springframework.web.servlet.FrameworkServlet.processRequest(FrameworkServlet.java:1014)
	at org.springframework.web.servlet.FrameworkServlet.doGet(FrameworkServlet.java:903)
	at jakarta.servlet.http.HttpServlet.service(HttpServlet.java:564)
	at org.springframework.web.servlet.FrameworkServlet.service(FrameworkServlet.java:885)
	at jakarta.servlet.http.HttpServlet.service(HttpServlet.java:658)
	at org.apache.catalina.core.ApplicationFilterChain.internalDoFilter(ApplicationFilterChain.java:195)
	at org.apache.catalina.core.ApplicationFilterChain.doFilter(ApplicationFilterChain.java:140)
	at org.apache.tomcat.websocket.server.WsFilter.doFilter(WsFilter.java:51)
	at org.apache.catalina.core.ApplicationFilterChain.internalDoFilter(ApplicationFilterChain.java:164)
	at org.apache.catalina.core.ApplicationFilterChain.doFilter(ApplicationFilterChain.java:140)
	at org.springframework.web.filter.RequestContextFilter.doFilterInternal(RequestContextFilter.java:100)
	at org.springframework.web.filter.OncePerRequestFilter.doFilter(OncePerRequestFilter.java:116)
	at org.apache.catalina.core.ApplicationFilterChain.internalDoFilter(ApplicationFilterChain.java:164)
	at org.apache.catalina.core.ApplicationFilterChain.doFilter(ApplicationFilterChain.java:140)
	at org.springframework.web.filter.FormContentFilter.doFilterInternal(FormContentFilter.java:93)
	at org.springframework.web.filter.OncePerRequestFilter.doFilter(OncePerRequestFilter.java:116)
	at org.apache.catalina.core.ApplicationFilterChain.internalDoFilter(ApplicationFilterChain.java:164)
	at org.apache.catalina.core.ApplicationFilterChain.doFilter(ApplicationFilterChain.java:140)
	at org.springframework.web.filter.CharacterEncodingFilter.doFilterInternal(CharacterEncodingFilter.java:201)
	at org.springframework.web.filter.OncePerRequestFilter.doFilter(OncePerRequestFilter.java:116)
	at org.apache.catalina.core.ApplicationFilterChain.internalDoFilter(ApplicationFilterChain.java:164)
	at org.apache.catalina.core.ApplicationFilterChain.doFilter(ApplicationFilterChain.java:140)
	at org.apache.catalina.core.StandardWrapperValve.invoke(StandardWrapperValve.java:167)
	at org.apache.catalina.core.StandardContextValve.invoke(StandardContextValve.java:90)
	at org.apache.catalina.authenticator.AuthenticatorBase.invoke(AuthenticatorBase.java:483)
	at org.apache.catalina.core.StandardHostValve.invoke(StandardHostValve.java:115)
	at org.apache.catalina.valves.ErrorReportValve.invoke(ErrorReportValve.java:93)
	at org.apache.catalina.core.StandardEngineValve.invoke(StandardEngineValve.java:74)
	at org.apache.catalina.connector.CoyoteAdapter.service(CoyoteAdapter.java:344)
	at org.apache.coyote.http11.Http11Processor.service(Http11Processor.java:397)
	at org.apache.coyote.AbstractProcessorLight.process(AbstractProcessorLight.java:63)
	at org.apache.coyote.AbstractProtocol$ConnectionHandler.process(AbstractProtocol.java:905)
	at org.apache.tomcat.util.net.NioEndpoint$SocketProcessor.doRun(NioEndpoint.java:1743)
	at org.apache.tomcat.util.net.SocketProcessorBase.run(SocketProcessorBase.java:52)
	at org.apache.tomcat.util.threads.ThreadPoolExecutor.runWorker(ThreadPoolExecutor.java:1190)
	at org.apache.tomcat.util.threads.ThreadPoolExecutor$Worker.run(ThreadPoolExecutor.java:659)
	at org.apache.tomcat.util.threads.TaskThread$WrappingRunnable.run(TaskThread.java:63)
	at java.base/java.lang.Thread.run(Thread.java:1583)
Caused by: org.attoparser.ParseException: (Line = 54, Column = 55) Malformed markup: Attribute "class" appears more than once in element
	at org.attoparser.MarkupEventProcessorHandler.handleAttribute(MarkupEventProcessorHandler.java:549)
	at org.attoparser.ParsingAttributeSequenceUtil.parseAttributeSequence(ParsingAttributeSequenceUtil.java:300)
	at org.attoparser.ParsingElementMarkupUtil.parseOpenElement(ParsingElementMarkupUtil.java:153)
	at org.attoparser.MarkupParser.parseBuffer(MarkupParser.java:710)
	at org.attoparser.MarkupParser.parseDocument(MarkupParser.java:301)
	at org.attoparser.MarkupParser.parse(MarkupParser.java:257)
	at org.thymeleaf.templateparser.markup.AbstractMarkupTemplateParser.parse(AbstractMarkupTemplateParser.java:230)
	... 48 common frames omitted
2025-04-04T12:35:10.967 [http-nio-8080-exec-10] ERROR o.a.c.c.C.[.[.[.[dispatcherServlet] - Servlet.service() for servlet [dispatcherServlet] in context with path [] threw exception [Request processing failed: org.thymeleaf.exceptions.TemplateInputException: An error happened during template parsing (template: "class path resource [templates/hof/user/baseball-register.html]" - line 54, col 55)] with root cause 
org.attoparser.ParseException: (Line = 54, Column = 55) Malformed markup: Attribute "class" appears more than once in element
	at org.attoparser.MarkupEventProcessorHandler.handleAttribute(MarkupEventProcessorHandler.java:549)
	at org.attoparser.ParsingAttributeSequenceUtil.parseAttributeSequence(ParsingAttributeSequenceUtil.java:300)
	at org.attoparser.ParsingElementMarkupUtil.parseOpenElement(ParsingElementMarkupUtil.java:153)
	at org.attoparser.MarkupParser.parseBuffer(MarkupParser.java:710)
	at org.attoparser.MarkupParser.parseDocument(MarkupParser.java:301)
	at org.attoparser.MarkupParser.parse(MarkupParser.java:257)
	at org.thymeleaf.templateparser.markup.AbstractMarkupTemplateParser.parse(AbstractMarkupTemplateParser.java:230)
	at org.thymeleaf.templateparser.markup.AbstractMarkupTemplateParser.parseStandalone(AbstractMarkupTemplateParser.java:100)
	at org.thymeleaf.engine.TemplateManager.parseAndProcess(TemplateManager.java:666)
	at org.thymeleaf.TemplateEngine.process(TemplateEngine.java:1103)
	at org.thymeleaf.TemplateEngine.process(TemplateEngine.java:1077)
	at org.thymeleaf.spring6.view.ThymeleafView.renderFragment(ThymeleafView.java:372)
	at org.thymeleaf.spring6.view.ThymeleafView.render(ThymeleafView.java:192)
	at org.springframework.web.servlet.DispatcherServlet.render(DispatcherServlet.java:1435)
	at org.springframework.web.servlet.DispatcherServlet.processDispatchResult(DispatcherServlet.java:1167)
	at org.springframework.web.servlet.DispatcherServlet.doDispatch(DispatcherServlet.java:1105)
	at org.springframework.web.servlet.DispatcherServlet.doService(DispatcherServlet.java:978)
	at org.springframework.web.servlet.FrameworkServlet.processRequest(FrameworkServlet.java:1014)
	at org.springframework.web.servlet.FrameworkServlet.doGet(FrameworkServlet.java:903)
	at jakarta.servlet.http.HttpServlet.service(HttpServlet.java:564)
	at org.springframework.web.servlet.FrameworkServlet.service(FrameworkServlet.java:885)
	at jakarta.servlet.http.HttpServlet.service(HttpServlet.java:658)
	at org.apache.catalina.core.ApplicationFilterChain.internalDoFilter(ApplicationFilterChain.java:195)
	at org.apache.catalina.core.ApplicationFilterChain.doFilter(ApplicationFilterChain.java:140)
	at org.apache.tomcat.websocket.server.WsFilter.doFilter(WsFilter.java:51)
	at org.apache.catalina.core.ApplicationFilterChain.internalDoFilter(ApplicationFilterChain.java:164)
	at org.apache.catalina.core.ApplicationFilterChain.doFilter(ApplicationFilterChain.java:140)
	at org.springframework.web.filter.RequestContextFilter.doFilterInternal(RequestContextFilter.java:100)
	at org.springframework.web.filter.OncePerRequestFilter.doFilter(OncePerRequestFilter.java:116)
	at org.apache.catalina.core.ApplicationFilterChain.internalDoFilter(ApplicationFilterChain.java:164)
	at org.apache.catalina.core.ApplicationFilterChain.doFilter(ApplicationFilterChain.java:140)
	at org.springframework.web.filter.FormContentFilter.doFilterInternal(FormContentFilter.java:93)
	at org.springframework.web.filter.OncePerRequestFilter.doFilter(OncePerRequestFilter.java:116)
	at org.apache.catalina.core.ApplicationFilterChain.internalDoFilter(ApplicationFilterChain.java:164)
	at org.apache.catalina.core.ApplicationFilterChain.doFilter(ApplicationFilterChain.java:140)
	at org.springframework.web.filter.CharacterEncodingFilter.doFilterInternal(CharacterEncodingFilter.java:201)
	at org.springframework.web.filter.OncePerRequestFilter.doFilter(OncePerRequestFilter.java:116)
	at org.apache.catalina.core.ApplicationFilterChain.internalDoFilter(ApplicationFilterChain.java:164)
	at org.apache.catalina.core.ApplicationFilterChain.doFilter(ApplicationFilterChain.java:140)
	at org.apache.catalina.core.StandardWrapperValve.invoke(StandardWrapperValve.java:167)
	at org.apache.catalina.core.StandardContextValve.invoke(StandardContextValve.java:90)
	at org.apache.catalina.authenticator.AuthenticatorBase.invoke(AuthenticatorBase.java:483)
	at org.apache.catalina.core.StandardHostValve.invoke(StandardHostValve.java:115)
	at org.apache.catalina.valves.ErrorReportValve.invoke(ErrorReportValve.java:93)
	at org.apache.catalina.core.StandardEngineValve.invoke(StandardEngineValve.java:74)
	at org.apache.catalina.connector.CoyoteAdapter.service(CoyoteAdapter.java:344)
	at org.apache.coyote.http11.Http11Processor.service(Http11Processor.java:397)
	at org.apache.coyote.AbstractProcessorLight.process(AbstractProcessorLight.java:63)
	at org.apache.coyote.AbstractProtocol$ConnectionHandler.process(AbstractProtocol.java:905)
	at org.apache.tomcat.util.net.NioEndpoint$SocketProcessor.doRun(NioEndpoint.java:1743)
	at org.apache.tomcat.util.net.SocketProcessorBase.run(SocketProcessorBase.java:52)
	at org.apache.tomcat.util.threads.ThreadPoolExecutor.runWorker(ThreadPoolExecutor.java:1190)
	at org.apache.tomcat.util.threads.ThreadPoolExecutor$Worker.run(ThreadPoolExecutor.java:659)
	at org.apache.tomcat.util.threads.TaskThread$WrappingRunnable.run(TaskThread.java:63)
	at java.base/java.lang.Thread.run(Thread.java:1583)
2025-04-04T12:35:11.034 [http-nio-8080-exec-10] ERROR o.s.b.a.w.s.e.ErrorMvcAutoConfiguration$StaticView - Cannot render error page for request [/hof/hofRegister] and exception [An error happened during template parsing (template: "class path resource [templates/hof/user/baseball-register.html]" - line 54, col 55)] as the response has already been committed. As a result, the response may have the wrong status code. 
2025-04-04T12:35:26.148 [http-nio-8080-exec-8] DEBUG j.sqltiming -  com.zaxxer.hikari.pool.ProxyPreparedStatement.execute(ProxyPreparedStatement.java:44)
61. select
		cdName,
	    cdSeq
		from
			code
		where 1=1
			and codeGroup_cgSeq=1

		order by cdSeq desc
 {executed in 3 msec} 
2025-04-04T12:35:26.149 [http-nio-8080-exec-8] INFO j.resultsettable - 
|-------|------|
|cdname |cdseq |
|-------|------|
|-------|------|
 
2025-04-04T12:35:26.151 [http-nio-8080-exec-8] DEBUG j.sqltiming -  com.zaxxer.hikari.pool.ProxyPreparedStatement.execute(ProxyPreparedStatement.java:44)
61. select
		cdNameEng,
		cdSeq
		from
			code
		where 1=1
			and codeGroup_cgSeq=11
		order by cdSeq desc
 {executed in 1 msec} 
2025-04-04T12:35:26.153 [http-nio-8080-exec-8] INFO j.resultsettable - 
|----------|------|
|cdnameeng |cdseq |
|----------|------|
|----------|------|
 
2025-04-04T12:35:26.156 [http-nio-8080-exec-8] DEBUG j.sqltiming -  com.zaxxer.hikari.pool.ProxyPreparedStatement.execute(ProxyPreparedStatement.java:44)
61. select
		cdName,
	    cdSeq
	from
		code
	where 1=1
		and codeGroup_cgSeq=2
	order by cdSeq desc
 {executed in 1 msec} 
2025-04-04T12:35:26.156 [http-nio-8080-exec-8] INFO j.resultsettable - 
|-------|------|
|cdname |cdseq |
|-------|------|
|-------|------|
 
2025-04-04T12:36:11.958 [http-nio-8080-exec-5] DEBUG j.sqltiming -  com.zaxxer.hikari.pool.ProxyPreparedStatement.execute(ProxyPreparedStatement.java:44)
61. select
		cdName,
	    cdSeq
		from
			code
		where 1=1
			and codeGroup_cgSeq=1

		order by cdSeq desc
 {executed in 1 msec} 
2025-04-04T12:36:11.959 [http-nio-8080-exec-5] INFO j.resultsettable - 
|-------|------|
|cdname |cdseq |
|-------|------|
|-------|------|
 
2025-04-04T12:36:11.962 [http-nio-8080-exec-5] DEBUG j.sqltiming -  com.zaxxer.hikari.pool.ProxyPreparedStatement.execute(ProxyPreparedStatement.java:44)
61. select
		cdNameEng,
		cdSeq
		from
			code
		where 1=1
			and codeGroup_cgSeq=11
		order by cdSeq desc
 {executed in 2 msec} 
2025-04-04T12:36:11.963 [http-nio-8080-exec-5] INFO j.resultsettable - 
|----------|------|
|cdnameeng |cdseq |
|----------|------|
|----------|------|
 
2025-04-04T12:36:11.966 [http-nio-8080-exec-5] DEBUG j.sqltiming -  com.zaxxer.hikari.pool.ProxyPreparedStatement.execute(ProxyPreparedStatement.java:44)
61. select
		cdName,
	    cdSeq
	from
		code
	where 1=1
		and codeGroup_cgSeq=2
	order by cdSeq desc
 {executed in 2 msec} 
2025-04-04T12:36:11.967 [http-nio-8080-exec-5] INFO j.resultsettable - 
|-------|------|
|cdname |cdseq |
|-------|------|
|-------|------|
 
2025-04-04T12:36:43.259 [http-nio-8080-exec-1] DEBUG j.sqltiming -  com.zaxxer.hikari.pool.ProxyPreparedStatement.execute(ProxyPreparedStatement.java:44)
61. select
		cdName,
	    cdSeq
		from
			code
		where 1=1
			and codeGroup_cgSeq=1

		order by cdSeq desc
 {executed in 1 msec} 
2025-04-04T12:36:43.260 [http-nio-8080-exec-1] INFO j.resultsettable - 
|-------|------|
|cdname |cdseq |
|-------|------|
|-------|------|
 
2025-04-04T12:36:43.263 [http-nio-8080-exec-1] DEBUG j.sqltiming -  com.zaxxer.hikari.pool.ProxyPreparedStatement.execute(ProxyPreparedStatement.java:44)
61. select
		cdNameEng,
		cdSeq
		from
			code
		where 1=1
			and codeGroup_cgSeq=11
		order by cdSeq desc
 {executed in 1 msec} 
2025-04-04T12:36:43.263 [http-nio-8080-exec-1] INFO j.resultsettable - 
|----------|------|
|cdnameeng |cdseq |
|----------|------|
|----------|------|
 
2025-04-04T12:36:43.266 [http-nio-8080-exec-1] DEBUG j.sqltiming -  com.zaxxer.hikari.pool.ProxyPreparedStatement.execute(ProxyPreparedStatement.java:44)
61. select
		cdName,
	    cdSeq
	from
		code
	where 1=1
		and codeGroup_cgSeq=2
	order by cdSeq desc
 {executed in 1 msec} 
2025-04-04T12:36:43.267 [http-nio-8080-exec-1] INFO j.resultsettable - 
|-------|------|
|cdname |cdseq |
|-------|------|
|-------|------|
 
2025-04-04T12:37:44.834 [http-nio-8080-exec-8] DEBUG j.sqltiming -  com.zaxxer.hikari.pool.ProxyPreparedStatement.execute(ProxyPreparedStatement.java:44)
61. select
		cdName,
	    cdSeq
		from
			code
		where 1=1
			and codeGroup_cgSeq=1

		order by cdSeq desc
 {executed in 1 msec} 
2025-04-04T12:37:44.835 [http-nio-8080-exec-8] INFO j.resultsettable - 
|-------|------|
|cdname |cdseq |
|-------|------|
|-------|------|
 
2025-04-04T12:37:44.838 [http-nio-8080-exec-8] DEBUG j.sqltiming -  com.zaxxer.hikari.pool.ProxyPreparedStatement.execute(ProxyPreparedStatement.java:44)
61. select
		cdNameEng,
		cdSeq
		from
			code
		where 1=1
			and codeGroup_cgSeq=11
		order by cdSeq desc
 {executed in 2 msec} 
2025-04-04T12:37:44.839 [http-nio-8080-exec-8] INFO j.resultsettable - 
|----------|------|
|cdnameeng |cdseq |
|----------|------|
|----------|------|
 
2025-04-04T12:37:44.841 [http-nio-8080-exec-8] DEBUG j.sqltiming -  com.zaxxer.hikari.pool.ProxyPreparedStatement.execute(ProxyPreparedStatement.java:44)
61. select
		cdName,
	    cdSeq
	from
		code
	where 1=1
		and codeGroup_cgSeq=2
	order by cdSeq desc
 {executed in 1 msec} 
2025-04-04T12:37:44.843 [http-nio-8080-exec-8] INFO j.resultsettable - 
|-------|------|
|cdname |cdseq |
|-------|------|
|-------|------|
 
2025-04-04T12:38:08.061 [http-nio-8080-exec-7] DEBUG j.sqltiming -  com.zaxxer.hikari.pool.ProxyPreparedStatement.execute(ProxyPreparedStatement.java:44)
61. select
		cdName,
	    cdSeq
		from
			code
		where 1=1
			and codeGroup_cgSeq=1

		order by cdSeq desc
 {executed in 1 msec} 
2025-04-04T12:38:08.063 [http-nio-8080-exec-7] INFO j.resultsettable - 
|-------|------|
|cdname |cdseq |
|-------|------|
|-------|------|
 
2025-04-04T12:38:08.066 [http-nio-8080-exec-7] DEBUG j.sqltiming -  com.zaxxer.hikari.pool.ProxyPreparedStatement.execute(ProxyPreparedStatement.java:44)
61. select
		cdNameEng,
		cdSeq
		from
			code
		where 1=1
			and codeGroup_cgSeq=11
		order by cdSeq desc
 {executed in 1 msec} 
2025-04-04T12:38:08.067 [http-nio-8080-exec-7] INFO j.resultsettable - 
|----------|------|
|cdnameeng |cdseq |
|----------|------|
|----------|------|
 
2025-04-04T12:38:08.070 [http-nio-8080-exec-7] DEBUG j.sqltiming -  com.zaxxer.hikari.pool.ProxyPreparedStatement.execute(ProxyPreparedStatement.java:44)
61. select
		cdName,
	    cdSeq
	from
		code
	where 1=1
		and codeGroup_cgSeq=2
	order by cdSeq desc
 {executed in 1 msec} 
2025-04-04T12:38:08.070 [http-nio-8080-exec-7] INFO j.resultsettable - 
|-------|------|
|cdname |cdseq |
|-------|------|
|-------|------|
 
2025-04-04T12:38:22.858 [http-nio-8080-exec-1] DEBUG j.sqltiming -  com.zaxxer.hikari.pool.ProxyPreparedStatement.execute(ProxyPreparedStatement.java:44)
61. select
		cdName,
	    cdSeq
		from
			code
		where 1=1
			and codeGroup_cgSeq=1

		order by cdSeq desc
 {executed in 1 msec} 
2025-04-04T12:38:22.859 [http-nio-8080-exec-1] INFO j.resultsettable - 
|-------|------|
|cdname |cdseq |
|-------|------|
|-------|------|
 
2025-04-04T12:38:22.862 [http-nio-8080-exec-1] DEBUG j.sqltiming -  com.zaxxer.hikari.pool.ProxyPreparedStatement.execute(ProxyPreparedStatement.java:44)
61. select
		cdNameEng,
		cdSeq
		from
			code
		where 1=1
			and codeGroup_cgSeq=11
		order by cdSeq desc
 {executed in 2 msec} 
2025-04-04T12:38:22.862 [http-nio-8080-exec-1] INFO j.resultsettable - 
|----------|------|
|cdnameeng |cdseq |
|----------|------|
|----------|------|
 
2025-04-04T12:38:22.865 [http-nio-8080-exec-1] DEBUG j.sqltiming -  com.zaxxer.hikari.pool.ProxyPreparedStatement.execute(ProxyPreparedStatement.java:44)
61. select
		cdName,
	    cdSeq
	from
		code
	where 1=1
		and codeGroup_cgSeq=2
	order by cdSeq desc
 {executed in 2 msec} 
2025-04-04T12:38:22.867 [http-nio-8080-exec-1] INFO j.resultsettable - 
|-------|------|
|cdname |cdseq |
|-------|------|
|-------|------|
 
2025-04-04T12:38:46.711 [http-nio-8080-exec-5] DEBUG j.sqltiming -  com.zaxxer.hikari.pool.ProxyPreparedStatement.execute(ProxyPreparedStatement.java:44)
61. select
		cdName,
	    cdSeq
		from
			code
		where 1=1
			and codeGroup_cgSeq=1

		order by cdSeq desc
 {executed in 1 msec} 
2025-04-04T12:38:46.712 [http-nio-8080-exec-5] INFO j.resultsettable - 
|-------|------|
|cdname |cdseq |
|-------|------|
|-------|------|
 
2025-04-04T12:38:46.715 [http-nio-8080-exec-5] DEBUG j.sqltiming -  com.zaxxer.hikari.pool.ProxyPreparedStatement.execute(ProxyPreparedStatement.java:44)
61. select
		cdNameEng,
		cdSeq
		from
			code
		where 1=1
			and codeGroup_cgSeq=11
		order by cdSeq desc
 {executed in 1 msec} 
2025-04-04T12:38:46.715 [http-nio-8080-exec-5] INFO j.resultsettable - 
|----------|------|
|cdnameeng |cdseq |
|----------|------|
|----------|------|
 
2025-04-04T12:38:46.717 [http-nio-8080-exec-5] DEBUG j.sqltiming -  com.zaxxer.hikari.pool.ProxyPreparedStatement.execute(ProxyPreparedStatement.java:44)
61. select
		cdName,
	    cdSeq
	from
		code
	where 1=1
		and codeGroup_cgSeq=2
	order by cdSeq desc
 {executed in 1 msec} 
2025-04-04T12:38:46.718 [http-nio-8080-exec-5] INFO j.resultsettable - 
|-------|------|
|cdname |cdseq |
|-------|------|
|-------|------|
 
2025-04-04T12:40:34.445 [http-nio-8080-exec-10] DEBUG j.sqltiming -  com.zaxxer.hikari.pool.ProxyPreparedStatement.execute(ProxyPreparedStatement.java:44)
61. select
		cdName,
	    cdSeq
		from
			code
		where 1=1
			and codeGroup_cgSeq=1

		order by cdSeq desc
 {executed in 1 msec} 
2025-04-04T12:40:34.446 [http-nio-8080-exec-10] INFO j.resultsettable - 
|-------|------|
|cdname |cdseq |
|-------|------|
|-------|------|
 
2025-04-04T12:40:34.448 [http-nio-8080-exec-10] DEBUG j.sqltiming -  com.zaxxer.hikari.pool.ProxyPreparedStatement.execute(ProxyPreparedStatement.java:44)
61. select
		cdNameEng,
		cdSeq
		from
			code
		where 1=1
			and codeGroup_cgSeq=11
		order by cdSeq desc
 {executed in 1 msec} 
2025-04-04T12:40:34.448 [http-nio-8080-exec-10] INFO j.resultsettable - 
|----------|------|
|cdnameeng |cdseq |
|----------|------|
|----------|------|
 
2025-04-04T12:40:34.450 [http-nio-8080-exec-10] DEBUG j.sqltiming -  com.zaxxer.hikari.pool.ProxyPreparedStatement.execute(ProxyPreparedStatement.java:44)
61. select
		cdName,
	    cdSeq
	from
		code
	where 1=1
		and codeGroup_cgSeq=2
	order by cdSeq desc
 {executed in 1 msec} 
2025-04-04T12:40:34.450 [http-nio-8080-exec-10] INFO j.resultsettable - 
|-------|------|
|cdname |cdseq |
|-------|------|
|-------|------|
 
2025-04-04T12:40:40.946 [http-nio-8080-exec-10] DEBUG j.sqltiming -  com.zaxxer.hikari.pool.ProxyPreparedStatement.execute(ProxyPreparedStatement.java:44)
61. select
		cdName,
	    cdSeq
		from
			code
		where 1=1
			and codeGroup_cgSeq=1

		order by cdSeq desc
 {executed in 1 msec} 
2025-04-04T12:40:40.946 [http-nio-8080-exec-10] INFO j.resultsettable - 
|-------|------|
|cdname |cdseq |
|-------|------|
|-------|------|
 
2025-04-04T12:40:40.948 [http-nio-8080-exec-10] DEBUG j.sqltiming -  com.zaxxer.hikari.pool.ProxyPreparedStatement.execute(ProxyPreparedStatement.java:44)
61. select
		cdNameEng,
		cdSeq
		from
			code
		where 1=1
			and codeGroup_cgSeq=11
		order by cdSeq desc
 {executed in 1 msec} 
2025-04-04T12:40:40.949 [http-nio-8080-exec-10] INFO j.resultsettable - 
|----------|------|
|cdnameeng |cdseq |
|----------|------|
|----------|------|
 
2025-04-04T12:40:40.950 [http-nio-8080-exec-10] DEBUG j.sqltiming -  com.zaxxer.hikari.pool.ProxyPreparedStatement.execute(ProxyPreparedStatement.java:44)
61. select
		cdName,
	    cdSeq
	from
		code
	where 1=1
		and codeGroup_cgSeq=2
	order by cdSeq desc
 {executed in 1 msec} 
2025-04-04T12:40:40.951 [http-nio-8080-exec-10] INFO j.resultsettable - 
|-------|------|
|cdname |cdseq |
|-------|------|
|-------|------|
 
2025-04-04T12:41:31.543 [http-nio-8080-exec-4] DEBUG j.sqltiming -  com.zaxxer.hikari.pool.ProxyPreparedStatement.execute(ProxyPreparedStatement.java:44)
61. select
		cdName,
	    cdSeq
		from
			code
		where 1=1
			and codeGroup_cgSeq=1

		order by cdSeq desc
 {executed in 1 msec} 
2025-04-04T12:41:31.544 [http-nio-8080-exec-4] INFO j.resultsettable - 
|-------|------|
|cdname |cdseq |
|-------|------|
|-------|------|
 
2025-04-04T12:41:31.545 [http-nio-8080-exec-4] DEBUG j.sqltiming -  com.zaxxer.hikari.pool.ProxyPreparedStatement.execute(ProxyPreparedStatement.java:44)
61. select
		cdNameEng,
		cdSeq
		from
			code
		where 1=1
			and codeGroup_cgSeq=11
		order by cdSeq desc
 {executed in 1 msec} 
2025-04-04T12:41:31.546 [http-nio-8080-exec-4] INFO j.resultsettable - 
|----------|------|
|cdnameeng |cdseq |
|----------|------|
|----------|------|
 
2025-04-04T12:41:31.547 [http-nio-8080-exec-4] DEBUG j.sqltiming -  com.zaxxer.hikari.pool.ProxyPreparedStatement.execute(ProxyPreparedStatement.java:44)
61. select
		cdName,
	    cdSeq
	from
		code
	where 1=1
		and codeGroup_cgSeq=2
	order by cdSeq desc
 {executed in 1 msec} 
2025-04-04T12:41:31.548 [http-nio-8080-exec-4] INFO j.resultsettable - 
|-------|------|
|cdname |cdseq |
|-------|------|
|-------|------|
 
2025-04-04T12:42:06.201 [http-nio-8080-exec-2] DEBUG j.sqltiming -  com.zaxxer.hikari.pool.ProxyPreparedStatement.execute(ProxyPreparedStatement.java:44)
61. select
		cdName,
	    cdSeq
		from
			code
		where 1=1
			and codeGroup_cgSeq=1

		order by cdSeq desc
 {executed in 1 msec} 
2025-04-04T12:42:06.202 [http-nio-8080-exec-2] INFO j.resultsettable - 
|-------|------|
|cdname |cdseq |
|-------|------|
|-------|------|
 
2025-04-04T12:42:06.204 [http-nio-8080-exec-2] DEBUG j.sqltiming -  com.zaxxer.hikari.pool.ProxyPreparedStatement.execute(ProxyPreparedStatement.java:44)
61. select
		cdNameEng,
		cdSeq
		from
			code
		where 1=1
			and codeGroup_cgSeq=11
		order by cdSeq desc
 {executed in 2 msec} 
2025-04-04T12:42:06.205 [http-nio-8080-exec-2] INFO j.resultsettable - 
|----------|------|
|cdnameeng |cdseq |
|----------|------|
|----------|------|
 
2025-04-04T12:42:06.207 [http-nio-8080-exec-2] DEBUG j.sqltiming -  com.zaxxer.hikari.pool.ProxyPreparedStatement.execute(ProxyPreparedStatement.java:44)
61. select
		cdName,
	    cdSeq
	from
		code
	where 1=1
		and codeGroup_cgSeq=2
	order by cdSeq desc
 {executed in 1 msec} 
2025-04-04T12:42:06.208 [http-nio-8080-exec-2] INFO j.resultsettable - 
|-------|------|
|cdname |cdseq |
|-------|------|
|-------|------|
 
2025-04-04T12:42:59.594 [http-nio-8080-exec-4] DEBUG j.sqltiming -  com.zaxxer.hikari.pool.ProxyPreparedStatement.execute(ProxyPreparedStatement.java:44)
61. select
		cdName,
	    cdSeq
		from
			code
		where 1=1
			and codeGroup_cgSeq=1

		order by cdSeq desc
 {executed in 1 msec} 
2025-04-04T12:42:59.595 [http-nio-8080-exec-4] INFO j.resultsettable - 
|-------|------|
|cdname |cdseq |
|-------|------|
|-------|------|
 
2025-04-04T12:42:59.597 [http-nio-8080-exec-4] DEBUG j.sqltiming -  com.zaxxer.hikari.pool.ProxyPreparedStatement.execute(ProxyPreparedStatement.java:44)
61. select
		cdNameEng,
		cdSeq
		from
			code
		where 1=1
			and codeGroup_cgSeq=11
		order by cdSeq desc
 {executed in 1 msec} 
2025-04-04T12:42:59.598 [http-nio-8080-exec-4] INFO j.resultsettable - 
|----------|------|
|cdnameeng |cdseq |
|----------|------|
|----------|------|
 
2025-04-04T12:42:59.599 [http-nio-8080-exec-4] DEBUG j.sqltiming -  com.zaxxer.hikari.pool.ProxyPreparedStatement.execute(ProxyPreparedStatement.java:44)
61. select
		cdName,
	    cdSeq
	from
		code
	where 1=1
		and codeGroup_cgSeq=2
	order by cdSeq desc
 {executed in 1 msec} 
2025-04-04T12:42:59.600 [http-nio-8080-exec-4] INFO j.resultsettable - 
|-------|------|
|cdname |cdseq |
|-------|------|
|-------|------|
 
2025-04-04T12:43:14.519 [http-nio-8080-exec-8] DEBUG j.sqltiming -  com.zaxxer.hikari.pool.ProxyPreparedStatement.execute(ProxyPreparedStatement.java:44)
61. select
		cdName,
	    cdSeq
		from
			code
		where 1=1
			and codeGroup_cgSeq=1

		order by cdSeq desc
 {executed in 0 msec} 
2025-04-04T12:43:14.519 [http-nio-8080-exec-8] INFO j.resultsettable - 
|-------|------|
|cdname |cdseq |
|-------|------|
|-------|------|
 
2025-04-04T12:43:14.521 [http-nio-8080-exec-8] DEBUG j.sqltiming -  com.zaxxer.hikari.pool.ProxyPreparedStatement.execute(ProxyPreparedStatement.java:44)
61. select
		cdNameEng,
		cdSeq
		from
			code
		where 1=1
			and codeGroup_cgSeq=11
		order by cdSeq desc
 {executed in 1 msec} 
2025-04-04T12:43:14.522 [http-nio-8080-exec-8] INFO j.resultsettable - 
|----------|------|
|cdnameeng |cdseq |
|----------|------|
|----------|------|
 
2025-04-04T12:43:14.524 [http-nio-8080-exec-8] DEBUG j.sqltiming -  com.zaxxer.hikari.pool.ProxyPreparedStatement.execute(ProxyPreparedStatement.java:44)
61. select
		cdName,
	    cdSeq
	from
		code
	where 1=1
		and codeGroup_cgSeq=2
	order by cdSeq desc
 {executed in 1 msec} 
2025-04-04T12:43:14.524 [http-nio-8080-exec-8] INFO j.resultsettable - 
|-------|------|
|cdname |cdseq |
|-------|------|
|-------|------|
 
2025-04-04T12:43:21.161 [http-nio-8080-exec-5] DEBUG j.sqltiming -  com.zaxxer.hikari.pool.ProxyPreparedStatement.execute(ProxyPreparedStatement.java:44)
61. select
		cdName,
	    cdSeq
		from
			code
		where 1=1
			and codeGroup_cgSeq=1

		order by cdSeq desc
 {executed in 1 msec} 
2025-04-04T12:43:21.161 [http-nio-8080-exec-5] INFO j.resultsettable - 
|-------|------|
|cdname |cdseq |
|-------|------|
|-------|------|
 
2025-04-04T12:43:21.163 [http-nio-8080-exec-5] DEBUG j.sqltiming -  com.zaxxer.hikari.pool.ProxyPreparedStatement.execute(ProxyPreparedStatement.java:44)
61. select
		cdNameEng,
		cdSeq
		from
			code
		where 1=1
			and codeGroup_cgSeq=11
		order by cdSeq desc
 {executed in 1 msec} 
2025-04-04T12:43:21.163 [http-nio-8080-exec-5] INFO j.resultsettable - 
|----------|------|
|cdnameeng |cdseq |
|----------|------|
|----------|------|
 
2025-04-04T12:43:21.165 [http-nio-8080-exec-5] DEBUG j.sqltiming -  com.zaxxer.hikari.pool.ProxyPreparedStatement.execute(ProxyPreparedStatement.java:44)
61. select
		cdName,
	    cdSeq
	from
		code
	where 1=1
		and codeGroup_cgSeq=2
	order by cdSeq desc
 {executed in 1 msec} 
2025-04-04T12:43:21.165 [http-nio-8080-exec-5] INFO j.resultsettable - 
|-------|------|
|cdname |cdseq |
|-------|------|
|-------|------|
 
2025-04-04T12:43:59.632 [http-nio-8080-exec-5] DEBUG j.sqltiming -  com.zaxxer.hikari.pool.ProxyPreparedStatement.execute(ProxyPreparedStatement.java:44)
61. select
		cdName,
	    cdSeq
		from
			code
		where 1=1
			and codeGroup_cgSeq=1

		order by cdSeq desc
 {executed in 1 msec} 
2025-04-04T12:43:59.633 [http-nio-8080-exec-5] INFO j.resultsettable - 
|-------|------|
|cdname |cdseq |
|-------|------|
|-------|------|
 
2025-04-04T12:43:59.635 [http-nio-8080-exec-5] DEBUG j.sqltiming -  com.zaxxer.hikari.pool.ProxyPreparedStatement.execute(ProxyPreparedStatement.java:44)
61. select
		cdNameEng,
		cdSeq
		from
			code
		where 1=1
			and codeGroup_cgSeq=11
		order by cdSeq desc
 {executed in 1 msec} 
2025-04-04T12:43:59.636 [http-nio-8080-exec-5] INFO j.resultsettable - 
|----------|------|
|cdnameeng |cdseq |
|----------|------|
|----------|------|
 
2025-04-04T12:43:59.637 [http-nio-8080-exec-5] DEBUG j.sqltiming -  com.zaxxer.hikari.pool.ProxyPreparedStatement.execute(ProxyPreparedStatement.java:44)
61. select
		cdName,
	    cdSeq
	from
		code
	where 1=1
		and codeGroup_cgSeq=2
	order by cdSeq desc
 {executed in 1 msec} 
2025-04-04T12:43:59.637 [http-nio-8080-exec-5] INFO j.resultsettable - 
|-------|------|
|cdname |cdseq |
|-------|------|
|-------|------|
 
2025-04-04T12:44:57.202 [http-nio-8080-exec-8] DEBUG j.sqltiming -  com.zaxxer.hikari.pool.ProxyPreparedStatement.execute(ProxyPreparedStatement.java:44)
61. select
		cdName,
	    cdSeq
		from
			code
		where 1=1
			and codeGroup_cgSeq=1

		order by cdSeq desc
 {executed in 1 msec} 
2025-04-04T12:44:57.202 [http-nio-8080-exec-8] INFO j.resultsettable - 
|-------|------|
|cdname |cdseq |
|-------|------|
|-------|------|
 
2025-04-04T12:44:57.204 [http-nio-8080-exec-8] DEBUG j.sqltiming -  com.zaxxer.hikari.pool.ProxyPreparedStatement.execute(ProxyPreparedStatement.java:44)
61. select
		cdNameEng,
		cdSeq
		from
			code
		where 1=1
			and codeGroup_cgSeq=11
		order by cdSeq desc
 {executed in 1 msec} 
2025-04-04T12:44:57.204 [http-nio-8080-exec-8] INFO j.resultsettable - 
|----------|------|
|cdnameeng |cdseq |
|----------|------|
|----------|------|
 
2025-04-04T12:44:57.207 [http-nio-8080-exec-8] DEBUG j.sqltiming -  com.zaxxer.hikari.pool.ProxyPreparedStatement.execute(ProxyPreparedStatement.java:44)
61. select
		cdName,
	    cdSeq
	from
		code
	where 1=1
		and codeGroup_cgSeq=2
	order by cdSeq desc
 {executed in 1 msec} 
2025-04-04T12:44:57.207 [http-nio-8080-exec-8] INFO j.resultsettable - 
|-------|------|
|cdname |cdseq |
|-------|------|
|-------|------|
 
2025-04-04T12:45:05.415 [http-nio-8080-exec-3] DEBUG j.sqltiming -  com.zaxxer.hikari.pool.ProxyPreparedStatement.execute(ProxyPreparedStatement.java:44)
61. select
		cdName,
	    cdSeq
		from
			code
		where 1=1
			and codeGroup_cgSeq=1

		order by cdSeq desc
 {executed in 1 msec} 
2025-04-04T12:45:05.415 [http-nio-8080-exec-3] INFO j.resultsettable - 
|-------|------|
|cdname |cdseq |
|-------|------|
|-------|------|
 
2025-04-04T12:45:05.417 [http-nio-8080-exec-3] DEBUG j.sqltiming -  com.zaxxer.hikari.pool.ProxyPreparedStatement.execute(ProxyPreparedStatement.java:44)
61. select
		cdNameEng,
		cdSeq
		from
			code
		where 1=1
			and codeGroup_cgSeq=11
		order by cdSeq desc
 {executed in 1 msec} 
2025-04-04T12:45:05.417 [http-nio-8080-exec-3] INFO j.resultsettable - 
|----------|------|
|cdnameeng |cdseq |
|----------|------|
|----------|------|
 
2025-04-04T12:45:05.419 [http-nio-8080-exec-3] DEBUG j.sqltiming -  com.zaxxer.hikari.pool.ProxyPreparedStatement.execute(ProxyPreparedStatement.java:44)
61. select
		cdName,
	    cdSeq
	from
		code
	where 1=1
		and codeGroup_cgSeq=2
	order by cdSeq desc
 {executed in 1 msec} 
2025-04-04T12:45:05.419 [http-nio-8080-exec-3] INFO j.resultsettable - 
|-------|------|
|cdname |cdseq |
|-------|------|
|-------|------|
 
2025-04-04T12:45:18.478 [http-nio-8080-exec-3] DEBUG j.sqltiming -  com.zaxxer.hikari.pool.ProxyPreparedStatement.execute(ProxyPreparedStatement.java:44)
61. select
		cdName,
	    cdSeq
		from
			code
		where 1=1
			and codeGroup_cgSeq=1

		order by cdSeq desc
 {executed in 1 msec} 
2025-04-04T12:45:18.479 [http-nio-8080-exec-3] INFO j.resultsettable - 
|-------|------|
|cdname |cdseq |
|-------|------|
|-------|------|
 
2025-04-04T12:45:18.480 [http-nio-8080-exec-3] DEBUG j.sqltiming -  com.zaxxer.hikari.pool.ProxyPreparedStatement.execute(ProxyPreparedStatement.java:44)
61. select
		cdNameEng,
		cdSeq
		from
			code
		where 1=1
			and codeGroup_cgSeq=11
		order by cdSeq desc
 {executed in 0 msec} 
2025-04-04T12:45:18.482 [http-nio-8080-exec-3] INFO j.resultsettable - 
|----------|------|
|cdnameeng |cdseq |
|----------|------|
|----------|------|
 
2025-04-04T12:45:18.483 [http-nio-8080-exec-3] DEBUG j.sqltiming -  com.zaxxer.hikari.pool.ProxyPreparedStatement.execute(ProxyPreparedStatement.java:44)
61. select
		cdName,
	    cdSeq
	from
		code
	where 1=1
		and codeGroup_cgSeq=2
	order by cdSeq desc
 {executed in 1 msec} 
2025-04-04T12:45:18.483 [http-nio-8080-exec-3] INFO j.resultsettable - 
|-------|------|
|cdname |cdseq |
|-------|------|
|-------|------|
 
2025-04-04T12:46:03.093 [http-nio-8080-exec-10] DEBUG j.sqltiming -  com.zaxxer.hikari.pool.ProxyPreparedStatement.execute(ProxyPreparedStatement.java:44)
61. select
		cdName,
	    cdSeq
		from
			code
		where 1=1
			and codeGroup_cgSeq=1

		order by cdSeq desc
 {executed in 1 msec} 
2025-04-04T12:46:03.094 [http-nio-8080-exec-10] INFO j.resultsettable - 
|-------|------|
|cdname |cdseq |
|-------|------|
|-------|------|
 
2025-04-04T12:46:03.096 [http-nio-8080-exec-10] DEBUG j.sqltiming -  com.zaxxer.hikari.pool.ProxyPreparedStatement.execute(ProxyPreparedStatement.java:44)
61. select
		cdNameEng,
		cdSeq
		from
			code
		where 1=1
			and codeGroup_cgSeq=11
		order by cdSeq desc
 {executed in 1 msec} 
2025-04-04T12:46:03.097 [http-nio-8080-exec-10] INFO j.resultsettable - 
|----------|------|
|cdnameeng |cdseq |
|----------|------|
|----------|------|
 
2025-04-04T12:46:03.099 [http-nio-8080-exec-10] DEBUG j.sqltiming -  com.zaxxer.hikari.pool.ProxyPreparedStatement.execute(ProxyPreparedStatement.java:44)
61. select
		cdName,
	    cdSeq
	from
		code
	where 1=1
		and codeGroup_cgSeq=2
	order by cdSeq desc
 {executed in 1 msec} 
2025-04-04T12:46:03.099 [http-nio-8080-exec-10] INFO j.resultsettable - 
|-------|------|
|cdname |cdseq |
|-------|------|
|-------|------|
 
2025-04-04T12:46:32.656 [http-nio-8080-exec-5] DEBUG j.sqltiming -  com.zaxxer.hikari.pool.ProxyPreparedStatement.execute(ProxyPreparedStatement.java:44)
61. select
		cdName,
	    cdSeq
		from
			code
		where 1=1
			and codeGroup_cgSeq=1

		order by cdSeq desc
 {executed in 1 msec} 
2025-04-04T12:46:32.657 [http-nio-8080-exec-5] INFO j.resultsettable - 
|-------|------|
|cdname |cdseq |
|-------|------|
|-------|------|
 
2025-04-04T12:46:32.659 [http-nio-8080-exec-5] DEBUG j.sqltiming -  com.zaxxer.hikari.pool.ProxyPreparedStatement.execute(ProxyPreparedStatement.java:44)
61. select
		cdNameEng,
		cdSeq
		from
			code
		where 1=1
			and codeGroup_cgSeq=11
		order by cdSeq desc
 {executed in 1 msec} 
2025-04-04T12:46:32.659 [http-nio-8080-exec-5] INFO j.resultsettable - 
|----------|------|
|cdnameeng |cdseq |
|----------|------|
|----------|------|
 
2025-04-04T12:46:32.661 [http-nio-8080-exec-5] DEBUG j.sqltiming -  com.zaxxer.hikari.pool.ProxyPreparedStatement.execute(ProxyPreparedStatement.java:44)
61. select
		cdName,
	    cdSeq
	from
		code
	where 1=1
		and codeGroup_cgSeq=2
	order by cdSeq desc
 {executed in 1 msec} 
2025-04-04T12:46:32.662 [http-nio-8080-exec-5] INFO j.resultsettable - 
|-------|------|
|cdname |cdseq |
|-------|------|
|-------|------|
 
2025-04-04T12:47:03.365 [http-nio-8080-exec-5] DEBUG j.sqltiming -  com.zaxxer.hikari.pool.ProxyPreparedStatement.execute(ProxyPreparedStatement.java:44)
61. select
		cdName,
	    cdSeq
		from
			code
		where 1=1
			and codeGroup_cgSeq=1

		order by cdSeq desc
 {executed in 1 msec} 
2025-04-04T12:47:03.366 [http-nio-8080-exec-5] INFO j.resultsettable - 
|-------|------|
|cdname |cdseq |
|-------|------|
|-------|------|
 
2025-04-04T12:47:03.369 [http-nio-8080-exec-5] DEBUG j.sqltiming -  com.zaxxer.hikari.pool.ProxyPreparedStatement.execute(ProxyPreparedStatement.java:44)
61. select
		cdNameEng,
		cdSeq
		from
			code
		where 1=1
			and codeGroup_cgSeq=11
		order by cdSeq desc
 {executed in 2 msec} 
2025-04-04T12:47:03.369 [http-nio-8080-exec-5] INFO j.resultsettable - 
|----------|------|
|cdnameeng |cdseq |
|----------|------|
|----------|------|
 
2025-04-04T12:47:03.371 [http-nio-8080-exec-5] DEBUG j.sqltiming -  com.zaxxer.hikari.pool.ProxyPreparedStatement.execute(ProxyPreparedStatement.java:44)
61. select
		cdName,
	    cdSeq
	from
		code
	where 1=1
		and codeGroup_cgSeq=2
	order by cdSeq desc
 {executed in 1 msec} 
2025-04-04T12:47:03.372 [http-nio-8080-exec-5] INFO j.resultsettable - 
|-------|------|
|cdname |cdseq |
|-------|------|
|-------|------|
 
2025-04-04T12:47:51.164 [http-nio-8080-exec-1] DEBUG j.sqltiming -  com.zaxxer.hikari.pool.ProxyPreparedStatement.execute(ProxyPreparedStatement.java:44)
61. select
		cdName,
	    cdSeq
		from
			code
		where 1=1
			and codeGroup_cgSeq=1

		order by cdSeq desc
 {executed in 1 msec} 
2025-04-04T12:47:51.165 [http-nio-8080-exec-1] INFO j.resultsettable - 
|-------|------|
|cdname |cdseq |
|-------|------|
|-------|------|
 
2025-04-04T12:47:51.168 [http-nio-8080-exec-1] DEBUG j.sqltiming -  com.zaxxer.hikari.pool.ProxyPreparedStatement.execute(ProxyPreparedStatement.java:44)
61. select
		cdNameEng,
		cdSeq
		from
			code
		where 1=1
			and codeGroup_cgSeq=11
		order by cdSeq desc
 {executed in 1 msec} 
2025-04-04T12:47:51.169 [http-nio-8080-exec-1] INFO j.resultsettable - 
|----------|------|
|cdnameeng |cdseq |
|----------|------|
|----------|------|
 
2025-04-04T12:47:51.171 [http-nio-8080-exec-1] DEBUG j.sqltiming -  com.zaxxer.hikari.pool.ProxyPreparedStatement.execute(ProxyPreparedStatement.java:44)
61. select
		cdName,
	    cdSeq
	from
		code
	where 1=1
		and codeGroup_cgSeq=2
	order by cdSeq desc
 {executed in 1 msec} 
2025-04-04T12:47:51.171 [http-nio-8080-exec-1] INFO j.resultsettable - 
|-------|------|
|cdname |cdseq |
|-------|------|
|-------|------|
 
2025-04-04T12:48:13.545 [http-nio-8080-exec-4] DEBUG j.sqltiming -  com.zaxxer.hikari.pool.ProxyPreparedStatement.execute(ProxyPreparedStatement.java:44)
61. select
		cdName,
	    cdSeq
		from
			code
		where 1=1
			and codeGroup_cgSeq=1

		order by cdSeq desc
 {executed in 1 msec} 
2025-04-04T12:48:13.547 [http-nio-8080-exec-4] INFO j.resultsettable - 
|-------|------|
|cdname |cdseq |
|-------|------|
|-------|------|
 
2025-04-04T12:48:13.548 [http-nio-8080-exec-4] DEBUG j.sqltiming -  com.zaxxer.hikari.pool.ProxyPreparedStatement.execute(ProxyPreparedStatement.java:44)
61. select
		cdNameEng,
		cdSeq
		from
			code
		where 1=1
			and codeGroup_cgSeq=11
		order by cdSeq desc
 {executed in 1 msec} 
2025-04-04T12:48:13.549 [http-nio-8080-exec-4] INFO j.resultsettable - 
|----------|------|
|cdnameeng |cdseq |
|----------|------|
|----------|------|
 
2025-04-04T12:48:13.552 [http-nio-8080-exec-4] DEBUG j.sqltiming -  com.zaxxer.hikari.pool.ProxyPreparedStatement.execute(ProxyPreparedStatement.java:44)
61. select
		cdName,
	    cdSeq
	from
		code
	where 1=1
		and codeGroup_cgSeq=2
	order by cdSeq desc
 {executed in 1 msec} 
2025-04-04T12:48:13.552 [http-nio-8080-exec-4] INFO j.resultsettable - 
|-------|------|
|cdname |cdseq |
|-------|------|
|-------|------|
 
2025-04-04T12:48:33.035 [http-nio-8080-exec-1] DEBUG j.sqltiming -  com.zaxxer.hikari.pool.ProxyPreparedStatement.execute(ProxyPreparedStatement.java:44)
67. select
		cdName,
	    cdSeq
		from
			code
		where 1=1
			and codeGroup_cgSeq=1

		order by cdSeq desc
 {executed in 1 msec} 
2025-04-04T12:48:33.036 [http-nio-8080-exec-1] INFO j.resultsettable - 
|-------|------|
|cdname |cdseq |
|-------|------|
|-------|------|
 
2025-04-04T12:48:33.039 [http-nio-8080-exec-1] DEBUG j.sqltiming -  com.zaxxer.hikari.pool.ProxyPreparedStatement.execute(ProxyPreparedStatement.java:44)
67. select
		cdNameEng,
		cdSeq
		from
			code
		where 1=1
			and codeGroup_cgSeq=11
		order by cdSeq desc
 {executed in 1 msec} 
2025-04-04T12:48:33.039 [http-nio-8080-exec-1] INFO j.resultsettable - 
|----------|------|
|cdnameeng |cdseq |
|----------|------|
|----------|------|
 
2025-04-04T12:48:33.042 [http-nio-8080-exec-1] DEBUG j.sqltiming -  com.zaxxer.hikari.pool.ProxyPreparedStatement.execute(ProxyPreparedStatement.java:44)
67. select
		cdName,
	    cdSeq
	from
		code
	where 1=1
		and codeGroup_cgSeq=2
	order by cdSeq desc
 {executed in 1 msec} 
2025-04-04T12:48:33.042 [http-nio-8080-exec-1] INFO j.resultsettable - 
|-------|------|
|cdname |cdseq |
|-------|------|
|-------|------|
 
2025-04-04T12:48:40.739 [http-nio-8080-exec-9] DEBUG j.sqltiming -  com.zaxxer.hikari.pool.ProxyPreparedStatement.execute(ProxyPreparedStatement.java:44)
67. select
		cdName,
	    cdSeq
		from
			code
		where 1=1
			and codeGroup_cgSeq=1

		order by cdSeq desc
 {executed in 1 msec} 
2025-04-04T12:48:40.739 [http-nio-8080-exec-9] INFO j.resultsettable - 
|-------|------|
|cdname |cdseq |
|-------|------|
|-------|------|
 
2025-04-04T12:48:40.743 [http-nio-8080-exec-9] DEBUG j.sqltiming -  com.zaxxer.hikari.pool.ProxyPreparedStatement.execute(ProxyPreparedStatement.java:44)
67. select
		cdNameEng,
		cdSeq
		from
			code
		where 1=1
			and codeGroup_cgSeq=11
		order by cdSeq desc
 {executed in 2 msec} 
2025-04-04T12:48:40.744 [http-nio-8080-exec-9] INFO j.resultsettable - 
|----------|------|
|cdnameeng |cdseq |
|----------|------|
|----------|------|
 
2025-04-04T12:48:40.745 [http-nio-8080-exec-9] DEBUG j.sqltiming -  com.zaxxer.hikari.pool.ProxyPreparedStatement.execute(ProxyPreparedStatement.java:44)
67. select
		cdName,
	    cdSeq
	from
		code
	where 1=1
		and codeGroup_cgSeq=2
	order by cdSeq desc
 {executed in 1 msec} 
2025-04-04T12:48:40.746 [http-nio-8080-exec-9] INFO j.resultsettable - 
|-------|------|
|cdname |cdseq |
|-------|------|
|-------|------|
 
2025-04-04T12:48:55.585 [http-nio-8080-exec-1] DEBUG j.sqltiming -  com.zaxxer.hikari.pool.ProxyPreparedStatement.execute(ProxyPreparedStatement.java:44)
70. select
		cdName,
	    cdSeq
		from
			code
		where 1=1
			and codeGroup_cgSeq=1

		order by cdSeq desc
 {executed in 1 msec} 
2025-04-04T12:48:55.586 [http-nio-8080-exec-1] INFO j.resultsettable - 
|-------|------|
|cdname |cdseq |
|-------|------|
|-------|------|
 
2025-04-04T12:48:55.589 [http-nio-8080-exec-1] DEBUG j.sqltiming -  com.zaxxer.hikari.pool.ProxyPreparedStatement.execute(ProxyPreparedStatement.java:44)
70. select
		cdNameEng,
		cdSeq
		from
			code
		where 1=1
			and codeGroup_cgSeq=11
		order by cdSeq desc
 {executed in 1 msec} 
2025-04-04T12:48:55.589 [http-nio-8080-exec-1] INFO j.resultsettable - 
|----------|------|
|cdnameeng |cdseq |
|----------|------|
|----------|------|
 
2025-04-04T12:48:55.591 [http-nio-8080-exec-1] DEBUG j.sqltiming -  com.zaxxer.hikari.pool.ProxyPreparedStatement.execute(ProxyPreparedStatement.java:44)
70. select
		cdName,
	    cdSeq
	from
		code
	where 1=1
		and codeGroup_cgSeq=2
	order by cdSeq desc
 {executed in 1 msec} 
2025-04-04T12:48:55.591 [http-nio-8080-exec-1] INFO j.resultsettable - 
|-------|------|
|cdname |cdseq |
|-------|------|
|-------|------|
 
2025-04-04T12:49:08.756 [http-nio-8080-exec-1] DEBUG j.sqltiming -  com.zaxxer.hikari.pool.ProxyPreparedStatement.execute(ProxyPreparedStatement.java:44)
70. select
		cdName,
	    cdSeq
		from
			code
		where 1=1
			and codeGroup_cgSeq=1

		order by cdSeq desc
 {executed in 1 msec} 
2025-04-04T12:49:08.756 [http-nio-8080-exec-1] INFO j.resultsettable - 
|-------|------|
|cdname |cdseq |
|-------|------|
|-------|------|
 
2025-04-04T12:49:08.758 [http-nio-8080-exec-1] DEBUG j.sqltiming -  com.zaxxer.hikari.pool.ProxyPreparedStatement.execute(ProxyPreparedStatement.java:44)
70. select
		cdNameEng,
		cdSeq
		from
			code
		where 1=1
			and codeGroup_cgSeq=11
		order by cdSeq desc
 {executed in 1 msec} 
2025-04-04T12:49:08.758 [http-nio-8080-exec-1] INFO j.resultsettable - 
|----------|------|
|cdnameeng |cdseq |
|----------|------|
|----------|------|
 
2025-04-04T12:49:08.760 [http-nio-8080-exec-1] DEBUG j.sqltiming -  com.zaxxer.hikari.pool.ProxyPreparedStatement.execute(ProxyPreparedStatement.java:44)
70. select
		cdName,
	    cdSeq
	from
		code
	where 1=1
		and codeGroup_cgSeq=2
	order by cdSeq desc
 {executed in 1 msec} 
2025-04-04T12:49:08.761 [http-nio-8080-exec-1] INFO j.resultsettable - 
|-------|------|
|cdname |cdseq |
|-------|------|
|-------|------|
 
2025-04-04T12:49:40.869 [http-nio-8080-exec-8] DEBUG j.sqltiming -  com.zaxxer.hikari.pool.ProxyPreparedStatement.execute(ProxyPreparedStatement.java:44)
71. select
		cdName,
	    cdSeq
		from
			code
		where 1=1
			and codeGroup_cgSeq=1

		order by cdSeq desc
 {executed in 1 msec} 
2025-04-04T12:49:40.870 [http-nio-8080-exec-8] INFO j.resultsettable - 
|-------|------|
|cdname |cdseq |
|-------|------|
|-------|------|
 
2025-04-04T12:49:40.872 [http-nio-8080-exec-8] DEBUG j.sqltiming -  com.zaxxer.hikari.pool.ProxyPreparedStatement.execute(ProxyPreparedStatement.java:44)
71. select
		cdNameEng,
		cdSeq
		from
			code
		where 1=1
			and codeGroup_cgSeq=11
		order by cdSeq desc
 {executed in 2 msec} 
2025-04-04T12:49:40.873 [http-nio-8080-exec-8] INFO j.resultsettable - 
|----------|------|
|cdnameeng |cdseq |
|----------|------|
|----------|------|
 
2025-04-04T12:49:40.876 [http-nio-8080-exec-8] DEBUG j.sqltiming -  com.zaxxer.hikari.pool.ProxyPreparedStatement.execute(ProxyPreparedStatement.java:44)
71. select
		cdName,
	    cdSeq
	from
		code
	where 1=1
		and codeGroup_cgSeq=2
	order by cdSeq desc
 {executed in 2 msec} 
2025-04-04T12:49:40.876 [http-nio-8080-exec-8] INFO j.resultsettable - 
|-------|------|
|cdname |cdseq |
|-------|------|
|-------|------|
 
2025-04-04T12:50:06.115 [http-nio-8080-exec-4] DEBUG j.sqltiming -  com.zaxxer.hikari.pool.ProxyPreparedStatement.execute(ProxyPreparedStatement.java:44)
71. select
		cdName,
	    cdSeq
		from
			code
		where 1=1
			and codeGroup_cgSeq=1

		order by cdSeq desc
 {executed in 1 msec} 
2025-04-04T12:50:06.116 [http-nio-8080-exec-4] INFO j.resultsettable - 
|-------|------|
|cdname |cdseq |
|-------|------|
|-------|------|
 
2025-04-04T12:50:06.117 [http-nio-8080-exec-4] DEBUG j.sqltiming -  com.zaxxer.hikari.pool.ProxyPreparedStatement.execute(ProxyPreparedStatement.java:44)
71. select
		cdNameEng,
		cdSeq
		from
			code
		where 1=1
			and codeGroup_cgSeq=11
		order by cdSeq desc
 {executed in 1 msec} 
2025-04-04T12:50:06.118 [http-nio-8080-exec-4] INFO j.resultsettable - 
|----------|------|
|cdnameeng |cdseq |
|----------|------|
|----------|------|
 
2025-04-04T12:50:06.119 [http-nio-8080-exec-4] DEBUG j.sqltiming -  com.zaxxer.hikari.pool.ProxyPreparedStatement.execute(ProxyPreparedStatement.java:44)
71. select
		cdName,
	    cdSeq
	from
		code
	where 1=1
		and codeGroup_cgSeq=2
	order by cdSeq desc
 {executed in 1 msec} 
2025-04-04T12:50:06.120 [http-nio-8080-exec-4] INFO j.resultsettable - 
|-------|------|
|cdname |cdseq |
|-------|------|
|-------|------|
 
2025-04-04T12:50:23.487 [http-nio-8080-exec-9] DEBUG j.sqltiming -  com.zaxxer.hikari.pool.ProxyPreparedStatement.execute(ProxyPreparedStatement.java:44)
71. select
		cdName,
	    cdSeq
		from
			code
		where 1=1
			and codeGroup_cgSeq=1

		order by cdSeq desc
 {executed in 1 msec} 
2025-04-04T12:50:23.487 [http-nio-8080-exec-9] INFO j.resultsettable - 
|-------|------|
|cdname |cdseq |
|-------|------|
|-------|------|
 
2025-04-04T12:50:23.489 [http-nio-8080-exec-9] DEBUG j.sqltiming -  com.zaxxer.hikari.pool.ProxyPreparedStatement.execute(ProxyPreparedStatement.java:44)
71. select
		cdNameEng,
		cdSeq
		from
			code
		where 1=1
			and codeGroup_cgSeq=11
		order by cdSeq desc
 {executed in 1 msec} 
2025-04-04T12:50:23.491 [http-nio-8080-exec-9] INFO j.resultsettable - 
|----------|------|
|cdnameeng |cdseq |
|----------|------|
|----------|------|
 
2025-04-04T12:50:23.493 [http-nio-8080-exec-9] DEBUG j.sqltiming -  com.zaxxer.hikari.pool.ProxyPreparedStatement.execute(ProxyPreparedStatement.java:44)
71. select
		cdName,
	    cdSeq
	from
		code
	where 1=1
		and codeGroup_cgSeq=2
	order by cdSeq desc
 {executed in 0 msec} 
2025-04-04T12:50:23.493 [http-nio-8080-exec-9] INFO j.resultsettable - 
|-------|------|
|cdname |cdseq |
|-------|------|
|-------|------|
 
2025-04-04T12:50:52.216 [http-nio-8080-exec-2] DEBUG j.sqltiming -  com.zaxxer.hikari.pool.ProxyPreparedStatement.execute(ProxyPreparedStatement.java:44)
71. select
		cdName,
	    cdSeq
		from
			code
		where 1=1
			and codeGroup_cgSeq=1

		order by cdSeq desc
 {executed in 1 msec} 
2025-04-04T12:50:52.216 [http-nio-8080-exec-2] INFO j.resultsettable - 
|-------|------|
|cdname |cdseq |
|-------|------|
|-------|------|
 
2025-04-04T12:50:52.219 [http-nio-8080-exec-2] DEBUG j.sqltiming -  com.zaxxer.hikari.pool.ProxyPreparedStatement.execute(ProxyPreparedStatement.java:44)
71. select
		cdNameEng,
		cdSeq
		from
			code
		where 1=1
			and codeGroup_cgSeq=11
		order by cdSeq desc
 {executed in 2 msec} 
2025-04-04T12:50:52.220 [http-nio-8080-exec-2] INFO j.resultsettable - 
|----------|------|
|cdnameeng |cdseq |
|----------|------|
|----------|------|
 
2025-04-04T12:50:52.221 [http-nio-8080-exec-2] DEBUG j.sqltiming -  com.zaxxer.hikari.pool.ProxyPreparedStatement.execute(ProxyPreparedStatement.java:44)
71. select
		cdName,
	    cdSeq
	from
		code
	where 1=1
		and codeGroup_cgSeq=2
	order by cdSeq desc
 {executed in 1 msec} 
2025-04-04T12:50:52.222 [http-nio-8080-exec-2] INFO j.resultsettable - 
|-------|------|
|cdname |cdseq |
|-------|------|
|-------|------|
 
2025-04-04T12:51:00.737 [http-nio-8080-exec-4] DEBUG j.sqltiming -  com.zaxxer.hikari.pool.ProxyPreparedStatement.execute(ProxyPreparedStatement.java:44)
71. select
		cdName,
	    cdSeq
		from
			code
		where 1=1
			and codeGroup_cgSeq=1

		order by cdSeq desc
 {executed in 1 msec} 
2025-04-04T12:51:00.737 [http-nio-8080-exec-4] INFO j.resultsettable - 
|-------|------|
|cdname |cdseq |
|-------|------|
|-------|------|
 
2025-04-04T12:51:00.740 [http-nio-8080-exec-4] DEBUG j.sqltiming -  com.zaxxer.hikari.pool.ProxyPreparedStatement.execute(ProxyPreparedStatement.java:44)
71. select
		cdNameEng,
		cdSeq
		from
			code
		where 1=1
			and codeGroup_cgSeq=11
		order by cdSeq desc
 {executed in 2 msec} 
2025-04-04T12:51:00.740 [http-nio-8080-exec-4] INFO j.resultsettable - 
|----------|------|
|cdnameeng |cdseq |
|----------|------|
|----------|------|
 
2025-04-04T12:51:00.742 [http-nio-8080-exec-4] DEBUG j.sqltiming -  com.zaxxer.hikari.pool.ProxyPreparedStatement.execute(ProxyPreparedStatement.java:44)
71. select
		cdName,
	    cdSeq
	from
		code
	where 1=1
		and codeGroup_cgSeq=2
	order by cdSeq desc
 {executed in 1 msec} 
2025-04-04T12:51:00.742 [http-nio-8080-exec-4] INFO j.resultsettable - 
|-------|------|
|cdname |cdseq |
|-------|------|
|-------|------|
 
2025-04-04T12:51:27.735 [http-nio-8080-exec-8] DEBUG j.sqltiming -  com.zaxxer.hikari.pool.ProxyPreparedStatement.execute(ProxyPreparedStatement.java:44)
71. select
		cdName,
	    cdSeq
		from
			code
		where 1=1
			and codeGroup_cgSeq=1

		order by cdSeq desc
 {executed in 2 msec} 
2025-04-04T12:51:27.736 [http-nio-8080-exec-8] INFO j.resultsettable - 
|-------|------|
|cdname |cdseq |
|-------|------|
|-------|------|
 
2025-04-04T12:51:27.739 [http-nio-8080-exec-8] DEBUG j.sqltiming -  com.zaxxer.hikari.pool.ProxyPreparedStatement.execute(ProxyPreparedStatement.java:44)
71. select
		cdNameEng,
		cdSeq
		from
			code
		where 1=1
			and codeGroup_cgSeq=11
		order by cdSeq desc
 {executed in 1 msec} 
2025-04-04T12:51:27.739 [http-nio-8080-exec-8] INFO j.resultsettable - 
|----------|------|
|cdnameeng |cdseq |
|----------|------|
|----------|------|
 
2025-04-04T12:51:27.741 [http-nio-8080-exec-8] DEBUG j.sqltiming -  com.zaxxer.hikari.pool.ProxyPreparedStatement.execute(ProxyPreparedStatement.java:44)
71. select
		cdName,
	    cdSeq
	from
		code
	where 1=1
		and codeGroup_cgSeq=2
	order by cdSeq desc
 {executed in 1 msec} 
2025-04-04T12:51:27.741 [http-nio-8080-exec-8] INFO j.resultsettable - 
|-------|------|
|cdname |cdseq |
|-------|------|
|-------|------|
 
2025-04-04T12:51:46.775 [http-nio-8080-exec-8] DEBUG j.sqltiming -  com.zaxxer.hikari.pool.ProxyPreparedStatement.execute(ProxyPreparedStatement.java:44)
71. select
		cdName,
	    cdSeq
		from
			code
		where 1=1
			and codeGroup_cgSeq=1

		order by cdSeq desc
 {executed in 1 msec} 
2025-04-04T12:51:46.775 [http-nio-8080-exec-8] INFO j.resultsettable - 
|-------|------|
|cdname |cdseq |
|-------|------|
|-------|------|
 
2025-04-04T12:51:46.778 [http-nio-8080-exec-8] DEBUG j.sqltiming -  com.zaxxer.hikari.pool.ProxyPreparedStatement.execute(ProxyPreparedStatement.java:44)
71. select
		cdNameEng,
		cdSeq
		from
			code
		where 1=1
			and codeGroup_cgSeq=11
		order by cdSeq desc
 {executed in 1 msec} 
2025-04-04T12:51:46.778 [http-nio-8080-exec-8] INFO j.resultsettable - 
|----------|------|
|cdnameeng |cdseq |
|----------|------|
|----------|------|
 
2025-04-04T12:51:46.780 [http-nio-8080-exec-8] DEBUG j.sqltiming -  com.zaxxer.hikari.pool.ProxyPreparedStatement.execute(ProxyPreparedStatement.java:44)
71. select
		cdName,
	    cdSeq
	from
		code
	where 1=1
		and codeGroup_cgSeq=2
	order by cdSeq desc
 {executed in 1 msec} 
2025-04-04T12:51:46.780 [http-nio-8080-exec-8] INFO j.resultsettable - 
|-------|------|
|cdname |cdseq |
|-------|------|
|-------|------|
 
2025-04-04T12:52:40.946 [http-nio-8080-exec-6] DEBUG j.sqltiming -  com.zaxxer.hikari.pool.ProxyPreparedStatement.execute(ProxyPreparedStatement.java:44)
71. select
		cdName,
	    cdSeq
		from
			code
		where 1=1
			and codeGroup_cgSeq=1

		order by cdSeq desc
 {executed in 1 msec} 
2025-04-04T12:52:40.947 [http-nio-8080-exec-6] INFO j.resultsettable - 
|-------|------|
|cdname |cdseq |
|-------|------|
|-------|------|
 
2025-04-04T12:52:40.949 [http-nio-8080-exec-6] DEBUG j.sqltiming -  com.zaxxer.hikari.pool.ProxyPreparedStatement.execute(ProxyPreparedStatement.java:44)
71. select
		cdNameEng,
		cdSeq
		from
			code
		where 1=1
			and codeGroup_cgSeq=11
		order by cdSeq desc
 {executed in 1 msec} 
2025-04-04T12:52:40.950 [http-nio-8080-exec-6] INFO j.resultsettable - 
|----------|------|
|cdnameeng |cdseq |
|----------|------|
|----------|------|
 
2025-04-04T12:52:40.952 [http-nio-8080-exec-6] DEBUG j.sqltiming -  com.zaxxer.hikari.pool.ProxyPreparedStatement.execute(ProxyPreparedStatement.java:44)
71. select
		cdName,
	    cdSeq
	from
		code
	where 1=1
		and codeGroup_cgSeq=2
	order by cdSeq desc
 {executed in 1 msec} 
2025-04-04T12:52:40.952 [http-nio-8080-exec-6] INFO j.resultsettable - 
|-------|------|
|cdname |cdseq |
|-------|------|
|-------|------|
 
2025-04-04T12:53:16.338 [http-nio-8080-exec-8] DEBUG j.sqltiming -  com.zaxxer.hikari.pool.ProxyPreparedStatement.execute(ProxyPreparedStatement.java:44)
71. select
		cdName,
	    cdSeq
		from
			code
		where 1=1
			and codeGroup_cgSeq=1

		order by cdSeq desc
 {executed in 1 msec} 
2025-04-04T12:53:16.338 [http-nio-8080-exec-8] INFO j.resultsettable - 
|-------|------|
|cdname |cdseq |
|-------|------|
|-------|------|
 
2025-04-04T12:53:16.340 [http-nio-8080-exec-8] DEBUG j.sqltiming -  com.zaxxer.hikari.pool.ProxyPreparedStatement.execute(ProxyPreparedStatement.java:44)
71. select
		cdNameEng,
		cdSeq
		from
			code
		where 1=1
			and codeGroup_cgSeq=11
		order by cdSeq desc
 {executed in 1 msec} 
2025-04-04T12:53:16.341 [http-nio-8080-exec-8] INFO j.resultsettable - 
|----------|------|
|cdnameeng |cdseq |
|----------|------|
|----------|------|
 
2025-04-04T12:53:16.343 [http-nio-8080-exec-8] DEBUG j.sqltiming -  com.zaxxer.hikari.pool.ProxyPreparedStatement.execute(ProxyPreparedStatement.java:44)
71. select
		cdName,
	    cdSeq
	from
		code
	where 1=1
		and codeGroup_cgSeq=2
	order by cdSeq desc
 {executed in 1 msec} 
2025-04-04T12:53:16.343 [http-nio-8080-exec-8] INFO j.resultsettable - 
|-------|------|
|cdname |cdseq |
|-------|------|
|-------|------|
 
2025-04-04T12:53:16.356 [http-nio-8080-exec-8] ERROR o.t.TemplateEngine - [THYMELEAF][http-nio-8080-exec-8] Exception processing template "hof/user/baseball-register": An error happened during template parsing (template: "class path resource [templates/hof/user/baseball-register.html]" - line 78, col 10) 
org.thymeleaf.exceptions.TemplateInputException: An error happened during template parsing (template: "class path resource [templates/hof/user/baseball-register.html]" - line 78, col 10)
	at org.thymeleaf.templateparser.markup.AbstractMarkupTemplateParser.parse(AbstractMarkupTemplateParser.java:239)
	at org.thymeleaf.templateparser.markup.AbstractMarkupTemplateParser.parseStandalone(AbstractMarkupTemplateParser.java:100)
	at org.thymeleaf.engine.TemplateManager.parseAndProcess(TemplateManager.java:666)
	at org.thymeleaf.TemplateEngine.process(TemplateEngine.java:1103)
	at org.thymeleaf.TemplateEngine.process(TemplateEngine.java:1077)
	at org.thymeleaf.spring6.view.ThymeleafView.renderFragment(ThymeleafView.java:372)
	at org.thymeleaf.spring6.view.ThymeleafView.render(ThymeleafView.java:192)
	at org.springframework.web.servlet.DispatcherServlet.render(DispatcherServlet.java:1435)
	at org.springframework.web.servlet.DispatcherServlet.processDispatchResult(DispatcherServlet.java:1167)
	at org.springframework.web.servlet.DispatcherServlet.doDispatch(DispatcherServlet.java:1105)
	at org.springframework.web.servlet.DispatcherServlet.doService(DispatcherServlet.java:978)
	at org.springframework.web.servlet.FrameworkServlet.processRequest(FrameworkServlet.java:1014)
	at org.springframework.web.servlet.FrameworkServlet.doGet(FrameworkServlet.java:903)
	at jakarta.servlet.http.HttpServlet.service(HttpServlet.java:564)
	at org.springframework.web.servlet.FrameworkServlet.service(FrameworkServlet.java:885)
	at jakarta.servlet.http.HttpServlet.service(HttpServlet.java:658)
	at org.apache.catalina.core.ApplicationFilterChain.internalDoFilter(ApplicationFilterChain.java:195)
	at org.apache.catalina.core.ApplicationFilterChain.doFilter(ApplicationFilterChain.java:140)
	at org.apache.tomcat.websocket.server.WsFilter.doFilter(WsFilter.java:51)
	at org.apache.catalina.core.ApplicationFilterChain.internalDoFilter(ApplicationFilterChain.java:164)
	at org.apache.catalina.core.ApplicationFilterChain.doFilter(ApplicationFilterChain.java:140)
	at org.springframework.web.filter.RequestContextFilter.doFilterInternal(RequestContextFilter.java:100)
	at org.springframework.web.filter.OncePerRequestFilter.doFilter(OncePerRequestFilter.java:116)
	at org.apache.catalina.core.ApplicationFilterChain.internalDoFilter(ApplicationFilterChain.java:164)
	at org.apache.catalina.core.ApplicationFilterChain.doFilter(ApplicationFilterChain.java:140)
	at org.springframework.web.filter.FormContentFilter.doFilterInternal(FormContentFilter.java:93)
	at org.springframework.web.filter.OncePerRequestFilter.doFilter(OncePerRequestFilter.java:116)
	at org.apache.catalina.core.ApplicationFilterChain.internalDoFilter(ApplicationFilterChain.java:164)
	at org.apache.catalina.core.ApplicationFilterChain.doFilter(ApplicationFilterChain.java:140)
	at org.springframework.web.filter.CharacterEncodingFilter.doFilterInternal(CharacterEncodingFilter.java:201)
	at org.springframework.web.filter.OncePerRequestFilter.doFilter(OncePerRequestFilter.java:116)
	at org.apache.catalina.core.ApplicationFilterChain.internalDoFilter(ApplicationFilterChain.java:164)
	at org.apache.catalina.core.ApplicationFilterChain.doFilter(ApplicationFilterChain.java:140)
	at org.apache.catalina.core.StandardWrapperValve.invoke(StandardWrapperValve.java:167)
	at org.apache.catalina.core.StandardContextValve.invoke(StandardContextValve.java:90)
	at org.apache.catalina.authenticator.AuthenticatorBase.invoke(AuthenticatorBase.java:483)
	at org.apache.catalina.core.StandardHostValve.invoke(StandardHostValve.java:115)
	at org.apache.catalina.valves.ErrorReportValve.invoke(ErrorReportValve.java:93)
	at org.apache.catalina.core.StandardEngineValve.invoke(StandardEngineValve.java:74)
	at org.apache.catalina.connector.CoyoteAdapter.service(CoyoteAdapter.java:344)
	at org.apache.coyote.http11.Http11Processor.service(Http11Processor.java:397)
	at org.apache.coyote.AbstractProcessorLight.process(AbstractProcessorLight.java:63)
	at org.apache.coyote.AbstractProtocol$ConnectionHandler.process(AbstractProtocol.java:905)
	at org.apache.tomcat.util.net.NioEndpoint$SocketProcessor.doRun(NioEndpoint.java:1743)
	at org.apache.tomcat.util.net.SocketProcessorBase.run(SocketProcessorBase.java:52)
	at org.apache.tomcat.util.threads.ThreadPoolExecutor.runWorker(ThreadPoolExecutor.java:1190)
	at org.apache.tomcat.util.threads.ThreadPoolExecutor$Worker.run(ThreadPoolExecutor.java:659)
	at org.apache.tomcat.util.threads.TaskThread$WrappingRunnable.run(TaskThread.java:63)
	at java.base/java.lang.Thread.run(Thread.java:1583)
Caused by: org.attoparser.ParseException: (Line = 78, Column = 10) Incomplete structure: "<small id="urNicknameError" class="urNicknameError" style="display: none; margin: -20px 0 20px 0;> .</small>
									<div class="form-group form-group--floating-label"> 
										<input type="id" class="form-control" id="urID" name="urID" placeholder=" *">
										<label class="control-label" for="register-password"> *</label>
										<button href="" class="btn btn-primary-inverse btn-lg btn-block" style="position: absolute; top: 0; right: 0; height: 100%; width: 30%; background-color: #573ccb; border: 1px solid #573ccb; color: #fff; border-radius: 4px; font-size: 14px; border-radius: 0;"> </button>
									</div>
									<small id="urIDError" class="urIDError" style="display: none; margin: -20px 0 20px 0;"> .</small>
									<div class="form-group form-group--floating-label">
										<input type="password" class="form-control" id="urPassword" name="urPassword" placeholder=" *">
										<label class="control-label" for="register-password"> *</label>
										<small id="urPasswordError" class="urPasswordError" style="display: none;"> .</small>
									</div>
									<div class="form-group form-group--floating-label">
										<input type="password" class="form-control" id="urPasswordCheck" name="urPasswordCheck" placeholder="  *">
										<label class="control-label" for="register-password-confirm">  *</label>
										<small id="urPasswordCheckError" class="urPasswordCheckError" style="display: none;"> .</small>
									</div>
									<div class="form-group form-group--floating-label d-flex">
										<select id="telecom" name="telecom" class="form-control" style="width: 30%; height: 50px; border-radius: 0; font-size: 12px;">
											<option selected value=""> </option>
											<option th:each="list : ${@codeService.selectListCachedCode(1)}" th:value="${list.cdSeq}" th:text="${list.cdName}"></option>
										</select>									
										<label class="control-label" for="select-default">
											 
										</label>										
										<div class="form-group form-group--floating-label" style="position: relative; width: 80%; margin-left: 10px;">
											<input type="id" class="form-control" id="phoneNumber" name="phoneNumber" placeholder=" *" style="height: 50px;">
											<label class="control-label" for="register-password-confirm"> *</label>
											<button href="" class="btn btn-primary-inverse btn-lg" style="position: absolute; top: 0; right: 0; height: 100%; width: 30%; background-color: #573ccb; border: 1px solid #573ccb; color: #fff; border-radius: 0px; display: flex; align-items: center; justify-content: center; white-space: nowrap;">
												 
											</button>
										</div>
										<small id="telecomError" class="telecomError" style="display: none;"> .</small>
									</div>
									<div class="form-group form-group--floating-label d-flex">
										<!--   -->
										<div class="form-group form-group--floating-label" style="position: relative; width: 80%; margin-right: 10px;">
											<input type="id" class="form-control" id="emailID" name="emailID" placeholder=" *" style="height: 50px;">
											<label class="control-label" for="register-password-confirm"> ID *</label>
											<small id="emailIDError" class="emailIDError" style="display: none;"> .</small>
										</div>

										<!--   -->
										<div class="form-group form-group--floating-label" style="width: 30%;">
											<select name="email" id="email" class="form-control" style="height: 50px; border-radius: 0; font-size: 12px;">
												<option selected value=""> </option>
												<option th:each="list : ${@codeService.selectListCachedCode(11)}" th:value="${list.cdSeq}" th:text="${list.cdName}"></option>
											</select>
											<small id="emailError" class="emailError" style="display: none;"> .</small>
											<label class="control-label" for="select-default"> </label>
										</div>
									</div>
									<div class="form-group form-group--sm" style="margin-top: 10px;">
										<button href="button" class="btn btn-primary-inverse btn-lg btn-block" id="btnSave"></button>
										<a href="/mainHof" class="btn btn-danger btn-lg btn-block"> </a>
									</div>
									<p class="mb-0 font-size-sm">You will receive a confirmation email in your inbox with a link to activate your account!</p>
								</form>
								
								<!-- Register Form / End -->
		
							</div>
						</div>
						<!-- Register / End -->
					</div>
		
				</div>
			</div>
		</div>
		<!-- Content / End -->
		
		<div th:replace="~{hof/include/hofFooter :: footer}"></div>		

	<!-- Javascript Files
	================================================== -->
	<!-- Core JS -->
	<script src="/hof/template/assets/vendor/jquery/jquery.min.js"></script>
	<script src="/hof/template/assets/vendor/jquery/jquery-migrate.min.js"></script>
	<script src="/hof/template/assets/vendor/bootstrap/js/bootstrap.bundle.min.js"></script>
	<script src="/hof/template/assets/vendor/swiper/js/swiper-bundle.min.js"></script>
	<script src="/hof/template/assets/js/core.js"></script>
    <script src="https://cdn.jsdelivr.net/npm/@popperjs/core@2.11.8/dist/umd/popper.min.js" integrity="sha384-I7E8VVD/ismYTF4hNIPjVp/Zjvgyol6VFvRkX/vR+Vc4jQkC+hVqc2pM8ODewa9r" crossorigin="anonymous"></script>

	
	
	<!-- Vendor JS -->
	
	<!-- Template JS -->
	<script src="/hof/template/assets/js/init.js"></script>
	<script src="/hof/template/assets/js/custom.js"></script>
	<script src="/hof/template/assets/js/hofRegister.js"></script>
</body>
</html>
"
	at org.attoparser.MarkupParser.parseDocument(MarkupParser.java:366)
	at org.attoparser.MarkupParser.parse(MarkupParser.java:257)
	at org.thymeleaf.templateparser.markup.AbstractMarkupTemplateParser.parse(AbstractMarkupTemplateParser.java:230)
	... 48 common frames omitted
2025-04-04T12:53:16.359 [http-nio-8080-exec-8] ERROR o.a.c.c.C.[.[.[.[dispatcherServlet] - Servlet.service() for servlet [dispatcherServlet] in context with path [] threw exception [Request processing failed: org.thymeleaf.exceptions.TemplateInputException: An error happened during template parsing (template: "class path resource [templates/hof/user/baseball-register.html]" - line 78, col 10)] with root cause 
org.attoparser.ParseException: (Line = 78, Column = 10) Incomplete structure: "<small id="urNicknameError" class="urNicknameError" style="display: none; margin: -20px 0 20px 0;> .</small>
									<div class="form-group form-group--floating-label"> 
										<input type="id" class="form-control" id="urID" name="urID" placeholder=" *">
										<label class="control-label" for="register-password"> *</label>
										<button href="" class="btn btn-primary-inverse btn-lg btn-block" style="position: absolute; top: 0; right: 0; height: 100%; width: 30%; background-color: #573ccb; border: 1px solid #573ccb; color: #fff; border-radius: 4px; font-size: 14px; border-radius: 0;"> </button>
									</div>
									<small id="urIDError" class="urIDError" style="display: none; margin: -20px 0 20px 0;"> .</small>
									<div class="form-group form-group--floating-label">
										<input type="password" class="form-control" id="urPassword" name="urPassword" placeholder=" *">
										<label class="control-label" for="register-password"> *</label>
										<small id="urPasswordError" class="urPasswordError" style="display: none;"> .</small>
									</div>
									<div class="form-group form-group--floating-label">
										<input type="password" class="form-control" id="urPasswordCheck" name="urPasswordCheck" placeholder="  *">
										<label class="control-label" for="register-password-confirm">  *</label>
										<small id="urPasswordCheckError" class="urPasswordCheckError" style="display: none;"> .</small>
									</div>
									<div class="form-group form-group--floating-label d-flex">
										<select id="telecom" name="telecom" class="form-control" style="width: 30%; height: 50px; border-radius: 0; font-size: 12px;">
											<option selected value=""> </option>
											<option th:each="list : ${@codeService.selectListCachedCode(1)}" th:value="${list.cdSeq}" th:text="${list.cdName}"></option>
										</select>									
										<label class="control-label" for="select-default">
											 
										</label>										
										<div class="form-group form-group--floating-label" style="position: relative; width: 80%; margin-left: 10px;">
											<input type="id" class="form-control" id="phoneNumber" name="phoneNumber" placeholder=" *" style="height: 50px;">
											<label class="control-label" for="register-password-confirm"> *</label>
											<button href="" class="btn btn-primary-inverse btn-lg" style="position: absolute; top: 0; right: 0; height: 100%; width: 30%; background-color: #573ccb; border: 1px solid #573ccb; color: #fff; border-radius: 0px; display: flex; align-items: center; justify-content: center; white-space: nowrap;">
												 
											</button>
										</div>
										<small id="telecomError" class="telecomError" style="display: none;"> .</small>
									</div>
									<div class="form-group form-group--floating-label d-flex">
										<!--   -->
										<div class="form-group form-group--floating-label" style="position: relative; width: 80%; margin-right: 10px;">
											<input type="id" class="form-control" id="emailID" name="emailID" placeholder=" *" style="height: 50px;">
											<label class="control-label" for="register-password-confirm"> ID *</label>
											<small id="emailIDError" class="emailIDError" style="display: none;"> .</small>
										</div>

										<!--   -->
										<div class="form-group form-group--floating-label" style="width: 30%;">
											<select name="email" id="email" class="form-control" style="height: 50px; border-radius: 0; font-size: 12px;">
												<option selected value=""> </option>
												<option th:each="list : ${@codeService.selectListCachedCode(11)}" th:value="${list.cdSeq}" th:text="${list.cdName}"></option>
											</select>
											<small id="emailError" class="emailError" style="display: none;"> .</small>
											<label class="control-label" for="select-default"> </label>
										</div>
									</div>
									<div class="form-group form-group--sm" style="margin-top: 10px;">
										<button href="button" class="btn btn-primary-inverse btn-lg btn-block" id="btnSave"></button>
										<a href="/mainHof" class="btn btn-danger btn-lg btn-block"> </a>
									</div>
									<p class="mb-0 font-size-sm">You will receive a confirmation email in your inbox with a link to activate your account!</p>
								</form>
								
								<!-- Register Form / End -->
		
							</div>
						</div>
						<!-- Register / End -->
					</div>
		
				</div>
			</div>
		</div>
		<!-- Content / End -->
		
		<div th:replace="~{hof/include/hofFooter :: footer}"></div>		

	<!-- Javascript Files
	================================================== -->
	<!-- Core JS -->
	<script src="/hof/template/assets/vendor/jquery/jquery.min.js"></script>
	<script src="/hof/template/assets/vendor/jquery/jquery-migrate.min.js"></script>
	<script src="/hof/template/assets/vendor/bootstrap/js/bootstrap.bundle.min.js"></script>
	<script src="/hof/template/assets/vendor/swiper/js/swiper-bundle.min.js"></script>
	<script src="/hof/template/assets/js/core.js"></script>
    <script src="https://cdn.jsdelivr.net/npm/@popperjs/core@2.11.8/dist/umd/popper.min.js" integrity="sha384-I7E8VVD/ismYTF4hNIPjVp/Zjvgyol6VFvRkX/vR+Vc4jQkC+hVqc2pM8ODewa9r" crossorigin="anonymous"></script>

	
	
	<!-- Vendor JS -->
	
	<!-- Template JS -->
	<script src="/hof/template/assets/js/init.js"></script>
	<script src="/hof/template/assets/js/custom.js"></script>
	<script src="/hof/template/assets/js/hofRegister.js"></script>
</body>
</html>
"
	at org.attoparser.MarkupParser.parseDocument(MarkupParser.java:366)
	at org.attoparser.MarkupParser.parse(MarkupParser.java:257)
	at org.thymeleaf.templateparser.markup.AbstractMarkupTemplateParser.parse(AbstractMarkupTemplateParser.java:230)
	at org.thymeleaf.templateparser.markup.AbstractMarkupTemplateParser.parseStandalone(AbstractMarkupTemplateParser.java:100)
	at org.thymeleaf.engine.TemplateManager.parseAndProcess(TemplateManager.java:666)
	at org.thymeleaf.TemplateEngine.process(TemplateEngine.java:1103)
	at org.thymeleaf.TemplateEngine.process(TemplateEngine.java:1077)
	at org.thymeleaf.spring6.view.ThymeleafView.renderFragment(ThymeleafView.java:372)
	at org.thymeleaf.spring6.view.ThymeleafView.render(ThymeleafView.java:192)
	at org.springframework.web.servlet.DispatcherServlet.render(DispatcherServlet.java:1435)
	at org.springframework.web.servlet.DispatcherServlet.processDispatchResult(DispatcherServlet.java:1167)
	at org.springframework.web.servlet.DispatcherServlet.doDispatch(DispatcherServlet.java:1105)
	at org.springframework.web.servlet.DispatcherServlet.doService(DispatcherServlet.java:978)
	at org.springframework.web.servlet.FrameworkServlet.processRequest(FrameworkServlet.java:1014)
	at org.springframework.web.servlet.FrameworkServlet.doGet(FrameworkServlet.java:903)
	at jakarta.servlet.http.HttpServlet.service(HttpServlet.java:564)
	at org.springframework.web.servlet.FrameworkServlet.service(FrameworkServlet.java:885)
	at jakarta.servlet.http.HttpServlet.service(HttpServlet.java:658)
	at org.apache.catalina.core.ApplicationFilterChain.internalDoFilter(ApplicationFilterChain.java:195)
	at org.apache.catalina.core.ApplicationFilterChain.doFilter(ApplicationFilterChain.java:140)
	at org.apache.tomcat.websocket.server.WsFilter.doFilter(WsFilter.java:51)
	at org.apache.catalina.core.ApplicationFilterChain.internalDoFilter(ApplicationFilterChain.java:164)
	at org.apache.catalina.core.ApplicationFilterChain.doFilter(ApplicationFilterChain.java:140)
	at org.springframework.web.filter.RequestContextFilter.doFilterInternal(RequestContextFilter.java:100)
	at org.springframework.web.filter.OncePerRequestFilter.doFilter(OncePerRequestFilter.java:116)
	at org.apache.catalina.core.ApplicationFilterChain.internalDoFilter(ApplicationFilterChain.java:164)
	at org.apache.catalina.core.ApplicationFilterChain.doFilter(ApplicationFilterChain.java:140)
	at org.springframework.web.filter.FormContentFilter.doFilterInternal(FormContentFilter.java:93)
	at org.springframework.web.filter.OncePerRequestFilter.doFilter(OncePerRequestFilter.java:116)
	at org.apache.catalina.core.ApplicationFilterChain.internalDoFilter(ApplicationFilterChain.java:164)
	at org.apache.catalina.core.ApplicationFilterChain.doFilter(ApplicationFilterChain.java:140)
	at org.springframework.web.filter.CharacterEncodingFilter.doFilterInternal(CharacterEncodingFilter.java:201)
	at org.springframework.web.filter.OncePerRequestFilter.doFilter(OncePerRequestFilter.java:116)
	at org.apache.catalina.core.ApplicationFilterChain.internalDoFilter(ApplicationFilterChain.java:164)
	at org.apache.catalina.core.ApplicationFilterChain.doFilter(ApplicationFilterChain.java:140)
	at org.apache.catalina.core.StandardWrapperValve.invoke(StandardWrapperValve.java:167)
	at org.apache.catalina.core.StandardContextValve.invoke(StandardContextValve.java:90)
	at org.apache.catalina.authenticator.AuthenticatorBase.invoke(AuthenticatorBase.java:483)
	at org.apache.catalina.core.StandardHostValve.invoke(StandardHostValve.java:115)
	at org.apache.catalina.valves.ErrorReportValve.invoke(ErrorReportValve.java:93)
	at org.apache.catalina.core.StandardEngineValve.invoke(StandardEngineValve.java:74)
	at org.apache.catalina.connector.CoyoteAdapter.service(CoyoteAdapter.java:344)
	at org.apache.coyote.http11.Http11Processor.service(Http11Processor.java:397)
	at org.apache.coyote.AbstractProcessorLight.process(AbstractProcessorLight.java:63)
	at org.apache.coyote.AbstractProtocol$ConnectionHandler.process(AbstractProtocol.java:905)
	at org.apache.tomcat.util.net.NioEndpoint$SocketProcessor.doRun(NioEndpoint.java:1743)
	at org.apache.tomcat.util.net.SocketProcessorBase.run(SocketProcessorBase.java:52)
	at org.apache.tomcat.util.threads.ThreadPoolExecutor.runWorker(ThreadPoolExecutor.java:1190)
	at org.apache.tomcat.util.threads.ThreadPoolExecutor$Worker.run(ThreadPoolExecutor.java:659)
	at org.apache.tomcat.util.threads.TaskThread$WrappingRunnable.run(TaskThread.java:63)
	at java.base/java.lang.Thread.run(Thread.java:1583)
2025-04-04T12:53:16.370 [http-nio-8080-exec-8] ERROR o.s.b.a.w.s.e.ErrorMvcAutoConfiguration$StaticView - Cannot render error page for request [/hof/hofRegister] and exception [An error happened during template parsing (template: "class path resource [templates/hof/user/baseball-register.html]" - line 78, col 10)] as the response has already been committed. As a result, the response may have the wrong status code. 
2025-04-04T12:53:34.975 [http-nio-8080-exec-9] DEBUG j.sqltiming -  com.zaxxer.hikari.pool.ProxyPreparedStatement.execute(ProxyPreparedStatement.java:44)
71. select
		cdName,
	    cdSeq
		from
			code
		where 1=1
			and codeGroup_cgSeq=1

		order by cdSeq desc
 {executed in 1 msec} 
2025-04-04T12:53:34.975 [http-nio-8080-exec-9] INFO j.resultsettable - 
|-------|------|
|cdname |cdseq |
|-------|------|
|-------|------|
 
2025-04-04T12:53:34.976 [http-nio-8080-exec-9] DEBUG j.sqltiming -  com.zaxxer.hikari.pool.ProxyPreparedStatement.execute(ProxyPreparedStatement.java:44)
71. select
		cdNameEng,
		cdSeq
		from
			code
		where 1=1
			and codeGroup_cgSeq=11
		order by cdSeq desc
 {executed in 0 msec} 
2025-04-04T12:53:34.977 [http-nio-8080-exec-9] INFO j.resultsettable - 
|----------|------|
|cdnameeng |cdseq |
|----------|------|
|----------|------|
 
2025-04-04T12:53:34.978 [http-nio-8080-exec-9] DEBUG j.sqltiming -  com.zaxxer.hikari.pool.ProxyPreparedStatement.execute(ProxyPreparedStatement.java:44)
71. select
		cdName,
	    cdSeq
	from
		code
	where 1=1
		and codeGroup_cgSeq=2
	order by cdSeq desc
 {executed in 1 msec} 
2025-04-04T12:53:34.979 [http-nio-8080-exec-9] INFO j.resultsettable - 
|-------|------|
|cdname |cdseq |
|-------|------|
|-------|------|
 
2025-04-04T12:54:12.755 [http-nio-8080-exec-2] DEBUG j.sqltiming -  com.zaxxer.hikari.pool.ProxyPreparedStatement.execute(ProxyPreparedStatement.java:44)
71. select
		cdName,
	    cdSeq
		from
			code
		where 1=1
			and codeGroup_cgSeq=1

		order by cdSeq desc
 {executed in 1 msec} 
2025-04-04T12:54:12.756 [http-nio-8080-exec-2] INFO j.resultsettable - 
|-------|------|
|cdname |cdseq |
|-------|------|
|-------|------|
 
2025-04-04T12:54:12.758 [http-nio-8080-exec-2] DEBUG j.sqltiming -  com.zaxxer.hikari.pool.ProxyPreparedStatement.execute(ProxyPreparedStatement.java:44)
71. select
		cdNameEng,
		cdSeq
		from
			code
		where 1=1
			and codeGroup_cgSeq=11
		order by cdSeq desc
 {executed in 1 msec} 
2025-04-04T12:54:12.758 [http-nio-8080-exec-2] INFO j.resultsettable - 
|----------|------|
|cdnameeng |cdseq |
|----------|------|
|----------|------|
 
2025-04-04T12:54:12.760 [http-nio-8080-exec-2] DEBUG j.sqltiming -  com.zaxxer.hikari.pool.ProxyPreparedStatement.execute(ProxyPreparedStatement.java:44)
71. select
		cdName,
	    cdSeq
	from
		code
	where 1=1
		and codeGroup_cgSeq=2
	order by cdSeq desc
 {executed in 1 msec} 
2025-04-04T12:54:12.761 [http-nio-8080-exec-2] INFO j.resultsettable - 
|-------|------|
|cdname |cdseq |
|-------|------|
|-------|------|
 
2025-04-04T12:54:28.711 [http-nio-8080-exec-5] DEBUG j.sqltiming -  com.zaxxer.hikari.pool.ProxyPreparedStatement.execute(ProxyPreparedStatement.java:44)
71. select
		cdName,
	    cdSeq
		from
			code
		where 1=1
			and codeGroup_cgSeq=1

		order by cdSeq desc
 {executed in 1 msec} 
2025-04-04T12:54:28.712 [http-nio-8080-exec-5] INFO j.resultsettable - 
|-------|------|
|cdname |cdseq |
|-------|------|
|-------|------|
 
2025-04-04T12:54:28.713 [http-nio-8080-exec-5] DEBUG j.sqltiming -  com.zaxxer.hikari.pool.ProxyPreparedStatement.execute(ProxyPreparedStatement.java:44)
71. select
		cdNameEng,
		cdSeq
		from
			code
		where 1=1
			and codeGroup_cgSeq=11
		order by cdSeq desc
 {executed in 1 msec} 
2025-04-04T12:54:28.713 [http-nio-8080-exec-5] INFO j.resultsettable - 
|----------|------|
|cdnameeng |cdseq |
|----------|------|
|----------|------|
 
2025-04-04T12:54:28.716 [http-nio-8080-exec-5] DEBUG j.sqltiming -  com.zaxxer.hikari.pool.ProxyPreparedStatement.execute(ProxyPreparedStatement.java:44)
71. select
		cdName,
	    cdSeq
	from
		code
	where 1=1
		and codeGroup_cgSeq=2
	order by cdSeq desc
 {executed in 1 msec} 
2025-04-04T12:54:28.716 [http-nio-8080-exec-5] INFO j.resultsettable - 
|-------|------|
|cdname |cdseq |
|-------|------|
|-------|------|
 
2025-04-04T12:56:42.875 [http-nio-8080-exec-7] DEBUG j.sqltiming -  com.zaxxer.hikari.pool.ProxyPreparedStatement.execute(ProxyPreparedStatement.java:44)
71. select
		cdName,
	    cdSeq
		from
			code
		where 1=1
			and codeGroup_cgSeq=1

		order by cdSeq desc
 {executed in 2 msec} 
2025-04-04T12:56:42.876 [http-nio-8080-exec-7] INFO j.resultsettable - 
|-------|------|
|cdname |cdseq |
|-------|------|
|-------|------|
 
2025-04-04T12:56:42.879 [http-nio-8080-exec-7] DEBUG j.sqltiming -  com.zaxxer.hikari.pool.ProxyPreparedStatement.execute(ProxyPreparedStatement.java:44)
71. select
		cdNameEng,
		cdSeq
		from
			code
		where 1=1
			and codeGroup_cgSeq=11
		order by cdSeq desc
 {executed in 2 msec} 
2025-04-04T12:56:42.879 [http-nio-8080-exec-7] INFO j.resultsettable - 
|----------|------|
|cdnameeng |cdseq |
|----------|------|
|----------|------|
 
2025-04-04T12:56:42.881 [http-nio-8080-exec-7] DEBUG j.sqltiming -  com.zaxxer.hikari.pool.ProxyPreparedStatement.execute(ProxyPreparedStatement.java:44)
71. select
		cdName,
	    cdSeq
	from
		code
	where 1=1
		and codeGroup_cgSeq=2
	order by cdSeq desc
 {executed in 1 msec} 
2025-04-04T12:56:42.881 [http-nio-8080-exec-7] INFO j.resultsettable - 
|-------|------|
|cdname |cdseq |
|-------|------|
|-------|------|
 
2025-04-04T12:57:57.903 [http-nio-8080-exec-6] DEBUG j.sqltiming -  com.zaxxer.hikari.pool.ProxyPreparedStatement.execute(ProxyPreparedStatement.java:44)
71. select
		cdName,
	    cdSeq
		from
			code
		where 1=1
			and codeGroup_cgSeq=1

		order by cdSeq desc
 {executed in 1 msec} 
2025-04-04T12:57:57.903 [http-nio-8080-exec-6] INFO j.resultsettable - 
|-------|------|
|cdname |cdseq |
|-------|------|
|-------|------|
 
2025-04-04T12:57:57.905 [http-nio-8080-exec-6] DEBUG j.sqltiming -  com.zaxxer.hikari.pool.ProxyPreparedStatement.execute(ProxyPreparedStatement.java:44)
71. select
		cdNameEng,
		cdSeq
		from
			code
		where 1=1
			and codeGroup_cgSeq=11
		order by cdSeq desc
 {executed in 1 msec} 
2025-04-04T12:57:57.906 [http-nio-8080-exec-6] INFO j.resultsettable - 
|----------|------|
|cdnameeng |cdseq |
|----------|------|
|----------|------|
 
2025-04-04T12:57:57.908 [http-nio-8080-exec-6] DEBUG j.sqltiming -  com.zaxxer.hikari.pool.ProxyPreparedStatement.execute(ProxyPreparedStatement.java:44)
71. select
		cdName,
	    cdSeq
	from
		code
	where 1=1
		and codeGroup_cgSeq=2
	order by cdSeq desc
 {executed in 1 msec} 
2025-04-04T12:57:57.908 [http-nio-8080-exec-6] INFO j.resultsettable - 
|-------|------|
|cdname |cdseq |
|-------|------|
|-------|------|
 
2025-04-04T12:59:53.784 [http-nio-8080-exec-1] DEBUG j.sqltiming -  com.zaxxer.hikari.pool.ProxyPreparedStatement.execute(ProxyPreparedStatement.java:44)
71. select
		cdName,
	    cdSeq
		from
			code
		where 1=1
			and codeGroup_cgSeq=1

		order by cdSeq desc
 {executed in 1 msec} 
2025-04-04T12:59:53.786 [http-nio-8080-exec-1] INFO j.resultsettable - 
|-------|------|
|cdname |cdseq |
|-------|------|
|-------|------|
 
2025-04-04T12:59:53.788 [http-nio-8080-exec-1] DEBUG j.sqltiming -  com.zaxxer.hikari.pool.ProxyPreparedStatement.execute(ProxyPreparedStatement.java:44)
71. select
		cdNameEng,
		cdSeq
		from
			code
		where 1=1
			and codeGroup_cgSeq=11
		order by cdSeq desc
 {executed in 1 msec} 
2025-04-04T12:59:53.789 [http-nio-8080-exec-1] INFO j.resultsettable - 
|----------|------|
|cdnameeng |cdseq |
|----------|------|
|----------|------|
 
2025-04-04T12:59:53.790 [http-nio-8080-exec-1] DEBUG j.sqltiming -  com.zaxxer.hikari.pool.ProxyPreparedStatement.execute(ProxyPreparedStatement.java:44)
71. select
		cdName,
	    cdSeq
	from
		code
	where 1=1
		and codeGroup_cgSeq=2
	order by cdSeq desc
 {executed in 1 msec} 
2025-04-04T12:59:53.790 [http-nio-8080-exec-1] INFO j.resultsettable - 
|-------|------|
|cdname |cdseq |
|-------|------|
|-------|------|
 
