2025-03-26T19:50:41.813 [http-nio-8080-exec-1] DEBUG j.sqltiming -  com.zaxxer.hikari.pool.ProxyPreparedStatement.execute(ProxyPreparedStatement.java:44)
885. Select count(*)
	from 
	user
	where 1=1
 {executed in 4 msec} 
2025-03-26T19:50:41.815 [http-nio-8080-exec-1] INFO j.resultsettable - 
|---------|
|count(*) |
|---------|
|1        |
|---------|
 
2025-03-26T19:50:41.819 [http-nio-8080-exec-1] DEBUG j.sqltiming -  com.zaxxer.hikari.pool.ProxyPreparedStatement.execute(ProxyPreparedStatement.java:44)
885. select 
			urSeq,
		    urUse,
		    urDelNy,
		    urName,
		    urGender,
		    telecom,
		    phoneNumber,
		    urBirth,
		    urID,
		    urPassword,
		    urRegTime,
		    urModTime
		from user
		where 1=1 

		 AND urUse = 1 
         AND urDelNy = 0 

		order by urSeq desc
		limit 5 offset 0
 {executed in 0 msec} 
2025-03-26T19:50:41.825 [http-nio-8080-exec-1] INFO j.resultsettable - 
|------|------|--------|-------|---------|--------|--------------|-----------|----------|-----------|--------------------|----------|
|urseq |uruse |urdelny |urname |urgender |telecom |phonenumber   |urbirth    |urid      |urpassword |urregtime           |urmodtime |
|------|------|--------|-------|---------|--------|--------------|-----------|----------|-----------|--------------------|----------|
|1     |1     |0       |정한용    |7        |1       |010-4422-8123 |1994-03-06 |gksdyd009 |gksdyd009  |2025-03-26T18:45:46 |[null]    |
|------|------|--------|-------|---------|--------|--------------|-----------|----------|-----------|--------------------|----------|
 
2025-03-26T19:50:42.494 [http-nio-8080-exec-5] DEBUG j.sqltiming -  com.zaxxer.hikari.pool.ProxyPreparedStatement.execute(ProxyPreparedStatement.java:44)
885. Select count(*)
	from 
	user
	where 1=1
 {executed in 9 msec} 
2025-03-26T19:50:42.495 [http-nio-8080-exec-5] INFO j.resultsettable - 
|---------|
|count(*) |
|---------|
|1        |
|---------|
 
2025-03-26T19:50:42.502 [http-nio-8080-exec-5] DEBUG j.sqltiming -  com.zaxxer.hikari.pool.ProxyPreparedStatement.execute(ProxyPreparedStatement.java:44)
885. select 
			urSeq,
		    urUse,
		    urDelNy,
		    urName,
		    urGender,
		    telecom,
		    phoneNumber,
		    urBirth,
		    urID,
		    urPassword,
		    urRegTime,
		    urModTime
		from user
		where 1=1 

		 AND urUse = 1 
         AND urDelNy = 0 

		order by urSeq desc
		limit 5 offset 0
 {executed in 3 msec} 
2025-03-26T19:50:42.505 [http-nio-8080-exec-5] INFO j.resultsettable - 
|------|------|--------|-------|---------|--------|--------------|-----------|----------|-----------|--------------------|----------|
|urseq |uruse |urdelny |urname |urgender |telecom |phonenumber   |urbirth    |urid      |urpassword |urregtime           |urmodtime |
|------|------|--------|-------|---------|--------|--------------|-----------|----------|-----------|--------------------|----------|
|1     |1     |0       |정한용    |7        |1       |010-4422-8123 |1994-03-06 |gksdyd009 |gksdyd009  |2025-03-26T18:45:46 |[null]    |
|------|------|--------|-------|---------|--------|--------------|-----------|----------|-----------|--------------------|----------|
 
2025-03-26T19:50:48.647 [http-nio-8080-exec-6] DEBUG j.sqltiming -  com.zaxxer.hikari.pool.ProxyPreparedStatement.execute(ProxyPreparedStatement.java:44)
885. Select count(*)
	from 
	user
	where 1=1
 {executed in 3 msec} 
2025-03-26T19:50:48.649 [http-nio-8080-exec-6] INFO j.resultsettable - 
|---------|
|count(*) |
|---------|
|1        |
|---------|
 
2025-03-26T19:50:48.659 [http-nio-8080-exec-6] DEBUG j.sqltiming -  com.zaxxer.hikari.pool.ProxyPreparedStatement.execute(ProxyPreparedStatement.java:44)
885. select 
			urSeq,
		    urUse,
		    urDelNy,
		    urName,
		    urGender,
		    telecom,
		    phoneNumber,
		    urBirth,
		    urID,
		    urPassword,
		    urRegTime,
		    urModTime
		from user
		where 1=1 

		 AND urUse = 1 
         AND urDelNy = 0 

		order by urSeq desc
		limit 5 offset 0
 {executed in 5 msec} 
2025-03-26T19:50:48.665 [http-nio-8080-exec-6] INFO j.resultsettable - 
|------|------|--------|-------|---------|--------|--------------|-----------|----------|-----------|--------------------|----------|
|urseq |uruse |urdelny |urname |urgender |telecom |phonenumber   |urbirth    |urid      |urpassword |urregtime           |urmodtime |
|------|------|--------|-------|---------|--------|--------------|-----------|----------|-----------|--------------------|----------|
|1     |1     |0       |정한용    |7        |1       |010-4422-8123 |1994-03-06 |gksdyd009 |gksdyd009  |2025-03-26T18:45:46 |[null]    |
|------|------|--------|-------|---------|--------|--------------|-----------|----------|-----------|--------------------|----------|
 
2025-03-26T19:51:33.860 [http-nio-8080-exec-7] DEBUG j.sqltiming -  com.zaxxer.hikari.pool.ProxyPreparedStatement.execute(ProxyPreparedStatement.java:44)
885. Select count(*)

			FROM
		    code c
		left JOIN codegroup cg ON c.codeGroup_cgSeq = cg.cgSeq
		WHERE
		    1=1

		 AND c.cdUse = 1 
         AND c.cdDelNy = 0
 {executed in 3 msec} 
2025-03-26T19:51:33.861 [http-nio-8080-exec-7] INFO j.resultsettable - 
|---------|
|count(*) |
|---------|
|95       |
|---------|
 
2025-03-26T19:51:33.876 [http-nio-8080-exec-7] DEBUG j.sqltiming -  com.zaxxer.hikari.pool.ProxyPreparedStatement.execute(ProxyPreparedStatement.java:44)
885. SELECT

		    c.codeGroup_cgSeq,
		    c.cdUse,
			cg.cgName,
		    c.cdSeq,
		    c.cdName,
		    c.cdNameEng,
		    c.cdOrder,
		    c.cdRegDate,
		    c.cdEdDate,
		    c.cdCheck,
		    c.cdDelNy

			FROM
		    code c
		left JOIN codegroup cg ON c.codeGroup_cgSeq = cg.cgSeq
		WHERE
		    1=1

		 AND c.cdUse = 1 
         AND c.cdDelNy = 0 

		ORDER BY
		    c.cdSeq DESC		    
		limit 5 offset 0
 {executed in 1 msec} 
2025-03-26T19:51:33.879 [http-nio-8080-exec-7] INFO j.resultsettable - 
|----------------|------|-------|------|-------|----------|--------|--------------------|---------|--------|--------|
|codegroup_cgseq |cduse |cgname |cdseq |cdname |cdnameeng |cdorder |cdregdate           |cdeddate |cdcheck |cddelny |
|----------------|------|-------|------|-------|----------|--------|--------------------|---------|--------|--------|
|5               |1     |포지션    |95    |투타겸업   |TWP       |1       |2025-03-23T23:12:21 |[null]   |[null]  |0       |
|10              |1     |status |94    |은퇴     |retire    |1       |2025-03-23T17:13:52 |[null]   |[null]  |0       |
|10              |1     |status |93    |현역     |active    |1       |2025-03-23T17:13:41 |[null]   |[null]  |0       |
|9               |1     |이닝     |92    |20회말   |BOT 20    |1       |2025-03-22T14:12:40 |[null]   |[null]  |0       |
|9               |1     |이닝     |91    |20회초   |TOP 20    |1       |2025-03-22T14:12:16 |[null]   |[null]  |0       |
|----------------|------|-------|------|-------|----------|--------|--------------------|---------|--------|--------|
 
2025-03-26T19:51:57.005 [http-nio-8080-exec-1] DEBUG j.sqltiming -  com.zaxxer.hikari.pool.ProxyPreparedStatement.execute(ProxyPreparedStatement.java:44)
885. Select count(*)

			from
			codegroup as a 		
			where 1=1
		 AND a.cgUse = 1 
         AND a.cgdelNy = 0
 {executed in 2 msec} 
2025-03-26T19:51:57.006 [http-nio-8080-exec-1] INFO j.resultsettable - 
|---------|
|count(*) |
|---------|
|27       |
|---------|
 
2025-03-26T19:51:57.016 [http-nio-8080-exec-1] DEBUG j.sqltiming -  com.zaxxer.hikari.pool.ProxyPreparedStatement.execute(ProxyPreparedStatement.java:44)
885. select
			a.cgSeq,
			a.cgdelNy,
			a.cgUse,
		    a.cgName,
		    a.cgNameEng,
		    (select count(aa.cdSeq) from code aa where 1=1 and aa.cdDelNy = 0 and aa.codeGroup_cgSeq = a.cgSeq) as cdSeqCount,
		    a.cgOrder,
		    a.cgRegDate,
		    a.cgEdDate

			from
			codegroup as a 		
			where 1=1
		 AND a.cgUse = 1 
         AND a.cgdelNy = 0 

		order by cgSeq desc
		limit 5 offset 0
 {executed in 3 msec} 
2025-03-26T19:51:57.023 [http-nio-8080-exec-1] INFO j.resultsettable - 
|------|--------|------|--------|----------|-----------|--------|--------------------|---------|
|cgseq |cgdelny |cguse |cgname  |cgnameeng |cdseqcount |cgorder |cgregdate           |cgeddate |
|------|--------|------|--------|----------|-----------|--------|--------------------|---------|
|29    |0       |1     |ㄴ       |hihi      |0          |44      |2025-03-26T10:57:52 |[null]   |
|28    |0       |1     |80802r  |hihi      |0          |44      |2025-03-26T10:56:51 |[null]   |
|27    |0       |1     |80802rD |hihi      |0          |44      |2025-03-26T10:56:48 |[null]   |
|26    |0       |1     |80802rD |hihi      |0          |44      |2025-03-26T10:56:39 |[null]   |
|25    |0       |1     |80802rD |hihi      |0          |44      |2025-03-26T10:56:37 |[null]   |
|------|--------|------|--------|----------|-----------|--------|--------------------|---------|
 
2025-03-26T19:52:00.542 [http-nio-8080-exec-9] DEBUG j.sqltiming -  com.zaxxer.hikari.pool.ProxyPreparedStatement.execute(ProxyPreparedStatement.java:44)
885. select
			a.cgSeq,
			a.cgdelNy,
			a.cgUse,
		    a.cgName,
		    a.cgNameEng,
		    (select count(aa.cdSeq) from code aa where 1=1 and aa.cdDelNy = 0 and aa.codeGroup_cgSeq = a.cgSeq) as cdSeqCount,
		    a.cgOrder,
		    a.cgRegDate,
		    a.cgEdDate
				from
				codegroup as a 		
				where 1=1
			AND a.cgSeq = '29'
 {executed in 1 msec} 
2025-03-26T19:52:00.543 [http-nio-8080-exec-9] INFO j.resultsettable - 
|------|--------|------|-------|----------|-----------|--------|--------------------|---------|
|cgseq |cgdelny |cguse |cgname |cgnameeng |cdseqcount |cgorder |cgregdate           |cgeddate |
|------|--------|------|-------|----------|-----------|--------|--------------------|---------|
|29    |0       |1     |ㄴ      |hihi      |0          |44      |2025-03-26T10:57:52 |[null]   |
|------|--------|------|-------|----------|-----------|--------|--------------------|---------|
 
2025-03-26T19:52:03.387 [http-nio-8080-exec-3] DEBUG j.sqltiming -  com.zaxxer.hikari.pool.ProxyPreparedStatement.execute(ProxyPreparedStatement.java:44)
885. select
			a.cgSeq,
			a.cgdelNy,
			a.cgUse,
		    a.cgName,
		    a.cgNameEng,
		    (select count(aa.cdSeq) from code aa where 1=1 and aa.cdDelNy = 0 and aa.codeGroup_cgSeq = a.cgSeq) as cdSeqCount,
		    a.cgOrder,
		    a.cgRegDate,
		    a.cgEdDate
				from
				codegroup as a 		
				where 1=1
			AND a.cgSeq = '29'
 {executed in 1 msec} 
2025-03-26T19:52:03.388 [http-nio-8080-exec-3] INFO j.resultsettable - 
|------|--------|------|-------|----------|-----------|--------|--------------------|---------|
|cgseq |cgdelny |cguse |cgname |cgnameeng |cdseqcount |cgorder |cgregdate           |cgeddate |
|------|--------|------|-------|----------|-----------|--------|--------------------|---------|
|29    |0       |1     |ㄴ      |hihi      |0          |44      |2025-03-26T10:57:52 |[null]   |
|------|--------|------|-------|----------|-----------|--------|--------------------|---------|
 
