2025-04-03T19:26:18.212 [http-nio-8080-exec-2] DEBUG j.sqltiming -  com.zaxxer.hikari.pool.ProxyPreparedStatement.execute(ProxyPreparedStatement.java:44)
322. SELECT
			urSeq,
		    urName,
		    urNickName,
		    urID,
		    urPassword,
		    urRegTime
		FROM
			user
		WHERE 1=1
			AND urID = 'ej'
			 AND urPassword = '1a'
 {executed in 2 msec} 
2025-04-03T19:26:18.215 [http-nio-8080-exec-2] INFO j.resultsettable - 
|------|-------|-----------|-----|-----------|----------|
|urseq |urname |urnickname |urid |urpassword |urregtime |
|------|-------|-----------|-----|-----------|----------|
|------|-------|-----------|-----|-----------|----------|
 
2025-04-03T19:30:55.438 [http-nio-8080-exec-8] DEBUG j.sqltiming -  com.zaxxer.hikari.pool.ProxyPreparedStatement.execute(ProxyPreparedStatement.java:44)
322. SELECT
			urSeq,
		    urName,
		    urNickName,
		    urID,
		    urPassword,
		    urRegTime
		FROM
			user
		WHERE 1=1
			AND urID = 'ej'
			 AND urPassword = 'aa'
 {executed in 2 msec} 
2025-04-03T19:30:55.441 [http-nio-8080-exec-8] INFO j.resultsettable - 
|------|-------|-----------|-----|-----------|----------|
|urseq |urname |urnickname |urid |urpassword |urregtime |
|------|-------|-----------|-----|-----------|----------|
|------|-------|-----------|-----|-----------|----------|
 
2025-04-03T19:30:56.969 [http-nio-8080-exec-4] DEBUG j.sqltiming -  com.zaxxer.hikari.pool.ProxyPreparedStatement.execute(ProxyPreparedStatement.java:44)
322. SELECT
			urSeq,
		    urName,
		    urNickName,
		    urID,
		    urPassword,
		    urRegTime
		FROM
			user
		WHERE 1=1
			AND urID = 'ej'
			 AND urPassword = 'aa'
 {executed in 1 msec} 
2025-04-03T19:30:56.970 [http-nio-8080-exec-4] INFO j.resultsettable - 
|------|-------|-----------|-----|-----------|----------|
|urseq |urname |urnickname |urid |urpassword |urregtime |
|------|-------|-----------|-----|-----------|----------|
|------|-------|-----------|-----|-----------|----------|
 
2025-04-03T19:30:58.633 [http-nio-8080-exec-2] DEBUG j.sqltiming -  com.zaxxer.hikari.pool.ProxyPreparedStatement.execute(ProxyPreparedStatement.java:44)
322. SELECT
			urSeq,
		    urName,
		    urNickName,
		    urID,
		    urPassword,
		    urRegTime
		FROM
			user
		WHERE 1=1
			AND urID = 'ej'
			 AND urPassword = 'aa'
 {executed in 1 msec} 
2025-04-03T19:30:58.634 [http-nio-8080-exec-2] INFO j.resultsettable - 
|------|-------|-----------|-----|-----------|----------|
|urseq |urname |urnickname |urid |urpassword |urregtime |
|------|-------|-----------|-----|-----------|----------|
|------|-------|-----------|-----|-----------|----------|
 
2025-04-03T19:34:45.963 [http-nio-8080-exec-5] DEBUG j.sqltiming -  com.zaxxer.hikari.pool.ProxyPreparedStatement.execute(ProxyPreparedStatement.java:44)
332. SELECT
			urSeq,
		    urName,
		    urNickName,
		    urID,
		    urPassword,
		    urRegTime
		FROM
			user
		WHERE 1=1
			AND urID = 'ej'
			 AND urPassword = '1a'
 {executed in 2 msec} 
2025-04-03T19:34:45.964 [http-nio-8080-exec-5] INFO j.resultsettable - 
|------|-------|-----------|-----|-----------|----------|
|urseq |urname |urnickname |urid |urpassword |urregtime |
|------|-------|-----------|-----|-----------|----------|
|------|-------|-----------|-----|-----------|----------|
 
2025-04-03T19:34:48.881 [http-nio-8080-exec-7] DEBUG j.sqltiming -  com.zaxxer.hikari.pool.ProxyPreparedStatement.execute(ProxyPreparedStatement.java:44)
332. SELECT
			urSeq,
		    urName,
		    urNickName,
		    urID,
		    urPassword,
		    urRegTime
		FROM
			user
		WHERE 1=1
			AND urID = 'ej'
			 AND urPassword = '1a'
 {executed in 1 msec} 
2025-04-03T19:34:48.882 [http-nio-8080-exec-7] INFO j.resultsettable - 
|------|-------|-----------|-----|-----------|----------|
|urseq |urname |urnickname |urid |urpassword |urregtime |
|------|-------|-----------|-----|-----------|----------|
|------|-------|-----------|-----|-----------|----------|
 
2025-04-03T19:34:50.837 [http-nio-8080-exec-8] DEBUG j.sqltiming -  com.zaxxer.hikari.pool.ProxyPreparedStatement.execute(ProxyPreparedStatement.java:44)
332. SELECT
			urSeq,
		    urName,
		    urNickName,
		    urID,
		    urPassword,
		    urRegTime
		FROM
			user
		WHERE 1=1
			AND urID = 'ej'
			 AND urPassword = '1a'
 {executed in 0 msec} 
2025-04-03T19:34:50.837 [http-nio-8080-exec-8] INFO j.resultsettable - 
|------|-------|-----------|-----|-----------|----------|
|urseq |urname |urnickname |urid |urpassword |urregtime |
|------|-------|-----------|-----|-----------|----------|
|------|-------|-----------|-----|-----------|----------|
 
2025-04-03T19:35:08.070 [http-nio-8080-exec-6] DEBUG j.sqltiming -  com.zaxxer.hikari.pool.ProxyPreparedStatement.execute(ProxyPreparedStatement.java:44)
332. SELECT
			urSeq,
		    urName,
		    urNickName,
		    urID,
		    urPassword,
		    urRegTime
		FROM
			user
		WHERE 1=1
			AND urID = 'ej'
			 AND urPassword = '1a'
 {executed in 1 msec} 
2025-04-03T19:35:08.070 [http-nio-8080-exec-6] INFO j.resultsettable - 
|------|-------|-----------|-----|-----------|----------|
|urseq |urname |urnickname |urid |urpassword |urregtime |
|------|-------|-----------|-----|-----------|----------|
|------|-------|-----------|-----|-----------|----------|
 
2025-04-03T19:35:13.165 [http-nio-8080-exec-10] DEBUG j.sqltiming -  com.zaxxer.hikari.pool.ProxyPreparedStatement.execute(ProxyPreparedStatement.java:44)
332. SELECT
			urSeq,
		    urName,
		    urNickName,
		    urID,
		    urPassword,
		    urRegTime
		FROM
			user
		WHERE 1=1
			AND urID = 'ej'
			 AND urPassword = '1a'
 {executed in 1 msec} 
2025-04-03T19:35:13.165 [http-nio-8080-exec-10] INFO j.resultsettable - 
|------|-------|-----------|-----|-----------|----------|
|urseq |urname |urnickname |urid |urpassword |urregtime |
|------|-------|-----------|-----|-----------|----------|
|------|-------|-----------|-----|-----------|----------|
 
2025-04-03T19:35:16.901 [http-nio-8080-exec-4] DEBUG j.sqltiming -  com.zaxxer.hikari.pool.ProxyPreparedStatement.execute(ProxyPreparedStatement.java:44)
332. SELECT
			urSeq,
		    urName,
		    urNickName,
		    urID,
		    urPassword,
		    urRegTime
		FROM
			user
		WHERE 1=1
			AND urID = 'ej'
			 AND urPassword = '1'
 {executed in 0 msec} 
2025-04-03T19:35:16.903 [http-nio-8080-exec-4] INFO j.resultsettable - 
|------|-------|-----------|-----|-----------|--------------------|
|urseq |urname |urnickname |urid |urpassword |urregtime           |
|------|-------|-----------|-----|-----------|--------------------|
|2     |이은준    |관리자        |ej   |1          |2025-03-28T11:37:15 |
|------|-------|-----------|-----|-----------|--------------------|
 
2025-04-03T19:35:32.978 [http-nio-8080-exec-5] DEBUG j.sqltiming -  com.zaxxer.hikari.pool.ProxyPreparedStatement.execute(ProxyPreparedStatement.java:44)
332. SELECT
			urSeq,
		    urName,
		    urNickName,
		    urID,
		    urPassword,
		    urRegTime
		FROM
			user
		WHERE 1=1
			AND urID = 'ej'
			 AND urPassword = '1a'
 {executed in 1 msec} 
2025-04-03T19:35:32.980 [http-nio-8080-exec-5] INFO j.resultsettable - 
|------|-------|-----------|-----|-----------|----------|
|urseq |urname |urnickname |urid |urpassword |urregtime |
|------|-------|-----------|-----|-----------|----------|
|------|-------|-----------|-----|-----------|----------|
 
2025-04-03T19:36:05.431 [http-nio-8080-exec-10] DEBUG j.sqltiming -  com.zaxxer.hikari.pool.ProxyPreparedStatement.execute(ProxyPreparedStatement.java:44)
332. SELECT
			urSeq,
		    urName,
		    urNickName,
		    urID,
		    urPassword,
		    urRegTime
		FROM
			user
		WHERE 1=1
			AND urID = 'ej'
			 AND urPassword = '1a'
 {executed in 1 msec} 
2025-04-03T19:36:05.432 [http-nio-8080-exec-10] INFO j.resultsettable - 
|------|-------|-----------|-----|-----------|----------|
|urseq |urname |urnickname |urid |urpassword |urregtime |
|------|-------|-----------|-----|-----------|----------|
|------|-------|-----------|-----|-----------|----------|
 
2025-04-03T19:36:11.385 [http-nio-8080-exec-7] DEBUG j.sqltiming -  com.zaxxer.hikari.pool.ProxyPreparedStatement.execute(ProxyPreparedStatement.java:44)
332. SELECT
			urSeq,
		    urName,
		    urNickName,
		    urID,
		    urPassword,
		    urRegTime
		FROM
			user
		WHERE 1=1
			AND urID = 'ej'
			 AND urPassword = '1a'
 {executed in 1 msec} 
2025-04-03T19:36:11.385 [http-nio-8080-exec-7] INFO j.resultsettable - 
|------|-------|-----------|-----|-----------|----------|
|urseq |urname |urnickname |urid |urpassword |urregtime |
|------|-------|-----------|-----|-----------|----------|
|------|-------|-----------|-----|-----------|----------|
 
2025-04-03T19:39:24.527 [http-nio-8080-exec-5] DEBUG j.sqltiming -  com.zaxxer.hikari.pool.ProxyPreparedStatement.execute(ProxyPreparedStatement.java:44)
332. SELECT
			urSeq,
		    urName,
		    urNickName,
		    urID,
		    urPassword,
		    urRegTime
		FROM
			user
		WHERE 1=1
			AND urID = 'ej'
			 AND urPassword = '1a'
 {executed in 2 msec} 
2025-04-03T19:39:24.532 [http-nio-8080-exec-5] INFO j.resultsettable - 
|------|-------|-----------|-----|-----------|----------|
|urseq |urname |urnickname |urid |urpassword |urregtime |
|------|-------|-----------|-----|-----------|----------|
|------|-------|-----------|-----|-----------|----------|
 
2025-04-03T19:39:27.313 [http-nio-8080-exec-6] DEBUG j.sqltiming -  com.zaxxer.hikari.pool.ProxyPreparedStatement.execute(ProxyPreparedStatement.java:44)
332. SELECT
			urSeq,
		    urName,
		    urNickName,
		    urID,
		    urPassword,
		    urRegTime
		FROM
			user
		WHERE 1=1
			AND urID = 'ej'
			 AND urPassword = '1'
 {executed in 1 msec} 
2025-04-03T19:39:27.315 [http-nio-8080-exec-6] INFO j.resultsettable - 
|------|-------|-----------|-----|-----------|--------------------|
|urseq |urname |urnickname |urid |urpassword |urregtime           |
|------|-------|-----------|-----|-----------|--------------------|
|2     |이은준    |관리자        |ej   |1          |2025-03-28T11:37:15 |
|------|-------|-----------|-----|-----------|--------------------|
 
2025-04-03T19:39:38.560 [http-nio-8080-exec-7] DEBUG j.sqltiming -  com.zaxxer.hikari.pool.ProxyPreparedStatement.execute(ProxyPreparedStatement.java:44)
332. SELECT
			urSeq,
		    urName,
		    urNickName,
		    urID,
		    urPassword,
		    urRegTime
		FROM
			user
		WHERE 1=1
			AND urID = 'ej'
			 AND urPassword = '1a'
 {executed in 3 msec} 
2025-04-03T19:39:38.561 [http-nio-8080-exec-7] INFO j.resultsettable - 
|------|-------|-----------|-----|-----------|----------|
|urseq |urname |urnickname |urid |urpassword |urregtime |
|------|-------|-----------|-----|-----------|----------|
|------|-------|-----------|-----|-----------|----------|
 
2025-04-03T19:39:42.803 [http-nio-8080-exec-10] DEBUG j.sqltiming -  com.zaxxer.hikari.pool.ProxyPreparedStatement.execute(ProxyPreparedStatement.java:44)
332. SELECT
			urSeq,
		    urName,
		    urNickName,
		    urID,
		    urPassword,
		    urRegTime
		FROM
			user
		WHERE 1=1
			AND urID = 'ej'
			 AND urPassword = '1'
 {executed in 1 msec} 
2025-04-03T19:39:42.805 [http-nio-8080-exec-10] INFO j.resultsettable - 
|------|-------|-----------|-----|-----------|--------------------|
|urseq |urname |urnickname |urid |urpassword |urregtime           |
|------|-------|-----------|-----|-----------|--------------------|
|2     |이은준    |관리자        |ej   |1          |2025-03-28T11:37:15 |
|------|-------|-----------|-----|-----------|--------------------|
 
2025-04-03T19:46:56.861 [http-nio-8080-exec-9] DEBUG j.sqltiming -  com.zaxxer.hikari.pool.ProxyPreparedStatement.execute(ProxyPreparedStatement.java:44)
332. SELECT
			urSeq,
		    urName,
		    urNickName,
		    urID,
		    urPassword,
		    urRegTime
		FROM
			user
		WHERE 1=1
			AND urID = 'ej'
			 AND urPassword = '1a'
 {executed in 0 msec} 
2025-04-03T19:46:56.862 [http-nio-8080-exec-9] INFO j.resultsettable - 
|------|-------|-----------|-----|-----------|----------|
|urseq |urname |urnickname |urid |urpassword |urregtime |
|------|-------|-----------|-----|-----------|----------|
|------|-------|-----------|-----|-----------|----------|
 
2025-04-03T19:47:06.611 [http-nio-8080-exec-1] DEBUG j.sqltiming -  com.zaxxer.hikari.pool.ProxyPreparedStatement.execute(ProxyPreparedStatement.java:44)
332. SELECT
			urSeq,
		    urName,
		    urNickName,
		    urID,
		    urPassword,
		    urRegTime
		FROM
			user
		WHERE 1=1
			AND urID = 'ej'
			 AND urPassword = '1'
 {executed in 1 msec} 
2025-04-03T19:47:06.612 [http-nio-8080-exec-1] INFO j.resultsettable - 
|------|-------|-----------|-----|-----------|--------------------|
|urseq |urname |urnickname |urid |urpassword |urregtime           |
|------|-------|-----------|-----|-----------|--------------------|
|2     |이은준    |관리자        |ej   |1          |2025-03-28T11:37:15 |
|------|-------|-----------|-----|-----------|--------------------|
 
