2025-03-27T16:10:31.491 [File Watcher] INFO o.s.b.d.a.LocalDevToolsAutoConfiguration$RestartingClassPathChangeChangedEventListener - Restarting due to 1 class path change (0 additions, 0 deletions, 1 modification) 
2025-03-27T16:10:31.494 [Thread-74] INFO o.s.b.w.e.t.GracefulShutdown - Commencing graceful shutdown. Waiting for active requests to complete 
2025-03-27T16:10:31.495 [tomcat-shutdown] INFO o.a.c.h.Http11NioProtocol - Pausing ProtocolHandler ["http-nio-8080"] 
2025-03-27T16:10:31.511 [tomcat-shutdown] INFO o.s.b.w.e.t.GracefulShutdown - Graceful shutdown complete 
2025-03-27T16:10:31.511 [Thread-74] INFO o.a.c.h.Http11NioProtocol - Stopping ProtocolHandler ["http-nio-8080"] 
2025-03-27T16:10:31.514 [Thread-74] INFO c.z.h.HikariDataSource - HikariPool-20 - Shutdown initiated... 
2025-03-27T16:10:31.519 [Thread-74] INFO c.z.h.HikariDataSource - HikariPool-20 - Shutdown completed. 
2025-03-27T16:10:31.659 [restartedMain] INFO c.a.AngelsApplication - Starting AngelsApplication using Java 21.0.5 with PID 16224 (C:\factory\ws_sts4_4270\repo_angels\angels\bin\main started by sunjs in C:\factory\ws_sts4_4270\repo_angels\angels) 
2025-03-27T16:10:31.660 [restartedMain] INFO c.a.AngelsApplication - No active profile set, falling back to 1 default profile: "default" 
2025-03-27T16:10:32.113 [restartedMain] INFO o.s.b.w.e.t.TomcatWebServer - Tomcat initialized with port 8080 (http) 
2025-03-27T16:10:32.115 [restartedMain] INFO o.a.c.h.Http11NioProtocol - Initializing ProtocolHandler ["http-nio-8080"] 
2025-03-27T16:10:32.116 [restartedMain] INFO o.a.c.c.StandardService - Starting service [Tomcat] 
2025-03-27T16:10:32.116 [restartedMain] INFO o.a.c.c.StandardEngine - Starting Servlet engine: [Apache Tomcat/10.1.36] 
2025-03-27T16:10:32.146 [restartedMain] INFO o.a.c.c.C.[.[.[/] - Initializing Spring embedded WebApplicationContext 
2025-03-27T16:10:32.146 [restartedMain] INFO o.s.b.w.s.c.ServletWebServerApplicationContext - Root WebApplicationContext: initialization completed in 478 ms 
2025-03-27T16:10:32.287 [restartedMain] INFO c.z.h.HikariDataSource - HikariPool-21 - Starting... 
2025-03-27T16:10:32.307 [restartedMain] INFO c.z.h.p.HikariPool - HikariPool-21 - Added connection net.sf.log4jdbc.sql.jdbcapi.ConnectionSpy@63a32e4 
2025-03-27T16:10:32.307 [restartedMain] INFO c.z.h.HikariDataSource - HikariPool-21 - Start completed. 
2025-03-27T16:10:32.310 [restartedMain] DEBUG j.sqltiming -  com.zaxxer.hikari.pool.ProxyPreparedStatement.execute(ProxyPreparedStatement.java:44)
256. SELECT 
			cdSeq,
			cdName,
			codeGroup_cgSeq
		FROM
			code
		WHERE 1=1
			AND cdDelNy = 0
 {executed in 3 msec} 
2025-03-27T16:10:32.320 [restartedMain] INFO j.resultsettable - 
|------|----------|----------------|
|cdseq |cdname    |codegroup_cgseq |
|------|----------|----------------|
|1     |SKT       |1               |
|2     |KT        |1               |
|3     |LG U+     |1               |
|4     |SKT 알뜰폰   |1               |
|5     |KT 알뜰폰    |1               |
|6     |LG U+ 알뜰폰 |1               |
|7     |남자        |2               |
|8     |여자        |2               |
|9     |AL        |3               |
|10    |NL        |3               |
|11    |East      |4               |
|12    |Central   |4               |
|13    |West      |4               |
|14    |투수        |5               |
|15    |1루수       |5               |
|16    |2루수       |5               |
|17    |3루수       |5               |
|18    |유격수       |5               |
|19    |좌익수       |5               |
|20    |중견수       |5               |
|21    |우익수       |5               |
|22    |포수        |5               |
|23    |지명타자      |5               |
|24    |대타        |5               |
|25    |대주자       |5               |
|26    |좌투        |6               |
|27    |우투        |6               |
|28    |양투        |6               |
|29    |좌타        |7               |
|30    |우타        |7               |
|31    |양타        |7               |
|32    |미국        |8               |
|33    |도미니카 공화국  |8               |
|34    |베네수엘라     |8               |
|35    |쿠바        |8               |
|36    |푸에르토리코    |8               |
|37    |멕시코       |8               |
|38    |캐나다       |8               |
|39    |일본        |8               |
|40    |콜롬비아      |8               |
|41    |대한민국      |8               |
|42    |파나마       |8               |
|43    |퀴라소       |8               |
|44    |네덜란드      |8               |
|45    |바하마       |8               |
|46    |니카라과      |8               |
|47    |호주        |8               |
|48    |브라질       |8               |
|49    |독일        |8               |
|50    |온두라스      |8               |
|51    |대만        |8               |
|52    |아루바       |8               |
|53    |1회초       |9               |
|54    |1회말       |9               |
|55    |2회초       |9               |
|56    |2회말       |9               |
|57    |3회초       |9               |
|58    |3회말       |9               |
|59    |4회초       |9               |
|60    |4회말       |9               |
|61    |5회초       |9               |
|62    |5회말       |9               |
|63    |6회초       |9               |
|64    |6회말       |9               |
|65    |7회초       |9               |
|66    |7회말       |9               |
|67    |8회초       |9               |
|68    |8회말       |9               |
|69    |9회초       |9               |
|70    |9회말       |9               |
|71    |10회초      |9               |
|72    |10회말      |9               |
|73    |11회초      |9               |
|74    |11회말      |9               |
|75    |12회초      |9               |
|76    |12회말      |9               |
|77    |13회초      |9               |
|78    |13회말      |9               |
|79    |14회초      |9               |
|80    |14회말      |9               |
|81    |15회초      |9               |
|82    |15회말      |9               |
|83    |16회초      |9               |
|84    |16회말      |9               |
|85    |17회초      |9               |
|86    |17회말      |9               |
|87    |18회초      |9               |
|88    |18회말      |9               |
|89    |19회초      |9               |
|90    |19회말      |9               |
|91    |20회초      |9               |
|92    |20회말      |9               |
|93    |현역        |10              |
|94    |은퇴        |10              |
|95    |투타겸업      |5               |
|------|----------|----------------|
 
2025-03-27T16:10:32.497 [restartedMain] INFO o.s.b.d.a.OptionalLiveReloadServer - LiveReload server is running on port 35729 
2025-03-27T16:10:32.510 [restartedMain] INFO o.a.c.h.Http11NioProtocol - Starting ProtocolHandler ["http-nio-8080"] 
2025-03-27T16:10:32.516 [restartedMain] INFO o.s.b.w.e.t.TomcatWebServer - Tomcat started on port 8080 (http) with context path '/' 
2025-03-27T16:10:32.525 [restartedMain] INFO c.a.AngelsApplication - Started AngelsApplication in 0.954 seconds (process running for 24109.743) 
2025-03-27T16:10:32.528 [restartedMain] INFO o.s.b.d.a.ConditionEvaluationDeltaLoggingListener - Condition evaluation unchanged 
2025-03-27T16:12:54.381 [http-nio-8080-exec-1] INFO o.a.c.c.C.[.[.[/] - Initializing Spring DispatcherServlet 'dispatcherServlet' 
2025-03-27T16:12:54.381 [http-nio-8080-exec-1] INFO o.s.w.s.DispatcherServlet - Initializing Servlet 'dispatcherServlet' 
2025-03-27T16:12:54.382 [http-nio-8080-exec-1] INFO o.s.w.s.DispatcherServlet - Completed initialization in 1 ms 
2025-03-27T16:12:54.402 [http-nio-8080-exec-1] DEBUG j.sqltiming -  com.zaxxer.hikari.pool.ProxyPreparedStatement.execute(ProxyPreparedStatement.java:44)
256. Select count(*)

			from
			codegroup as a 		
			where 1=1
		 AND a.cgUse = 1 
         AND a.cgdelNy = 0
 {executed in 2 msec} 
2025-03-27T16:12:54.404 [http-nio-8080-exec-1] INFO j.resultsettable - 
|---------|
|count(*) |
|---------|
|22       |
|---------|
 
2025-03-27T16:12:54.410 [http-nio-8080-exec-1] DEBUG j.sqltiming -  com.zaxxer.hikari.pool.ProxyPreparedStatement.execute(ProxyPreparedStatement.java:44)
256. select
			a.cgSeq,
			a.cgdelNy,
			a.cgUse,
		    a.cgName,
		    a.cgNameEng,
		    (select count(aa.cdSeq) from code aa where 1=1 and aa.cdDelNy = 0 and aa.codeGroup_cgSeq = a.cgSeq) as cdSeqCount,
		    a.cgOrder,
		    a.cgRegDate,
		    a.cgEdDate

			from
			codegroup as a 		
			where 1=1
		 AND a.cgUse = 1 
         AND a.cgdelNy = 0 

		order by cgSeq desc
		limit 5 offset 0
 {executed in 3 msec} 
2025-03-27T16:12:54.414 [http-nio-8080-exec-1] INFO j.resultsettable - 
|------|--------|------|--------|----------|-----------|--------|--------------------|---------|
|cgseq |cgdelny |cguse |cgname  |cgnameeng |cdseqcount |cgorder |cgregdate           |cgeddate |
|------|--------|------|--------|----------|-----------|--------|--------------------|---------|
|25    |0       |1     |80802rD |hihi      |0          |44      |2025-03-26T10:56:37 |[null]   |
|24    |0       |1     |80802rD |hihi      |0          |44      |2025-03-26T10:54:34 |[null]   |
|23    |0       |1     |80802rD |hihi      |0          |44      |2025-03-26T10:52:51 |[null]   |
|22    |0       |1     |80802rD |hihi      |0          |44      |2025-03-26T10:49:22 |[null]   |
|21    |0       |1     |80802rD |hihi      |0          |44      |2025-03-26T10:48:39 |[null]   |
|------|--------|------|--------|----------|-----------|--------|--------------------|---------|
 
2025-03-27T16:14:26.241 [http-nio-8080-exec-4] DEBUG j.sqltiming -  com.zaxxer.hikari.pool.ProxyPreparedStatement.execute(ProxyPreparedStatement.java:44)
256. Select count(*)

			from
			codegroup as a 		
			where 1=1
		 AND a.cgUse = 1 
         AND a.cgdelNy = 0
 {executed in 1 msec} 
2025-03-27T16:14:26.241 [http-nio-8080-exec-4] INFO j.resultsettable - 
|---------|
|count(*) |
|---------|
|22       |
|---------|
 
2025-03-27T16:14:26.245 [http-nio-8080-exec-4] DEBUG j.sqltiming -  com.zaxxer.hikari.pool.ProxyPreparedStatement.execute(ProxyPreparedStatement.java:44)
256. select
			a.cgSeq,
			a.cgdelNy,
			a.cgUse,
		    a.cgName,
		    a.cgNameEng,
		    (select count(aa.cdSeq) from code aa where 1=1 and aa.cdDelNy = 0 and aa.codeGroup_cgSeq = a.cgSeq) as cdSeqCount,
		    a.cgOrder,
		    a.cgRegDate,
		    a.cgEdDate

			from
			codegroup as a 		
			where 1=1
		 AND a.cgUse = 1 
         AND a.cgdelNy = 0 

		order by cgSeq desc
		limit 5 offset 0
 {executed in 0 msec} 
2025-03-27T16:14:26.247 [http-nio-8080-exec-4] INFO j.resultsettable - 
|------|--------|------|--------|----------|-----------|--------|--------------------|---------|
|cgseq |cgdelny |cguse |cgname  |cgnameeng |cdseqcount |cgorder |cgregdate           |cgeddate |
|------|--------|------|--------|----------|-----------|--------|--------------------|---------|
|25    |0       |1     |80802rD |hihi      |0          |44      |2025-03-26T10:56:37 |[null]   |
|24    |0       |1     |80802rD |hihi      |0          |44      |2025-03-26T10:54:34 |[null]   |
|23    |0       |1     |80802rD |hihi      |0          |44      |2025-03-26T10:52:51 |[null]   |
|22    |0       |1     |80802rD |hihi      |0          |44      |2025-03-26T10:49:22 |[null]   |
|21    |0       |1     |80802rD |hihi      |0          |44      |2025-03-26T10:48:39 |[null]   |
|------|--------|------|--------|----------|-----------|--------|--------------------|---------|
 
2025-03-27T16:29:47.644 [File Watcher] INFO o.s.b.d.a.LocalDevToolsAutoConfiguration$RestartingClassPathChangeChangedEventListener - Restarting due to 1 class path change (0 additions, 0 deletions, 1 modification) 
2025-03-27T16:29:47.650 [Thread-78] INFO o.s.b.w.e.t.GracefulShutdown - Commencing graceful shutdown. Waiting for active requests to complete 
2025-03-27T16:29:47.651 [tomcat-shutdown] INFO o.a.c.h.Http11NioProtocol - Pausing ProtocolHandler ["http-nio-8080"] 
2025-03-27T16:29:47.673 [tomcat-shutdown] INFO o.s.b.w.e.t.GracefulShutdown - Graceful shutdown complete 
2025-03-27T16:29:47.673 [Thread-78] INFO o.a.c.h.Http11NioProtocol - Stopping ProtocolHandler ["http-nio-8080"] 
2025-03-27T16:29:47.677 [Thread-78] INFO c.z.h.HikariDataSource - HikariPool-21 - Shutdown initiated... 
2025-03-27T16:29:47.693 [Thread-78] INFO c.z.h.HikariDataSource - HikariPool-21 - Shutdown completed. 
2025-03-27T16:29:47.846 [restartedMain] INFO c.a.AngelsApplication - Starting AngelsApplication using Java 21.0.5 with PID 16224 (C:\factory\ws_sts4_4270\repo_angels\angels\bin\main started by sunjs in C:\factory\ws_sts4_4270\repo_angels\angels) 
2025-03-27T16:29:47.847 [restartedMain] INFO c.a.AngelsApplication - No active profile set, falling back to 1 default profile: "default" 
2025-03-27T16:29:48.367 [restartedMain] INFO o.s.b.w.e.t.TomcatWebServer - Tomcat initialized with port 8080 (http) 
2025-03-27T16:29:48.369 [restartedMain] INFO o.a.c.h.Http11NioProtocol - Initializing ProtocolHandler ["http-nio-8080"] 
2025-03-27T16:29:48.370 [restartedMain] INFO o.a.c.c.StandardService - Starting service [Tomcat] 
2025-03-27T16:29:48.370 [restartedMain] INFO o.a.c.c.StandardEngine - Starting Servlet engine: [Apache Tomcat/10.1.36] 
2025-03-27T16:29:48.401 [restartedMain] INFO o.a.c.c.C.[.[.[/] - Initializing Spring embedded WebApplicationContext 
2025-03-27T16:29:48.402 [restartedMain] INFO o.s.b.w.s.c.ServletWebServerApplicationContext - Root WebApplicationContext: initialization completed in 548 ms 
2025-03-27T16:29:48.529 [restartedMain] INFO c.z.h.HikariDataSource - HikariPool-22 - Starting... 
2025-03-27T16:29:48.558 [restartedMain] INFO c.z.h.p.HikariPool - HikariPool-22 - Added connection net.sf.log4jdbc.sql.jdbcapi.ConnectionSpy@68e22757 
2025-03-27T16:29:48.559 [restartedMain] INFO c.z.h.HikariDataSource - HikariPool-22 - Start completed. 
2025-03-27T16:29:48.562 [restartedMain] DEBUG j.sqltiming -  com.zaxxer.hikari.pool.ProxyPreparedStatement.execute(ProxyPreparedStatement.java:44)
266. SELECT 
			cdSeq,
			cdName,
			codeGroup_cgSeq
		FROM
			code
		WHERE 1=1
			AND cdDelNy = 0
 {executed in 3 msec} 
2025-03-27T16:29:48.576 [restartedMain] INFO j.resultsettable - 
|------|----------|----------------|
|cdseq |cdname    |codegroup_cgseq |
|------|----------|----------------|
|1     |SKT       |1               |
|2     |KT        |1               |
|3     |LG U+     |1               |
|4     |SKT 알뜰폰   |1               |
|5     |KT 알뜰폰    |1               |
|6     |LG U+ 알뜰폰 |1               |
|7     |남자        |2               |
|8     |여자        |2               |
|9     |AL        |3               |
|10    |NL        |3               |
|11    |East      |4               |
|12    |Central   |4               |
|13    |West      |4               |
|14    |투수        |5               |
|15    |1루수       |5               |
|16    |2루수       |5               |
|17    |3루수       |5               |
|18    |유격수       |5               |
|19    |좌익수       |5               |
|20    |중견수       |5               |
|21    |우익수       |5               |
|22    |포수        |5               |
|23    |지명타자      |5               |
|24    |대타        |5               |
|25    |대주자       |5               |
|26    |좌투        |6               |
|27    |우투        |6               |
|28    |양투        |6               |
|29    |좌타        |7               |
|30    |우타        |7               |
|31    |양타        |7               |
|32    |미국        |8               |
|33    |도미니카 공화국  |8               |
|34    |베네수엘라     |8               |
|35    |쿠바        |8               |
|36    |푸에르토리코    |8               |
|37    |멕시코       |8               |
|38    |캐나다       |8               |
|39    |일본        |8               |
|40    |콜롬비아      |8               |
|41    |대한민국      |8               |
|42    |파나마       |8               |
|43    |퀴라소       |8               |
|44    |네덜란드      |8               |
|45    |바하마       |8               |
|46    |니카라과      |8               |
|47    |호주        |8               |
|48    |브라질       |8               |
|49    |독일        |8               |
|50    |온두라스      |8               |
|51    |대만        |8               |
|52    |아루바       |8               |
|53    |1회초       |9               |
|54    |1회말       |9               |
|55    |2회초       |9               |
|56    |2회말       |9               |
|57    |3회초       |9               |
|58    |3회말       |9               |
|59    |4회초       |9               |
|60    |4회말       |9               |
|61    |5회초       |9               |
|62    |5회말       |9               |
|63    |6회초       |9               |
|64    |6회말       |9               |
|65    |7회초       |9               |
|66    |7회말       |9               |
|67    |8회초       |9               |
|68    |8회말       |9               |
|69    |9회초       |9               |
|70    |9회말       |9               |
|71    |10회초      |9               |
|72    |10회말      |9               |
|73    |11회초      |9               |
|74    |11회말      |9               |
|75    |12회초      |9               |
|76    |12회말      |9               |
|77    |13회초      |9               |
|78    |13회말      |9               |
|79    |14회초      |9               |
|80    |14회말      |9               |
|81    |15회초      |9               |
|82    |15회말      |9               |
|83    |16회초      |9               |
|84    |16회말      |9               |
|85    |17회초      |9               |
|86    |17회말      |9               |
|87    |18회초      |9               |
|88    |18회말      |9               |
|89    |19회초      |9               |
|90    |19회말      |9               |
|91    |20회초      |9               |
|92    |20회말      |9               |
|93    |현역        |10              |
|94    |은퇴        |10              |
|95    |투타겸업      |5               |
|------|----------|----------------|
 
2025-03-27T16:29:48.590 [restartedMain] WARN o.s.b.w.s.c.AnnotationConfigServletWebServerApplicationContext - Exception encountered during context initialization - cancelling refresh attempt: org.springframework.beans.factory.BeanCreationException: Error creating bean with name 'userController' defined in file [C:\factory\ws_sts4_4270\repo_angels\angels\bin\main\com\angels\module\user\UserController.class]: Failed to instantiate [com.angels.module.user.UserController]: Constructor threw exception 
2025-03-27T16:29:48.590 [restartedMain] INFO c.z.h.HikariDataSource - HikariPool-22 - Shutdown initiated... 
2025-03-27T16:29:48.592 [restartedMain] INFO c.z.h.HikariDataSource - HikariPool-22 - Shutdown completed. 
2025-03-27T16:29:48.593 [restartedMain] INFO o.a.c.c.StandardService - Stopping service [Tomcat] 
2025-03-27T16:29:48.601 [restartedMain] INFO o.s.b.a.l.ConditionEvaluationReportLogger - 

Error starting ApplicationContext. To display the condition evaluation report re-run your application with 'debug' enabled. 
2025-03-27T16:29:48.606 [restartedMain] ERROR o.s.b.SpringApplication - Application run failed 
org.springframework.beans.factory.BeanCreationException: Error creating bean with name 'userController' defined in file [C:\factory\ws_sts4_4270\repo_angels\angels\bin\main\com\angels\module\user\UserController.class]: Failed to instantiate [com.angels.module.user.UserController]: Constructor threw exception
	at org.springframework.beans.factory.support.AbstractAutowireCapableBeanFactory.instantiateBean(AbstractAutowireCapableBeanFactory.java:1343)
	at org.springframework.beans.factory.support.AbstractAutowireCapableBeanFactory.createBeanInstance(AbstractAutowireCapableBeanFactory.java:1228)
	at org.springframework.beans.factory.support.AbstractAutowireCapableBeanFactory.doCreateBean(AbstractAutowireCapableBeanFactory.java:563)
	at org.springframework.beans.factory.support.AbstractAutowireCapableBeanFactory.createBean(AbstractAutowireCapableBeanFactory.java:523)
	at org.springframework.beans.factory.support.AbstractBeanFactory.lambda$doGetBean$0(AbstractBeanFactory.java:339)
	at org.springframework.beans.factory.support.DefaultSingletonBeanRegistry.getSingleton(DefaultSingletonBeanRegistry.java:346)
	at org.springframework.beans.factory.support.AbstractBeanFactory.doGetBean(AbstractBeanFactory.java:337)
	at org.springframework.beans.factory.support.AbstractBeanFactory.getBean(AbstractBeanFactory.java:202)
	at org.springframework.beans.factory.support.DefaultListableBeanFactory.instantiateSingleton(DefaultListableBeanFactory.java:1155)
	at org.springframework.beans.factory.support.DefaultListableBeanFactory.preInstantiateSingleton(DefaultListableBeanFactory.java:1121)
	at org.springframework.beans.factory.support.DefaultListableBeanFactory.preInstantiateSingletons(DefaultListableBeanFactory.java:1056)
	at org.springframework.context.support.AbstractApplicationContext.finishBeanFactoryInitialization(AbstractApplicationContext.java:987)
	at org.springframework.context.support.AbstractApplicationContext.refresh(AbstractApplicationContext.java:627)
	at org.springframework.boot.web.servlet.context.ServletWebServerApplicationContext.refresh(ServletWebServerApplicationContext.java:146)
	at org.springframework.boot.SpringApplication.refresh(SpringApplication.java:752)
	at org.springframework.boot.SpringApplication.refreshContext(SpringApplication.java:439)
	at org.springframework.boot.SpringApplication.run(SpringApplication.java:318)
	at org.springframework.boot.SpringApplication.run(SpringApplication.java:1361)
	at org.springframework.boot.SpringApplication.run(SpringApplication.java:1350)
	at com.angels.AngelsApplication.main(AngelsApplication.java:10)
	at java.base/jdk.internal.reflect.DirectMethodHandleAccessor.invoke(DirectMethodHandleAccessor.java:103)
	at java.base/java.lang.reflect.Method.invoke(Method.java:580)
	at org.springframework.boot.devtools.restart.RestartLauncher.run(RestartLauncher.java:50)
Caused by: org.springframework.beans.BeanInstantiationException: Failed to instantiate [com.angels.module.user.UserController]: Constructor threw exception
	at org.springframework.beans.BeanUtils.instantiateClass(BeanUtils.java:222)
	at org.springframework.beans.factory.support.SimpleInstantiationStrategy.instantiate(SimpleInstantiationStrategy.java:122)
	at org.springframework.beans.factory.support.AbstractAutowireCapableBeanFactory.instantiateBean(AbstractAutowireCapableBeanFactory.java:1337)
	... 22 common frames omitted
Caused by: java.lang.Error: Unresolved compilation problems: 
	RequestMappring cannot be resolved to a type
	Syntax error on token "...", delete this token
	Constants cannot be resolved to a variable
	rtMember cannot be resolved
	rtMember cannot be resolved
	rtMember cannot be resolved
	Syntax error, insert "}" to complete ClassBody

	at com.angels.module.user.UserController.<init>(UserController.java:76)
	at java.base/jdk.internal.reflect.DirectConstructorHandleAccessor.newInstance(DirectConstructorHandleAccessor.java:62)
	at java.base/java.lang.reflect.Constructor.newInstanceWithCaller(Constructor.java:502)
	at java.base/java.lang.reflect.Constructor.newInstance(Constructor.java:486)
	at org.springframework.beans.BeanUtils.instantiateClass(BeanUtils.java:196)
	... 24 common frames omitted
2025-03-27T16:30:06.168 [restartedMain] INFO c.a.AngelsApplication - Starting AngelsApplication using Java 21.0.5 with PID 16224 (C:\factory\ws_sts4_4270\repo_angels\angels\bin\main started by sunjs in C:\factory\ws_sts4_4270\repo_angels\angels) 
2025-03-27T16:30:06.168 [restartedMain] INFO c.a.AngelsApplication - No active profile set, falling back to 1 default profile: "default" 
2025-03-27T16:30:06.419 [restartedMain] INFO o.s.b.w.e.t.TomcatWebServer - Tomcat initialized with port 8080 (http) 
2025-03-27T16:30:06.419 [restartedMain] INFO o.a.c.h.Http11NioProtocol - Initializing ProtocolHandler ["http-nio-8080"] 
2025-03-27T16:30:06.419 [restartedMain] INFO o.a.c.c.StandardService - Starting service [Tomcat] 
2025-03-27T16:30:06.420 [restartedMain] INFO o.a.c.c.StandardEngine - Starting Servlet engine: [Apache Tomcat/10.1.36] 
2025-03-27T16:30:06.443 [restartedMain] INFO o.a.c.c.C.[.[.[/] - Initializing Spring embedded WebApplicationContext 
2025-03-27T16:30:06.444 [restartedMain] INFO o.s.b.w.s.c.ServletWebServerApplicationContext - Root WebApplicationContext: initialization completed in 273 ms 
2025-03-27T16:30:06.520 [restartedMain] INFO c.z.h.HikariDataSource - HikariPool-23 - Starting... 
2025-03-27T16:30:06.540 [restartedMain] INFO c.z.h.p.HikariPool - HikariPool-23 - Added connection net.sf.log4jdbc.sql.jdbcapi.ConnectionSpy@4d569b39 
2025-03-27T16:30:06.540 [restartedMain] INFO c.z.h.HikariDataSource - HikariPool-23 - Start completed. 
2025-03-27T16:30:06.543 [restartedMain] DEBUG j.sqltiming -  com.zaxxer.hikari.pool.ProxyPreparedStatement.execute(ProxyPreparedStatement.java:44)
267. SELECT 
			cdSeq,
			cdName,
			codeGroup_cgSeq
		FROM
			code
		WHERE 1=1
			AND cdDelNy = 0
 {executed in 2 msec} 
2025-03-27T16:30:06.548 [restartedMain] INFO j.resultsettable - 
|------|----------|----------------|
|cdseq |cdname    |codegroup_cgseq |
|------|----------|----------------|
|1     |SKT       |1               |
|2     |KT        |1               |
|3     |LG U+     |1               |
|4     |SKT 알뜰폰   |1               |
|5     |KT 알뜰폰    |1               |
|6     |LG U+ 알뜰폰 |1               |
|7     |남자        |2               |
|8     |여자        |2               |
|9     |AL        |3               |
|10    |NL        |3               |
|11    |East      |4               |
|12    |Central   |4               |
|13    |West      |4               |
|14    |투수        |5               |
|15    |1루수       |5               |
|16    |2루수       |5               |
|17    |3루수       |5               |
|18    |유격수       |5               |
|19    |좌익수       |5               |
|20    |중견수       |5               |
|21    |우익수       |5               |
|22    |포수        |5               |
|23    |지명타자      |5               |
|24    |대타        |5               |
|25    |대주자       |5               |
|26    |좌투        |6               |
|27    |우투        |6               |
|28    |양투        |6               |
|29    |좌타        |7               |
|30    |우타        |7               |
|31    |양타        |7               |
|32    |미국        |8               |
|33    |도미니카 공화국  |8               |
|34    |베네수엘라     |8               |
|35    |쿠바        |8               |
|36    |푸에르토리코    |8               |
|37    |멕시코       |8               |
|38    |캐나다       |8               |
|39    |일본        |8               |
|40    |콜롬비아      |8               |
|41    |대한민국      |8               |
|42    |파나마       |8               |
|43    |퀴라소       |8               |
|44    |네덜란드      |8               |
|45    |바하마       |8               |
|46    |니카라과      |8               |
|47    |호주        |8               |
|48    |브라질       |8               |
|49    |독일        |8               |
|50    |온두라스      |8               |
|51    |대만        |8               |
|52    |아루바       |8               |
|53    |1회초       |9               |
|54    |1회말       |9               |
|55    |2회초       |9               |
|56    |2회말       |9               |
|57    |3회초       |9               |
|58    |3회말       |9               |
|59    |4회초       |9               |
|60    |4회말       |9               |
|61    |5회초       |9               |
|62    |5회말       |9               |
|63    |6회초       |9               |
|64    |6회말       |9               |
|65    |7회초       |9               |
|66    |7회말       |9               |
|67    |8회초       |9               |
|68    |8회말       |9               |
|69    |9회초       |9               |
|70    |9회말       |9               |
|71    |10회초      |9               |
|72    |10회말      |9               |
|73    |11회초      |9               |
|74    |11회말      |9               |
|75    |12회초      |9               |
|76    |12회말      |9               |
|77    |13회초      |9               |
|78    |13회말      |9               |
|79    |14회초      |9               |
|80    |14회말      |9               |
|81    |15회초      |9               |
|82    |15회말      |9               |
|83    |16회초      |9               |
|84    |16회말      |9               |
|85    |17회초      |9               |
|86    |17회말      |9               |
|87    |18회초      |9               |
|88    |18회말      |9               |
|89    |19회초      |9               |
|90    |19회말      |9               |
|91    |20회초      |9               |
|92    |20회말      |9               |
|93    |현역        |10              |
|94    |은퇴        |10              |
|95    |투타겸업      |5               |
|------|----------|----------------|
 
2025-03-27T16:30:06.757 [restartedMain] INFO o.s.b.d.a.OptionalLiveReloadServer - LiveReload server is running on port 35729 
2025-03-27T16:30:06.773 [restartedMain] INFO o.a.c.h.Http11NioProtocol - Starting ProtocolHandler ["http-nio-8080"] 
2025-03-27T16:30:06.777 [restartedMain] INFO o.s.b.w.e.t.TomcatWebServer - Tomcat started on port 8080 (http) with context path '/' 
2025-03-27T16:30:06.783 [restartedMain] INFO c.a.AngelsApplication - Started AngelsApplication in 0.661 seconds (process running for 25284.0) 
2025-03-27T16:30:06.786 [restartedMain] INFO o.s.b.d.a.ConditionEvaluationDeltaLoggingListener - Condition evaluation unchanged 
2025-03-27T16:48:12.787 [http-nio-8080-exec-1] INFO o.a.c.c.C.[.[.[/] - Initializing Spring DispatcherServlet 'dispatcherServlet' 
2025-03-27T16:48:12.787 [http-nio-8080-exec-1] INFO o.s.w.s.DispatcherServlet - Initializing Servlet 'dispatcherServlet' 
2025-03-27T16:48:12.800 [http-nio-8080-exec-1] INFO o.s.w.s.DispatcherServlet - Completed initialization in 12 ms 
2025-03-27T16:48:12.960 [http-nio-8080-exec-3] DEBUG j.sqltiming -  com.zaxxer.hikari.pool.ProxyPreparedStatement.execute(ProxyPreparedStatement.java:44)
267. Select count(*)

			from
			codegroup as a 		
			where 1=1
		 AND a.cgUse = 1 
         AND a.cgdelNy = 0
 {executed in 3 msec} 
2025-03-27T16:48:12.966 [http-nio-8080-exec-3] INFO j.resultsettable - 
|---------|
|count(*) |
|---------|
|22       |
|---------|
 
2025-03-27T16:48:12.989 [http-nio-8080-exec-3] DEBUG j.sqltiming -  com.zaxxer.hikari.pool.ProxyPreparedStatement.execute(ProxyPreparedStatement.java:44)
267. select
			a.cgSeq,
			a.cgdelNy,
			a.cgUse,
		    a.cgName,
		    a.cgNameEng,
		    (select count(aa.cdSeq) from code aa where 1=1 and aa.cdDelNy = 0 and aa.codeGroup_cgSeq = a.cgSeq) as cdSeqCount,
		    a.cgOrder,
		    a.cgRegDate,
		    a.cgEdDate

			from
			codegroup as a 		
			where 1=1
		 AND a.cgUse = 1 
         AND a.cgdelNy = 0 

		order by cgSeq desc
		limit 5 offset 0
 {executed in 4 msec} 
2025-03-27T16:48:13.008 [http-nio-8080-exec-3] INFO j.resultsettable - 
|------|--------|------|--------|----------|-----------|--------|--------------------|---------|
|cgseq |cgdelny |cguse |cgname  |cgnameeng |cdseqcount |cgorder |cgregdate           |cgeddate |
|------|--------|------|--------|----------|-----------|--------|--------------------|---------|
|25    |0       |1     |80802rD |hihi      |0          |44      |2025-03-26T10:56:37 |[null]   |
|24    |0       |1     |80802rD |hihi      |0          |44      |2025-03-26T10:54:34 |[null]   |
|23    |0       |1     |80802rD |hihi      |0          |44      |2025-03-26T10:52:51 |[null]   |
|22    |0       |1     |80802rD |hihi      |0          |44      |2025-03-26T10:49:22 |[null]   |
|21    |0       |1     |80802rD |hihi      |0          |44      |2025-03-26T10:48:39 |[null]   |
|------|--------|------|--------|----------|-----------|--------|--------------------|---------|
 
2025-03-27T16:53:22.170 [http-nio-8080-exec-9] DEBUG j.sqltiming -  com.zaxxer.hikari.pool.ProxyPreparedStatement.execute(ProxyPreparedStatement.java:44)
267. Select count(*)

			from
			codegroup as a 		
			where 1=1

         AND a.cgdelNy = 0
 {executed in 2 msec} 
2025-03-27T16:53:22.171 [http-nio-8080-exec-9] INFO j.resultsettable - 
|---------|
|count(*) |
|---------|
|23       |
|---------|
 
2025-03-27T16:53:22.181 [http-nio-8080-exec-9] DEBUG j.sqltiming -  com.zaxxer.hikari.pool.ProxyPreparedStatement.execute(ProxyPreparedStatement.java:44)
267. select
			a.cgSeq,
			a.cgdelNy,
			a.cgUse,
		    a.cgName,
		    a.cgNameEng,
		    (select count(aa.cdSeq) from code aa where 1=1 and aa.cdDelNy = 0 and aa.codeGroup_cgSeq = a.cgSeq) as cdSeqCount,
		    a.cgOrder,
		    a.cgRegDate,
		    a.cgEdDate

			from
			codegroup as a 		
			where 1=1

         AND a.cgdelNy = 0 

		order by cgSeq desc
		limit 5 offset 0
 {executed in 3 msec} 
2025-03-27T16:53:22.185 [http-nio-8080-exec-9] INFO j.resultsettable - 
|------|--------|------|--------|----------|-----------|--------|--------------------|---------|
|cgseq |cgdelny |cguse |cgname  |cgnameeng |cdseqcount |cgorder |cgregdate           |cgeddate |
|------|--------|------|--------|----------|-----------|--------|--------------------|---------|
|25    |0       |1     |80802rD |hihi      |0          |44      |2025-03-26T10:56:37 |[null]   |
|24    |0       |1     |80802rD |hihi      |0          |44      |2025-03-26T10:54:34 |[null]   |
|23    |0       |1     |80802rD |hihi      |0          |44      |2025-03-26T10:52:51 |[null]   |
|22    |0       |1     |80802rD |hihi      |0          |44      |2025-03-26T10:49:22 |[null]   |
|21    |0       |1     |80802rD |hihi      |0          |44      |2025-03-26T10:48:39 |[null]   |
|------|--------|------|--------|----------|-----------|--------|--------------------|---------|
 
2025-03-27T16:53:26.025 [http-nio-8080-exec-5] DEBUG j.sqltiming -  com.zaxxer.hikari.pool.ProxyPreparedStatement.execute(ProxyPreparedStatement.java:44)
267. Select count(*)

			from
			codegroup as a 		
			where 1=1

         AND a.cgdelNy = 0
 {executed in 2 msec} 
2025-03-27T16:53:26.027 [http-nio-8080-exec-5] INFO j.resultsettable - 
|---------|
|count(*) |
|---------|
|23       |
|---------|
 
2025-03-27T16:53:26.032 [http-nio-8080-exec-5] DEBUG j.sqltiming -  com.zaxxer.hikari.pool.ProxyPreparedStatement.execute(ProxyPreparedStatement.java:44)
267. select
			a.cgSeq,
			a.cgdelNy,
			a.cgUse,
		    a.cgName,
		    a.cgNameEng,
		    (select count(aa.cdSeq) from code aa where 1=1 and aa.cdDelNy = 0 and aa.codeGroup_cgSeq = a.cgSeq) as cdSeqCount,
		    a.cgOrder,
		    a.cgRegDate,
		    a.cgEdDate

			from
			codegroup as a 		
			where 1=1

         AND a.cgdelNy = 0 

		order by cgSeq desc
		limit 5 offset 5
 {executed in 2 msec} 
2025-03-27T16:53:26.036 [http-nio-8080-exec-5] INFO j.resultsettable - 
|------|--------|------|--------|----------|-----------|--------|--------------------|---------|
|cgseq |cgdelny |cguse |cgname  |cgnameeng |cdseqcount |cgorder |cgregdate           |cgeddate |
|------|--------|------|--------|----------|-----------|--------|--------------------|---------|
|20    |0       |1     |80802rD |hihi      |0          |44      |2025-03-26T10:47:38 |[null]   |
|19    |0       |1     |80802rD |hihi      |0          |44      |2025-03-26T10:47:36 |[null]   |
|18    |0       |1     |80802rD |hihi      |0          |44      |2025-03-26T10:47:33 |[null]   |
|16    |0       |1     |80802rD |hihi      |0          |44      |2025-03-25T23:47:38 |[null]   |
|14    |0       |1     |55      |55        |0          |55      |2025-03-25T23:43:21 |[null]   |
|------|--------|------|--------|----------|-----------|--------|--------------------|---------|
 
2025-03-27T16:53:26.608 [http-nio-8080-exec-6] DEBUG j.sqltiming -  com.zaxxer.hikari.pool.ProxyPreparedStatement.execute(ProxyPreparedStatement.java:44)
267. Select count(*)

			from
			codegroup as a 		
			where 1=1

         AND a.cgdelNy = 0
 {executed in 1 msec} 
2025-03-27T16:53:26.609 [http-nio-8080-exec-6] INFO j.resultsettable - 
|---------|
|count(*) |
|---------|
|23       |
|---------|
 
2025-03-27T16:53:26.614 [http-nio-8080-exec-6] DEBUG j.sqltiming -  com.zaxxer.hikari.pool.ProxyPreparedStatement.execute(ProxyPreparedStatement.java:44)
267. select
			a.cgSeq,
			a.cgdelNy,
			a.cgUse,
		    a.cgName,
		    a.cgNameEng,
		    (select count(aa.cdSeq) from code aa where 1=1 and aa.cdDelNy = 0 and aa.codeGroup_cgSeq = a.cgSeq) as cdSeqCount,
		    a.cgOrder,
		    a.cgRegDate,
		    a.cgEdDate

			from
			codegroup as a 		
			where 1=1

         AND a.cgdelNy = 0 

		order by cgSeq desc
		limit 5 offset 10
 {executed in 3 msec} 
2025-03-27T16:53:26.618 [http-nio-8080-exec-6] INFO j.resultsettable - 
|------|--------|------|-------|----------|-----------|--------|--------------------|---------|
|cgseq |cgdelny |cguse |cgname |cgnameeng |cdseqcount |cgorder |cgregdate           |cgeddate |
|------|--------|------|-------|----------|-----------|--------|--------------------|---------|
|13    |0       |1     |22     |12        |0          |1       |2025-03-25T23:42:06 |[null]   |
|12    |0       |0     |ccsww  |          |0          |1       |2025-03-25T23:30:19 |[null]   |
|11    |0       |1     |하이     |status    |0          |1       |2025-03-25T23:17:10 |[null]   |
|10    |0       |1     |status |status    |2          |1       |2025-03-23T17:08:37 |[null]   |
|9     |0       |1     |이닝     |Inning    |40         |1       |2025-03-22T13:33:54 |[null]   |
|------|--------|------|-------|----------|-----------|--------|--------------------|---------|
 
2025-03-27T16:53:27.020 [http-nio-8080-exec-2] DEBUG j.sqltiming -  com.zaxxer.hikari.pool.ProxyPreparedStatement.execute(ProxyPreparedStatement.java:44)
267. Select count(*)

			from
			codegroup as a 		
			where 1=1

         AND a.cgdelNy = 0
 {executed in 3 msec} 
2025-03-27T16:53:27.021 [http-nio-8080-exec-2] INFO j.resultsettable - 
|---------|
|count(*) |
|---------|
|23       |
|---------|
 
2025-03-27T16:53:27.027 [http-nio-8080-exec-2] DEBUG j.sqltiming -  com.zaxxer.hikari.pool.ProxyPreparedStatement.execute(ProxyPreparedStatement.java:44)
267. select
			a.cgSeq,
			a.cgdelNy,
			a.cgUse,
		    a.cgName,
		    a.cgNameEng,
		    (select count(aa.cdSeq) from code aa where 1=1 and aa.cdDelNy = 0 and aa.codeGroup_cgSeq = a.cgSeq) as cdSeqCount,
		    a.cgOrder,
		    a.cgRegDate,
		    a.cgEdDate

			from
			codegroup as a 		
			where 1=1

         AND a.cgdelNy = 0 

		order by cgSeq desc
		limit 5 offset 15
 {executed in 4 msec} 
2025-03-27T16:53:27.032 [http-nio-8080-exec-2] INFO j.resultsettable - 
|------|--------|------|-------|------------|-----------|--------|--------------------|---------|
|cgseq |cgdelny |cguse |cgname |cgnameeng   |cdseqcount |cgorder |cgregdate           |cgeddate |
|------|--------|------|-------|------------|-----------|--------|--------------------|---------|
|8     |0       |1     |국적     |Nationality |21         |1       |2025-03-22T10:51:18 |[null]   |
|7     |0       |1     |타      |Bat         |3          |1       |2025-03-21T17:26:47 |[null]   |
|6     |0       |1     |투      |Throw       |3          |1       |2025-03-21T17:26:35 |[null]   |
|5     |0       |1     |포지션    |Position    |13         |1       |2025-03-21T17:24:04 |[null]   |
|4     |0       |1     |리그서브   |LeagueSub   |3          |1       |2025-03-20T16:46:16 |[null]   |
|------|--------|------|-------|------------|-----------|--------|--------------------|---------|
 
2025-03-27T16:53:27.637 [http-nio-8080-exec-1] DEBUG j.sqltiming -  com.zaxxer.hikari.pool.ProxyPreparedStatement.execute(ProxyPreparedStatement.java:44)
267. Select count(*)

			from
			codegroup as a 		
			where 1=1

         AND a.cgdelNy = 0
 {executed in 2 msec} 
2025-03-27T16:53:27.638 [http-nio-8080-exec-1] INFO j.resultsettable - 
|---------|
|count(*) |
|---------|
|23       |
|---------|
 
2025-03-27T16:53:27.643 [http-nio-8080-exec-1] DEBUG j.sqltiming -  com.zaxxer.hikari.pool.ProxyPreparedStatement.execute(ProxyPreparedStatement.java:44)
267. select
			a.cgSeq,
			a.cgdelNy,
			a.cgUse,
		    a.cgName,
		    a.cgNameEng,
		    (select count(aa.cdSeq) from code aa where 1=1 and aa.cdDelNy = 0 and aa.codeGroup_cgSeq = a.cgSeq) as cdSeqCount,
		    a.cgOrder,
		    a.cgRegDate,
		    a.cgEdDate

			from
			codegroup as a 		
			where 1=1

         AND a.cgdelNy = 0 

		order by cgSeq desc
		limit 5 offset 10
 {executed in 2 msec} 
2025-03-27T16:53:27.645 [http-nio-8080-exec-1] INFO j.resultsettable - 
|------|--------|------|-------|----------|-----------|--------|--------------------|---------|
|cgseq |cgdelny |cguse |cgname |cgnameeng |cdseqcount |cgorder |cgregdate           |cgeddate |
|------|--------|------|-------|----------|-----------|--------|--------------------|---------|
|13    |0       |1     |22     |12        |0          |1       |2025-03-25T23:42:06 |[null]   |
|12    |0       |0     |ccsww  |          |0          |1       |2025-03-25T23:30:19 |[null]   |
|11    |0       |1     |하이     |status    |0          |1       |2025-03-25T23:17:10 |[null]   |
|10    |0       |1     |status |status    |2          |1       |2025-03-23T17:08:37 |[null]   |
|9     |0       |1     |이닝     |Inning    |40         |1       |2025-03-22T13:33:54 |[null]   |
|------|--------|------|-------|----------|-----------|--------|--------------------|---------|
 
2025-03-27T16:53:31.564 [http-nio-8080-exec-8] DEBUG j.sqltiming -  com.zaxxer.hikari.pool.ProxyPreparedStatement.execute(ProxyPreparedStatement.java:44)
267. Select count(*)

			from
			codegroup as a 		
			where 1=1
		 AND a.cgUse = 1 
         AND a.cgdelNy = 0
 {executed in 1 msec} 
2025-03-27T16:53:31.564 [http-nio-8080-exec-8] INFO j.resultsettable - 
|---------|
|count(*) |
|---------|
|22       |
|---------|
 
2025-03-27T16:53:31.568 [http-nio-8080-exec-8] DEBUG j.sqltiming -  com.zaxxer.hikari.pool.ProxyPreparedStatement.execute(ProxyPreparedStatement.java:44)
267. select
			a.cgSeq,
			a.cgdelNy,
			a.cgUse,
		    a.cgName,
		    a.cgNameEng,
		    (select count(aa.cdSeq) from code aa where 1=1 and aa.cdDelNy = 0 and aa.codeGroup_cgSeq = a.cgSeq) as cdSeqCount,
		    a.cgOrder,
		    a.cgRegDate,
		    a.cgEdDate

			from
			codegroup as a 		
			where 1=1
		 AND a.cgUse = 1 
         AND a.cgdelNy = 0 

		order by cgSeq desc
		limit 5 offset 10
 {executed in 2 msec} 
2025-03-27T16:53:31.571 [http-nio-8080-exec-8] INFO j.resultsettable - 
|------|--------|------|-------|------------|-----------|--------|--------------------|---------|
|cgseq |cgdelny |cguse |cgname |cgnameeng   |cdseqcount |cgorder |cgregdate           |cgeddate |
|------|--------|------|-------|------------|-----------|--------|--------------------|---------|
|13    |0       |1     |22     |12          |0          |1       |2025-03-25T23:42:06 |[null]   |
|11    |0       |1     |하이     |status      |0          |1       |2025-03-25T23:17:10 |[null]   |
|10    |0       |1     |status |status      |2          |1       |2025-03-23T17:08:37 |[null]   |
|9     |0       |1     |이닝     |Inning      |40         |1       |2025-03-22T13:33:54 |[null]   |
|8     |0       |1     |국적     |Nationality |21         |1       |2025-03-22T10:51:18 |[null]   |
|------|--------|------|-------|------------|-----------|--------|--------------------|---------|
 
2025-03-27T16:53:36.602 [http-nio-8080-exec-4] DEBUG j.sqltiming -  com.zaxxer.hikari.pool.ProxyPreparedStatement.execute(ProxyPreparedStatement.java:44)
267. Select count(*)

			from
			codegroup as a 		
			where 1=1

         AND a.cgdelNy = 0
 {executed in 1 msec} 
2025-03-27T16:53:36.603 [http-nio-8080-exec-4] INFO j.resultsettable - 
|---------|
|count(*) |
|---------|
|23       |
|---------|
 
2025-03-27T16:53:36.607 [http-nio-8080-exec-4] DEBUG j.sqltiming -  com.zaxxer.hikari.pool.ProxyPreparedStatement.execute(ProxyPreparedStatement.java:44)
267. select
			a.cgSeq,
			a.cgdelNy,
			a.cgUse,
		    a.cgName,
		    a.cgNameEng,
		    (select count(aa.cdSeq) from code aa where 1=1 and aa.cdDelNy = 0 and aa.codeGroup_cgSeq = a.cgSeq) as cdSeqCount,
		    a.cgOrder,
		    a.cgRegDate,
		    a.cgEdDate

			from
			codegroup as a 		
			where 1=1

         AND a.cgdelNy = 0 

		order by cgSeq desc
		limit 5 offset 10
 {executed in 2 msec} 
2025-03-27T16:53:36.609 [http-nio-8080-exec-4] INFO j.resultsettable - 
|------|--------|------|-------|----------|-----------|--------|--------------------|---------|
|cgseq |cgdelny |cguse |cgname |cgnameeng |cdseqcount |cgorder |cgregdate           |cgeddate |
|------|--------|------|-------|----------|-----------|--------|--------------------|---------|
|13    |0       |1     |22     |12        |0          |1       |2025-03-25T23:42:06 |[null]   |
|12    |0       |0     |ccsww  |          |0          |1       |2025-03-25T23:30:19 |[null]   |
|11    |0       |1     |하이     |status    |0          |1       |2025-03-25T23:17:10 |[null]   |
|10    |0       |1     |status |status    |2          |1       |2025-03-23T17:08:37 |[null]   |
|9     |0       |1     |이닝     |Inning    |40         |1       |2025-03-22T13:33:54 |[null]   |
|------|--------|------|-------|----------|-----------|--------|--------------------|---------|
 
2025-03-27T16:53:39.284 [http-nio-8080-exec-9] DEBUG j.sqltiming -  com.zaxxer.hikari.pool.ProxyPreparedStatement.execute(ProxyPreparedStatement.java:44)
267. Select count(*)

			from
			codegroup as a 		
			where 1=1
		 AND a.cgUse = 1 
         AND a.cgdelNy = 0
 {executed in 1 msec} 
2025-03-27T16:53:39.284 [http-nio-8080-exec-9] INFO j.resultsettable - 
|---------|
|count(*) |
|---------|
|22       |
|---------|
 
2025-03-27T16:53:39.289 [http-nio-8080-exec-9] DEBUG j.sqltiming -  com.zaxxer.hikari.pool.ProxyPreparedStatement.execute(ProxyPreparedStatement.java:44)
267. select
			a.cgSeq,
			a.cgdelNy,
			a.cgUse,
		    a.cgName,
		    a.cgNameEng,
		    (select count(aa.cdSeq) from code aa where 1=1 and aa.cdDelNy = 0 and aa.codeGroup_cgSeq = a.cgSeq) as cdSeqCount,
		    a.cgOrder,
		    a.cgRegDate,
		    a.cgEdDate

			from
			codegroup as a 		
			where 1=1
		 AND a.cgUse = 1 
         AND a.cgdelNy = 0 

		order by cgSeq desc
		limit 5 offset 10
 {executed in 3 msec} 
2025-03-27T16:53:39.290 [http-nio-8080-exec-9] INFO j.resultsettable - 
|------|--------|------|-------|------------|-----------|--------|--------------------|---------|
|cgseq |cgdelny |cguse |cgname |cgnameeng   |cdseqcount |cgorder |cgregdate           |cgeddate |
|------|--------|------|-------|------------|-----------|--------|--------------------|---------|
|13    |0       |1     |22     |12          |0          |1       |2025-03-25T23:42:06 |[null]   |
|11    |0       |1     |하이     |status      |0          |1       |2025-03-25T23:17:10 |[null]   |
|10    |0       |1     |status |status      |2          |1       |2025-03-23T17:08:37 |[null]   |
|9     |0       |1     |이닝     |Inning      |40         |1       |2025-03-22T13:33:54 |[null]   |
|8     |0       |1     |국적     |Nationality |21         |1       |2025-03-22T10:51:18 |[null]   |
|------|--------|------|-------|------------|-----------|--------|--------------------|---------|
 
2025-03-27T16:53:40.342 [http-nio-8080-exec-3] DEBUG j.sqltiming -  com.zaxxer.hikari.pool.ProxyPreparedStatement.execute(ProxyPreparedStatement.java:44)
267. Select count(*)

			from
			codegroup as a 		
			where 1=1
		 AND a.cgUse = 1 
         AND a.cgdelNy = 0
 {executed in 2 msec} 
2025-03-27T16:53:40.342 [http-nio-8080-exec-3] INFO j.resultsettable - 
|---------|
|count(*) |
|---------|
|22       |
|---------|
 
2025-03-27T16:53:40.346 [http-nio-8080-exec-3] DEBUG j.sqltiming -  com.zaxxer.hikari.pool.ProxyPreparedStatement.execute(ProxyPreparedStatement.java:44)
267. select
			a.cgSeq,
			a.cgdelNy,
			a.cgUse,
		    a.cgName,
		    a.cgNameEng,
		    (select count(aa.cdSeq) from code aa where 1=1 and aa.cdDelNy = 0 and aa.codeGroup_cgSeq = a.cgSeq) as cdSeqCount,
		    a.cgOrder,
		    a.cgRegDate,
		    a.cgEdDate

			from
			codegroup as a 		
			where 1=1
		 AND a.cgUse = 1 
         AND a.cgdelNy = 0 

		order by cgSeq desc
		limit 5 offset 0
 {executed in 2 msec} 
2025-03-27T16:53:40.349 [http-nio-8080-exec-3] INFO j.resultsettable - 
|------|--------|------|--------|----------|-----------|--------|--------------------|---------|
|cgseq |cgdelny |cguse |cgname  |cgnameeng |cdseqcount |cgorder |cgregdate           |cgeddate |
|------|--------|------|--------|----------|-----------|--------|--------------------|---------|
|25    |0       |1     |80802rD |hihi      |0          |44      |2025-03-26T10:56:37 |[null]   |
|24    |0       |1     |80802rD |hihi      |0          |44      |2025-03-26T10:54:34 |[null]   |
|23    |0       |1     |80802rD |hihi      |0          |44      |2025-03-26T10:52:51 |[null]   |
|22    |0       |1     |80802rD |hihi      |0          |44      |2025-03-26T10:49:22 |[null]   |
|21    |0       |1     |80802rD |hihi      |0          |44      |2025-03-26T10:48:39 |[null]   |
|------|--------|------|--------|----------|-----------|--------|--------------------|---------|
 
2025-03-27T16:57:23.599 [File Watcher] INFO o.s.b.d.a.LocalDevToolsAutoConfiguration$RestartingClassPathChangeChangedEventListener - Restarting due to 1 class path change (0 additions, 0 deletions, 1 modification) 
2025-03-27T16:57:23.601 [Thread-82] INFO o.s.b.w.e.t.GracefulShutdown - Commencing graceful shutdown. Waiting for active requests to complete 
2025-03-27T16:57:23.602 [tomcat-shutdown] INFO o.a.c.h.Http11NioProtocol - Pausing ProtocolHandler ["http-nio-8080"] 
2025-03-27T16:57:23.619 [tomcat-shutdown] INFO o.s.b.w.e.t.GracefulShutdown - Graceful shutdown complete 
2025-03-27T16:57:23.620 [Thread-82] INFO o.a.c.h.Http11NioProtocol - Stopping ProtocolHandler ["http-nio-8080"] 
2025-03-27T16:57:23.621 [Thread-82] INFO c.z.h.HikariDataSource - HikariPool-23 - Shutdown initiated... 
2025-03-27T16:57:23.633 [Thread-82] INFO c.z.h.HikariDataSource - HikariPool-23 - Shutdown completed. 
2025-03-27T16:57:23.815 [restartedMain] INFO c.a.AngelsApplication - Starting AngelsApplication using Java 21.0.5 with PID 16224 (C:\factory\ws_sts4_4270\repo_angels\angels\bin\main started by sunjs in C:\factory\ws_sts4_4270\repo_angels\angels) 
2025-03-27T16:57:23.816 [restartedMain] INFO c.a.AngelsApplication - No active profile set, falling back to 1 default profile: "default" 
2025-03-27T16:57:24.425 [restartedMain] INFO o.s.b.w.e.t.TomcatWebServer - Tomcat initialized with port 8080 (http) 
2025-03-27T16:57:24.427 [restartedMain] INFO o.a.c.h.Http11NioProtocol - Initializing ProtocolHandler ["http-nio-8080"] 
2025-03-27T16:57:24.428 [restartedMain] INFO o.a.c.c.StandardService - Starting service [Tomcat] 
2025-03-27T16:57:24.428 [restartedMain] INFO o.a.c.c.StandardEngine - Starting Servlet engine: [Apache Tomcat/10.1.36] 
2025-03-27T16:57:24.458 [restartedMain] INFO o.a.c.c.C.[.[.[/] - Initializing Spring embedded WebApplicationContext 
2025-03-27T16:57:24.458 [restartedMain] INFO o.s.b.w.s.c.ServletWebServerApplicationContext - Root WebApplicationContext: initialization completed in 637 ms 
2025-03-27T16:57:24.613 [restartedMain] INFO c.z.h.HikariDataSource - HikariPool-24 - Starting... 
2025-03-27T16:57:24.643 [restartedMain] INFO c.z.h.p.HikariPool - HikariPool-24 - Added connection net.sf.log4jdbc.sql.jdbcapi.ConnectionSpy@1d450f1d 
2025-03-27T16:57:24.644 [restartedMain] INFO c.z.h.HikariDataSource - HikariPool-24 - Start completed. 
2025-03-27T16:57:24.647 [restartedMain] DEBUG j.sqltiming -  com.zaxxer.hikari.pool.ProxyPreparedStatement.execute(ProxyPreparedStatement.java:44)
277. SELECT 
			cdSeq,
			cdName,
			codeGroup_cgSeq
		FROM
			code
		WHERE 1=1
			AND cdDelNy = 0
 {executed in 3 msec} 
2025-03-27T16:57:24.659 [restartedMain] INFO j.resultsettable - 
|------|----------|----------------|
|cdseq |cdname    |codegroup_cgseq |
|------|----------|----------------|
|1     |SKT       |1               |
|2     |KT        |1               |
|3     |LG U+     |1               |
|4     |SKT 알뜰폰   |1               |
|5     |KT 알뜰폰    |1               |
|6     |LG U+ 알뜰폰 |1               |
|7     |남자        |2               |
|8     |여자        |2               |
|9     |AL        |3               |
|10    |NL        |3               |
|11    |East      |4               |
|12    |Central   |4               |
|13    |West      |4               |
|14    |투수        |5               |
|15    |1루수       |5               |
|16    |2루수       |5               |
|17    |3루수       |5               |
|18    |유격수       |5               |
|19    |좌익수       |5               |
|20    |중견수       |5               |
|21    |우익수       |5               |
|22    |포수        |5               |
|23    |지명타자      |5               |
|24    |대타        |5               |
|25    |대주자       |5               |
|26    |좌투        |6               |
|27    |우투        |6               |
|28    |양투        |6               |
|29    |좌타        |7               |
|30    |우타        |7               |
|31    |양타        |7               |
|32    |미국        |8               |
|33    |도미니카 공화국  |8               |
|34    |베네수엘라     |8               |
|35    |쿠바        |8               |
|36    |푸에르토리코    |8               |
|37    |멕시코       |8               |
|38    |캐나다       |8               |
|39    |일본        |8               |
|40    |콜롬비아      |8               |
|41    |대한민국      |8               |
|42    |파나마       |8               |
|43    |퀴라소       |8               |
|44    |네덜란드      |8               |
|45    |바하마       |8               |
|46    |니카라과      |8               |
|47    |호주        |8               |
|48    |브라질       |8               |
|49    |독일        |8               |
|50    |온두라스      |8               |
|51    |대만        |8               |
|52    |아루바       |8               |
|53    |1회초       |9               |
|54    |1회말       |9               |
|55    |2회초       |9               |
|56    |2회말       |9               |
|57    |3회초       |9               |
|58    |3회말       |9               |
|59    |4회초       |9               |
|60    |4회말       |9               |
|61    |5회초       |9               |
|62    |5회말       |9               |
|63    |6회초       |9               |
|64    |6회말       |9               |
|65    |7회초       |9               |
|66    |7회말       |9               |
|67    |8회초       |9               |
|68    |8회말       |9               |
|69    |9회초       |9               |
|70    |9회말       |9               |
|71    |10회초      |9               |
|72    |10회말      |9               |
|73    |11회초      |9               |
|74    |11회말      |9               |
|75    |12회초      |9               |
|76    |12회말      |9               |
|77    |13회초      |9               |
|78    |13회말      |9               |
|79    |14회초      |9               |
|80    |14회말      |9               |
|81    |15회초      |9               |
|82    |15회말      |9               |
|83    |16회초      |9               |
|84    |16회말      |9               |
|85    |17회초      |9               |
|86    |17회말      |9               |
|87    |18회초      |9               |
|88    |18회말      |9               |
|89    |19회초      |9               |
|90    |19회말      |9               |
|91    |20회초      |9               |
|92    |20회말      |9               |
|93    |현역        |10              |
|94    |은퇴        |10              |
|95    |투타겸업      |5               |
|------|----------|----------------|
 
2025-03-27T16:57:24.868 [restartedMain] INFO o.s.b.d.a.OptionalLiveReloadServer - LiveReload server is running on port 35729 
2025-03-27T16:57:24.888 [restartedMain] INFO o.a.c.h.Http11NioProtocol - Starting ProtocolHandler ["http-nio-8080"] 
2025-03-27T16:57:24.895 [restartedMain] INFO o.s.b.w.e.t.TomcatWebServer - Tomcat started on port 8080 (http) with context path '/' 
2025-03-27T16:57:24.904 [restartedMain] INFO c.a.AngelsApplication - Started AngelsApplication in 1.203 seconds (process running for 26922.122) 
2025-03-27T16:57:24.906 [restartedMain] INFO o.s.b.d.a.ConditionEvaluationDeltaLoggingListener - Condition evaluation unchanged 
2025-03-27T16:58:25.933 [File Watcher] INFO o.s.b.d.a.LocalDevToolsAutoConfiguration$RestartingClassPathChangeChangedEventListener - Restarting due to 1 class path change (0 additions, 0 deletions, 1 modification) 
2025-03-27T16:58:25.933 [Thread-89] INFO o.s.b.w.e.t.GracefulShutdown - Commencing graceful shutdown. Waiting for active requests to complete 
2025-03-27T16:58:25.935 [tomcat-shutdown] INFO o.a.c.h.Http11NioProtocol - Pausing ProtocolHandler ["http-nio-8080"] 
2025-03-27T16:58:25.949 [tomcat-shutdown] INFO o.s.b.w.e.t.GracefulShutdown - Graceful shutdown complete 
2025-03-27T16:58:25.949 [Thread-89] INFO o.a.c.h.Http11NioProtocol - Stopping ProtocolHandler ["http-nio-8080"] 
2025-03-27T16:58:25.951 [Thread-89] INFO c.z.h.HikariDataSource - HikariPool-24 - Shutdown initiated... 
2025-03-27T16:58:25.955 [Thread-89] INFO c.z.h.HikariDataSource - HikariPool-24 - Shutdown completed. 
2025-03-27T16:58:26.049 [restartedMain] INFO c.a.AngelsApplication - Starting AngelsApplication using Java 21.0.5 with PID 16224 (C:\factory\ws_sts4_4270\repo_angels\angels\bin\main started by sunjs in C:\factory\ws_sts4_4270\repo_angels\angels) 
2025-03-27T16:58:26.049 [restartedMain] INFO c.a.AngelsApplication - No active profile set, falling back to 1 default profile: "default" 
2025-03-27T16:58:26.351 [restartedMain] INFO o.s.b.w.e.t.TomcatWebServer - Tomcat initialized with port 8080 (http) 
2025-03-27T16:58:26.351 [restartedMain] INFO o.a.c.h.Http11NioProtocol - Initializing ProtocolHandler ["http-nio-8080"] 
2025-03-27T16:58:26.352 [restartedMain] INFO o.a.c.c.StandardService - Starting service [Tomcat] 
2025-03-27T16:58:26.352 [restartedMain] INFO o.a.c.c.StandardEngine - Starting Servlet engine: [Apache Tomcat/10.1.36] 
2025-03-27T16:58:26.374 [restartedMain] INFO o.a.c.c.C.[.[.[/] - Initializing Spring embedded WebApplicationContext 
2025-03-27T16:58:26.374 [restartedMain] INFO o.s.b.w.s.c.ServletWebServerApplicationContext - Root WebApplicationContext: initialization completed in 323 ms 
2025-03-27T16:58:26.485 [restartedMain] INFO c.z.h.HikariDataSource - HikariPool-25 - Starting... 
2025-03-27T16:58:26.506 [restartedMain] INFO c.z.h.p.HikariPool - HikariPool-25 - Added connection net.sf.log4jdbc.sql.jdbcapi.ConnectionSpy@3a10c083 
2025-03-27T16:58:26.507 [restartedMain] INFO c.z.h.HikariDataSource - HikariPool-25 - Start completed. 
2025-03-27T16:58:26.509 [restartedMain] DEBUG j.sqltiming -  com.zaxxer.hikari.pool.ProxyPreparedStatement.execute(ProxyPreparedStatement.java:44)
287. SELECT 
			cdSeq,
			cdName,
			codeGroup_cgSeq
		FROM
			code
		WHERE 1=1
			AND cdDelNy = 0
 {executed in 1 msec} 
2025-03-27T16:58:26.514 [restartedMain] INFO j.resultsettable - 
|------|----------|----------------|
|cdseq |cdname    |codegroup_cgseq |
|------|----------|----------------|
|1     |SKT       |1               |
|2     |KT        |1               |
|3     |LG U+     |1               |
|4     |SKT 알뜰폰   |1               |
|5     |KT 알뜰폰    |1               |
|6     |LG U+ 알뜰폰 |1               |
|7     |남자        |2               |
|8     |여자        |2               |
|9     |AL        |3               |
|10    |NL        |3               |
|11    |East      |4               |
|12    |Central   |4               |
|13    |West      |4               |
|14    |투수        |5               |
|15    |1루수       |5               |
|16    |2루수       |5               |
|17    |3루수       |5               |
|18    |유격수       |5               |
|19    |좌익수       |5               |
|20    |중견수       |5               |
|21    |우익수       |5               |
|22    |포수        |5               |
|23    |지명타자      |5               |
|24    |대타        |5               |
|25    |대주자       |5               |
|26    |좌투        |6               |
|27    |우투        |6               |
|28    |양투        |6               |
|29    |좌타        |7               |
|30    |우타        |7               |
|31    |양타        |7               |
|32    |미국        |8               |
|33    |도미니카 공화국  |8               |
|34    |베네수엘라     |8               |
|35    |쿠바        |8               |
|36    |푸에르토리코    |8               |
|37    |멕시코       |8               |
|38    |캐나다       |8               |
|39    |일본        |8               |
|40    |콜롬비아      |8               |
|41    |대한민국      |8               |
|42    |파나마       |8               |
|43    |퀴라소       |8               |
|44    |네덜란드      |8               |
|45    |바하마       |8               |
|46    |니카라과      |8               |
|47    |호주        |8               |
|48    |브라질       |8               |
|49    |독일        |8               |
|50    |온두라스      |8               |
|51    |대만        |8               |
|52    |아루바       |8               |
|53    |1회초       |9               |
|54    |1회말       |9               |
|55    |2회초       |9               |
|56    |2회말       |9               |
|57    |3회초       |9               |
|58    |3회말       |9               |
|59    |4회초       |9               |
|60    |4회말       |9               |
|61    |5회초       |9               |
|62    |5회말       |9               |
|63    |6회초       |9               |
|64    |6회말       |9               |
|65    |7회초       |9               |
|66    |7회말       |9               |
|67    |8회초       |9               |
|68    |8회말       |9               |
|69    |9회초       |9               |
|70    |9회말       |9               |
|71    |10회초      |9               |
|72    |10회말      |9               |
|73    |11회초      |9               |
|74    |11회말      |9               |
|75    |12회초      |9               |
|76    |12회말      |9               |
|77    |13회초      |9               |
|78    |13회말      |9               |
|79    |14회초      |9               |
|80    |14회말      |9               |
|81    |15회초      |9               |
|82    |15회말      |9               |
|83    |16회초      |9               |
|84    |16회말      |9               |
|85    |17회초      |9               |
|86    |17회말      |9               |
|87    |18회초      |9               |
|88    |18회말      |9               |
|89    |19회초      |9               |
|90    |19회말      |9               |
|91    |20회초      |9               |
|92    |20회말      |9               |
|93    |현역        |10              |
|94    |은퇴        |10              |
|95    |투타겸업      |5               |
|------|----------|----------------|
 
2025-03-27T16:58:26.654 [restartedMain] INFO o.s.b.d.a.OptionalLiveReloadServer - LiveReload server is running on port 35729 
2025-03-27T16:58:26.663 [restartedMain] INFO o.a.c.h.Http11NioProtocol - Starting ProtocolHandler ["http-nio-8080"] 
2025-03-27T16:58:26.668 [restartedMain] INFO o.s.b.w.e.t.TomcatWebServer - Tomcat started on port 8080 (http) with context path '/' 
2025-03-27T16:58:26.672 [restartedMain] INFO c.a.AngelsApplication - Started AngelsApplication in 0.662 seconds (process running for 26983.89) 
2025-03-27T16:58:26.673 [restartedMain] INFO o.s.b.d.a.ConditionEvaluationDeltaLoggingListener - Condition evaluation unchanged 
