2025-03-22T17:05:49.003 [File Watcher] INFO o.s.b.d.a.LocalDevToolsAutoConfiguration$RestartingClassPathChangeChangedEventListener - Restarting due to 1 class path change (0 additions, 0 deletions, 1 modification) 
2025-03-22T17:05:49.009 [Thread-82] INFO o.s.b.w.e.t.GracefulShutdown - Commencing graceful shutdown. Waiting for active requests to complete 
2025-03-22T17:05:49.010 [tomcat-shutdown] INFO o.a.c.h.Http11NioProtocol - Pausing ProtocolHandler ["http-nio-8080"] 
2025-03-22T17:05:49.027 [tomcat-shutdown] INFO o.s.b.w.e.t.GracefulShutdown - Graceful shutdown complete 
2025-03-22T17:05:49.036 [Thread-82] INFO o.a.c.h.Http11NioProtocol - Stopping ProtocolHandler ["http-nio-8080"] 
2025-03-22T17:05:49.038 [Thread-82] INFO c.z.h.HikariDataSource - HikariPool-17 - Shutdown initiated... 
2025-03-22T17:05:49.042 [Thread-82] INFO c.z.h.HikariDataSource - HikariPool-17 - Shutdown completed. 
2025-03-22T17:05:49.122 [restartedMain] INFO c.a.AngelsApplication - Starting AngelsApplication using Java 21.0.5 with PID 22592 (C:\factory\ws_sts4_4270\repo_angels\angels\bin\main started by sunjs in C:\factory\ws_sts4_4270\repo_angels\angels) 
2025-03-22T17:05:49.122 [restartedMain] INFO c.a.AngelsApplication - No active profile set, falling back to 1 default profile: "default" 
2025-03-22T17:05:49.353 [restartedMain] INFO o.s.b.w.e.t.TomcatWebServer - Tomcat initialized with port 8080 (http) 
2025-03-22T17:05:49.355 [restartedMain] INFO o.a.c.h.Http11NioProtocol - Initializing ProtocolHandler ["http-nio-8080"] 
2025-03-22T17:05:49.355 [restartedMain] INFO o.a.c.c.StandardService - Starting service [Tomcat] 
2025-03-22T17:05:49.355 [restartedMain] INFO o.a.c.c.StandardEngine - Starting Servlet engine: [Apache Tomcat/10.1.36] 
2025-03-22T17:05:49.374 [restartedMain] INFO o.a.c.c.C.[.[.[/] - Initializing Spring embedded WebApplicationContext 
2025-03-22T17:05:49.374 [restartedMain] INFO o.s.b.w.s.c.ServletWebServerApplicationContext - Root WebApplicationContext: initialization completed in 249 ms 
2025-03-22T17:05:49.434 [restartedMain] INFO c.z.h.HikariDataSource - HikariPool-18 - Starting... 
2025-03-22T17:05:49.449 [restartedMain] INFO c.z.h.p.HikariPool - HikariPool-18 - Added connection net.sf.log4jdbc.sql.jdbcapi.ConnectionSpy@6a661343 
2025-03-22T17:05:49.450 [restartedMain] INFO c.z.h.HikariDataSource - HikariPool-18 - Start completed. 
2025-03-22T17:05:49.451 [restartedMain] DEBUG j.sqltiming -  com.zaxxer.hikari.pool.ProxyPreparedStatement.execute(ProxyPreparedStatement.java:44)
171. SELECT 
			cdSeq,
			cdName,
			codeGroup_cgSeq
		FROM
			code
		WHERE 1=1
			AND cdDelNy = 0
 {executed in 1 msec} 
2025-03-22T17:05:49.453 [restartedMain] INFO j.resultsettable - 
|------|----------|----------------|
|cdseq |cdname    |codegroup_cgseq |
|------|----------|----------------|
|1     |SKT       |1               |
|2     |KT        |1               |
|3     |LG U+     |1               |
|4     |SKT 알뜰폰   |1               |
|5     |KT 알뜰폰    |1               |
|6     |LG U+ 알뜰폰 |1               |
|7     |남자        |2               |
|8     |여자        |2               |
|9     |AL        |3               |
|10    |NL        |3               |
|11    |East      |4               |
|12    |Central   |4               |
|13    |West      |4               |
|14    |투수        |5               |
|15    |1루수       |5               |
|16    |2루수       |5               |
|17    |3루수       |5               |
|18    |유격수       |5               |
|19    |좌익수       |5               |
|20    |중견수       |5               |
|21    |우익수       |5               |
|22    |포수        |5               |
|23    |지명타자      |5               |
|24    |대타        |5               |
|25    |대주자       |5               |
|26    |좌투        |6               |
|27    |우투        |6               |
|28    |양투        |6               |
|29    |좌타        |7               |
|30    |우타        |7               |
|31    |양타        |7               |
|32    |미국        |8               |
|33    |도미니카 공화국  |8               |
|34    |베네수엘라     |8               |
|35    |쿠바        |8               |
|36    |푸에르토리코    |8               |
|37    |멕시코       |8               |
|38    |캐나다       |8               |
|39    |일본        |8               |
|40    |콜롬비아      |8               |
|41    |대한민국      |8               |
|42    |파나마       |8               |
|43    |퀴라소       |8               |
|44    |네덜란드      |8               |
|45    |바하마       |8               |
|46    |니카라과      |8               |
|47    |호주        |8               |
|48    |브라질       |8               |
|49    |독일        |8               |
|50    |온두라스      |8               |
|51    |대만        |8               |
|52    |아루바       |8               |
|53    |1회초       |9               |
|54    |1회말       |9               |
|55    |2회초       |9               |
|56    |2회말       |9               |
|57    |3회초       |9               |
|58    |3회말       |9               |
|59    |4회초       |9               |
|60    |4회말       |9               |
|61    |5회초       |9               |
|62    |5회말       |9               |
|63    |6회초       |9               |
|64    |6회말       |9               |
|65    |7회초       |9               |
|66    |7회말       |9               |
|67    |8회초       |9               |
|68    |8회말       |9               |
|69    |9회초       |9               |
|70    |9회말       |9               |
|71    |10회초      |9               |
|72    |10회말      |9               |
|73    |11회초      |9               |
|74    |11회말      |9               |
|75    |12회초      |9               |
|76    |12회말      |9               |
|77    |13회초      |9               |
|78    |13회말      |9               |
|79    |14회초      |9               |
|80    |14회말      |9               |
|81    |15회초      |9               |
|82    |15회말      |9               |
|83    |16회초      |9               |
|84    |16회말      |9               |
|85    |17회초      |9               |
|86    |17회말      |9               |
|87    |18회초      |9               |
|88    |18회말      |9               |
|89    |19회초      |9               |
|90    |19회말      |9               |
|91    |20회초      |9               |
|92    |20회말      |9               |
|------|----------|----------------|
 
2025-03-22T17:05:49.557 [restartedMain] INFO o.s.b.d.a.OptionalLiveReloadServer - LiveReload server is running on port 35729 
2025-03-22T17:05:49.564 [restartedMain] INFO o.a.c.h.Http11NioProtocol - Starting ProtocolHandler ["http-nio-8080"] 
2025-03-22T17:05:49.568 [restartedMain] INFO o.s.b.w.e.t.TomcatWebServer - Tomcat started on port 8080 (http) with context path '/' 
2025-03-22T17:05:49.572 [restartedMain] INFO c.a.AngelsApplication - Started AngelsApplication in 0.485 seconds (process running for 5475.833) 
2025-03-22T17:05:49.574 [restartedMain] INFO o.s.b.d.a.ConditionEvaluationDeltaLoggingListener - Condition evaluation unchanged 
2025-03-22T17:17:55.582 [File Watcher] INFO o.s.b.d.a.LocalDevToolsAutoConfiguration$RestartingClassPathChangeChangedEventListener - Restarting due to 1 class path change (0 additions, 0 deletions, 1 modification) 
2025-03-22T17:17:55.584 [Thread-86] INFO o.s.b.w.e.t.GracefulShutdown - Commencing graceful shutdown. Waiting for active requests to complete 
2025-03-22T17:17:55.585 [tomcat-shutdown] INFO o.a.c.h.Http11NioProtocol - Pausing ProtocolHandler ["http-nio-8080"] 
2025-03-22T17:17:55.606 [tomcat-shutdown] INFO o.s.b.w.e.t.GracefulShutdown - Graceful shutdown complete 
2025-03-22T17:17:55.608 [Thread-86] INFO o.a.c.h.Http11NioProtocol - Stopping ProtocolHandler ["http-nio-8080"] 
2025-03-22T17:17:55.609 [Thread-86] INFO c.z.h.HikariDataSource - HikariPool-18 - Shutdown initiated... 
2025-03-22T17:17:55.613 [Thread-86] INFO c.z.h.HikariDataSource - HikariPool-18 - Shutdown completed. 
2025-03-22T17:17:55.690 [restartedMain] INFO c.a.AngelsApplication - Starting AngelsApplication using Java 21.0.5 with PID 22592 (C:\factory\ws_sts4_4270\repo_angels\angels\bin\main started by sunjs in C:\factory\ws_sts4_4270\repo_angels\angels) 
2025-03-22T17:17:55.690 [restartedMain] INFO c.a.AngelsApplication - No active profile set, falling back to 1 default profile: "default" 
2025-03-22T17:17:56.190 [restartedMain] INFO o.s.b.w.e.t.TomcatWebServer - Tomcat initialized with port 8080 (http) 
2025-03-22T17:17:56.193 [restartedMain] INFO o.a.c.h.Http11NioProtocol - Initializing ProtocolHandler ["http-nio-8080"] 
2025-03-22T17:17:56.193 [restartedMain] INFO o.a.c.c.StandardService - Starting service [Tomcat] 
2025-03-22T17:17:56.193 [restartedMain] INFO o.a.c.c.StandardEngine - Starting Servlet engine: [Apache Tomcat/10.1.36] 
2025-03-22T17:17:56.218 [restartedMain] INFO o.a.c.c.C.[.[.[/] - Initializing Spring embedded WebApplicationContext 
2025-03-22T17:17:56.219 [restartedMain] INFO o.s.b.w.s.c.ServletWebServerApplicationContext - Root WebApplicationContext: initialization completed in 525 ms 
2025-03-22T17:17:56.282 [restartedMain] INFO c.z.h.HikariDataSource - HikariPool-19 - Starting... 
2025-03-22T17:17:56.297 [restartedMain] INFO c.z.h.p.HikariPool - HikariPool-19 - Added connection net.sf.log4jdbc.sql.jdbcapi.ConnectionSpy@1ad836a1 
2025-03-22T17:17:56.298 [restartedMain] INFO c.z.h.HikariDataSource - HikariPool-19 - Start completed. 
2025-03-22T17:17:56.299 [restartedMain] DEBUG j.sqltiming -  com.zaxxer.hikari.pool.ProxyPreparedStatement.execute(ProxyPreparedStatement.java:44)
181. SELECT 
			cdSeq,
			cdName,
			codeGroup_cgSeq
		FROM
			code
		WHERE 1=1
			AND cdDelNy = 0
 {executed in 1 msec} 
2025-03-22T17:17:56.303 [restartedMain] INFO j.resultsettable - 
|------|----------|----------------|
|cdseq |cdname    |codegroup_cgseq |
|------|----------|----------------|
|1     |SKT       |1               |
|2     |KT        |1               |
|3     |LG U+     |1               |
|4     |SKT 알뜰폰   |1               |
|5     |KT 알뜰폰    |1               |
|6     |LG U+ 알뜰폰 |1               |
|7     |남자        |2               |
|8     |여자        |2               |
|9     |AL        |3               |
|10    |NL        |3               |
|11    |East      |4               |
|12    |Central   |4               |
|13    |West      |4               |
|14    |투수        |5               |
|15    |1루수       |5               |
|16    |2루수       |5               |
|17    |3루수       |5               |
|18    |유격수       |5               |
|19    |좌익수       |5               |
|20    |중견수       |5               |
|21    |우익수       |5               |
|22    |포수        |5               |
|23    |지명타자      |5               |
|24    |대타        |5               |
|25    |대주자       |5               |
|26    |좌투        |6               |
|27    |우투        |6               |
|28    |양투        |6               |
|29    |좌타        |7               |
|30    |우타        |7               |
|31    |양타        |7               |
|32    |미국        |8               |
|33    |도미니카 공화국  |8               |
|34    |베네수엘라     |8               |
|35    |쿠바        |8               |
|36    |푸에르토리코    |8               |
|37    |멕시코       |8               |
|38    |캐나다       |8               |
|39    |일본        |8               |
|40    |콜롬비아      |8               |
|41    |대한민국      |8               |
|42    |파나마       |8               |
|43    |퀴라소       |8               |
|44    |네덜란드      |8               |
|45    |바하마       |8               |
|46    |니카라과      |8               |
|47    |호주        |8               |
|48    |브라질       |8               |
|49    |독일        |8               |
|50    |온두라스      |8               |
|51    |대만        |8               |
|52    |아루바       |8               |
|53    |1회초       |9               |
|54    |1회말       |9               |
|55    |2회초       |9               |
|56    |2회말       |9               |
|57    |3회초       |9               |
|58    |3회말       |9               |
|59    |4회초       |9               |
|60    |4회말       |9               |
|61    |5회초       |9               |
|62    |5회말       |9               |
|63    |6회초       |9               |
|64    |6회말       |9               |
|65    |7회초       |9               |
|66    |7회말       |9               |
|67    |8회초       |9               |
|68    |8회말       |9               |
|69    |9회초       |9               |
|70    |9회말       |9               |
|71    |10회초      |9               |
|72    |10회말      |9               |
|73    |11회초      |9               |
|74    |11회말      |9               |
|75    |12회초      |9               |
|76    |12회말      |9               |
|77    |13회초      |9               |
|78    |13회말      |9               |
|79    |14회초      |9               |
|80    |14회말      |9               |
|81    |15회초      |9               |
|82    |15회말      |9               |
|83    |16회초      |9               |
|84    |16회말      |9               |
|85    |17회초      |9               |
|86    |17회말      |9               |
|87    |18회초      |9               |
|88    |18회말      |9               |
|89    |19회초      |9               |
|90    |19회말      |9               |
|91    |20회초      |9               |
|92    |20회말      |9               |
|------|----------|----------------|
 
2025-03-22T17:17:56.452 [restartedMain] INFO o.s.b.d.a.OptionalLiveReloadServer - LiveReload server is running on port 35729 
2025-03-22T17:17:56.459 [restartedMain] INFO o.a.c.h.Http11NioProtocol - Starting ProtocolHandler ["http-nio-8080"] 
2025-03-22T17:17:56.464 [restartedMain] INFO o.s.b.w.e.t.TomcatWebServer - Tomcat started on port 8080 (http) with context path '/' 
2025-03-22T17:17:56.469 [restartedMain] INFO c.a.AngelsApplication - Started AngelsApplication in 0.811 seconds (process running for 6202.729) 
2025-03-22T17:17:56.471 [restartedMain] INFO o.s.b.d.a.ConditionEvaluationDeltaLoggingListener - Condition evaluation unchanged 
2025-03-22T17:17:57.946 [File Watcher] INFO o.s.b.d.a.LocalDevToolsAutoConfiguration$RestartingClassPathChangeChangedEventListener - Restarting due to 1 class path change (0 additions, 0 deletions, 1 modification) 
2025-03-22T17:17:57.947 [Thread-90] INFO o.s.b.w.e.t.GracefulShutdown - Commencing graceful shutdown. Waiting for active requests to complete 
2025-03-22T17:17:57.947 [tomcat-shutdown] INFO o.a.c.h.Http11NioProtocol - Pausing ProtocolHandler ["http-nio-8080"] 
2025-03-22T17:17:57.964 [tomcat-shutdown] INFO o.s.b.w.e.t.GracefulShutdown - Graceful shutdown complete 
2025-03-22T17:17:57.964 [Thread-90] INFO o.a.c.h.Http11NioProtocol - Stopping ProtocolHandler ["http-nio-8080"] 
2025-03-22T17:17:57.965 [Thread-90] INFO c.z.h.HikariDataSource - HikariPool-19 - Shutdown initiated... 
2025-03-22T17:17:57.969 [Thread-90] INFO c.z.h.HikariDataSource - HikariPool-19 - Shutdown completed. 
2025-03-22T17:17:58.039 [restartedMain] INFO c.a.AngelsApplication - Starting AngelsApplication using Java 21.0.5 with PID 22592 (C:\factory\ws_sts4_4270\repo_angels\angels\bin\main started by sunjs in C:\factory\ws_sts4_4270\repo_angels\angels) 
2025-03-22T17:17:58.040 [restartedMain] INFO c.a.AngelsApplication - No active profile set, falling back to 1 default profile: "default" 
2025-03-22T17:17:58.288 [restartedMain] INFO o.s.b.w.e.t.TomcatWebServer - Tomcat initialized with port 8080 (http) 
2025-03-22T17:17:58.288 [restartedMain] INFO o.a.c.h.Http11NioProtocol - Initializing ProtocolHandler ["http-nio-8080"] 
2025-03-22T17:17:58.288 [restartedMain] INFO o.a.c.c.StandardService - Starting service [Tomcat] 
2025-03-22T17:17:58.288 [restartedMain] INFO o.a.c.c.StandardEngine - Starting Servlet engine: [Apache Tomcat/10.1.36] 
2025-03-22T17:17:58.307 [restartedMain] INFO o.a.c.c.C.[.[.[/] - Initializing Spring embedded WebApplicationContext 
2025-03-22T17:17:58.307 [restartedMain] INFO o.s.b.w.s.c.ServletWebServerApplicationContext - Root WebApplicationContext: initialization completed in 266 ms 
2025-03-22T17:17:58.352 [restartedMain] INFO c.z.h.HikariDataSource - HikariPool-20 - Starting... 
2025-03-22T17:17:58.363 [restartedMain] INFO c.z.h.p.HikariPool - HikariPool-20 - Added connection net.sf.log4jdbc.sql.jdbcapi.ConnectionSpy@47b9fd65 
2025-03-22T17:17:58.363 [restartedMain] INFO c.z.h.HikariDataSource - HikariPool-20 - Start completed. 
2025-03-22T17:17:58.365 [restartedMain] DEBUG j.sqltiming -  com.zaxxer.hikari.pool.ProxyPreparedStatement.execute(ProxyPreparedStatement.java:44)
191. SELECT 
			cdSeq,
			cdName,
			codeGroup_cgSeq
		FROM
			code
		WHERE 1=1
			AND cdDelNy = 0
 {executed in 1 msec} 
2025-03-22T17:17:58.366 [restartedMain] INFO j.resultsettable - 
|------|----------|----------------|
|cdseq |cdname    |codegroup_cgseq |
|------|----------|----------------|
|1     |SKT       |1               |
|2     |KT        |1               |
|3     |LG U+     |1               |
|4     |SKT 알뜰폰   |1               |
|5     |KT 알뜰폰    |1               |
|6     |LG U+ 알뜰폰 |1               |
|7     |남자        |2               |
|8     |여자        |2               |
|9     |AL        |3               |
|10    |NL        |3               |
|11    |East      |4               |
|12    |Central   |4               |
|13    |West      |4               |
|14    |투수        |5               |
|15    |1루수       |5               |
|16    |2루수       |5               |
|17    |3루수       |5               |
|18    |유격수       |5               |
|19    |좌익수       |5               |
|20    |중견수       |5               |
|21    |우익수       |5               |
|22    |포수        |5               |
|23    |지명타자      |5               |
|24    |대타        |5               |
|25    |대주자       |5               |
|26    |좌투        |6               |
|27    |우투        |6               |
|28    |양투        |6               |
|29    |좌타        |7               |
|30    |우타        |7               |
|31    |양타        |7               |
|32    |미국        |8               |
|33    |도미니카 공화국  |8               |
|34    |베네수엘라     |8               |
|35    |쿠바        |8               |
|36    |푸에르토리코    |8               |
|37    |멕시코       |8               |
|38    |캐나다       |8               |
|39    |일본        |8               |
|40    |콜롬비아      |8               |
|41    |대한민국      |8               |
|42    |파나마       |8               |
|43    |퀴라소       |8               |
|44    |네덜란드      |8               |
|45    |바하마       |8               |
|46    |니카라과      |8               |
|47    |호주        |8               |
|48    |브라질       |8               |
|49    |독일        |8               |
|50    |온두라스      |8               |
|51    |대만        |8               |
|52    |아루바       |8               |
|53    |1회초       |9               |
|54    |1회말       |9               |
|55    |2회초       |9               |
|56    |2회말       |9               |
|57    |3회초       |9               |
|58    |3회말       |9               |
|59    |4회초       |9               |
|60    |4회말       |9               |
|61    |5회초       |9               |
|62    |5회말       |9               |
|63    |6회초       |9               |
|64    |6회말       |9               |
|65    |7회초       |9               |
|66    |7회말       |9               |
|67    |8회초       |9               |
|68    |8회말       |9               |
|69    |9회초       |9               |
|70    |9회말       |9               |
|71    |10회초      |9               |
|72    |10회말      |9               |
|73    |11회초      |9               |
|74    |11회말      |9               |
|75    |12회초      |9               |
|76    |12회말      |9               |
|77    |13회초      |9               |
|78    |13회말      |9               |
|79    |14회초      |9               |
|80    |14회말      |9               |
|81    |15회초      |9               |
|82    |15회말      |9               |
|83    |16회초      |9               |
|84    |16회말      |9               |
|85    |17회초      |9               |
|86    |17회말      |9               |
|87    |18회초      |9               |
|88    |18회말      |9               |
|89    |19회초      |9               |
|90    |19회말      |9               |
|91    |20회초      |9               |
|92    |20회말      |9               |
|------|----------|----------------|
 
2025-03-22T17:17:58.446 [restartedMain] INFO o.s.b.d.a.OptionalLiveReloadServer - LiveReload server is running on port 35729 
2025-03-22T17:17:58.452 [restartedMain] INFO o.a.c.h.Http11NioProtocol - Starting ProtocolHandler ["http-nio-8080"] 
2025-03-22T17:17:58.458 [restartedMain] INFO o.s.b.w.e.t.TomcatWebServer - Tomcat started on port 8080 (http) with context path '/' 
2025-03-22T17:17:58.464 [restartedMain] INFO c.a.AngelsApplication - Started AngelsApplication in 0.45 seconds (process running for 6204.724) 
2025-03-22T17:17:58.465 [restartedMain] INFO o.s.b.d.a.ConditionEvaluationDeltaLoggingListener - Condition evaluation unchanged 
2025-03-22T17:18:10.466 [File Watcher] INFO o.s.b.d.a.LocalDevToolsAutoConfiguration$RestartingClassPathChangeChangedEventListener - Restarting due to 1 class path change (0 additions, 0 deletions, 1 modification) 
2025-03-22T17:18:10.467 [Thread-94] INFO o.s.b.w.e.t.GracefulShutdown - Commencing graceful shutdown. Waiting for active requests to complete 
2025-03-22T17:18:10.467 [tomcat-shutdown] INFO o.a.c.h.Http11NioProtocol - Pausing ProtocolHandler ["http-nio-8080"] 
2025-03-22T17:18:10.483 [tomcat-shutdown] INFO o.s.b.w.e.t.GracefulShutdown - Graceful shutdown complete 
2025-03-22T17:18:10.483 [Thread-94] INFO o.a.c.h.Http11NioProtocol - Stopping ProtocolHandler ["http-nio-8080"] 
2025-03-22T17:18:10.484 [Thread-94] INFO c.z.h.HikariDataSource - HikariPool-20 - Shutdown initiated... 
2025-03-22T17:18:10.489 [Thread-94] INFO c.z.h.HikariDataSource - HikariPool-20 - Shutdown completed. 
2025-03-22T17:18:10.562 [restartedMain] INFO c.a.AngelsApplication - Starting AngelsApplication using Java 21.0.5 with PID 22592 (C:\factory\ws_sts4_4270\repo_angels\angels\bin\main started by sunjs in C:\factory\ws_sts4_4270\repo_angels\angels) 
2025-03-22T17:18:10.562 [restartedMain] INFO c.a.AngelsApplication - No active profile set, falling back to 1 default profile: "default" 
2025-03-22T17:18:10.773 [restartedMain] INFO o.s.b.w.e.t.TomcatWebServer - Tomcat initialized with port 8080 (http) 
2025-03-22T17:18:10.773 [restartedMain] INFO o.a.c.h.Http11NioProtocol - Initializing ProtocolHandler ["http-nio-8080"] 
2025-03-22T17:18:10.773 [restartedMain] INFO o.a.c.c.StandardService - Starting service [Tomcat] 
2025-03-22T17:18:10.774 [restartedMain] INFO o.a.c.c.StandardEngine - Starting Servlet engine: [Apache Tomcat/10.1.36] 
2025-03-22T17:18:10.791 [restartedMain] INFO o.a.c.c.C.[.[.[/] - Initializing Spring embedded WebApplicationContext 
2025-03-22T17:18:10.791 [restartedMain] INFO o.s.b.w.s.c.ServletWebServerApplicationContext - Root WebApplicationContext: initialization completed in 227 ms 
2025-03-22T17:18:10.834 [restartedMain] INFO c.z.h.HikariDataSource - HikariPool-21 - Starting... 
2025-03-22T17:18:10.849 [restartedMain] INFO c.z.h.p.HikariPool - HikariPool-21 - Added connection net.sf.log4jdbc.sql.jdbcapi.ConnectionSpy@44049b3b 
2025-03-22T17:18:10.849 [restartedMain] INFO c.z.h.HikariDataSource - HikariPool-21 - Start completed. 
2025-03-22T17:18:10.850 [restartedMain] DEBUG j.sqltiming -  com.zaxxer.hikari.pool.ProxyPreparedStatement.execute(ProxyPreparedStatement.java:44)
201. SELECT 
			cdSeq,
			cdName,
			codeGroup_cgSeq
		FROM
			code
		WHERE 1=1
			AND cdDelNy = 0
 {executed in 1 msec} 
2025-03-22T17:18:10.852 [restartedMain] INFO j.resultsettable - 
|------|----------|----------------|
|cdseq |cdname    |codegroup_cgseq |
|------|----------|----------------|
|1     |SKT       |1               |
|2     |KT        |1               |
|3     |LG U+     |1               |
|4     |SKT 알뜰폰   |1               |
|5     |KT 알뜰폰    |1               |
|6     |LG U+ 알뜰폰 |1               |
|7     |남자        |2               |
|8     |여자        |2               |
|9     |AL        |3               |
|10    |NL        |3               |
|11    |East      |4               |
|12    |Central   |4               |
|13    |West      |4               |
|14    |투수        |5               |
|15    |1루수       |5               |
|16    |2루수       |5               |
|17    |3루수       |5               |
|18    |유격수       |5               |
|19    |좌익수       |5               |
|20    |중견수       |5               |
|21    |우익수       |5               |
|22    |포수        |5               |
|23    |지명타자      |5               |
|24    |대타        |5               |
|25    |대주자       |5               |
|26    |좌투        |6               |
|27    |우투        |6               |
|28    |양투        |6               |
|29    |좌타        |7               |
|30    |우타        |7               |
|31    |양타        |7               |
|32    |미국        |8               |
|33    |도미니카 공화국  |8               |
|34    |베네수엘라     |8               |
|35    |쿠바        |8               |
|36    |푸에르토리코    |8               |
|37    |멕시코       |8               |
|38    |캐나다       |8               |
|39    |일본        |8               |
|40    |콜롬비아      |8               |
|41    |대한민국      |8               |
|42    |파나마       |8               |
|43    |퀴라소       |8               |
|44    |네덜란드      |8               |
|45    |바하마       |8               |
|46    |니카라과      |8               |
|47    |호주        |8               |
|48    |브라질       |8               |
|49    |독일        |8               |
|50    |온두라스      |8               |
|51    |대만        |8               |
|52    |아루바       |8               |
|53    |1회초       |9               |
|54    |1회말       |9               |
|55    |2회초       |9               |
|56    |2회말       |9               |
|57    |3회초       |9               |
|58    |3회말       |9               |
|59    |4회초       |9               |
|60    |4회말       |9               |
|61    |5회초       |9               |
|62    |5회말       |9               |
|63    |6회초       |9               |
|64    |6회말       |9               |
|65    |7회초       |9               |
|66    |7회말       |9               |
|67    |8회초       |9               |
|68    |8회말       |9               |
|69    |9회초       |9               |
|70    |9회말       |9               |
|71    |10회초      |9               |
|72    |10회말      |9               |
|73    |11회초      |9               |
|74    |11회말      |9               |
|75    |12회초      |9               |
|76    |12회말      |9               |
|77    |13회초      |9               |
|78    |13회말      |9               |
|79    |14회초      |9               |
|80    |14회말      |9               |
|81    |15회초      |9               |
|82    |15회말      |9               |
|83    |16회초      |9               |
|84    |16회말      |9               |
|85    |17회초      |9               |
|86    |17회말      |9               |
|87    |18회초      |9               |
|88    |18회말      |9               |
|89    |19회초      |9               |
|90    |19회말      |9               |
|91    |20회초      |9               |
|92    |20회말      |9               |
|------|----------|----------------|
 
2025-03-22T17:18:10.927 [restartedMain] INFO o.s.b.d.a.OptionalLiveReloadServer - LiveReload server is running on port 35729 
2025-03-22T17:18:10.933 [restartedMain] INFO o.a.c.h.Http11NioProtocol - Starting ProtocolHandler ["http-nio-8080"] 
2025-03-22T17:18:10.938 [restartedMain] INFO o.s.b.w.e.t.TomcatWebServer - Tomcat started on port 8080 (http) with context path '/' 
2025-03-22T17:18:10.941 [restartedMain] INFO c.a.AngelsApplication - Started AngelsApplication in 0.408 seconds (process running for 6217.202) 
2025-03-22T17:18:10.942 [restartedMain] INFO o.s.b.d.a.ConditionEvaluationDeltaLoggingListener - Condition evaluation unchanged 
2025-03-22T17:32:31.727 [File Watcher] INFO o.s.b.d.a.LocalDevToolsAutoConfiguration$RestartingClassPathChangeChangedEventListener - Restarting due to 1 class path change (0 additions, 0 deletions, 1 modification) 
2025-03-22T17:32:31.729 [Thread-98] INFO o.s.b.w.e.t.GracefulShutdown - Commencing graceful shutdown. Waiting for active requests to complete 
2025-03-22T17:32:31.732 [tomcat-shutdown] INFO o.a.c.h.Http11NioProtocol - Pausing ProtocolHandler ["http-nio-8080"] 
2025-03-22T17:32:31.754 [tomcat-shutdown] INFO o.s.b.w.e.t.GracefulShutdown - Graceful shutdown complete 
2025-03-22T17:32:31.755 [Thread-98] INFO o.a.c.h.Http11NioProtocol - Stopping ProtocolHandler ["http-nio-8080"] 
2025-03-22T17:32:31.756 [Thread-98] INFO c.z.h.HikariDataSource - HikariPool-21 - Shutdown initiated... 
2025-03-22T17:32:31.760 [Thread-98] INFO c.z.h.HikariDataSource - HikariPool-21 - Shutdown completed. 
2025-03-22T17:32:31.834 [restartedMain] INFO c.a.AngelsApplication - Starting AngelsApplication using Java 21.0.5 with PID 22592 (C:\factory\ws_sts4_4270\repo_angels\angels\bin\main started by sunjs in C:\factory\ws_sts4_4270\repo_angels\angels) 
2025-03-22T17:32:31.834 [restartedMain] INFO c.a.AngelsApplication - No active profile set, falling back to 1 default profile: "default" 
2025-03-22T17:32:32.068 [restartedMain] INFO o.s.b.w.e.t.TomcatWebServer - Tomcat initialized with port 8080 (http) 
2025-03-22T17:32:32.069 [restartedMain] INFO o.a.c.h.Http11NioProtocol - Initializing ProtocolHandler ["http-nio-8080"] 
2025-03-22T17:32:32.069 [restartedMain] INFO o.a.c.c.StandardService - Starting service [Tomcat] 
2025-03-22T17:32:32.069 [restartedMain] INFO o.a.c.c.StandardEngine - Starting Servlet engine: [Apache Tomcat/10.1.36] 
2025-03-22T17:32:32.087 [restartedMain] INFO o.a.c.c.C.[.[.[/] - Initializing Spring embedded WebApplicationContext 
2025-03-22T17:32:32.087 [restartedMain] INFO o.s.b.w.s.c.ServletWebServerApplicationContext - Root WebApplicationContext: initialization completed in 251 ms 
2025-03-22T17:32:32.140 [restartedMain] INFO c.z.h.HikariDataSource - HikariPool-22 - Starting... 
2025-03-22T17:32:32.155 [restartedMain] INFO c.z.h.p.HikariPool - HikariPool-22 - Added connection net.sf.log4jdbc.sql.jdbcapi.ConnectionSpy@781a54e5 
2025-03-22T17:32:32.155 [restartedMain] INFO c.z.h.HikariDataSource - HikariPool-22 - Start completed. 
2025-03-22T17:32:32.157 [restartedMain] DEBUG j.sqltiming -  com.zaxxer.hikari.pool.ProxyPreparedStatement.execute(ProxyPreparedStatement.java:44)
211. SELECT 
			cdSeq,
			cdName,
			codeGroup_cgSeq
		FROM
			code
		WHERE 1=1
			AND cdDelNy = 0
 {executed in 2 msec} 
2025-03-22T17:32:32.160 [restartedMain] INFO j.resultsettable - 
|------|----------|----------------|
|cdseq |cdname    |codegroup_cgseq |
|------|----------|----------------|
|1     |SKT       |1               |
|2     |KT        |1               |
|3     |LG U+     |1               |
|4     |SKT 알뜰폰   |1               |
|5     |KT 알뜰폰    |1               |
|6     |LG U+ 알뜰폰 |1               |
|7     |남자        |2               |
|8     |여자        |2               |
|9     |AL        |3               |
|10    |NL        |3               |
|11    |East      |4               |
|12    |Central   |4               |
|13    |West      |4               |
|14    |투수        |5               |
|15    |1루수       |5               |
|16    |2루수       |5               |
|17    |3루수       |5               |
|18    |유격수       |5               |
|19    |좌익수       |5               |
|20    |중견수       |5               |
|21    |우익수       |5               |
|22    |포수        |5               |
|23    |지명타자      |5               |
|24    |대타        |5               |
|25    |대주자       |5               |
|26    |좌투        |6               |
|27    |우투        |6               |
|28    |양투        |6               |
|29    |좌타        |7               |
|30    |우타        |7               |
|31    |양타        |7               |
|32    |미국        |8               |
|33    |도미니카 공화국  |8               |
|34    |베네수엘라     |8               |
|35    |쿠바        |8               |
|36    |푸에르토리코    |8               |
|37    |멕시코       |8               |
|38    |캐나다       |8               |
|39    |일본        |8               |
|40    |콜롬비아      |8               |
|41    |대한민국      |8               |
|42    |파나마       |8               |
|43    |퀴라소       |8               |
|44    |네덜란드      |8               |
|45    |바하마       |8               |
|46    |니카라과      |8               |
|47    |호주        |8               |
|48    |브라질       |8               |
|49    |독일        |8               |
|50    |온두라스      |8               |
|51    |대만        |8               |
|52    |아루바       |8               |
|53    |1회초       |9               |
|54    |1회말       |9               |
|55    |2회초       |9               |
|56    |2회말       |9               |
|57    |3회초       |9               |
|58    |3회말       |9               |
|59    |4회초       |9               |
|60    |4회말       |9               |
|61    |5회초       |9               |
|62    |5회말       |9               |
|63    |6회초       |9               |
|64    |6회말       |9               |
|65    |7회초       |9               |
|66    |7회말       |9               |
|67    |8회초       |9               |
|68    |8회말       |9               |
|69    |9회초       |9               |
|70    |9회말       |9               |
|71    |10회초      |9               |
|72    |10회말      |9               |
|73    |11회초      |9               |
|74    |11회말      |9               |
|75    |12회초      |9               |
|76    |12회말      |9               |
|77    |13회초      |9               |
|78    |13회말      |9               |
|79    |14회초      |9               |
|80    |14회말      |9               |
|81    |15회초      |9               |
|82    |15회말      |9               |
|83    |16회초      |9               |
|84    |16회말      |9               |
|85    |17회초      |9               |
|86    |17회말      |9               |
|87    |18회초      |9               |
|88    |18회말      |9               |
|89    |19회초      |9               |
|90    |19회말      |9               |
|91    |20회초      |9               |
|92    |20회말      |9               |
|------|----------|----------------|
 
2025-03-22T17:32:32.274 [restartedMain] INFO o.s.b.d.a.OptionalLiveReloadServer - LiveReload server is running on port 35729 
2025-03-22T17:32:32.282 [restartedMain] INFO o.a.c.h.Http11NioProtocol - Starting ProtocolHandler ["http-nio-8080"] 
2025-03-22T17:32:32.287 [restartedMain] INFO o.s.b.w.e.t.TomcatWebServer - Tomcat started on port 8080 (http) with context path '/' 
2025-03-22T17:32:32.290 [restartedMain] INFO c.a.AngelsApplication - Started AngelsApplication in 0.487 seconds (process running for 7078.551) 
2025-03-22T17:32:32.291 [restartedMain] INFO o.s.b.d.a.ConditionEvaluationDeltaLoggingListener - Condition evaluation unchanged 
2025-03-22T17:34:36.887 [http-nio-8080-exec-2] INFO o.a.c.c.C.[.[.[/] - Initializing Spring DispatcherServlet 'dispatcherServlet' 
2025-03-22T17:34:36.887 [http-nio-8080-exec-2] INFO o.s.w.s.DispatcherServlet - Initializing Servlet 'dispatcherServlet' 
2025-03-22T17:34:36.888 [http-nio-8080-exec-2] INFO o.s.w.s.DispatcherServlet - Completed initialization in 1 ms 
2025-03-22T17:34:36.894 [http-nio-8080-exec-2] DEBUG j.sqltiming -  com.zaxxer.hikari.pool.ProxyPreparedStatement.execute(ProxyPreparedStatement.java:44)
211. SELECT
			team_tmSeq,
			pyDelNy,
			pySeq,
		    pyGivenName,
		    pyFamilyName,
		    pyOriName,
		    pyFamliyNameKor,
		    pyGivenNameKor,
		    pyOriNameKor,
			nickName,
		    birthday,
		    homeTown,
		    nationality,
			throwHand,
		    batHand,
		    jerseyNumber,
		    heightCm,
		    heightFt,
		    weightKg,
		    weightLb,
		    finalSchoolHistory,
		    debut,
		    Draft,
		    status,
		    pyRegTime,
		    pyModTime,
		    pyDelNy
		from player
		where 1=1 order by pySeq desc
 {executed in 2 msec} 
2025-03-22T17:34:36.895 [http-nio-8080-exec-2] INFO j.resultsettable - 
|-----------|--------|------|------------|-------------|----------|----------------|---------------|-------------|---------|---------|---------|------------|----------|--------|-------------|---------|---------|---------|---------|-------------------|------|------|-------|----------|----------|--------|
|team_tmseq |pydelny |pyseq |pygivenname |pyfamilyname |pyoriname |pyfamliynamekor |pygivennamekor |pyorinamekor |nickname |birthday |hometown |nationality |throwhand |bathand |jerseynumber |heightcm |heightft |weightkg |weightlb |finalschoolhistory |debut |draft |status |pyregtime |pymodtime |pydelny |
|-----------|--------|------|------------|-------------|----------|----------------|---------------|-------------|---------|---------|---------|------------|----------|--------|-------------|---------|---------|---------|---------|-------------------|------|------|-------|----------|----------|--------|
|-----------|--------|------|------------|-------------|----------|----------------|---------------|-------------|---------|---------|---------|------------|----------|--------|-------------|---------|---------|---------|---------|-------------------|------|------|-------|----------|----------|--------|
 
2025-03-22T17:35:48.159 [http-nio-8080-exec-5] DEBUG j.sqltiming -  com.zaxxer.hikari.pool.ProxyPreparedStatement.execute(ProxyPreparedStatement.java:44)
211. Select count(*)

			from
			codegroup as a 		
			where 1=1
 {executed in 3 msec} 
2025-03-22T17:35:48.159 [http-nio-8080-exec-5] INFO j.resultsettable - 
|---------|
|count(*) |
|---------|
|9        |
|---------|
 
2025-03-22T17:35:48.164 [http-nio-8080-exec-5] DEBUG j.sqltiming -  com.zaxxer.hikari.pool.ProxyPreparedStatement.execute(ProxyPreparedStatement.java:44)
211. select
			a.cgSeq,
			a.cgdelNy,
			a.cgUse,
		    a.cgName,
		    a.cgNameEng,
		    (select count(aa.cdSeq) from code aa where 1=1 and aa.cdDelNy = 0 and aa.codeGroup_cgSeq = a.cgSeq) as cdSeqCount,
		    a.cgOrder,
		    a.cgRegDate,
		    a.cgEdDate

			from
			codegroup as a 		
			where 1=1 

		order by cgSeq desc
		limit 5 offset 0
 {executed in 1 msec} 
2025-03-22T17:35:48.166 [http-nio-8080-exec-5] INFO j.resultsettable - 
|------|--------|------|-------|------------|-----------|--------|--------------------|---------|
|cgseq |cgdelny |cguse |cgname |cgnameeng   |cdseqcount |cgorder |cgregdate           |cgeddate |
|------|--------|------|-------|------------|-----------|--------|--------------------|---------|
|9     |0       |0     |이닝     |Inning      |40         |1       |2025-03-22T13:33:54 |[null]   |
|8     |0       |0     |국적     |Nationality |21         |1       |2025-03-22T10:51:18 |[null]   |
|7     |0       |0     |타      |Bat         |3          |1       |2025-03-21T17:26:47 |[null]   |
|6     |0       |0     |투      |Throw       |3          |1       |2025-03-21T17:26:35 |[null]   |
|5     |0       |0     |포지션    |Position    |12         |1       |2025-03-21T17:24:04 |[null]   |
|------|--------|------|-------|------------|-----------|--------|--------------------|---------|
 
2025-03-22T17:35:51.066 [http-nio-8080-exec-10] DEBUG j.sqltiming -  com.zaxxer.hikari.pool.ProxyPreparedStatement.execute(ProxyPreparedStatement.java:44)
211. SELECT
			team_tmSeq,
			pyDelNy,
			pySeq,
		    pyGivenName,
		    pyFamilyName,
		    pyOriName,
		    pyFamliyNameKor,
		    pyGivenNameKor,
		    pyOriNameKor,
			nickName,
		    birthday,
		    homeTown,
		    nationality,
			throwHand,
		    batHand,
		    jerseyNumber,
		    heightCm,
		    heightFt,
		    weightKg,
		    weightLb,
		    finalSchoolHistory,
		    debut,
		    Draft,
		    status,
		    pyRegTime,
		    pyModTime,
		    pyDelNy
		from player
		where 1=1 order by pySeq desc
 {executed in 2 msec} 
2025-03-22T17:35:51.067 [http-nio-8080-exec-10] INFO j.resultsettable - 
|-----------|--------|------|------------|-------------|----------|----------------|---------------|-------------|---------|---------|---------|------------|----------|--------|-------------|---------|---------|---------|---------|-------------------|------|------|-------|----------|----------|--------|
|team_tmseq |pydelny |pyseq |pygivenname |pyfamilyname |pyoriname |pyfamliynamekor |pygivennamekor |pyorinamekor |nickname |birthday |hometown |nationality |throwhand |bathand |jerseynumber |heightcm |heightft |weightkg |weightlb |finalschoolhistory |debut |draft |status |pyregtime |pymodtime |pydelny |
|-----------|--------|------|------------|-------------|----------|----------------|---------------|-------------|---------|---------|---------|------------|----------|--------|-------------|---------|---------|---------|---------|-------------------|------|------|-------|----------|----------|--------|
|-----------|--------|------|------------|-------------|----------|----------------|---------------|-------------|---------|---------|---------|------------|----------|--------|-------------|---------|---------|---------|---------|-------------------|------|------|-------|----------|----------|--------|
 
2025-03-22T17:37:36.787 [http-nio-8080-exec-3] DEBUG j.sqltiming -  com.zaxxer.hikari.pool.ProxyPreparedStatement.execute(ProxyPreparedStatement.java:44)
211. SELECT
			team_tmSeq,
			pyDelNy,
			pySeq,
		    pyGivenName,
		    pyFamilyName,
		    pyOriName,
		    pyFamliyNameKor,
		    pyGivenNameKor,
		    pyOriNameKor,
			nickName,
		    birthday,
		    homeTown,
		    nationality,
			throwHand,
		    batHand,
		    jerseyNumber,
		    heightCm,
		    heightFt,
		    weightKg,
		    weightLb,
		    finalSchoolHistory,
		    debut,
		    Draft,
		    status,
		    pyRegTime,
		    pyModTime,
		    pyDelNy
		from player
		where 1=1 order by pySeq desc
 {executed in 2 msec} 
2025-03-22T17:37:36.788 [http-nio-8080-exec-3] INFO j.resultsettable - 
|-----------|--------|------|------------|-------------|----------|----------------|---------------|-------------|---------|---------|---------|------------|----------|--------|-------------|---------|---------|---------|---------|-------------------|------|------|-------|----------|----------|--------|
|team_tmseq |pydelny |pyseq |pygivenname |pyfamilyname |pyoriname |pyfamliynamekor |pygivennamekor |pyorinamekor |nickname |birthday |hometown |nationality |throwhand |bathand |jerseynumber |heightcm |heightft |weightkg |weightlb |finalschoolhistory |debut |draft |status |pyregtime |pymodtime |pydelny |
|-----------|--------|------|------------|-------------|----------|----------------|---------------|-------------|---------|---------|---------|------------|----------|--------|-------------|---------|---------|---------|---------|-------------------|------|------|-------|----------|----------|--------|
|-----------|--------|------|------------|-------------|----------|----------------|---------------|-------------|---------|---------|---------|------------|----------|--------|-------------|---------|---------|---------|---------|-------------------|------|------|-------|----------|----------|--------|
 
2025-03-22T17:37:52.742 [http-nio-8080-exec-1] DEBUG j.sqltiming -  com.zaxxer.hikari.pool.ProxyPreparedStatement.execute(ProxyPreparedStatement.java:44)
211. SELECT
			team_tmSeq,
			pyDelNy,
			pySeq,
		    pyGivenName,
		    pyFamilyName,
		    pyOriName,
		    pyFamliyNameKor,
		    pyGivenNameKor,
		    pyOriNameKor,
			nickName,
		    birthday,
		    homeTown,
		    nationality,
			throwHand,
		    batHand,
		    jerseyNumber,
		    heightCm,
		    heightFt,
		    weightKg,
		    weightLb,
		    finalSchoolHistory,
		    debut,
		    Draft,
		    status,
		    pyRegTime,
		    pyModTime,
		    pyDelNy
		from player
		where 1=1 order by pySeq desc
 {executed in 1 msec} 
2025-03-22T17:37:52.743 [http-nio-8080-exec-1] INFO j.resultsettable - 
|-----------|--------|------|------------|-------------|----------|----------------|---------------|-------------|---------|---------|---------|------------|----------|--------|-------------|---------|---------|---------|---------|-------------------|------|------|-------|----------|----------|--------|
|team_tmseq |pydelny |pyseq |pygivenname |pyfamilyname |pyoriname |pyfamliynamekor |pygivennamekor |pyorinamekor |nickname |birthday |hometown |nationality |throwhand |bathand |jerseynumber |heightcm |heightft |weightkg |weightlb |finalschoolhistory |debut |draft |status |pyregtime |pymodtime |pydelny |
|-----------|--------|------|------------|-------------|----------|----------------|---------------|-------------|---------|---------|---------|------------|----------|--------|-------------|---------|---------|---------|---------|-------------------|------|------|-------|----------|----------|--------|
|-----------|--------|------|------------|-------------|----------|----------------|---------------|-------------|---------|---------|---------|------------|----------|--------|-------------|---------|---------|---------|---------|-------------------|------|------|-------|----------|----------|--------|
 
2025-03-22T17:38:03.782 [http-nio-8080-exec-8] DEBUG j.sqltiming -  com.zaxxer.hikari.pool.ProxyPreparedStatement.execute(ProxyPreparedStatement.java:44)
211. SELECT
			team_tmSeq,
			pyDelNy,
			pySeq,
		    pyGivenName,
		    pyFamilyName,
		    pyOriName,
		    pyFamliyNameKor,
		    pyGivenNameKor,
		    pyOriNameKor,
			nickName,
		    birthday,
		    homeTown,
		    nationality,
			throwHand,
		    batHand,
		    jerseyNumber,
		    heightCm,
		    heightFt,
		    weightKg,
		    weightLb,
		    finalSchoolHistory,
		    debut,
		    Draft,
		    status,
		    pyRegTime,
		    pyModTime,
		    pyDelNy
		from player
		where 1=1 order by pySeq desc
 {executed in 0 msec} 
2025-03-22T17:38:03.783 [http-nio-8080-exec-8] INFO j.resultsettable - 
|-----------|--------|------|------------|-------------|----------|----------------|---------------|-------------|---------|---------|---------|------------|----------|--------|-------------|---------|---------|---------|---------|-------------------|------|------|-------|----------|----------|--------|
|team_tmseq |pydelny |pyseq |pygivenname |pyfamilyname |pyoriname |pyfamliynamekor |pygivennamekor |pyorinamekor |nickname |birthday |hometown |nationality |throwhand |bathand |jerseynumber |heightcm |heightft |weightkg |weightlb |finalschoolhistory |debut |draft |status |pyregtime |pymodtime |pydelny |
|-----------|--------|------|------------|-------------|----------|----------------|---------------|-------------|---------|---------|---------|------------|----------|--------|-------------|---------|---------|---------|---------|-------------------|------|------|-------|----------|----------|--------|
|-----------|--------|------|------------|-------------|----------|----------------|---------------|-------------|---------|---------|---------|------------|----------|--------|-------------|---------|---------|---------|---------|-------------------|------|------|-------|----------|----------|--------|
 
2025-03-22T17:38:05.386 [http-nio-8080-exec-2] DEBUG j.sqltiming -  com.zaxxer.hikari.pool.ProxyPreparedStatement.execute(ProxyPreparedStatement.java:44)
211. SELECT
			team_tmSeq,
			pyDelNy,
			pySeq,
		    pyGivenName,
		    pyFamilyName,
		    pyOriName,
		    pyFamliyNameKor,
		    pyGivenNameKor,
		    pyOriNameKor,
			nickName,
		    birthday,
		    homeTown,
		    nationality,
			throwHand,
		    batHand,
		    jerseyNumber,
		    heightCm,
		    heightFt,
		    weightKg,
		    weightLb,
		    finalSchoolHistory,
		    debut,
		    Draft,
		    status,
		    pyRegTime,
		    pyModTime,
		    pyDelNy
		from player
		where 1=1 order by pySeq desc
 {executed in 1 msec} 
2025-03-22T17:38:05.387 [http-nio-8080-exec-2] INFO j.resultsettable - 
|-----------|--------|------|------------|-------------|----------|----------------|---------------|-------------|---------|---------|---------|------------|----------|--------|-------------|---------|---------|---------|---------|-------------------|------|------|-------|----------|----------|--------|
|team_tmseq |pydelny |pyseq |pygivenname |pyfamilyname |pyoriname |pyfamliynamekor |pygivennamekor |pyorinamekor |nickname |birthday |hometown |nationality |throwhand |bathand |jerseynumber |heightcm |heightft |weightkg |weightlb |finalschoolhistory |debut |draft |status |pyregtime |pymodtime |pydelny |
|-----------|--------|------|------------|-------------|----------|----------------|---------------|-------------|---------|---------|---------|------------|----------|--------|-------------|---------|---------|---------|---------|-------------------|------|------|-------|----------|----------|--------|
|-----------|--------|------|------------|-------------|----------|----------------|---------------|-------------|---------|---------|---------|------------|----------|--------|-------------|---------|---------|---------|---------|-------------------|------|------|-------|----------|----------|--------|
 
2025-03-22T17:38:40.084 [http-nio-8080-exec-7] DEBUG j.sqltiming -  com.zaxxer.hikari.pool.ProxyPreparedStatement.execute(ProxyPreparedStatement.java:44)
211. SELECT
			team_tmSeq,
			pyDelNy,
			pySeq,
		    pyGivenName,
		    pyFamilyName,
		    pyOriName,
		    pyFamliyNameKor,
		    pyGivenNameKor,
		    pyOriNameKor,
			nickName,
		    birthday,
		    homeTown,
		    nationality,
			throwHand,
		    batHand,
		    jerseyNumber,
		    heightCm,
		    heightFt,
		    weightKg,
		    weightLb,
		    finalSchoolHistory,
		    debut,
		    Draft,
		    status,
		    pyRegTime,
		    pyModTime,
		    pyDelNy
		from player
		where 1=1 order by pySeq desc
 {executed in 0 msec} 
2025-03-22T17:38:40.085 [http-nio-8080-exec-7] INFO j.resultsettable - 
|-----------|--------|------|------------|-------------|----------|----------------|---------------|-------------|---------|---------|---------|------------|----------|--------|-------------|---------|---------|---------|---------|-------------------|------|------|-------|----------|----------|--------|
|team_tmseq |pydelny |pyseq |pygivenname |pyfamilyname |pyoriname |pyfamliynamekor |pygivennamekor |pyorinamekor |nickname |birthday |hometown |nationality |throwhand |bathand |jerseynumber |heightcm |heightft |weightkg |weightlb |finalschoolhistory |debut |draft |status |pyregtime |pymodtime |pydelny |
|-----------|--------|------|------------|-------------|----------|----------------|---------------|-------------|---------|---------|---------|------------|----------|--------|-------------|---------|---------|---------|---------|-------------------|------|------|-------|----------|----------|--------|
|-----------|--------|------|------------|-------------|----------|----------------|---------------|-------------|---------|---------|---------|------------|----------|--------|-------------|---------|---------|---------|---------|-------------------|------|------|-------|----------|----------|--------|
 
2025-03-22T17:38:58.884 [http-nio-8080-exec-10] DEBUG j.sqltiming -  com.zaxxer.hikari.pool.ProxyPreparedStatement.execute(ProxyPreparedStatement.java:44)
211. SELECT
			team_tmSeq,
			pyDelNy,
			pySeq,
		    pyGivenName,
		    pyFamilyName,
		    pyOriName,
		    pyFamliyNameKor,
		    pyGivenNameKor,
		    pyOriNameKor,
			nickName,
		    birthday,
		    homeTown,
		    nationality,
			throwHand,
		    batHand,
		    jerseyNumber,
		    heightCm,
		    heightFt,
		    weightKg,
		    weightLb,
		    finalSchoolHistory,
		    debut,
		    Draft,
		    status,
		    pyRegTime,
		    pyModTime,
		    pyDelNy
		from player
		where 1=1 order by pySeq desc
 {executed in 2 msec} 
2025-03-22T17:38:58.885 [http-nio-8080-exec-10] INFO j.resultsettable - 
|-----------|--------|------|------------|-------------|----------|----------------|---------------|-------------|---------|---------|---------|------------|----------|--------|-------------|---------|---------|---------|---------|-------------------|------|------|-------|----------|----------|--------|
|team_tmseq |pydelny |pyseq |pygivenname |pyfamilyname |pyoriname |pyfamliynamekor |pygivennamekor |pyorinamekor |nickname |birthday |hometown |nationality |throwhand |bathand |jerseynumber |heightcm |heightft |weightkg |weightlb |finalschoolhistory |debut |draft |status |pyregtime |pymodtime |pydelny |
|-----------|--------|------|------------|-------------|----------|----------------|---------------|-------------|---------|---------|---------|------------|----------|--------|-------------|---------|---------|---------|---------|-------------------|------|------|-------|----------|----------|--------|
|-----------|--------|------|------------|-------------|----------|----------------|---------------|-------------|---------|---------|---------|------------|----------|--------|-------------|---------|---------|---------|---------|-------------------|------|------|-------|----------|----------|--------|
 
2025-03-22T17:39:13.956 [http-nio-8080-exec-9] DEBUG j.sqltiming -  com.zaxxer.hikari.pool.ProxyPreparedStatement.execute(ProxyPreparedStatement.java:44)
211. SELECT
			team_tmSeq,
			pyDelNy,
			pySeq,
		    pyGivenName,
		    pyFamilyName,
		    pyOriName,
		    pyFamliyNameKor,
		    pyGivenNameKor,
		    pyOriNameKor,
			nickName,
		    birthday,
		    homeTown,
		    nationality,
			throwHand,
		    batHand,
		    jerseyNumber,
		    heightCm,
		    heightFt,
		    weightKg,
		    weightLb,
		    finalSchoolHistory,
		    debut,
		    Draft,
		    status,
		    pyRegTime,
		    pyModTime,
		    pyDelNy
		from player
		where 1=1 order by pySeq desc
 {executed in 1 msec} 
2025-03-22T17:39:13.957 [http-nio-8080-exec-9] INFO j.resultsettable - 
|-----------|--------|------|------------|-------------|----------|----------------|---------------|-------------|---------|---------|---------|------------|----------|--------|-------------|---------|---------|---------|---------|-------------------|------|------|-------|----------|----------|--------|
|team_tmseq |pydelny |pyseq |pygivenname |pyfamilyname |pyoriname |pyfamliynamekor |pygivennamekor |pyorinamekor |nickname |birthday |hometown |nationality |throwhand |bathand |jerseynumber |heightcm |heightft |weightkg |weightlb |finalschoolhistory |debut |draft |status |pyregtime |pymodtime |pydelny |
|-----------|--------|------|------------|-------------|----------|----------------|---------------|-------------|---------|---------|---------|------------|----------|--------|-------------|---------|---------|---------|---------|-------------------|------|------|-------|----------|----------|--------|
|-----------|--------|------|------------|-------------|----------|----------------|---------------|-------------|---------|---------|---------|------------|----------|--------|-------------|---------|---------|---------|---------|-------------------|------|------|-------|----------|----------|--------|
 
2025-03-22T17:39:37.179 [http-nio-8080-exec-8] DEBUG j.sqltiming -  com.zaxxer.hikari.pool.ProxyPreparedStatement.execute(ProxyPreparedStatement.java:44)
211. SELECT
			team_tmSeq,
			pyDelNy,
			pySeq,
		    pyGivenName,
		    pyFamilyName,
		    pyOriName,
		    pyFamliyNameKor,
		    pyGivenNameKor,
		    pyOriNameKor,
			nickName,
		    birthday,
		    homeTown,
		    nationality,
			throwHand,
		    batHand,
		    jerseyNumber,
		    heightCm,
		    heightFt,
		    weightKg,
		    weightLb,
		    finalSchoolHistory,
		    debut,
		    Draft,
		    status,
		    pyRegTime,
		    pyModTime,
		    pyDelNy
		from player
		where 1=1 order by pySeq desc
 {executed in 1 msec} 
2025-03-22T17:39:37.179 [http-nio-8080-exec-8] INFO j.resultsettable - 
|-----------|--------|------|------------|-------------|----------|----------------|---------------|-------------|---------|---------|---------|------------|----------|--------|-------------|---------|---------|---------|---------|-------------------|------|------|-------|----------|----------|--------|
|team_tmseq |pydelny |pyseq |pygivenname |pyfamilyname |pyoriname |pyfamliynamekor |pygivennamekor |pyorinamekor |nickname |birthday |hometown |nationality |throwhand |bathand |jerseynumber |heightcm |heightft |weightkg |weightlb |finalschoolhistory |debut |draft |status |pyregtime |pymodtime |pydelny |
|-----------|--------|------|------------|-------------|----------|----------------|---------------|-------------|---------|---------|---------|------------|----------|--------|-------------|---------|---------|---------|---------|-------------------|------|------|-------|----------|----------|--------|
|-----------|--------|------|------------|-------------|----------|----------------|---------------|-------------|---------|---------|---------|------------|----------|--------|-------------|---------|---------|---------|---------|-------------------|------|------|-------|----------|----------|--------|
 
2025-03-22T17:39:55.427 [http-nio-8080-exec-2] DEBUG j.sqltiming -  com.zaxxer.hikari.pool.ProxyPreparedStatement.execute(ProxyPreparedStatement.java:44)
211. SELECT
			team_tmSeq,
			pyDelNy,
			pySeq,
		    pyGivenName,
		    pyFamilyName,
		    pyOriName,
		    pyFamliyNameKor,
		    pyGivenNameKor,
		    pyOriNameKor,
			nickName,
		    birthday,
		    homeTown,
		    nationality,
			throwHand,
		    batHand,
		    jerseyNumber,
		    heightCm,
		    heightFt,
		    weightKg,
		    weightLb,
		    finalSchoolHistory,
		    debut,
		    Draft,
		    status,
		    pyRegTime,
		    pyModTime,
		    pyDelNy
		from player
		where 1=1 order by pySeq desc
 {executed in 1 msec} 
2025-03-22T17:39:55.428 [http-nio-8080-exec-2] INFO j.resultsettable - 
|-----------|--------|------|------------|-------------|----------|----------------|---------------|-------------|---------|---------|---------|------------|----------|--------|-------------|---------|---------|---------|---------|-------------------|------|------|-------|----------|----------|--------|
|team_tmseq |pydelny |pyseq |pygivenname |pyfamilyname |pyoriname |pyfamliynamekor |pygivennamekor |pyorinamekor |nickname |birthday |hometown |nationality |throwhand |bathand |jerseynumber |heightcm |heightft |weightkg |weightlb |finalschoolhistory |debut |draft |status |pyregtime |pymodtime |pydelny |
|-----------|--------|------|------------|-------------|----------|----------------|---------------|-------------|---------|---------|---------|------------|----------|--------|-------------|---------|---------|---------|---------|-------------------|------|------|-------|----------|----------|--------|
|-----------|--------|------|------------|-------------|----------|----------------|---------------|-------------|---------|---------|---------|------------|----------|--------|-------------|---------|---------|---------|---------|-------------------|------|------|-------|----------|----------|--------|
 
