2025-03-17T17:06:48.839 [http-nio-8080-exec-6] DEBUG j.sqltiming -  com.zaxxer.hikari.pool.ProxyPreparedStatement.execute(ProxyPreparedStatement.java:44)
151. Select count(*)
	from code
 {executed in 4 msec} 
2025-03-17T17:06:48.841 [http-nio-8080-exec-6] INFO j.resultsettable - 
|---------|
|count(*) |
|---------|
|1        |
|---------|
 
2025-03-17T17:06:48.845 [http-nio-8080-exec-6] DEBUG j.sqltiming -  com.zaxxer.hikari.pool.ProxyPreparedStatement.execute(ProxyPreparedStatement.java:44)
151. select
			cdSeq
			cdDelNy,
			cdUse,
		    cdCode,
		    cdName,
		    cdCount,
		    cdOrder,
		    cdRegDate,
		    cdEdDate,
		    cdCheck,
		    cdUse,
		    codeGroup_cgSeq
		from
			code 

		where 1=1 
		order by cdSeq desc
 {executed in 2 msec} 
2025-03-17T17:06:48.846 [http-nio-8080-exec-6] INFO j.resultsettable - 
|------|------|-------|-------|--------|--------|----------|---------|--------|------|----------------|
|cdseq |cduse |cdcode |cdname |cdcount |cdorder |cdregdate |cdeddate |cdcheck |cduse |codegroup_cgseq |
|------|------|-------|-------|--------|--------|----------|---------|--------|------|----------------|
|2     |1     |null   |코드명    |null    |1       |null      |null     |null    |1     |34              |
|------|------|-------|-------|--------|--------|----------|---------|--------|------|----------------|
 
2025-03-17T17:11:38.114 [http-nio-8080-exec-5] DEBUG j.sqltiming -  com.zaxxer.hikari.pool.ProxyPreparedStatement.execute(ProxyPreparedStatement.java:44)
151. Select count(*)
	from code
 {executed in 1 msec} 
2025-03-17T17:11:38.114 [http-nio-8080-exec-5] INFO j.resultsettable - 
|---------|
|count(*) |
|---------|
|1        |
|---------|
 
2025-03-17T17:11:38.116 [http-nio-8080-exec-5] DEBUG j.sqltiming -  com.zaxxer.hikari.pool.ProxyPreparedStatement.execute(ProxyPreparedStatement.java:44)
151. select
			cdSeq
			cdDelNy,
			cdUse,
		    cdCode,
		    cdName,
		    cdCount,
		    cdOrder,
		    cdRegDate,
		    cdEdDate,
		    cdCheck,
		    cdUse,
		    codeGroup_cgSeq
		from
			code 

		where 1=1 
		order by cdSeq desc
 {executed in 1 msec} 
2025-03-17T17:11:38.118 [http-nio-8080-exec-5] INFO j.resultsettable - 
|------|------|-------|-------|--------|--------|----------|---------|--------|------|----------------|
|cdseq |cduse |cdcode |cdname |cdcount |cdorder |cdregdate |cdeddate |cdcheck |cduse |codegroup_cgseq |
|------|------|-------|-------|--------|--------|----------|---------|--------|------|----------------|
|2     |1     |null   |코드명    |null    |1       |null      |null     |null    |1     |34              |
|------|------|-------|-------|--------|--------|----------|---------|--------|------|----------------|
 
2025-03-17T17:13:03.430 [http-nio-8080-exec-1] DEBUG j.sqltiming -  com.zaxxer.hikari.pool.ProxyPreparedStatement.execute(ProxyPreparedStatement.java:44)
151. Select count(*)
	from code
 {executed in 1 msec} 
2025-03-17T17:13:03.431 [http-nio-8080-exec-1] INFO j.resultsettable - 
|---------|
|count(*) |
|---------|
|0        |
|---------|
 
2025-03-17T17:13:03.432 [http-nio-8080-exec-1] DEBUG j.sqltiming -  com.zaxxer.hikari.pool.ProxyPreparedStatement.execute(ProxyPreparedStatement.java:44)
151. select
			cdSeq
			cdDelNy,
			cdUse,
		    cdCode,
		    cdName,
		    cdCount,
		    cdOrder,
		    cdRegDate,
		    cdEdDate,
		    cdCheck,
		    cdUse,
		    codeGroup_cgSeq
		from
			code 

		where 1=1 
		order by cdSeq desc
 {executed in 1 msec} 
2025-03-17T17:13:03.433 [http-nio-8080-exec-1] INFO j.resultsettable - 
|------|------|-------|-------|--------|--------|----------|---------|--------|------|----------------|
|cdseq |cduse |cdcode |cdname |cdcount |cdorder |cdregdate |cdeddate |cdcheck |cduse |codegroup_cgseq |
|------|------|-------|-------|--------|--------|----------|---------|--------|------|----------------|
|------|------|-------|-------|--------|--------|----------|---------|--------|------|----------------|
 
2025-03-17T17:38:00.067 [HikariPool-11 housekeeper] WARN c.z.h.p.HikariPool - HikariPool-11 - Thread starvation or clock leap detected (housekeeper delta=5m7s264ms660µs). 
