2025-03-26T11:01:16.684 [http-nio-8080-exec-4] DEBUG j.sqltiming -  com.zaxxer.hikari.pool.ProxyPreparedStatement.execute(ProxyPreparedStatement.java:44)
51. select
			a.cgSeq,
			a.cgdelNy,
			a.cgUse,
		    a.cgName,
		    a.cgNameEng,
		    (select count(aa.cdSeq) from code aa where 1=1 and aa.cdDelNy = 0 and aa.codeGroup_cgSeq = a.cgSeq) as cdSeqCount,
		    a.cgOrder,
		    a.cgRegDate,
		    a.cgEdDate
				from
				codegroup as a 		
				where 1=1
			AND a.cgSeq = '31'
 {executed in 1 msec} 
2025-03-26T11:01:16.686 [http-nio-8080-exec-4] INFO j.resultsettable - 
|------|--------|------|-------|----------|-----------|--------|--------------------|---------|
|cgseq |cgdelny |cguse |cgname |cgnameeng |cdseqcount |cgorder |cgregdate           |cgeddate |
|------|--------|------|-------|----------|-----------|--------|--------------------|---------|
|31    |0       |1     |121221 |hihi      |0          |44      |2025-03-26T10:58:26 |[null]   |
|------|--------|------|-------|----------|-----------|--------|--------------------|---------|
 
2025-03-26T11:03:41.922 [http-nio-8080-exec-10] DEBUG j.sqltiming -  com.zaxxer.hikari.pool.ProxyPreparedStatement.execute(ProxyPreparedStatement.java:44)
51. select
			a.cgSeq,
			a.cgdelNy,
			a.cgUse,
		    a.cgName,
		    a.cgNameEng,
		    (select count(aa.cdSeq) from code aa where 1=1 and aa.cdDelNy = 0 and aa.codeGroup_cgSeq = a.cgSeq) as cdSeqCount,
		    a.cgOrder,
		    a.cgRegDate,
		    a.cgEdDate
				from
				codegroup as a 		
				where 1=1
			AND a.cgSeq = '31'
 {executed in 1 msec} 
2025-03-26T11:03:41.922 [http-nio-8080-exec-10] INFO j.resultsettable - 
|------|--------|------|-------|----------|-----------|--------|--------------------|---------|
|cgseq |cgdelny |cguse |cgname |cgnameeng |cdseqcount |cgorder |cgregdate           |cgeddate |
|------|--------|------|-------|----------|-----------|--------|--------------------|---------|
|31    |0       |1     |121221 |hihi      |0          |44      |2025-03-26T10:58:26 |[null]   |
|------|--------|------|-------|----------|-----------|--------|--------------------|---------|
 
2025-03-26T11:04:24.989 [http-nio-8080-exec-4] DEBUG j.sqltiming -  com.zaxxer.hikari.pool.ProxyPreparedStatement.execute(ProxyPreparedStatement.java:44)
51. select
			a.cgSeq,
			a.cgdelNy,
			a.cgUse,
		    a.cgName,
		    a.cgNameEng,
		    (select count(aa.cdSeq) from code aa where 1=1 and aa.cdDelNy = 0 and aa.codeGroup_cgSeq = a.cgSeq) as cdSeqCount,
		    a.cgOrder,
		    a.cgRegDate,
		    a.cgEdDate
				from
				codegroup as a 		
				where 1=1
			AND a.cgSeq = '31'
 {executed in 1 msec} 
2025-03-26T11:04:24.990 [http-nio-8080-exec-4] INFO j.resultsettable - 
|------|--------|------|-------|----------|-----------|--------|--------------------|---------|
|cgseq |cgdelny |cguse |cgname |cgnameeng |cdseqcount |cgorder |cgregdate           |cgeddate |
|------|--------|------|-------|----------|-----------|--------|--------------------|---------|
|31    |0       |1     |121221 |hihi      |0          |44      |2025-03-26T10:58:26 |[null]   |
|------|--------|------|-------|----------|-----------|--------|--------------------|---------|
 
2025-03-26T11:04:35.611 [http-nio-8080-exec-6] DEBUG j.sqltiming -  com.zaxxer.hikari.pool.ProxyPreparedStatement.execute(ProxyPreparedStatement.java:44)
51. select
			a.cgSeq,
			a.cgdelNy,
			a.cgUse,
		    a.cgName,
		    a.cgNameEng,
		    (select count(aa.cdSeq) from code aa where 1=1 and aa.cdDelNy = 0 and aa.codeGroup_cgSeq = a.cgSeq) as cdSeqCount,
		    a.cgOrder,
		    a.cgRegDate,
		    a.cgEdDate
				from
				codegroup as a 		
				where 1=1
			AND a.cgSeq = '31'
 {executed in 1 msec} 
2025-03-26T11:04:35.612 [http-nio-8080-exec-6] INFO j.resultsettable - 
|------|--------|------|-------|----------|-----------|--------|--------------------|---------|
|cgseq |cgdelny |cguse |cgname |cgnameeng |cdseqcount |cgorder |cgregdate           |cgeddate |
|------|--------|------|-------|----------|-----------|--------|--------------------|---------|
|31    |0       |1     |121221 |hihi      |0          |44      |2025-03-26T10:58:26 |[null]   |
|------|--------|------|-------|----------|-----------|--------|--------------------|---------|
 
2025-03-26T11:04:41.234 [http-nio-8080-exec-3] DEBUG j.sqltiming -  com.zaxxer.hikari.pool.ProxyPreparedStatement.execute(ProxyPreparedStatement.java:44)
51. select
			a.cgSeq,
			a.cgdelNy,
			a.cgUse,
		    a.cgName,
		    a.cgNameEng,
		    (select count(aa.cdSeq) from code aa where 1=1 and aa.cdDelNy = 0 and aa.codeGroup_cgSeq = a.cgSeq) as cdSeqCount,
		    a.cgOrder,
		    a.cgRegDate,
		    a.cgEdDate
				from
				codegroup as a 		
				where 1=1
			AND a.cgSeq = '31'
 {executed in 0 msec} 
2025-03-26T11:04:41.234 [http-nio-8080-exec-3] INFO j.resultsettable - 
|------|--------|------|-------|----------|-----------|--------|--------------------|---------|
|cgseq |cgdelny |cguse |cgname |cgnameeng |cdseqcount |cgorder |cgregdate           |cgeddate |
|------|--------|------|-------|----------|-----------|--------|--------------------|---------|
|31    |0       |1     |121221 |hihi      |0          |44      |2025-03-26T10:58:26 |[null]   |
|------|--------|------|-------|----------|-----------|--------|--------------------|---------|
 
2025-03-26T11:04:46.751 [http-nio-8080-exec-9] DEBUG j.sqltiming -  com.zaxxer.hikari.pool.ProxyPreparedStatement.execute(ProxyPreparedStatement.java:44)
51. select
			a.cgSeq,
			a.cgdelNy,
			a.cgUse,
		    a.cgName,
		    a.cgNameEng,
		    (select count(aa.cdSeq) from code aa where 1=1 and aa.cdDelNy = 0 and aa.codeGroup_cgSeq = a.cgSeq) as cdSeqCount,
		    a.cgOrder,
		    a.cgRegDate,
		    a.cgEdDate
				from
				codegroup as a 		
				where 1=1
			AND a.cgSeq = '31'
 {executed in 1 msec} 
2025-03-26T11:04:46.752 [http-nio-8080-exec-9] INFO j.resultsettable - 
|------|--------|------|-------|----------|-----------|--------|--------------------|---------|
|cgseq |cgdelny |cguse |cgname |cgnameeng |cdseqcount |cgorder |cgregdate           |cgeddate |
|------|--------|------|-------|----------|-----------|--------|--------------------|---------|
|31    |0       |1     |121221 |hihi      |0          |44      |2025-03-26T10:58:26 |[null]   |
|------|--------|------|-------|----------|-----------|--------|--------------------|---------|
 
2025-03-26T11:05:00.044 [http-nio-8080-exec-5] DEBUG j.sqltiming -  com.zaxxer.hikari.pool.ProxyPreparedStatement.execute(ProxyPreparedStatement.java:44)
51. Update codegroup set
			cgdelNy = 1
		Where cgSeq = '31'
 {executed in 4 msec} 
2025-03-26T11:05:00.053 [http-nio-8080-exec-9] DEBUG j.sqltiming -  com.zaxxer.hikari.pool.ProxyPreparedStatement.execute(ProxyPreparedStatement.java:44)
51. Select count(*)

			from
			codegroup as a 		
			where 1=1
		 AND a.cgUse = 1 
         AND a.cgdelNy = 0
 {executed in 2 msec} 
2025-03-26T11:05:00.053 [http-nio-8080-exec-9] INFO j.resultsettable - 
|---------|
|count(*) |
|---------|
|28       |
|---------|
 
2025-03-26T11:05:00.056 [http-nio-8080-exec-9] DEBUG j.sqltiming -  com.zaxxer.hikari.pool.ProxyPreparedStatement.execute(ProxyPreparedStatement.java:44)
51. select
			a.cgSeq,
			a.cgdelNy,
			a.cgUse,
		    a.cgName,
		    a.cgNameEng,
		    (select count(aa.cdSeq) from code aa where 1=1 and aa.cdDelNy = 0 and aa.codeGroup_cgSeq = a.cgSeq) as cdSeqCount,
		    a.cgOrder,
		    a.cgRegDate,
		    a.cgEdDate

			from
			codegroup as a 		
			where 1=1
		 AND a.cgUse = 1 
         AND a.cgdelNy = 0 

		order by cgSeq desc
		limit 5 offset 0
 {executed in 1 msec} 
2025-03-26T11:05:00.056 [http-nio-8080-exec-9] INFO j.resultsettable - 
|------|--------|------|--------|----------|-----------|--------|--------------------|---------|
|cgseq |cgdelny |cguse |cgname  |cgnameeng |cdseqcount |cgorder |cgregdate           |cgeddate |
|------|--------|------|--------|----------|-----------|--------|--------------------|---------|
|30    |0       |1     |80802rD |hihi      |0          |44      |2025-03-26T10:58:13 |[null]   |
|29    |0       |1     |80802rD |hihi      |0          |44      |2025-03-26T10:57:52 |[null]   |
|28    |0       |1     |80802rD |hihi      |0          |44      |2025-03-26T10:56:51 |[null]   |
|27    |0       |1     |80802rD |hihi      |0          |44      |2025-03-26T10:56:48 |[null]   |
|26    |0       |1     |80802rD |hihi      |0          |44      |2025-03-26T10:56:39 |[null]   |
|------|--------|------|--------|----------|-----------|--------|--------------------|---------|
 
2025-03-26T11:05:01.483 [http-nio-8080-exec-10] DEBUG j.sqltiming -  com.zaxxer.hikari.pool.ProxyPreparedStatement.execute(ProxyPreparedStatement.java:44)
51. select
			a.cgSeq,
			a.cgdelNy,
			a.cgUse,
		    a.cgName,
		    a.cgNameEng,
		    (select count(aa.cdSeq) from code aa where 1=1 and aa.cdDelNy = 0 and aa.codeGroup_cgSeq = a.cgSeq) as cdSeqCount,
		    a.cgOrder,
		    a.cgRegDate,
		    a.cgEdDate
				from
				codegroup as a 		
				where 1=1
			AND a.cgSeq = '30'
 {executed in 1 msec} 
2025-03-26T11:05:01.483 [http-nio-8080-exec-10] INFO j.resultsettable - 
|------|--------|------|--------|----------|-----------|--------|--------------------|---------|
|cgseq |cgdelny |cguse |cgname  |cgnameeng |cdseqcount |cgorder |cgregdate           |cgeddate |
|------|--------|------|--------|----------|-----------|--------|--------------------|---------|
|30    |0       |1     |80802rD |hihi      |0          |44      |2025-03-26T10:58:13 |[null]   |
|------|--------|------|--------|----------|-----------|--------|--------------------|---------|
 
2025-03-26T11:05:06.170 [http-nio-8080-exec-7] DEBUG j.sqltiming -  com.zaxxer.hikari.pool.ProxyPreparedStatement.execute(ProxyPreparedStatement.java:44)
51. Update codegroup set
			cgdelNy = 1
		Where cgSeq = '30'
 {executed in 5 msec} 
2025-03-26T11:05:06.178 [http-nio-8080-exec-4] DEBUG j.sqltiming -  com.zaxxer.hikari.pool.ProxyPreparedStatement.execute(ProxyPreparedStatement.java:44)
51. Select count(*)

			from
			codegroup as a 		
			where 1=1
		 AND a.cgUse = 1 
         AND a.cgdelNy = 0
 {executed in 0 msec} 
2025-03-26T11:05:06.178 [http-nio-8080-exec-4] INFO j.resultsettable - 
|---------|
|count(*) |
|---------|
|27       |
|---------|
 
2025-03-26T11:05:06.180 [http-nio-8080-exec-4] DEBUG j.sqltiming -  com.zaxxer.hikari.pool.ProxyPreparedStatement.execute(ProxyPreparedStatement.java:44)
51. select
			a.cgSeq,
			a.cgdelNy,
			a.cgUse,
		    a.cgName,
		    a.cgNameEng,
		    (select count(aa.cdSeq) from code aa where 1=1 and aa.cdDelNy = 0 and aa.codeGroup_cgSeq = a.cgSeq) as cdSeqCount,
		    a.cgOrder,
		    a.cgRegDate,
		    a.cgEdDate

			from
			codegroup as a 		
			where 1=1
		 AND a.cgUse = 1 
         AND a.cgdelNy = 0 

		order by cgSeq desc
		limit 5 offset 0
 {executed in 1 msec} 
2025-03-26T11:05:06.181 [http-nio-8080-exec-4] INFO j.resultsettable - 
|------|--------|------|--------|----------|-----------|--------|--------------------|---------|
|cgseq |cgdelny |cguse |cgname  |cgnameeng |cdseqcount |cgorder |cgregdate           |cgeddate |
|------|--------|------|--------|----------|-----------|--------|--------------------|---------|
|29    |0       |1     |80802rD |hihi      |0          |44      |2025-03-26T10:57:52 |[null]   |
|28    |0       |1     |80802rD |hihi      |0          |44      |2025-03-26T10:56:51 |[null]   |
|27    |0       |1     |80802rD |hihi      |0          |44      |2025-03-26T10:56:48 |[null]   |
|26    |0       |1     |80802rD |hihi      |0          |44      |2025-03-26T10:56:39 |[null]   |
|25    |0       |1     |80802rD |hihi      |0          |44      |2025-03-26T10:56:37 |[null]   |
|------|--------|------|--------|----------|-----------|--------|--------------------|---------|
 
2025-03-26T11:10:30.405 [http-nio-8080-exec-1] DEBUG j.sqltiming -  com.zaxxer.hikari.pool.ProxyPreparedStatement.execute(ProxyPreparedStatement.java:44)
51. select
			a.cgSeq,
			a.cgdelNy,
			a.cgUse,
		    a.cgName,
		    a.cgNameEng,
		    (select count(aa.cdSeq) from code aa where 1=1 and aa.cdDelNy = 0 and aa.codeGroup_cgSeq = a.cgSeq) as cdSeqCount,
		    a.cgOrder,
		    a.cgRegDate,
		    a.cgEdDate
				from
				codegroup as a 		
				where 1=1
			AND a.cgSeq = '29'
 {executed in 3 msec} 
2025-03-26T11:10:30.406 [http-nio-8080-exec-1] INFO j.resultsettable - 
|------|--------|------|--------|----------|-----------|--------|--------------------|---------|
|cgseq |cgdelny |cguse |cgname  |cgnameeng |cdseqcount |cgorder |cgregdate           |cgeddate |
|------|--------|------|--------|----------|-----------|--------|--------------------|---------|
|29    |0       |1     |80802rD |hihi      |0          |44      |2025-03-26T10:57:52 |[null]   |
|------|--------|------|--------|----------|-----------|--------|--------------------|---------|
 
2025-03-26T11:10:32.069 [http-nio-8080-exec-5] DEBUG j.sqltiming -  com.zaxxer.hikari.pool.ProxyPreparedStatement.execute(ProxyPreparedStatement.java:44)
51. update codegroup set
		cgUse = 1,
		cgName = '80802rD',
		cgNameEng = 'hihi',
		cgOrder = '44'
	where
		cgSeq = '29'
 {executed in 1 msec} 
2025-03-26T11:10:32.079 [http-nio-8080-exec-9] DEBUG j.sqltiming -  com.zaxxer.hikari.pool.ProxyPreparedStatement.execute(ProxyPreparedStatement.java:44)
51. Select count(*)

			from
			codegroup as a 		
			where 1=1
		 AND a.cgUse = 1 
         AND a.cgdelNy = 0
 {executed in 1 msec} 
2025-03-26T11:10:32.080 [http-nio-8080-exec-9] INFO j.resultsettable - 
|---------|
|count(*) |
|---------|
|27       |
|---------|
 
2025-03-26T11:10:32.082 [http-nio-8080-exec-9] DEBUG j.sqltiming -  com.zaxxer.hikari.pool.ProxyPreparedStatement.execute(ProxyPreparedStatement.java:44)
51. select
			a.cgSeq,
			a.cgdelNy,
			a.cgUse,
		    a.cgName,
		    a.cgNameEng,
		    (select count(aa.cdSeq) from code aa where 1=1 and aa.cdDelNy = 0 and aa.codeGroup_cgSeq = a.cgSeq) as cdSeqCount,
		    a.cgOrder,
		    a.cgRegDate,
		    a.cgEdDate

			from
			codegroup as a 		
			where 1=1
		 AND a.cgUse = 1 
         AND a.cgdelNy = 0 

		order by cgSeq desc
		limit 5 offset 0
 {executed in 1 msec} 
2025-03-26T11:10:32.083 [http-nio-8080-exec-9] INFO j.resultsettable - 
|------|--------|------|--------|----------|-----------|--------|--------------------|---------|
|cgseq |cgdelny |cguse |cgname  |cgnameeng |cdseqcount |cgorder |cgregdate           |cgeddate |
|------|--------|------|--------|----------|-----------|--------|--------------------|---------|
|29    |0       |1     |80802rD |hihi      |0          |44      |2025-03-26T10:57:52 |[null]   |
|28    |0       |1     |80802rD |hihi      |0          |44      |2025-03-26T10:56:51 |[null]   |
|27    |0       |1     |80802rD |hihi      |0          |44      |2025-03-26T10:56:48 |[null]   |
|26    |0       |1     |80802rD |hihi      |0          |44      |2025-03-26T10:56:39 |[null]   |
|25    |0       |1     |80802rD |hihi      |0          |44      |2025-03-26T10:56:37 |[null]   |
|------|--------|------|--------|----------|-----------|--------|--------------------|---------|
 
2025-03-26T11:10:33.868 [http-nio-8080-exec-4] DEBUG j.sqltiming -  com.zaxxer.hikari.pool.ProxyPreparedStatement.execute(ProxyPreparedStatement.java:44)
51. select
			a.cgSeq,
			a.cgdelNy,
			a.cgUse,
		    a.cgName,
		    a.cgNameEng,
		    (select count(aa.cdSeq) from code aa where 1=1 and aa.cdDelNy = 0 and aa.codeGroup_cgSeq = a.cgSeq) as cdSeqCount,
		    a.cgOrder,
		    a.cgRegDate,
		    a.cgEdDate
				from
				codegroup as a 		
				where 1=1
			AND a.cgSeq = '29'
 {executed in 2 msec} 
2025-03-26T11:10:33.868 [http-nio-8080-exec-4] INFO j.resultsettable - 
|------|--------|------|--------|----------|-----------|--------|--------------------|---------|
|cgseq |cgdelny |cguse |cgname  |cgnameeng |cdseqcount |cgorder |cgregdate           |cgeddate |
|------|--------|------|--------|----------|-----------|--------|--------------------|---------|
|29    |0       |1     |80802rD |hihi      |0          |44      |2025-03-26T10:57:52 |[null]   |
|------|--------|------|--------|----------|-----------|--------|--------------------|---------|
 
2025-03-26T11:10:36.613 [http-nio-8080-exec-1] DEBUG j.sqltiming -  com.zaxxer.hikari.pool.ProxyPreparedStatement.execute(ProxyPreparedStatement.java:44)
51. update codegroup set
		cgUse = 1,
		cgName = '80802r',
		cgNameEng = 'hihi',
		cgOrder = '44'
	where
		cgSeq = '29'
 {executed in 7 msec} 
2025-03-26T11:10:36.622 [http-nio-8080-exec-6] DEBUG j.sqltiming -  com.zaxxer.hikari.pool.ProxyPreparedStatement.execute(ProxyPreparedStatement.java:44)
51. Select count(*)

			from
			codegroup as a 		
			where 1=1
		 AND a.cgUse = 1 
         AND a.cgdelNy = 0
 {executed in 0 msec} 
2025-03-26T11:10:36.623 [http-nio-8080-exec-6] INFO j.resultsettable - 
|---------|
|count(*) |
|---------|
|27       |
|---------|
 
2025-03-26T11:10:36.627 [http-nio-8080-exec-6] DEBUG j.sqltiming -  com.zaxxer.hikari.pool.ProxyPreparedStatement.execute(ProxyPreparedStatement.java:44)
51. select
			a.cgSeq,
			a.cgdelNy,
			a.cgUse,
		    a.cgName,
		    a.cgNameEng,
		    (select count(aa.cdSeq) from code aa where 1=1 and aa.cdDelNy = 0 and aa.codeGroup_cgSeq = a.cgSeq) as cdSeqCount,
		    a.cgOrder,
		    a.cgRegDate,
		    a.cgEdDate

			from
			codegroup as a 		
			where 1=1
		 AND a.cgUse = 1 
         AND a.cgdelNy = 0 

		order by cgSeq desc
		limit 5 offset 0
 {executed in 4 msec} 
2025-03-26T11:10:36.628 [http-nio-8080-exec-6] INFO j.resultsettable - 
|------|--------|------|--------|----------|-----------|--------|--------------------|---------|
|cgseq |cgdelny |cguse |cgname  |cgnameeng |cdseqcount |cgorder |cgregdate           |cgeddate |
|------|--------|------|--------|----------|-----------|--------|--------------------|---------|
|29    |0       |1     |80802r  |hihi      |0          |44      |2025-03-26T10:57:52 |[null]   |
|28    |0       |1     |80802rD |hihi      |0          |44      |2025-03-26T10:56:51 |[null]   |
|27    |0       |1     |80802rD |hihi      |0          |44      |2025-03-26T10:56:48 |[null]   |
|26    |0       |1     |80802rD |hihi      |0          |44      |2025-03-26T10:56:39 |[null]   |
|25    |0       |1     |80802rD |hihi      |0          |44      |2025-03-26T10:56:37 |[null]   |
|------|--------|------|--------|----------|-----------|--------|--------------------|---------|
 
2025-03-26T11:22:48.789 [http-nio-8080-exec-7] DEBUG j.sqltiming -  com.zaxxer.hikari.pool.ProxyPreparedStatement.execute(ProxyPreparedStatement.java:44)
51. select
			a.cgSeq,
			a.cgdelNy,
			a.cgUse,
		    a.cgName,
		    a.cgNameEng,
		    (select count(aa.cdSeq) from code aa where 1=1 and aa.cdDelNy = 0 and aa.codeGroup_cgSeq = a.cgSeq) as cdSeqCount,
		    a.cgOrder,
		    a.cgRegDate,
		    a.cgEdDate
				from
				codegroup as a 		
				where 1=1
			AND a.cgSeq = '29'
 {executed in 2 msec} 
2025-03-26T11:22:48.790 [http-nio-8080-exec-7] INFO j.resultsettable - 
|------|--------|------|-------|----------|-----------|--------|--------------------|---------|
|cgseq |cgdelny |cguse |cgname |cgnameeng |cdseqcount |cgorder |cgregdate           |cgeddate |
|------|--------|------|-------|----------|-----------|--------|--------------------|---------|
|29    |0       |1     |80802r |hihi      |0          |44      |2025-03-26T10:57:52 |[null]   |
|------|--------|------|-------|----------|-----------|--------|--------------------|---------|
 
2025-03-26T11:25:11.383 [http-nio-8080-exec-10] DEBUG j.sqltiming -  com.zaxxer.hikari.pool.ProxyPreparedStatement.execute(ProxyPreparedStatement.java:44)
61. select
			a.cgSeq,
			a.cgdelNy,
			a.cgUse,
		    a.cgName,
		    a.cgNameEng,
		    (select count(aa.cdSeq) from code aa where 1=1 and aa.cdDelNy = 0 and aa.codeGroup_cgSeq = a.cgSeq) as cdSeqCount,
		    a.cgOrder,
		    a.cgRegDate,
		    a.cgEdDate
				from
				codegroup as a 		
				where 1=1
			AND a.cgSeq = '29'
 {executed in 1 msec} 
2025-03-26T11:25:11.383 [http-nio-8080-exec-10] INFO j.resultsettable - 
|------|--------|------|-------|----------|-----------|--------|--------------------|---------|
|cgseq |cgdelny |cguse |cgname |cgnameeng |cdseqcount |cgorder |cgregdate           |cgeddate |
|------|--------|------|-------|----------|-----------|--------|--------------------|---------|
|29    |0       |1     |80802r |hihi      |0          |44      |2025-03-26T10:57:52 |[null]   |
|------|--------|------|-------|----------|-----------|--------|--------------------|---------|
 
2025-03-26T11:25:41.821 [http-nio-8080-exec-8] DEBUG j.sqltiming -  com.zaxxer.hikari.pool.ProxyPreparedStatement.execute(ProxyPreparedStatement.java:44)
61. select
			a.cgSeq,
			a.cgdelNy,
			a.cgUse,
		    a.cgName,
		    a.cgNameEng,
		    (select count(aa.cdSeq) from code aa where 1=1 and aa.cdDelNy = 0 and aa.codeGroup_cgSeq = a.cgSeq) as cdSeqCount,
		    a.cgOrder,
		    a.cgRegDate,
		    a.cgEdDate
				from
				codegroup as a 		
				where 1=1
			AND a.cgSeq = '29'
 {executed in 1 msec} 
2025-03-26T11:25:41.822 [http-nio-8080-exec-8] INFO j.resultsettable - 
|------|--------|------|-------|----------|-----------|--------|--------------------|---------|
|cgseq |cgdelny |cguse |cgname |cgnameeng |cdseqcount |cgorder |cgregdate           |cgeddate |
|------|--------|------|-------|----------|-----------|--------|--------------------|---------|
|29    |0       |1     |80802r |hihi      |0          |44      |2025-03-26T10:57:52 |[null]   |
|------|--------|------|-------|----------|-----------|--------|--------------------|---------|
 
2025-03-26T11:27:14.590 [http-nio-8080-exec-9] DEBUG j.sqltiming -  com.zaxxer.hikari.pool.ProxyPreparedStatement.execute(ProxyPreparedStatement.java:44)
61. select
			a.cgSeq,
			a.cgdelNy,
			a.cgUse,
		    a.cgName,
		    a.cgNameEng,
		    (select count(aa.cdSeq) from code aa where 1=1 and aa.cdDelNy = 0 and aa.codeGroup_cgSeq = a.cgSeq) as cdSeqCount,
		    a.cgOrder,
		    a.cgRegDate,
		    a.cgEdDate
				from
				codegroup as a 		
				where 1=1
			AND a.cgSeq = '29'
 {executed in 1 msec} 
2025-03-26T11:27:14.590 [http-nio-8080-exec-9] INFO j.resultsettable - 
|------|--------|------|-------|----------|-----------|--------|--------------------|---------|
|cgseq |cgdelny |cguse |cgname |cgnameeng |cdseqcount |cgorder |cgregdate           |cgeddate |
|------|--------|------|-------|----------|-----------|--------|--------------------|---------|
|29    |0       |1     |80802r |hihi      |0          |44      |2025-03-26T10:57:52 |[null]   |
|------|--------|------|-------|----------|-----------|--------|--------------------|---------|
 
2025-03-26T11:27:29.197 [http-nio-8080-exec-1] DEBUG j.sqltiming -  com.zaxxer.hikari.pool.ProxyPreparedStatement.execute(ProxyPreparedStatement.java:44)
61. select
			a.cgSeq,
			a.cgdelNy,
			a.cgUse,
		    a.cgName,
		    a.cgNameEng,
		    (select count(aa.cdSeq) from code aa where 1=1 and aa.cdDelNy = 0 and aa.codeGroup_cgSeq = a.cgSeq) as cdSeqCount,
		    a.cgOrder,
		    a.cgRegDate,
		    a.cgEdDate
				from
				codegroup as a 		
				where 1=1
			AND a.cgSeq = '29'
 {executed in 1 msec} 
2025-03-26T11:27:29.197 [http-nio-8080-exec-1] INFO j.resultsettable - 
|------|--------|------|-------|----------|-----------|--------|--------------------|---------|
|cgseq |cgdelny |cguse |cgname |cgnameeng |cdseqcount |cgorder |cgregdate           |cgeddate |
|------|--------|------|-------|----------|-----------|--------|--------------------|---------|
|29    |0       |1     |80802r |hihi      |0          |44      |2025-03-26T10:57:52 |[null]   |
|------|--------|------|-------|----------|-----------|--------|--------------------|---------|
 
2025-03-26T11:27:44.682 [http-nio-8080-exec-8] DEBUG j.sqltiming -  com.zaxxer.hikari.pool.ProxyPreparedStatement.execute(ProxyPreparedStatement.java:44)
61. select
			a.cgSeq,
			a.cgdelNy,
			a.cgUse,
		    a.cgName,
		    a.cgNameEng,
		    (select count(aa.cdSeq) from code aa where 1=1 and aa.cdDelNy = 0 and aa.codeGroup_cgSeq = a.cgSeq) as cdSeqCount,
		    a.cgOrder,
		    a.cgRegDate,
		    a.cgEdDate
				from
				codegroup as a 		
				where 1=1
			AND a.cgSeq = '29'
 {executed in 1 msec} 
2025-03-26T11:27:44.683 [http-nio-8080-exec-8] INFO j.resultsettable - 
|------|--------|------|-------|----------|-----------|--------|--------------------|---------|
|cgseq |cgdelny |cguse |cgname |cgnameeng |cdseqcount |cgorder |cgregdate           |cgeddate |
|------|--------|------|-------|----------|-----------|--------|--------------------|---------|
|29    |0       |1     |80802r |hihi      |0          |44      |2025-03-26T10:57:52 |[null]   |
|------|--------|------|-------|----------|-----------|--------|--------------------|---------|
 
2025-03-26T11:27:54.883 [http-nio-8080-exec-9] DEBUG j.sqltiming -  com.zaxxer.hikari.pool.ProxyPreparedStatement.execute(ProxyPreparedStatement.java:44)
61. select
			a.cgSeq,
			a.cgdelNy,
			a.cgUse,
		    a.cgName,
		    a.cgNameEng,
		    (select count(aa.cdSeq) from code aa where 1=1 and aa.cdDelNy = 0 and aa.codeGroup_cgSeq = a.cgSeq) as cdSeqCount,
		    a.cgOrder,
		    a.cgRegDate,
		    a.cgEdDate
				from
				codegroup as a 		
				where 1=1
			AND a.cgSeq = '29'
 {executed in 1 msec} 
2025-03-26T11:27:54.883 [http-nio-8080-exec-9] INFO j.resultsettable - 
|------|--------|------|-------|----------|-----------|--------|--------------------|---------|
|cgseq |cgdelny |cguse |cgname |cgnameeng |cdseqcount |cgorder |cgregdate           |cgeddate |
|------|--------|------|-------|----------|-----------|--------|--------------------|---------|
|29    |0       |1     |80802r |hihi      |0          |44      |2025-03-26T10:57:52 |[null]   |
|------|--------|------|-------|----------|-----------|--------|--------------------|---------|
 
2025-03-26T11:28:18.632 [http-nio-8080-exec-5] DEBUG j.sqltiming -  com.zaxxer.hikari.pool.ProxyPreparedStatement.execute(ProxyPreparedStatement.java:44)
61. select
			a.cgSeq,
			a.cgdelNy,
			a.cgUse,
		    a.cgName,
		    a.cgNameEng,
		    (select count(aa.cdSeq) from code aa where 1=1 and aa.cdDelNy = 0 and aa.codeGroup_cgSeq = a.cgSeq) as cdSeqCount,
		    a.cgOrder,
		    a.cgRegDate,
		    a.cgEdDate
				from
				codegroup as a 		
				where 1=1
			AND a.cgSeq = '29'
 {executed in 1 msec} 
2025-03-26T11:28:18.633 [http-nio-8080-exec-5] INFO j.resultsettable - 
|------|--------|------|-------|----------|-----------|--------|--------------------|---------|
|cgseq |cgdelny |cguse |cgname |cgnameeng |cdseqcount |cgorder |cgregdate           |cgeddate |
|------|--------|------|-------|----------|-----------|--------|--------------------|---------|
|29    |0       |1     |80802r |hihi      |0          |44      |2025-03-26T10:57:52 |[null]   |
|------|--------|------|-------|----------|-----------|--------|--------------------|---------|
 
2025-03-26T11:28:57.339 [http-nio-8080-exec-7] DEBUG j.sqltiming -  com.zaxxer.hikari.pool.ProxyPreparedStatement.execute(ProxyPreparedStatement.java:44)
61. select
			a.cgSeq,
			a.cgdelNy,
			a.cgUse,
		    a.cgName,
		    a.cgNameEng,
		    (select count(aa.cdSeq) from code aa where 1=1 and aa.cdDelNy = 0 and aa.codeGroup_cgSeq = a.cgSeq) as cdSeqCount,
		    a.cgOrder,
		    a.cgRegDate,
		    a.cgEdDate
				from
				codegroup as a 		
				where 1=1
			AND a.cgSeq = '29'
 {executed in 1 msec} 
2025-03-26T11:28:57.340 [http-nio-8080-exec-7] INFO j.resultsettable - 
|------|--------|------|-------|----------|-----------|--------|--------------------|---------|
|cgseq |cgdelny |cguse |cgname |cgnameeng |cdseqcount |cgorder |cgregdate           |cgeddate |
|------|--------|------|-------|----------|-----------|--------|--------------------|---------|
|29    |0       |1     |80802r |hihi      |0          |44      |2025-03-26T10:57:52 |[null]   |
|------|--------|------|-------|----------|-----------|--------|--------------------|---------|
 
2025-03-26T11:30:03.464 [http-nio-8080-exec-9] DEBUG j.sqltiming -  com.zaxxer.hikari.pool.ProxyPreparedStatement.execute(ProxyPreparedStatement.java:44)
61. select
			a.cgSeq,
			a.cgdelNy,
			a.cgUse,
		    a.cgName,
		    a.cgNameEng,
		    (select count(aa.cdSeq) from code aa where 1=1 and aa.cdDelNy = 0 and aa.codeGroup_cgSeq = a.cgSeq) as cdSeqCount,
		    a.cgOrder,
		    a.cgRegDate,
		    a.cgEdDate
				from
				codegroup as a 		
				where 1=1
			AND a.cgSeq = '29'
 {executed in 1 msec} 
2025-03-26T11:30:03.464 [http-nio-8080-exec-9] INFO j.resultsettable - 
|------|--------|------|-------|----------|-----------|--------|--------------------|---------|
|cgseq |cgdelny |cguse |cgname |cgnameeng |cdseqcount |cgorder |cgregdate           |cgeddate |
|------|--------|------|-------|----------|-----------|--------|--------------------|---------|
|29    |0       |1     |80802r |hihi      |0          |44      |2025-03-26T10:57:52 |[null]   |
|------|--------|------|-------|----------|-----------|--------|--------------------|---------|
 
2025-03-26T11:30:53.811 [File Watcher] INFO o.s.b.d.a.LocalDevToolsAutoConfiguration$RestartingClassPathChangeChangedEventListener - Restarting due to 27 class path changes (0 additions, 0 deletions, 27 modifications) 
2025-03-26T11:30:53.813 [Thread-15] INFO o.s.b.w.e.t.GracefulShutdown - Commencing graceful shutdown. Waiting for active requests to complete 
2025-03-26T11:30:53.813 [tomcat-shutdown] INFO o.a.c.h.Http11NioProtocol - Pausing ProtocolHandler ["http-nio-8080"] 
2025-03-26T11:30:53.830 [tomcat-shutdown] INFO o.s.b.w.e.t.GracefulShutdown - Graceful shutdown complete 
2025-03-26T11:30:53.830 [Thread-15] INFO o.a.c.h.Http11NioProtocol - Stopping ProtocolHandler ["http-nio-8080"] 
2025-03-26T11:30:53.833 [Thread-15] INFO c.z.h.HikariDataSource - HikariPool-4 - Shutdown initiated... 
2025-03-26T11:30:53.838 [Thread-15] INFO c.z.h.HikariDataSource - HikariPool-4 - Shutdown completed. 
2025-03-26T11:30:53.942 [restartedMain] INFO c.a.AngelsApplication - Starting AngelsApplication using Java 21.0.5 with PID 6884 (C:\factory\ws_sts4_4270\repo_angels\angels\bin\main started by sunjs in C:\factory\ws_sts4_4270\repo_angels\angels) 
2025-03-26T11:30:53.943 [restartedMain] INFO c.a.AngelsApplication - No active profile set, falling back to 1 default profile: "default" 
2025-03-26T11:30:54.287 [restartedMain] INFO o.s.b.w.e.t.TomcatWebServer - Tomcat initialized with port 8080 (http) 
2025-03-26T11:30:54.289 [restartedMain] INFO o.a.c.h.Http11NioProtocol - Initializing ProtocolHandler ["http-nio-8080"] 
2025-03-26T11:30:54.289 [restartedMain] INFO o.a.c.c.StandardService - Starting service [Tomcat] 
2025-03-26T11:30:54.289 [restartedMain] INFO o.a.c.c.StandardEngine - Starting Servlet engine: [Apache Tomcat/10.1.36] 
2025-03-26T11:30:54.311 [restartedMain] INFO o.a.c.c.C.[.[.[/] - Initializing Spring embedded WebApplicationContext 
2025-03-26T11:30:54.311 [restartedMain] INFO o.s.b.w.s.c.ServletWebServerApplicationContext - Root WebApplicationContext: initialization completed in 365 ms 
2025-03-26T11:30:54.381 [restartedMain] INFO c.z.h.HikariDataSource - HikariPool-5 - Starting... 
2025-03-26T11:30:54.420 [restartedMain] INFO c.z.h.p.HikariPool - HikariPool-5 - Added connection net.sf.log4jdbc.sql.jdbcapi.ConnectionSpy@386ed76c 
2025-03-26T11:30:54.421 [restartedMain] INFO c.z.h.HikariDataSource - HikariPool-5 - Start completed. 
2025-03-26T11:30:54.422 [restartedMain] DEBUG j.sqltiming -  com.zaxxer.hikari.pool.ProxyPreparedStatement.execute(ProxyPreparedStatement.java:44)
71. SELECT 
			cdSeq,
			cdName,
			codeGroup_cgSeq
		FROM
			code
		WHERE 1=1
			AND cdDelNy = 0
 {executed in 1 msec} 
2025-03-26T11:30:54.424 [restartedMain] INFO j.resultsettable - 
|------|----------|----------------|
|cdseq |cdname    |codegroup_cgseq |
|------|----------|----------------|
|1     |SKT       |1               |
|2     |KT        |1               |
|3     |LG U+     |1               |
|4     |SKT 알뜰폰   |1               |
|5     |KT 알뜰폰    |1               |
|6     |LG U+ 알뜰폰 |1               |
|7     |남자        |2               |
|8     |여자        |2               |
|9     |AL        |3               |
|10    |NL        |3               |
|11    |East      |4               |
|12    |Central   |4               |
|13    |West      |4               |
|14    |투수        |5               |
|15    |1루수       |5               |
|16    |2루수       |5               |
|17    |3루수       |5               |
|18    |유격수       |5               |
|19    |좌익수       |5               |
|20    |중견수       |5               |
|21    |우익수       |5               |
|22    |포수        |5               |
|23    |지명타자      |5               |
|24    |대타        |5               |
|25    |대주자       |5               |
|26    |좌투        |6               |
|27    |우투        |6               |
|28    |양투        |6               |
|29    |좌타        |7               |
|30    |우타        |7               |
|31    |양타        |7               |
|32    |미국        |8               |
|33    |도미니카 공화국  |8               |
|34    |베네수엘라     |8               |
|35    |쿠바        |8               |
|36    |푸에르토리코    |8               |
|37    |멕시코       |8               |
|38    |캐나다       |8               |
|39    |일본        |8               |
|40    |콜롬비아      |8               |
|41    |대한민국      |8               |
|42    |파나마       |8               |
|43    |퀴라소       |8               |
|44    |네덜란드      |8               |
|45    |바하마       |8               |
|46    |니카라과      |8               |
|47    |호주        |8               |
|48    |브라질       |8               |
|49    |독일        |8               |
|50    |온두라스      |8               |
|51    |대만        |8               |
|52    |아루바       |8               |
|53    |1회초       |9               |
|54    |1회말       |9               |
|55    |2회초       |9               |
|56    |2회말       |9               |
|57    |3회초       |9               |
|58    |3회말       |9               |
|59    |4회초       |9               |
|60    |4회말       |9               |
|61    |5회초       |9               |
|62    |5회말       |9               |
|63    |6회초       |9               |
|64    |6회말       |9               |
|65    |7회초       |9               |
|66    |7회말       |9               |
|67    |8회초       |9               |
|68    |8회말       |9               |
|69    |9회초       |9               |
|70    |9회말       |9               |
|71    |10회초      |9               |
|72    |10회말      |9               |
|73    |11회초      |9               |
|74    |11회말      |9               |
|75    |12회초      |9               |
|76    |12회말      |9               |
|77    |13회초      |9               |
|78    |13회말      |9               |
|79    |14회초      |9               |
|80    |14회말      |9               |
|81    |15회초      |9               |
|82    |15회말      |9               |
|83    |16회초      |9               |
|84    |16회말      |9               |
|85    |17회초      |9               |
|86    |17회말      |9               |
|87    |18회초      |9               |
|88    |18회말      |9               |
|89    |19회초      |9               |
|90    |19회말      |9               |
|91    |20회초      |9               |
|92    |20회말      |9               |
|93    |현역        |10              |
|94    |은퇴        |10              |
|95    |투타겸업      |5               |
|------|----------|----------------|
 
2025-03-26T11:30:54.618 [restartedMain] INFO o.s.b.d.a.OptionalLiveReloadServer - LiveReload server is running on port 35729 
2025-03-26T11:30:54.628 [restartedMain] INFO o.a.c.h.Http11NioProtocol - Starting ProtocolHandler ["http-nio-8080"] 
2025-03-26T11:30:54.632 [restartedMain] INFO o.s.b.w.e.t.TomcatWebServer - Tomcat started on port 8080 (http) with context path '/' 
2025-03-26T11:30:54.636 [restartedMain] INFO c.a.AngelsApplication - Started AngelsApplication in 0.744 seconds (process running for 7518.691) 
2025-03-26T11:30:54.639 [restartedMain] INFO o.s.b.d.a.ConditionEvaluationDeltaLoggingListener - Condition evaluation unchanged 
2025-03-26T11:31:12.610 [http-nio-8080-exec-1] INFO o.a.c.c.C.[.[.[/] - Initializing Spring DispatcherServlet 'dispatcherServlet' 
2025-03-26T11:31:12.610 [http-nio-8080-exec-1] INFO o.s.w.s.DispatcherServlet - Initializing Servlet 'dispatcherServlet' 
2025-03-26T11:31:12.611 [http-nio-8080-exec-1] INFO o.s.w.s.DispatcherServlet - Completed initialization in 1 ms 
2025-03-26T11:31:12.617 [http-nio-8080-exec-1] DEBUG j.sqltiming -  com.zaxxer.hikari.pool.ProxyPreparedStatement.execute(ProxyPreparedStatement.java:44)
71. select
			a.cgSeq,
			a.cgdelNy,
			a.cgUse,
		    a.cgName,
		    a.cgNameEng,
		    (select count(aa.cdSeq) from code aa where 1=1 and aa.cdDelNy = 0 and aa.codeGroup_cgSeq = a.cgSeq) as cdSeqCount,
		    a.cgOrder,
		    a.cgRegDate,
		    a.cgEdDate
				from
				codegroup as a 		
				where 1=1
			AND a.cgSeq = '29'
 {executed in 1 msec} 
2025-03-26T11:31:12.618 [http-nio-8080-exec-1] INFO j.resultsettable - 
|------|--------|------|-------|----------|-----------|--------|--------------------|---------|
|cgseq |cgdelny |cguse |cgname |cgnameeng |cdseqcount |cgorder |cgregdate           |cgeddate |
|------|--------|------|-------|----------|-----------|--------|--------------------|---------|
|29    |0       |1     |80802r |hihi      |0          |44      |2025-03-26T10:57:52 |[null]   |
|------|--------|------|-------|----------|-----------|--------|--------------------|---------|
 
2025-03-26T11:31:15.764 [http-nio-8080-exec-9] DEBUG j.sqltiming -  com.zaxxer.hikari.pool.ProxyPreparedStatement.execute(ProxyPreparedStatement.java:44)
71. Select count(*)

			from
			codegroup as a 		
			where 1=1
		 AND a.cgUse = 1 
         AND a.cgdelNy = 0
 {executed in 1 msec} 
2025-03-26T11:31:15.765 [http-nio-8080-exec-9] INFO j.resultsettable - 
|---------|
|count(*) |
|---------|
|27       |
|---------|
 
2025-03-26T11:31:15.769 [http-nio-8080-exec-9] DEBUG j.sqltiming -  com.zaxxer.hikari.pool.ProxyPreparedStatement.execute(ProxyPreparedStatement.java:44)
71. select
			a.cgSeq,
			a.cgdelNy,
			a.cgUse,
		    a.cgName,
		    a.cgNameEng,
		    (select count(aa.cdSeq) from code aa where 1=1 and aa.cdDelNy = 0 and aa.codeGroup_cgSeq = a.cgSeq) as cdSeqCount,
		    a.cgOrder,
		    a.cgRegDate,
		    a.cgEdDate

			from
			codegroup as a 		
			where 1=1
		 AND a.cgUse = 1 
         AND a.cgdelNy = 0 

		order by cgSeq desc
		limit 5 offset 0
 {executed in 2 msec} 
2025-03-26T11:31:15.770 [http-nio-8080-exec-9] INFO j.resultsettable - 
|------|--------|------|--------|----------|-----------|--------|--------------------|---------|
|cgseq |cgdelny |cguse |cgname  |cgnameeng |cdseqcount |cgorder |cgregdate           |cgeddate |
|------|--------|------|--------|----------|-----------|--------|--------------------|---------|
|29    |0       |1     |80802r  |hihi      |0          |44      |2025-03-26T10:57:52 |[null]   |
|28    |0       |1     |80802rD |hihi      |0          |44      |2025-03-26T10:56:51 |[null]   |
|27    |0       |1     |80802rD |hihi      |0          |44      |2025-03-26T10:56:48 |[null]   |
|26    |0       |1     |80802rD |hihi      |0          |44      |2025-03-26T10:56:39 |[null]   |
|25    |0       |1     |80802rD |hihi      |0          |44      |2025-03-26T10:56:37 |[null]   |
|------|--------|------|--------|----------|-----------|--------|--------------------|---------|
 
2025-03-26T11:31:18.379 [http-nio-8080-exec-8] DEBUG j.sqltiming -  com.zaxxer.hikari.pool.ProxyPreparedStatement.execute(ProxyPreparedStatement.java:44)
71. select
			a.cgSeq,
			a.cgdelNy,
			a.cgUse,
		    a.cgName,
		    a.cgNameEng,
		    (select count(aa.cdSeq) from code aa where 1=1 and aa.cdDelNy = 0 and aa.codeGroup_cgSeq = a.cgSeq) as cdSeqCount,
		    a.cgOrder,
		    a.cgRegDate,
		    a.cgEdDate
				from
				codegroup as a 		
				where 1=1
			AND a.cgSeq = '28'
 {executed in 1 msec} 
2025-03-26T11:31:18.379 [http-nio-8080-exec-8] INFO j.resultsettable - 
|------|--------|------|--------|----------|-----------|--------|--------------------|---------|
|cgseq |cgdelny |cguse |cgname  |cgnameeng |cdseqcount |cgorder |cgregdate           |cgeddate |
|------|--------|------|--------|----------|-----------|--------|--------------------|---------|
|28    |0       |1     |80802rD |hihi      |0          |44      |2025-03-26T10:56:51 |[null]   |
|------|--------|------|--------|----------|-----------|--------|--------------------|---------|
 
2025-03-26T11:31:41.441 [http-nio-8080-exec-2] DEBUG j.sqltiming -  com.zaxxer.hikari.pool.ProxyPreparedStatement.execute(ProxyPreparedStatement.java:44)
71. select
			a.cgSeq,
			a.cgdelNy,
			a.cgUse,
		    a.cgName,
		    a.cgNameEng,
		    (select count(aa.cdSeq) from code aa where 1=1 and aa.cdDelNy = 0 and aa.codeGroup_cgSeq = a.cgSeq) as cdSeqCount,
		    a.cgOrder,
		    a.cgRegDate,
		    a.cgEdDate
				from
				codegroup as a 		
				where 1=1
			AND a.cgSeq = '28'
 {executed in 1 msec} 
2025-03-26T11:31:41.442 [http-nio-8080-exec-2] INFO j.resultsettable - 
|------|--------|------|--------|----------|-----------|--------|--------------------|---------|
|cgseq |cgdelny |cguse |cgname  |cgnameeng |cdseqcount |cgorder |cgregdate           |cgeddate |
|------|--------|------|--------|----------|-----------|--------|--------------------|---------|
|28    |0       |1     |80802rD |hihi      |0          |44      |2025-03-26T10:56:51 |[null]   |
|------|--------|------|--------|----------|-----------|--------|--------------------|---------|
 
2025-03-26T11:33:10.662 [http-nio-8080-exec-8] DEBUG j.sqltiming -  com.zaxxer.hikari.pool.ProxyPreparedStatement.execute(ProxyPreparedStatement.java:44)
71. select
			a.cgSeq,
			a.cgdelNy,
			a.cgUse,
		    a.cgName,
		    a.cgNameEng,
		    (select count(aa.cdSeq) from code aa where 1=1 and aa.cdDelNy = 0 and aa.codeGroup_cgSeq = a.cgSeq) as cdSeqCount,
		    a.cgOrder,
		    a.cgRegDate,
		    a.cgEdDate
				from
				codegroup as a 		
				where 1=1
			AND a.cgSeq = '28'
 {executed in 1 msec} 
2025-03-26T11:33:10.663 [http-nio-8080-exec-8] INFO j.resultsettable - 
|------|--------|------|--------|----------|-----------|--------|--------------------|---------|
|cgseq |cgdelny |cguse |cgname  |cgnameeng |cdseqcount |cgorder |cgregdate           |cgeddate |
|------|--------|------|--------|----------|-----------|--------|--------------------|---------|
|28    |0       |1     |80802rD |hihi      |0          |44      |2025-03-26T10:56:51 |[null]   |
|------|--------|------|--------|----------|-----------|--------|--------------------|---------|
 
2025-03-26T11:33:28.932 [http-nio-8080-exec-3] DEBUG j.sqltiming -  com.zaxxer.hikari.pool.ProxyPreparedStatement.execute(ProxyPreparedStatement.java:44)
71. select
			a.cgSeq,
			a.cgdelNy,
			a.cgUse,
		    a.cgName,
		    a.cgNameEng,
		    (select count(aa.cdSeq) from code aa where 1=1 and aa.cdDelNy = 0 and aa.codeGroup_cgSeq = a.cgSeq) as cdSeqCount,
		    a.cgOrder,
		    a.cgRegDate,
		    a.cgEdDate
				from
				codegroup as a 		
				where 1=1
			AND a.cgSeq = '28'
 {executed in 2 msec} 
2025-03-26T11:33:28.932 [http-nio-8080-exec-3] INFO j.resultsettable - 
|------|--------|------|--------|----------|-----------|--------|--------------------|---------|
|cgseq |cgdelny |cguse |cgname  |cgnameeng |cdseqcount |cgorder |cgregdate           |cgeddate |
|------|--------|------|--------|----------|-----------|--------|--------------------|---------|
|28    |0       |1     |80802rD |hihi      |0          |44      |2025-03-26T10:56:51 |[null]   |
|------|--------|------|--------|----------|-----------|--------|--------------------|---------|
 
2025-03-26T11:33:50.491 [http-nio-8080-exec-2] DEBUG j.sqltiming -  com.zaxxer.hikari.pool.ProxyPreparedStatement.execute(ProxyPreparedStatement.java:44)
71. select
			a.cgSeq,
			a.cgdelNy,
			a.cgUse,
		    a.cgName,
		    a.cgNameEng,
		    (select count(aa.cdSeq) from code aa where 1=1 and aa.cdDelNy = 0 and aa.codeGroup_cgSeq = a.cgSeq) as cdSeqCount,
		    a.cgOrder,
		    a.cgRegDate,
		    a.cgEdDate
				from
				codegroup as a 		
				where 1=1
			AND a.cgSeq = '28'
 {executed in 1 msec} 
2025-03-26T11:33:50.493 [http-nio-8080-exec-2] INFO j.resultsettable - 
|------|--------|------|--------|----------|-----------|--------|--------------------|---------|
|cgseq |cgdelny |cguse |cgname  |cgnameeng |cdseqcount |cgorder |cgregdate           |cgeddate |
|------|--------|------|--------|----------|-----------|--------|--------------------|---------|
|28    |0       |1     |80802rD |hihi      |0          |44      |2025-03-26T10:56:51 |[null]   |
|------|--------|------|--------|----------|-----------|--------|--------------------|---------|
 
2025-03-26T11:34:12.993 [http-nio-8080-exec-5] DEBUG j.sqltiming -  com.zaxxer.hikari.pool.ProxyPreparedStatement.execute(ProxyPreparedStatement.java:44)
71. select
			a.cgSeq,
			a.cgdelNy,
			a.cgUse,
		    a.cgName,
		    a.cgNameEng,
		    (select count(aa.cdSeq) from code aa where 1=1 and aa.cdDelNy = 0 and aa.codeGroup_cgSeq = a.cgSeq) as cdSeqCount,
		    a.cgOrder,
		    a.cgRegDate,
		    a.cgEdDate
				from
				codegroup as a 		
				where 1=1
			AND a.cgSeq = '28'
 {executed in 1 msec} 
2025-03-26T11:34:12.994 [http-nio-8080-exec-5] INFO j.resultsettable - 
|------|--------|------|--------|----------|-----------|--------|--------------------|---------|
|cgseq |cgdelny |cguse |cgname  |cgnameeng |cdseqcount |cgorder |cgregdate           |cgeddate |
|------|--------|------|--------|----------|-----------|--------|--------------------|---------|
|28    |0       |1     |80802rD |hihi      |0          |44      |2025-03-26T10:56:51 |[null]   |
|------|--------|------|--------|----------|-----------|--------|--------------------|---------|
 
2025-03-26T11:34:41.823 [http-nio-8080-exec-4] DEBUG j.sqltiming -  com.zaxxer.hikari.pool.ProxyPreparedStatement.execute(ProxyPreparedStatement.java:44)
71. select
			a.cgSeq,
			a.cgdelNy,
			a.cgUse,
		    a.cgName,
		    a.cgNameEng,
		    (select count(aa.cdSeq) from code aa where 1=1 and aa.cdDelNy = 0 and aa.codeGroup_cgSeq = a.cgSeq) as cdSeqCount,
		    a.cgOrder,
		    a.cgRegDate,
		    a.cgEdDate
				from
				codegroup as a 		
				where 1=1
			AND a.cgSeq = '28'
 {executed in 1 msec} 
2025-03-26T11:34:41.823 [http-nio-8080-exec-4] INFO j.resultsettable - 
|------|--------|------|--------|----------|-----------|--------|--------------------|---------|
|cgseq |cgdelny |cguse |cgname  |cgnameeng |cdseqcount |cgorder |cgregdate           |cgeddate |
|------|--------|------|--------|----------|-----------|--------|--------------------|---------|
|28    |0       |1     |80802rD |hihi      |0          |44      |2025-03-26T10:56:51 |[null]   |
|------|--------|------|--------|----------|-----------|--------|--------------------|---------|
 
2025-03-26T11:36:04.427 [http-nio-8080-exec-10] DEBUG j.sqltiming -  com.zaxxer.hikari.pool.ProxyPreparedStatement.execute(ProxyPreparedStatement.java:44)
71. select
			a.cgSeq,
			a.cgdelNy,
			a.cgUse,
		    a.cgName,
		    a.cgNameEng,
		    (select count(aa.cdSeq) from code aa where 1=1 and aa.cdDelNy = 0 and aa.codeGroup_cgSeq = a.cgSeq) as cdSeqCount,
		    a.cgOrder,
		    a.cgRegDate,
		    a.cgEdDate
				from
				codegroup as a 		
				where 1=1
			AND a.cgSeq = '28'
 {executed in 1 msec} 
2025-03-26T11:36:04.428 [http-nio-8080-exec-10] INFO j.resultsettable - 
|------|--------|------|--------|----------|-----------|--------|--------------------|---------|
|cgseq |cgdelny |cguse |cgname  |cgnameeng |cdseqcount |cgorder |cgregdate           |cgeddate |
|------|--------|------|--------|----------|-----------|--------|--------------------|---------|
|28    |0       |1     |80802rD |hihi      |0          |44      |2025-03-26T10:56:51 |[null]   |
|------|--------|------|--------|----------|-----------|--------|--------------------|---------|
 
2025-03-26T11:37:25.353 [http-nio-8080-exec-8] DEBUG j.sqltiming -  com.zaxxer.hikari.pool.ProxyPreparedStatement.execute(ProxyPreparedStatement.java:44)
71. select
			a.cgSeq,
			a.cgdelNy,
			a.cgUse,
		    a.cgName,
		    a.cgNameEng,
		    (select count(aa.cdSeq) from code aa where 1=1 and aa.cdDelNy = 0 and aa.codeGroup_cgSeq = a.cgSeq) as cdSeqCount,
		    a.cgOrder,
		    a.cgRegDate,
		    a.cgEdDate
				from
				codegroup as a 		
				where 1=1
			AND a.cgSeq = '28'
 {executed in 1 msec} 
2025-03-26T11:37:25.354 [http-nio-8080-exec-8] INFO j.resultsettable - 
|------|--------|------|--------|----------|-----------|--------|--------------------|---------|
|cgseq |cgdelny |cguse |cgname  |cgnameeng |cdseqcount |cgorder |cgregdate           |cgeddate |
|------|--------|------|--------|----------|-----------|--------|--------------------|---------|
|28    |0       |1     |80802rD |hihi      |0          |44      |2025-03-26T10:56:51 |[null]   |
|------|--------|------|--------|----------|-----------|--------|--------------------|---------|
 
2025-03-26T11:37:29.441 [http-nio-8080-exec-3] DEBUG j.sqltiming -  com.zaxxer.hikari.pool.ProxyPreparedStatement.execute(ProxyPreparedStatement.java:44)
71. select
			a.cgSeq,
			a.cgdelNy,
			a.cgUse,
		    a.cgName,
		    a.cgNameEng,
		    (select count(aa.cdSeq) from code aa where 1=1 and aa.cdDelNy = 0 and aa.codeGroup_cgSeq = a.cgSeq) as cdSeqCount,
		    a.cgOrder,
		    a.cgRegDate,
		    a.cgEdDate
				from
				codegroup as a 		
				where 1=1
			AND a.cgSeq = '28'
 {executed in 1 msec} 
2025-03-26T11:37:29.441 [http-nio-8080-exec-3] INFO j.resultsettable - 
|------|--------|------|--------|----------|-----------|--------|--------------------|---------|
|cgseq |cgdelny |cguse |cgname  |cgnameeng |cdseqcount |cgorder |cgregdate           |cgeddate |
|------|--------|------|--------|----------|-----------|--------|--------------------|---------|
|28    |0       |1     |80802rD |hihi      |0          |44      |2025-03-26T10:56:51 |[null]   |
|------|--------|------|--------|----------|-----------|--------|--------------------|---------|
 
2025-03-26T11:37:57.511 [http-nio-8080-exec-4] DEBUG j.sqltiming -  com.zaxxer.hikari.pool.ProxyPreparedStatement.execute(ProxyPreparedStatement.java:44)
71. select
			a.cgSeq,
			a.cgdelNy,
			a.cgUse,
		    a.cgName,
		    a.cgNameEng,
		    (select count(aa.cdSeq) from code aa where 1=1 and aa.cdDelNy = 0 and aa.codeGroup_cgSeq = a.cgSeq) as cdSeqCount,
		    a.cgOrder,
		    a.cgRegDate,
		    a.cgEdDate
				from
				codegroup as a 		
				where 1=1
			AND a.cgSeq = '28'
 {executed in 0 msec} 
2025-03-26T11:37:57.511 [http-nio-8080-exec-4] INFO j.resultsettable - 
|------|--------|------|--------|----------|-----------|--------|--------------------|---------|
|cgseq |cgdelny |cguse |cgname  |cgnameeng |cdseqcount |cgorder |cgregdate           |cgeddate |
|------|--------|------|--------|----------|-----------|--------|--------------------|---------|
|28    |0       |1     |80802rD |hihi      |0          |44      |2025-03-26T10:56:51 |[null]   |
|------|--------|------|--------|----------|-----------|--------|--------------------|---------|
 
2025-03-26T11:38:41.190 [http-nio-8080-exec-6] DEBUG j.sqltiming -  com.zaxxer.hikari.pool.ProxyPreparedStatement.execute(ProxyPreparedStatement.java:44)
71. select
			a.cgSeq,
			a.cgdelNy,
			a.cgUse,
		    a.cgName,
		    a.cgNameEng,
		    (select count(aa.cdSeq) from code aa where 1=1 and aa.cdDelNy = 0 and aa.codeGroup_cgSeq = a.cgSeq) as cdSeqCount,
		    a.cgOrder,
		    a.cgRegDate,
		    a.cgEdDate
				from
				codegroup as a 		
				where 1=1
			AND a.cgSeq = '28'
 {executed in 1 msec} 
2025-03-26T11:38:41.191 [http-nio-8080-exec-6] INFO j.resultsettable - 
|------|--------|------|--------|----------|-----------|--------|--------------------|---------|
|cgseq |cgdelny |cguse |cgname  |cgnameeng |cdseqcount |cgorder |cgregdate           |cgeddate |
|------|--------|------|--------|----------|-----------|--------|--------------------|---------|
|28    |0       |1     |80802rD |hihi      |0          |44      |2025-03-26T10:56:51 |[null]   |
|------|--------|------|--------|----------|-----------|--------|--------------------|---------|
 
2025-03-26T11:39:36.493 [http-nio-8080-exec-5] DEBUG j.sqltiming -  com.zaxxer.hikari.pool.ProxyPreparedStatement.execute(ProxyPreparedStatement.java:44)
71. update codegroup set
		cgUse = 1,
		cgName = '80802r',
		cgNameEng = 'hihi',
		cgOrder = '44'
	where
		cgSeq = '28'
 {executed in 5 msec} 
2025-03-26T11:39:36.506 [http-nio-8080-exec-6] DEBUG j.sqltiming -  com.zaxxer.hikari.pool.ProxyPreparedStatement.execute(ProxyPreparedStatement.java:44)
71. Select count(*)

			from
			codegroup as a 		
			where 1=1
		 AND a.cgUse = 1 
         AND a.cgdelNy = 0
 {executed in 1 msec} 
2025-03-26T11:39:36.506 [http-nio-8080-exec-6] INFO j.resultsettable - 
|---------|
|count(*) |
|---------|
|27       |
|---------|
 
2025-03-26T11:39:36.508 [http-nio-8080-exec-6] DEBUG j.sqltiming -  com.zaxxer.hikari.pool.ProxyPreparedStatement.execute(ProxyPreparedStatement.java:44)
71. select
			a.cgSeq,
			a.cgdelNy,
			a.cgUse,
		    a.cgName,
		    a.cgNameEng,
		    (select count(aa.cdSeq) from code aa where 1=1 and aa.cdDelNy = 0 and aa.codeGroup_cgSeq = a.cgSeq) as cdSeqCount,
		    a.cgOrder,
		    a.cgRegDate,
		    a.cgEdDate

			from
			codegroup as a 		
			where 1=1
		 AND a.cgUse = 1 
         AND a.cgdelNy = 0 

		order by cgSeq desc
		limit 5 offset 0
 {executed in 1 msec} 
2025-03-26T11:39:36.509 [http-nio-8080-exec-6] INFO j.resultsettable - 
|------|--------|------|--------|----------|-----------|--------|--------------------|---------|
|cgseq |cgdelny |cguse |cgname  |cgnameeng |cdseqcount |cgorder |cgregdate           |cgeddate |
|------|--------|------|--------|----------|-----------|--------|--------------------|---------|
|29    |0       |1     |80802r  |hihi      |0          |44      |2025-03-26T10:57:52 |[null]   |
|28    |0       |1     |80802r  |hihi      |0          |44      |2025-03-26T10:56:51 |[null]   |
|27    |0       |1     |80802rD |hihi      |0          |44      |2025-03-26T10:56:48 |[null]   |
|26    |0       |1     |80802rD |hihi      |0          |44      |2025-03-26T10:56:39 |[null]   |
|25    |0       |1     |80802rD |hihi      |0          |44      |2025-03-26T10:56:37 |[null]   |
|------|--------|------|--------|----------|-----------|--------|--------------------|---------|
 
2025-03-26T11:39:37.786 [http-nio-8080-exec-1] DEBUG j.sqltiming -  com.zaxxer.hikari.pool.ProxyPreparedStatement.execute(ProxyPreparedStatement.java:44)
71. select
			a.cgSeq,
			a.cgdelNy,
			a.cgUse,
		    a.cgName,
		    a.cgNameEng,
		    (select count(aa.cdSeq) from code aa where 1=1 and aa.cdDelNy = 0 and aa.codeGroup_cgSeq = a.cgSeq) as cdSeqCount,
		    a.cgOrder,
		    a.cgRegDate,
		    a.cgEdDate
				from
				codegroup as a 		
				where 1=1
			AND a.cgSeq = '29'
 {executed in 1 msec} 
2025-03-26T11:39:37.787 [http-nio-8080-exec-1] INFO j.resultsettable - 
|------|--------|------|-------|----------|-----------|--------|--------------------|---------|
|cgseq |cgdelny |cguse |cgname |cgnameeng |cdseqcount |cgorder |cgregdate           |cgeddate |
|------|--------|------|-------|----------|-----------|--------|--------------------|---------|
|29    |0       |1     |80802r |hihi      |0          |44      |2025-03-26T10:57:52 |[null]   |
|------|--------|------|-------|----------|-----------|--------|--------------------|---------|
 
2025-03-26T11:39:42.015 [http-nio-8080-exec-8] DEBUG j.sqltiming -  com.zaxxer.hikari.pool.ProxyPreparedStatement.execute(ProxyPreparedStatement.java:44)
71. update codegroup set
		cgUse = 1,
		cgName = 'ㄴ',
		cgNameEng = 'hihi',
		cgOrder = '44'
	where
		cgSeq = '29'
 {executed in 8 msec} 
2025-03-26T11:39:42.022 [http-nio-8080-exec-4] DEBUG j.sqltiming -  com.zaxxer.hikari.pool.ProxyPreparedStatement.execute(ProxyPreparedStatement.java:44)
71. Select count(*)

			from
			codegroup as a 		
			where 1=1
		 AND a.cgUse = 1 
         AND a.cgdelNy = 0
 {executed in 1 msec} 
2025-03-26T11:39:42.022 [http-nio-8080-exec-4] INFO j.resultsettable - 
|---------|
|count(*) |
|---------|
|27       |
|---------|
 
2025-03-26T11:39:42.027 [http-nio-8080-exec-4] DEBUG j.sqltiming -  com.zaxxer.hikari.pool.ProxyPreparedStatement.execute(ProxyPreparedStatement.java:44)
71. select
			a.cgSeq,
			a.cgdelNy,
			a.cgUse,
		    a.cgName,
		    a.cgNameEng,
		    (select count(aa.cdSeq) from code aa where 1=1 and aa.cdDelNy = 0 and aa.codeGroup_cgSeq = a.cgSeq) as cdSeqCount,
		    a.cgOrder,
		    a.cgRegDate,
		    a.cgEdDate

			from
			codegroup as a 		
			where 1=1
		 AND a.cgUse = 1 
         AND a.cgdelNy = 0 

		order by cgSeq desc
		limit 5 offset 0
 {executed in 1 msec} 
2025-03-26T11:39:42.027 [http-nio-8080-exec-4] INFO j.resultsettable - 
|------|--------|------|--------|----------|-----------|--------|--------------------|---------|
|cgseq |cgdelny |cguse |cgname  |cgnameeng |cdseqcount |cgorder |cgregdate           |cgeddate |
|------|--------|------|--------|----------|-----------|--------|--------------------|---------|
|29    |0       |1     |ㄴ       |hihi      |0          |44      |2025-03-26T10:57:52 |[null]   |
|28    |0       |1     |80802r  |hihi      |0          |44      |2025-03-26T10:56:51 |[null]   |
|27    |0       |1     |80802rD |hihi      |0          |44      |2025-03-26T10:56:48 |[null]   |
|26    |0       |1     |80802rD |hihi      |0          |44      |2025-03-26T10:56:39 |[null]   |
|25    |0       |1     |80802rD |hihi      |0          |44      |2025-03-26T10:56:37 |[null]   |
|------|--------|------|--------|----------|-----------|--------|--------------------|---------|
 
2025-03-26T11:57:05.158 [http-nio-8080-exec-2] DEBUG j.sqltiming -  com.zaxxer.hikari.pool.ProxyPreparedStatement.execute(ProxyPreparedStatement.java:44)
71. Select count(*)

			from
			codegroup as a 		
			where 1=1
		 AND a.cgUse = 1 
         AND a.cgdelNy = 0
 {executed in 1 msec} 
2025-03-26T11:57:05.160 [http-nio-8080-exec-2] INFO j.resultsettable - 
|---------|
|count(*) |
|---------|
|27       |
|---------|
 
2025-03-26T11:57:05.162 [http-nio-8080-exec-2] DEBUG j.sqltiming -  com.zaxxer.hikari.pool.ProxyPreparedStatement.execute(ProxyPreparedStatement.java:44)
71. select
			a.cgSeq,
			a.cgdelNy,
			a.cgUse,
		    a.cgName,
		    a.cgNameEng,
		    (select count(aa.cdSeq) from code aa where 1=1 and aa.cdDelNy = 0 and aa.codeGroup_cgSeq = a.cgSeq) as cdSeqCount,
		    a.cgOrder,
		    a.cgRegDate,
		    a.cgEdDate

			from
			codegroup as a 		
			where 1=1
		 AND a.cgUse = 1 
         AND a.cgdelNy = 0 

		order by cgSeq desc
		limit 5 offset 0
 {executed in 1 msec} 
2025-03-26T11:57:05.163 [http-nio-8080-exec-2] INFO j.resultsettable - 
|------|--------|------|--------|----------|-----------|--------|--------------------|---------|
|cgseq |cgdelny |cguse |cgname  |cgnameeng |cdseqcount |cgorder |cgregdate           |cgeddate |
|------|--------|------|--------|----------|-----------|--------|--------------------|---------|
|29    |0       |1     |ㄴ       |hihi      |0          |44      |2025-03-26T10:57:52 |[null]   |
|28    |0       |1     |80802r  |hihi      |0          |44      |2025-03-26T10:56:51 |[null]   |
|27    |0       |1     |80802rD |hihi      |0          |44      |2025-03-26T10:56:48 |[null]   |
|26    |0       |1     |80802rD |hihi      |0          |44      |2025-03-26T10:56:39 |[null]   |
|25    |0       |1     |80802rD |hihi      |0          |44      |2025-03-26T10:56:37 |[null]   |
|------|--------|------|--------|----------|-----------|--------|--------------------|---------|
 
2025-03-26T11:57:06.342 [http-nio-8080-exec-7] DEBUG j.sqltiming -  com.zaxxer.hikari.pool.ProxyPreparedStatement.execute(ProxyPreparedStatement.java:44)
71. Select count(*)

			from
			codegroup as a 		
			where 1=1
		 AND a.cgUse = 1 
         AND a.cgdelNy = 0
 {executed in 1 msec} 
2025-03-26T11:57:06.342 [http-nio-8080-exec-7] INFO j.resultsettable - 
|---------|
|count(*) |
|---------|
|27       |
|---------|
 
2025-03-26T11:57:06.344 [http-nio-8080-exec-7] DEBUG j.sqltiming -  com.zaxxer.hikari.pool.ProxyPreparedStatement.execute(ProxyPreparedStatement.java:44)
71. select
			a.cgSeq,
			a.cgdelNy,
			a.cgUse,
		    a.cgName,
		    a.cgNameEng,
		    (select count(aa.cdSeq) from code aa where 1=1 and aa.cdDelNy = 0 and aa.codeGroup_cgSeq = a.cgSeq) as cdSeqCount,
		    a.cgOrder,
		    a.cgRegDate,
		    a.cgEdDate

			from
			codegroup as a 		
			where 1=1
		 AND a.cgUse = 1 
         AND a.cgdelNy = 0 

		order by cgSeq desc
		limit 5 offset 0
 {executed in 1 msec} 
2025-03-26T11:57:06.344 [http-nio-8080-exec-7] INFO j.resultsettable - 
|------|--------|------|--------|----------|-----------|--------|--------------------|---------|
|cgseq |cgdelny |cguse |cgname  |cgnameeng |cdseqcount |cgorder |cgregdate           |cgeddate |
|------|--------|------|--------|----------|-----------|--------|--------------------|---------|
|29    |0       |1     |ㄴ       |hihi      |0          |44      |2025-03-26T10:57:52 |[null]   |
|28    |0       |1     |80802r  |hihi      |0          |44      |2025-03-26T10:56:51 |[null]   |
|27    |0       |1     |80802rD |hihi      |0          |44      |2025-03-26T10:56:48 |[null]   |
|26    |0       |1     |80802rD |hihi      |0          |44      |2025-03-26T10:56:39 |[null]   |
|25    |0       |1     |80802rD |hihi      |0          |44      |2025-03-26T10:56:37 |[null]   |
|------|--------|------|--------|----------|-----------|--------|--------------------|---------|
 
2025-03-26T11:57:06.975 [http-nio-8080-exec-5] DEBUG j.sqltiming -  com.zaxxer.hikari.pool.ProxyPreparedStatement.execute(ProxyPreparedStatement.java:44)
71. Select count(*)

			from
			codegroup as a 		
			where 1=1
		 AND a.cgUse = 1 
         AND a.cgdelNy = 0
 {executed in 0 msec} 
2025-03-26T11:57:06.975 [http-nio-8080-exec-5] INFO j.resultsettable - 
|---------|
|count(*) |
|---------|
|27       |
|---------|
 
2025-03-26T11:57:06.977 [http-nio-8080-exec-5] DEBUG j.sqltiming -  com.zaxxer.hikari.pool.ProxyPreparedStatement.execute(ProxyPreparedStatement.java:44)
71. select
			a.cgSeq,
			a.cgdelNy,
			a.cgUse,
		    a.cgName,
		    a.cgNameEng,
		    (select count(aa.cdSeq) from code aa where 1=1 and aa.cdDelNy = 0 and aa.codeGroup_cgSeq = a.cgSeq) as cdSeqCount,
		    a.cgOrder,
		    a.cgRegDate,
		    a.cgEdDate

			from
			codegroup as a 		
			where 1=1
		 AND a.cgUse = 1 
         AND a.cgdelNy = 0 

		order by cgSeq desc
		limit 5 offset 0
 {executed in 1 msec} 
2025-03-26T11:57:06.978 [http-nio-8080-exec-5] INFO j.resultsettable - 
|------|--------|------|--------|----------|-----------|--------|--------------------|---------|
|cgseq |cgdelny |cguse |cgname  |cgnameeng |cdseqcount |cgorder |cgregdate           |cgeddate |
|------|--------|------|--------|----------|-----------|--------|--------------------|---------|
|29    |0       |1     |ㄴ       |hihi      |0          |44      |2025-03-26T10:57:52 |[null]   |
|28    |0       |1     |80802r  |hihi      |0          |44      |2025-03-26T10:56:51 |[null]   |
|27    |0       |1     |80802rD |hihi      |0          |44      |2025-03-26T10:56:48 |[null]   |
|26    |0       |1     |80802rD |hihi      |0          |44      |2025-03-26T10:56:39 |[null]   |
|25    |0       |1     |80802rD |hihi      |0          |44      |2025-03-26T10:56:37 |[null]   |
|------|--------|------|--------|----------|-----------|--------|--------------------|---------|
 
2025-03-26T11:57:07.526 [http-nio-8080-exec-4] DEBUG j.sqltiming -  com.zaxxer.hikari.pool.ProxyPreparedStatement.execute(ProxyPreparedStatement.java:44)
71. Select count(*)

			from
			codegroup as a 		
			where 1=1
		 AND a.cgUse = 1 
         AND a.cgdelNy = 0
 {executed in 1 msec} 
2025-03-26T11:57:07.526 [http-nio-8080-exec-4] INFO j.resultsettable - 
|---------|
|count(*) |
|---------|
|27       |
|---------|
 
2025-03-26T11:57:07.530 [http-nio-8080-exec-4] DEBUG j.sqltiming -  com.zaxxer.hikari.pool.ProxyPreparedStatement.execute(ProxyPreparedStatement.java:44)
71. select
			a.cgSeq,
			a.cgdelNy,
			a.cgUse,
		    a.cgName,
		    a.cgNameEng,
		    (select count(aa.cdSeq) from code aa where 1=1 and aa.cdDelNy = 0 and aa.codeGroup_cgSeq = a.cgSeq) as cdSeqCount,
		    a.cgOrder,
		    a.cgRegDate,
		    a.cgEdDate

			from
			codegroup as a 		
			where 1=1
		 AND a.cgUse = 1 
         AND a.cgdelNy = 0 

		order by cgSeq desc
		limit 5 offset 0
 {executed in 3 msec} 
2025-03-26T11:57:07.532 [http-nio-8080-exec-4] INFO j.resultsettable - 
|------|--------|------|--------|----------|-----------|--------|--------------------|---------|
|cgseq |cgdelny |cguse |cgname  |cgnameeng |cdseqcount |cgorder |cgregdate           |cgeddate |
|------|--------|------|--------|----------|-----------|--------|--------------------|---------|
|29    |0       |1     |ㄴ       |hihi      |0          |44      |2025-03-26T10:57:52 |[null]   |
|28    |0       |1     |80802r  |hihi      |0          |44      |2025-03-26T10:56:51 |[null]   |
|27    |0       |1     |80802rD |hihi      |0          |44      |2025-03-26T10:56:48 |[null]   |
|26    |0       |1     |80802rD |hihi      |0          |44      |2025-03-26T10:56:39 |[null]   |
|25    |0       |1     |80802rD |hihi      |0          |44      |2025-03-26T10:56:37 |[null]   |
|------|--------|------|--------|----------|-----------|--------|--------------------|---------|
 
2025-03-26T11:57:07.944 [http-nio-8080-exec-8] DEBUG j.sqltiming -  com.zaxxer.hikari.pool.ProxyPreparedStatement.execute(ProxyPreparedStatement.java:44)
71. Select count(*)

			from
			codegroup as a 		
			where 1=1
		 AND a.cgUse = 1 
         AND a.cgdelNy = 0
 {executed in 1 msec} 
2025-03-26T11:57:07.944 [http-nio-8080-exec-8] INFO j.resultsettable - 
|---------|
|count(*) |
|---------|
|27       |
|---------|
 
2025-03-26T11:57:07.945 [http-nio-8080-exec-8] DEBUG j.sqltiming -  com.zaxxer.hikari.pool.ProxyPreparedStatement.execute(ProxyPreparedStatement.java:44)
71. select
			a.cgSeq,
			a.cgdelNy,
			a.cgUse,
		    a.cgName,
		    a.cgNameEng,
		    (select count(aa.cdSeq) from code aa where 1=1 and aa.cdDelNy = 0 and aa.codeGroup_cgSeq = a.cgSeq) as cdSeqCount,
		    a.cgOrder,
		    a.cgRegDate,
		    a.cgEdDate

			from
			codegroup as a 		
			where 1=1
		 AND a.cgUse = 1 
         AND a.cgdelNy = 0 

		order by cgSeq desc
		limit 5 offset 0
 {executed in 1 msec} 
2025-03-26T11:57:07.947 [http-nio-8080-exec-8] INFO j.resultsettable - 
|------|--------|------|--------|----------|-----------|--------|--------------------|---------|
|cgseq |cgdelny |cguse |cgname  |cgnameeng |cdseqcount |cgorder |cgregdate           |cgeddate |
|------|--------|------|--------|----------|-----------|--------|--------------------|---------|
|29    |0       |1     |ㄴ       |hihi      |0          |44      |2025-03-26T10:57:52 |[null]   |
|28    |0       |1     |80802r  |hihi      |0          |44      |2025-03-26T10:56:51 |[null]   |
|27    |0       |1     |80802rD |hihi      |0          |44      |2025-03-26T10:56:48 |[null]   |
|26    |0       |1     |80802rD |hihi      |0          |44      |2025-03-26T10:56:39 |[null]   |
|25    |0       |1     |80802rD |hihi      |0          |44      |2025-03-26T10:56:37 |[null]   |
|------|--------|------|--------|----------|-----------|--------|--------------------|---------|
 
2025-03-26T11:57:08.413 [http-nio-8080-exec-2] DEBUG j.sqltiming -  com.zaxxer.hikari.pool.ProxyPreparedStatement.execute(ProxyPreparedStatement.java:44)
71. Select count(*)

			from
			codegroup as a 		
			where 1=1
		 AND a.cgUse = 1 
         AND a.cgdelNy = 0
 {executed in 2 msec} 
2025-03-26T11:57:08.413 [http-nio-8080-exec-2] INFO j.resultsettable - 
|---------|
|count(*) |
|---------|
|27       |
|---------|
 
2025-03-26T11:57:08.415 [http-nio-8080-exec-2] DEBUG j.sqltiming -  com.zaxxer.hikari.pool.ProxyPreparedStatement.execute(ProxyPreparedStatement.java:44)
71. select
			a.cgSeq,
			a.cgdelNy,
			a.cgUse,
		    a.cgName,
		    a.cgNameEng,
		    (select count(aa.cdSeq) from code aa where 1=1 and aa.cdDelNy = 0 and aa.codeGroup_cgSeq = a.cgSeq) as cdSeqCount,
		    a.cgOrder,
		    a.cgRegDate,
		    a.cgEdDate

			from
			codegroup as a 		
			where 1=1
		 AND a.cgUse = 1 
         AND a.cgdelNy = 0 

		order by cgSeq desc
		limit 5 offset 0
 {executed in 1 msec} 
2025-03-26T11:57:08.415 [http-nio-8080-exec-2] INFO j.resultsettable - 
|------|--------|------|--------|----------|-----------|--------|--------------------|---------|
|cgseq |cgdelny |cguse |cgname  |cgnameeng |cdseqcount |cgorder |cgregdate           |cgeddate |
|------|--------|------|--------|----------|-----------|--------|--------------------|---------|
|29    |0       |1     |ㄴ       |hihi      |0          |44      |2025-03-26T10:57:52 |[null]   |
|28    |0       |1     |80802r  |hihi      |0          |44      |2025-03-26T10:56:51 |[null]   |
|27    |0       |1     |80802rD |hihi      |0          |44      |2025-03-26T10:56:48 |[null]   |
|26    |0       |1     |80802rD |hihi      |0          |44      |2025-03-26T10:56:39 |[null]   |
|25    |0       |1     |80802rD |hihi      |0          |44      |2025-03-26T10:56:37 |[null]   |
|------|--------|------|--------|----------|-----------|--------|--------------------|---------|
 
2025-03-26T11:57:08.777 [http-nio-8080-exec-5] DEBUG j.sqltiming -  com.zaxxer.hikari.pool.ProxyPreparedStatement.execute(ProxyPreparedStatement.java:44)
71. Select count(*)

			from
			codegroup as a 		
			where 1=1
		 AND a.cgUse = 1 
         AND a.cgdelNy = 0
 {executed in 1 msec} 
2025-03-26T11:57:08.779 [http-nio-8080-exec-5] INFO j.resultsettable - 
|---------|
|count(*) |
|---------|
|27       |
|---------|
 
2025-03-26T11:57:08.781 [http-nio-8080-exec-5] DEBUG j.sqltiming -  com.zaxxer.hikari.pool.ProxyPreparedStatement.execute(ProxyPreparedStatement.java:44)
71. select
			a.cgSeq,
			a.cgdelNy,
			a.cgUse,
		    a.cgName,
		    a.cgNameEng,
		    (select count(aa.cdSeq) from code aa where 1=1 and aa.cdDelNy = 0 and aa.codeGroup_cgSeq = a.cgSeq) as cdSeqCount,
		    a.cgOrder,
		    a.cgRegDate,
		    a.cgEdDate

			from
			codegroup as a 		
			where 1=1
		 AND a.cgUse = 1 
         AND a.cgdelNy = 0 

		order by cgSeq desc
		limit 5 offset 0
 {executed in 1 msec} 
2025-03-26T11:57:08.782 [http-nio-8080-exec-5] INFO j.resultsettable - 
|------|--------|------|--------|----------|-----------|--------|--------------------|---------|
|cgseq |cgdelny |cguse |cgname  |cgnameeng |cdseqcount |cgorder |cgregdate           |cgeddate |
|------|--------|------|--------|----------|-----------|--------|--------------------|---------|
|29    |0       |1     |ㄴ       |hihi      |0          |44      |2025-03-26T10:57:52 |[null]   |
|28    |0       |1     |80802r  |hihi      |0          |44      |2025-03-26T10:56:51 |[null]   |
|27    |0       |1     |80802rD |hihi      |0          |44      |2025-03-26T10:56:48 |[null]   |
|26    |0       |1     |80802rD |hihi      |0          |44      |2025-03-26T10:56:39 |[null]   |
|25    |0       |1     |80802rD |hihi      |0          |44      |2025-03-26T10:56:37 |[null]   |
|------|--------|------|--------|----------|-----------|--------|--------------------|---------|
 
2025-03-26T11:57:09.568 [http-nio-8080-exec-5] DEBUG j.sqltiming -  com.zaxxer.hikari.pool.ProxyPreparedStatement.execute(ProxyPreparedStatement.java:44)
71. select
			a.cgSeq,
			a.cgdelNy,
			a.cgUse,
		    a.cgName,
		    a.cgNameEng,
		    (select count(aa.cdSeq) from code aa where 1=1 and aa.cdDelNy = 0 and aa.codeGroup_cgSeq = a.cgSeq) as cdSeqCount,
		    a.cgOrder,
		    a.cgRegDate,
		    a.cgEdDate
				from
				codegroup as a 		
				where 1=1
			AND a.cgSeq = '29'
 {executed in 1 msec} 
2025-03-26T11:57:09.568 [http-nio-8080-exec-5] INFO j.resultsettable - 
|------|--------|------|-------|----------|-----------|--------|--------------------|---------|
|cgseq |cgdelny |cguse |cgname |cgnameeng |cdseqcount |cgorder |cgregdate           |cgeddate |
|------|--------|------|-------|----------|-----------|--------|--------------------|---------|
|29    |0       |1     |ㄴ      |hihi      |0          |44      |2025-03-26T10:57:52 |[null]   |
|------|--------|------|-------|----------|-----------|--------|--------------------|---------|
 
