2025-03-20T19:02:04.801 [restartedMain] INFO c.a.AngelsApplication - Starting AngelsApplication using Java 21.0.5 with PID 1632 (C:\factory\ws_sts4_4270\repo_angels\angels\bin\main started by sunjs in C:\factory\ws_sts4_4270\repo_angels\angels) 
2025-03-20T19:02:04.803 [restartedMain] INFO c.a.AngelsApplication - No active profile set, falling back to 1 default profile: "default" 
2025-03-20T19:02:04.851 [restartedMain] INFO o.s.b.d.e.DevToolsPropertyDefaultsPostProcessor - Devtools property defaults active! Set 'spring.devtools.add-properties' to 'false' to disable 
2025-03-20T19:02:04.852 [restartedMain] INFO o.s.b.d.e.DevToolsPropertyDefaultsPostProcessor - For additional web related logging consider setting the 'logging.level.web' property to 'DEBUG' 
2025-03-20T19:02:05.992 [restartedMain] INFO o.s.b.w.e.t.TomcatWebServer - Tomcat initialized with port 8080 (http) 
2025-03-20T19:02:06.007 [restartedMain] INFO o.a.c.h.Http11NioProtocol - Initializing ProtocolHandler ["http-nio-8080"] 
2025-03-20T19:02:06.009 [restartedMain] INFO o.a.c.c.StandardService - Starting service [Tomcat] 
2025-03-20T19:02:06.009 [restartedMain] INFO o.a.c.c.StandardEngine - Starting Servlet engine: [Apache Tomcat/10.1.36] 
2025-03-20T19:02:06.056 [restartedMain] INFO o.a.c.c.C.[.[.[/] - Initializing Spring embedded WebApplicationContext 
2025-03-20T19:02:06.057 [restartedMain] INFO o.s.b.w.s.c.ServletWebServerApplicationContext - Root WebApplicationContext: initialization completed in 1204 ms 
2025-03-20T19:02:06.736 [restartedMain] INFO o.s.b.d.a.OptionalLiveReloadServer - LiveReload server is running on port 35729 
2025-03-20T19:02:06.757 [restartedMain] INFO o.a.c.h.Http11NioProtocol - Starting ProtocolHandler ["http-nio-8080"] 
2025-03-20T19:02:06.784 [restartedMain] INFO o.s.b.w.e.t.TomcatWebServer - Tomcat started on port 8080 (http) with context path '/' 
2025-03-20T19:02:06.792 [restartedMain] INFO c.a.AngelsApplication - Started AngelsApplication in 2.343 seconds (process running for 3.502) 
2025-03-20T19:02:10.604 [http-nio-8080-exec-1] INFO o.a.c.c.C.[.[.[/] - Initializing Spring DispatcherServlet 'dispatcherServlet' 
2025-03-20T19:02:10.604 [http-nio-8080-exec-1] INFO o.s.w.s.DispatcherServlet - Initializing Servlet 'dispatcherServlet' 
2025-03-20T19:02:10.606 [http-nio-8080-exec-1] INFO o.s.w.s.DispatcherServlet - Completed initialization in 2 ms 
2025-03-20T19:02:27.000 [http-nio-8080-exec-1] INFO c.z.h.HikariDataSource - HikariPool-1 - Starting... 
2025-03-20T19:02:27.370 [http-nio-8080-exec-1] INFO c.z.h.p.HikariPool - HikariPool-1 - Added connection net.sf.log4jdbc.sql.jdbcapi.ConnectionSpy@4534f41b 
2025-03-20T19:02:27.372 [http-nio-8080-exec-1] INFO c.z.h.HikariDataSource - HikariPool-1 - Start completed. 
2025-03-20T19:02:27.403 [http-nio-8080-exec-1] DEBUG j.sqltiming -  com.zaxxer.hikari.pool.ProxyPreparedStatement.execute(ProxyPreparedStatement.java:44)
1. Select count(*)

			FROM
		    code c
		left JOIN codegroup cg ON c.codeGroup_cgSeq = cg.cgSeq
		WHERE
		    1=1
 {executed in 9 msec} 
2025-03-20T19:02:27.412 [http-nio-8080-exec-1] INFO j.resultsettable - 
|---------|
|count(*) |
|---------|
|13       |
|---------|
 
2025-03-20T19:02:27.427 [http-nio-8080-exec-1] DEBUG j.sqltiming -  com.zaxxer.hikari.pool.ProxyPreparedStatement.execute(ProxyPreparedStatement.java:44)
1. SELECT

		    c.codeGroup_cgSeq,
		    c.cdDelNy,
			cg.cgName,
		    c.cdSeq,
		    c.cdName,
		    c.cdNameEng,
		    c.cdOrder,
		    c.cdRegDate,
		    c.cdEdDate,
		    c.cdCheck

			FROM
		    code c
		left JOIN codegroup cg ON c.codeGroup_cgSeq = cg.cgSeq
		WHERE
		    1=1

		ORDER BY
		    c.cdSeq DESC		    
		limit 5 offset 0
 {executed in 2 msec} 
2025-03-20T19:02:27.436 [http-nio-8080-exec-1] INFO j.resultsettable - 
|----------------|--------|-------|------|--------|----------|--------|--------------------|---------|--------|
|codegroup_cgseq |cddelny |cgname |cdseq |cdname  |cdnameeng |cdorder |cdregdate           |cdeddate |cdcheck |
|----------------|--------|-------|------|--------|----------|--------|--------------------|---------|--------|
|4               |0       |리그서브   |13    |West    |West      |1       |2025-03-20T17:17:17 |[null]   |[null]  |
|4               |0       |리그서브   |12    |Central |Central   |1       |2025-03-20T17:17:07 |[null]   |[null]  |
|4               |0       |리그서브   |11    |East    |East      |1       |2025-03-20T17:16:50 |[null]   |[null]  |
|3               |0       |리그메인   |10    |NL      |NL        |1       |2025-03-20T17:16:37 |[null]   |[null]  |
|3               |0       |리그메인   |9     |AL      |AL        |1       |2025-03-20T17:16:29 |[null]   |[null]  |
|----------------|--------|-------|------|--------|----------|--------|--------------------|---------|--------|
 
2025-03-20T19:02:30.655 [http-nio-8080-exec-2] DEBUG j.sqltiming -  com.zaxxer.hikari.pool.ProxyPreparedStatement.execute(ProxyPreparedStatement.java:44)
1. Select count(*)

			from
			codegroup as a 		
			where 1=1
 {executed in 3 msec} 
2025-03-20T19:02:30.656 [http-nio-8080-exec-2] INFO j.resultsettable - 
|---------|
|count(*) |
|---------|
|4        |
|---------|
 
2025-03-20T19:02:30.660 [http-nio-8080-exec-2] DEBUG j.sqltiming -  com.zaxxer.hikari.pool.ProxyPreparedStatement.execute(ProxyPreparedStatement.java:44)
1. select
			a.cgSeq,
			a.cgdelNy,
			a.cgUse,
		    a.cgName,
		    a.cgNameEng,
		    (select count(aa.cdSeq) from code aa where 1=1 and aa.cdDelNy = 0 and aa.codeGroup_cgSeq = a.cgSeq) as cdSeqCount,
		    a.cgOrder,
		    a.cgRegDate,
		    a.cgEdDate

			from
			codegroup as a 		
			where 1=1 

		order by cgSeq desc
		limit 5 offset 0
 {executed in 2 msec} 
2025-03-20T19:02:30.665 [http-nio-8080-exec-2] INFO j.resultsettable - 
|------|--------|------|-------|-----------|-----------|--------|--------------------|---------|
|cgseq |cgdelny |cguse |cgname |cgnameeng  |cdseqcount |cgorder |cgregdate           |cgeddate |
|------|--------|------|-------|-----------|-----------|--------|--------------------|---------|
|4     |0       |null  |리그서브   |LeagueSub  |3          |1       |2025-03-20T16:46:16 |[null]   |
|3     |0       |null  |리그메인   |LeagueMain |2          |1       |2025-03-20T16:46:10 |[null]   |
|2     |0       |null  |성별     |gender     |2          |1       |2025-03-20T16:46:02 |[null]   |
|1     |0       |null  |통신사    |Telecom    |6          |1       |2025-03-20T16:45:56 |[null]   |
|------|--------|------|-------|-----------|-----------|--------|--------------------|---------|
 
2025-03-20T19:02:42.962 [http-nio-8080-exec-2] DEBUG j.sqltiming -  com.zaxxer.hikari.pool.ProxyPreparedStatement.execute(ProxyPreparedStatement.java:44)
1. Select count(*)
		FROM
		team
	where 1=1
 {executed in 2 msec} 
2025-03-20T19:02:42.962 [http-nio-8080-exec-2] INFO j.resultsettable - 
|---------|
|count(*) |
|---------|
|4        |
|---------|
 
2025-03-20T19:02:42.965 [http-nio-8080-exec-2] DEBUG j.sqltiming -  com.zaxxer.hikari.pool.ProxyPreparedStatement.execute(ProxyPreparedStatement.java:44)
1. SELECT
		tmSeq,
		tmHomeName,
	    tmName,
	    tmNameAb,
	    tmHomeNameKor,
	    tmNameKor,
	    tmLogo,
	    tmLeague,
	    tmDiv,
	    tmRegTime,
	    tmModTime    
	FROM
		team
	where 1=1
	order by tmSeq desc
	limit 5 offset 0
 {executed in 1 msec} 
2025-03-20T19:02:42.968 [http-nio-8080-exec-2] INFO j.resultsettable - 
|------|-----------|-------|---------|--------------|----------|-------|---------|-------|--------------------|----------|
|tmseq |tmhomename |tmname |tmnameab |tmhomenamekor |tmnamekor |tmlogo |tmleague |tmdiv  |tmregtime           |tmmodtime |
|------|-----------|-------|---------|--------------|----------|-------|---------|-------|--------------------|----------|
|4     |           |       |         |              |          |[null] |0        |1      |2025-03-20T14:48:52 |[null]    |
|3     |           |       |         |              |          |[null] |[null]   |[null] |2025-03-20T14:39:36 |[null]    |
|2     |           |       |         |              |          |[null] |[null]   |[null] |2025-03-20T14:39:05 |[null]    |
|1     |Chicago    |Cubs   |CHC      |시카고           |컵스        |[null] |[null]   |[null] |[null]              |[null]    |
|------|-----------|-------|---------|--------------|----------|-------|---------|-------|--------------------|----------|
 
2025-03-20T19:04:02.314 [http-nio-8080-exec-3] DEBUG j.sqltiming -  com.zaxxer.hikari.pool.ProxyPreparedStatement.execute(ProxyPreparedStatement.java:44)
1. Select count(*)

			FROM
		    code c
		left JOIN codegroup cg ON c.codeGroup_cgSeq = cg.cgSeq
		WHERE
		    1=1
 {executed in 1 msec} 
2025-03-20T19:04:02.315 [http-nio-8080-exec-3] INFO j.resultsettable - 
|---------|
|count(*) |
|---------|
|13       |
|---------|
 
2025-03-20T19:04:02.320 [http-nio-8080-exec-3] DEBUG j.sqltiming -  com.zaxxer.hikari.pool.ProxyPreparedStatement.execute(ProxyPreparedStatement.java:44)
1. SELECT

		    c.codeGroup_cgSeq,
		    c.cdDelNy,
			cg.cgName,
		    c.cdSeq,
		    c.cdName,
		    c.cdNameEng,
		    c.cdOrder,
		    c.cdRegDate,
		    c.cdEdDate,
		    c.cdCheck

			FROM
		    code c
		left JOIN codegroup cg ON c.codeGroup_cgSeq = cg.cgSeq
		WHERE
		    1=1

		ORDER BY
		    c.cdSeq DESC		    
		limit 5 offset 0
 {executed in 2 msec} 
2025-03-20T19:04:02.324 [http-nio-8080-exec-3] INFO j.resultsettable - 
|----------------|--------|-------|------|--------|----------|--------|--------------------|---------|--------|
|codegroup_cgseq |cddelny |cgname |cdseq |cdname  |cdnameeng |cdorder |cdregdate           |cdeddate |cdcheck |
|----------------|--------|-------|------|--------|----------|--------|--------------------|---------|--------|
|4               |0       |리그서브   |13    |West    |West      |1       |2025-03-20T17:17:17 |[null]   |[null]  |
|4               |0       |리그서브   |12    |Central |Central   |1       |2025-03-20T17:17:07 |[null]   |[null]  |
|4               |0       |리그서브   |11    |East    |East      |1       |2025-03-20T17:16:50 |[null]   |[null]  |
|3               |0       |리그메인   |10    |NL      |NL        |1       |2025-03-20T17:16:37 |[null]   |[null]  |
|3               |0       |리그메인   |9     |AL      |AL        |1       |2025-03-20T17:16:29 |[null]   |[null]  |
|----------------|--------|-------|------|--------|----------|--------|--------------------|---------|--------|
 
2025-03-20T19:04:37.126 [http-nio-8080-exec-4] DEBUG j.sqltiming -  com.zaxxer.hikari.pool.ProxyPreparedStatement.execute(ProxyPreparedStatement.java:44)
1. Select count(*)

			FROM
		    code c
		left JOIN codegroup cg ON c.codeGroup_cgSeq = cg.cgSeq
		WHERE
		    1=1
 {executed in 1 msec} 
2025-03-20T19:04:37.128 [http-nio-8080-exec-4] INFO j.resultsettable - 
|---------|
|count(*) |
|---------|
|13       |
|---------|
 
2025-03-20T19:04:37.132 [http-nio-8080-exec-4] DEBUG j.sqltiming -  com.zaxxer.hikari.pool.ProxyPreparedStatement.execute(ProxyPreparedStatement.java:44)
1. SELECT

		    c.codeGroup_cgSeq,
		    c.cdDelNy,
			cg.cgName,
		    c.cdSeq,
		    c.cdName,
		    c.cdNameEng,
		    c.cdOrder,
		    c.cdRegDate,
		    c.cdEdDate,
		    c.cdCheck

			FROM
		    code c
		left JOIN codegroup cg ON c.codeGroup_cgSeq = cg.cgSeq
		WHERE
		    1=1

		ORDER BY
		    c.cdSeq DESC		    
		limit 5 offset 5
 {executed in 1 msec} 
2025-03-20T19:04:37.135 [http-nio-8080-exec-4] INFO j.resultsettable - 
|----------------|--------|-------|------|----------|----------|--------|--------------------|---------|--------|
|codegroup_cgseq |cddelny |cgname |cdseq |cdname    |cdnameeng |cdorder |cdregdate           |cdeddate |cdcheck |
|----------------|--------|-------|------|----------|----------|--------|--------------------|---------|--------|
|2               |0       |성별     |8     |여자        |woman     |1       |2025-03-20T17:16:18 |[null]   |[null]  |
|2               |0       |성별     |7     |남자        |man       |1       |2025-03-20T17:16:04 |[null]   |[null]  |
|1               |0       |통신사    |6     |LG U+ 알뜰폰 |          |1       |2025-03-20T17:15:50 |[null]   |[null]  |
|1               |0       |통신사    |5     |KT 알뜰폰    |          |1       |2025-03-20T17:15:28 |[null]   |[null]  |
|1               |0       |통신사    |4     |SKT 알뜰폰   |          |1       |2025-03-20T17:15:18 |[null]   |[null]  |
|----------------|--------|-------|------|----------|----------|--------|--------------------|---------|--------|
 
2025-03-20T19:04:37.773 [http-nio-8080-exec-2] DEBUG j.sqltiming -  com.zaxxer.hikari.pool.ProxyPreparedStatement.execute(ProxyPreparedStatement.java:44)
1. Select count(*)

			FROM
		    code c
		left JOIN codegroup cg ON c.codeGroup_cgSeq = cg.cgSeq
		WHERE
		    1=1
 {executed in 1 msec} 
2025-03-20T19:04:37.774 [http-nio-8080-exec-2] INFO j.resultsettable - 
|---------|
|count(*) |
|---------|
|13       |
|---------|
 
2025-03-20T19:04:37.778 [http-nio-8080-exec-2] DEBUG j.sqltiming -  com.zaxxer.hikari.pool.ProxyPreparedStatement.execute(ProxyPreparedStatement.java:44)
1. SELECT

		    c.codeGroup_cgSeq,
		    c.cdDelNy,
			cg.cgName,
		    c.cdSeq,
		    c.cdName,
		    c.cdNameEng,
		    c.cdOrder,
		    c.cdRegDate,
		    c.cdEdDate,
		    c.cdCheck

			FROM
		    code c
		left JOIN codegroup cg ON c.codeGroup_cgSeq = cg.cgSeq
		WHERE
		    1=1

		ORDER BY
		    c.cdSeq DESC		    
		limit 5 offset 5
 {executed in 2 msec} 
2025-03-20T19:04:37.781 [http-nio-8080-exec-2] INFO j.resultsettable - 
|----------------|--------|-------|------|----------|----------|--------|--------------------|---------|--------|
|codegroup_cgseq |cddelny |cgname |cdseq |cdname    |cdnameeng |cdorder |cdregdate           |cdeddate |cdcheck |
|----------------|--------|-------|------|----------|----------|--------|--------------------|---------|--------|
|2               |0       |성별     |8     |여자        |woman     |1       |2025-03-20T17:16:18 |[null]   |[null]  |
|2               |0       |성별     |7     |남자        |man       |1       |2025-03-20T17:16:04 |[null]   |[null]  |
|1               |0       |통신사    |6     |LG U+ 알뜰폰 |          |1       |2025-03-20T17:15:50 |[null]   |[null]  |
|1               |0       |통신사    |5     |KT 알뜰폰    |          |1       |2025-03-20T17:15:28 |[null]   |[null]  |
|1               |0       |통신사    |4     |SKT 알뜰폰   |          |1       |2025-03-20T17:15:18 |[null]   |[null]  |
|----------------|--------|-------|------|----------|----------|--------|--------------------|---------|--------|
 
2025-03-20T19:04:38.090 [http-nio-8080-exec-1] DEBUG j.sqltiming -  com.zaxxer.hikari.pool.ProxyPreparedStatement.execute(ProxyPreparedStatement.java:44)
1. Select count(*)

			FROM
		    code c
		left JOIN codegroup cg ON c.codeGroup_cgSeq = cg.cgSeq
		WHERE
		    1=1
 {executed in 1 msec} 
2025-03-20T19:04:38.090 [http-nio-8080-exec-1] INFO j.resultsettable - 
|---------|
|count(*) |
|---------|
|13       |
|---------|
 
2025-03-20T19:04:38.092 [http-nio-8080-exec-1] DEBUG j.sqltiming -  com.zaxxer.hikari.pool.ProxyPreparedStatement.execute(ProxyPreparedStatement.java:44)
1. SELECT

		    c.codeGroup_cgSeq,
		    c.cdDelNy,
			cg.cgName,
		    c.cdSeq,
		    c.cdName,
		    c.cdNameEng,
		    c.cdOrder,
		    c.cdRegDate,
		    c.cdEdDate,
		    c.cdCheck

			FROM
		    code c
		left JOIN codegroup cg ON c.codeGroup_cgSeq = cg.cgSeq
		WHERE
		    1=1

		ORDER BY
		    c.cdSeq DESC		    
		limit 5 offset 0
 {executed in 1 msec} 
2025-03-20T19:04:38.094 [http-nio-8080-exec-1] INFO j.resultsettable - 
|----------------|--------|-------|------|--------|----------|--------|--------------------|---------|--------|
|codegroup_cgseq |cddelny |cgname |cdseq |cdname  |cdnameeng |cdorder |cdregdate           |cdeddate |cdcheck |
|----------------|--------|-------|------|--------|----------|--------|--------------------|---------|--------|
|4               |0       |리그서브   |13    |West    |West      |1       |2025-03-20T17:17:17 |[null]   |[null]  |
|4               |0       |리그서브   |12    |Central |Central   |1       |2025-03-20T17:17:07 |[null]   |[null]  |
|4               |0       |리그서브   |11    |East    |East      |1       |2025-03-20T17:16:50 |[null]   |[null]  |
|3               |0       |리그메인   |10    |NL      |NL        |1       |2025-03-20T17:16:37 |[null]   |[null]  |
|3               |0       |리그메인   |9     |AL      |AL        |1       |2025-03-20T17:16:29 |[null]   |[null]  |
|----------------|--------|-------|------|--------|----------|--------|--------------------|---------|--------|
 
2025-03-20T19:21:45.775 [http-nio-8080-exec-6] DEBUG j.sqltiming -  com.zaxxer.hikari.pool.ProxyPreparedStatement.execute(ProxyPreparedStatement.java:44)
1. Select count(*)

			FROM
		    code c
		left JOIN codegroup cg ON c.codeGroup_cgSeq = cg.cgSeq
		WHERE
		    1=1
 {executed in 1 msec} 
2025-03-20T19:21:45.775 [http-nio-8080-exec-6] INFO j.resultsettable - 
|---------|
|count(*) |
|---------|
|13       |
|---------|
 
2025-03-20T19:21:45.779 [http-nio-8080-exec-6] DEBUG j.sqltiming -  com.zaxxer.hikari.pool.ProxyPreparedStatement.execute(ProxyPreparedStatement.java:44)
1. SELECT

		    c.codeGroup_cgSeq,
		    c.cdDelNy,
			cg.cgName,
		    c.cdSeq,
		    c.cdName,
		    c.cdNameEng,
		    c.cdOrder,
		    c.cdRegDate,
		    c.cdEdDate,
		    c.cdCheck

			FROM
		    code c
		left JOIN codegroup cg ON c.codeGroup_cgSeq = cg.cgSeq
		WHERE
		    1=1

		ORDER BY
		    c.cdSeq DESC		    
		limit 5 offset 0
 {executed in 2 msec} 
2025-03-20T19:21:45.781 [http-nio-8080-exec-6] INFO j.resultsettable - 
|----------------|--------|-------|------|--------|----------|--------|--------------------|---------|--------|
|codegroup_cgseq |cddelny |cgname |cdseq |cdname  |cdnameeng |cdorder |cdregdate           |cdeddate |cdcheck |
|----------------|--------|-------|------|--------|----------|--------|--------------------|---------|--------|
|4               |0       |리그서브   |13    |West    |West      |1       |2025-03-20T17:17:17 |[null]   |[null]  |
|4               |0       |리그서브   |12    |Central |Central   |1       |2025-03-20T17:17:07 |[null]   |[null]  |
|4               |0       |리그서브   |11    |East    |East      |1       |2025-03-20T17:16:50 |[null]   |[null]  |
|3               |0       |리그메인   |10    |NL      |NL        |1       |2025-03-20T17:16:37 |[null]   |[null]  |
|3               |0       |리그메인   |9     |AL      |AL        |1       |2025-03-20T17:16:29 |[null]   |[null]  |
|----------------|--------|-------|------|--------|----------|--------|--------------------|---------|--------|
 
2025-03-20T19:21:52.348 [http-nio-8080-exec-1] DEBUG j.sqltiming -  com.zaxxer.hikari.pool.ProxyPreparedStatement.execute(ProxyPreparedStatement.java:44)
1. Select count(*)

			FROM
		    code c
		left JOIN codegroup cg ON c.codeGroup_cgSeq = cg.cgSeq
		WHERE
		    1=1
 {executed in 1 msec} 
2025-03-20T19:21:52.349 [http-nio-8080-exec-1] INFO j.resultsettable - 
|---------|
|count(*) |
|---------|
|13       |
|---------|
 
2025-03-20T19:21:52.351 [http-nio-8080-exec-1] DEBUG j.sqltiming -  com.zaxxer.hikari.pool.ProxyPreparedStatement.execute(ProxyPreparedStatement.java:44)
1. SELECT

		    c.codeGroup_cgSeq,
		    c.cdDelNy,
			cg.cgName,
		    c.cdSeq,
		    c.cdName,
		    c.cdNameEng,
		    c.cdOrder,
		    c.cdRegDate,
		    c.cdEdDate,
		    c.cdCheck

			FROM
		    code c
		left JOIN codegroup cg ON c.codeGroup_cgSeq = cg.cgSeq
		WHERE
		    1=1

		ORDER BY
		    c.cdSeq DESC		    
		limit 5 offset 0
 {executed in 2 msec} 
2025-03-20T19:21:52.352 [http-nio-8080-exec-1] INFO j.resultsettable - 
|----------------|--------|-------|------|--------|----------|--------|--------------------|---------|--------|
|codegroup_cgseq |cddelny |cgname |cdseq |cdname  |cdnameeng |cdorder |cdregdate           |cdeddate |cdcheck |
|----------------|--------|-------|------|--------|----------|--------|--------------------|---------|--------|
|4               |0       |리그서브   |13    |West    |West      |1       |2025-03-20T17:17:17 |[null]   |[null]  |
|4               |0       |리그서브   |12    |Central |Central   |1       |2025-03-20T17:17:07 |[null]   |[null]  |
|4               |0       |리그서브   |11    |East    |East      |1       |2025-03-20T17:16:50 |[null]   |[null]  |
|3               |0       |리그메인   |10    |NL      |NL        |1       |2025-03-20T17:16:37 |[null]   |[null]  |
|3               |0       |리그메인   |9     |AL      |AL        |1       |2025-03-20T17:16:29 |[null]   |[null]  |
|----------------|--------|-------|------|--------|----------|--------|--------------------|---------|--------|
 
2025-03-20T19:21:58.139 [http-nio-8080-exec-10] DEBUG j.sqltiming -  com.zaxxer.hikari.pool.ProxyPreparedStatement.execute(ProxyPreparedStatement.java:44)
1. Select count(*)

			FROM
		    code c
		left JOIN codegroup cg ON c.codeGroup_cgSeq = cg.cgSeq
		WHERE
		    1=1
 {executed in 1 msec} 
2025-03-20T19:21:58.139 [http-nio-8080-exec-10] INFO j.resultsettable - 
|---------|
|count(*) |
|---------|
|13       |
|---------|
 
2025-03-20T19:21:58.142 [http-nio-8080-exec-10] DEBUG j.sqltiming -  com.zaxxer.hikari.pool.ProxyPreparedStatement.execute(ProxyPreparedStatement.java:44)
1. SELECT

		    c.codeGroup_cgSeq,
		    c.cdDelNy,
			cg.cgName,
		    c.cdSeq,
		    c.cdName,
		    c.cdNameEng,
		    c.cdOrder,
		    c.cdRegDate,
		    c.cdEdDate,
		    c.cdCheck

			FROM
		    code c
		left JOIN codegroup cg ON c.codeGroup_cgSeq = cg.cgSeq
		WHERE
		    1=1

		ORDER BY
		    c.cdSeq DESC		    
		limit 5 offset 0
 {executed in 2 msec} 
2025-03-20T19:21:58.144 [http-nio-8080-exec-10] INFO j.resultsettable - 
|----------------|--------|-------|------|--------|----------|--------|--------------------|---------|--------|
|codegroup_cgseq |cddelny |cgname |cdseq |cdname  |cdnameeng |cdorder |cdregdate           |cdeddate |cdcheck |
|----------------|--------|-------|------|--------|----------|--------|--------------------|---------|--------|
|4               |0       |리그서브   |13    |West    |West      |1       |2025-03-20T17:17:17 |[null]   |[null]  |
|4               |0       |리그서브   |12    |Central |Central   |1       |2025-03-20T17:17:07 |[null]   |[null]  |
|4               |0       |리그서브   |11    |East    |East      |1       |2025-03-20T17:16:50 |[null]   |[null]  |
|3               |0       |리그메인   |10    |NL      |NL        |1       |2025-03-20T17:16:37 |[null]   |[null]  |
|3               |0       |리그메인   |9     |AL      |AL        |1       |2025-03-20T17:16:29 |[null]   |[null]  |
|----------------|--------|-------|------|--------|----------|--------|--------------------|---------|--------|
 
2025-03-20T19:26:32.715 [http-nio-8080-exec-1] DEBUG j.sqltiming -  com.zaxxer.hikari.pool.ProxyPreparedStatement.execute(ProxyPreparedStatement.java:44)
1. Select count(*)

			FROM
		    code c
		left JOIN codegroup cg ON c.codeGroup_cgSeq = cg.cgSeq
		WHERE
		    1=1
 {executed in 2 msec} 
2025-03-20T19:26:32.716 [http-nio-8080-exec-1] INFO j.resultsettable - 
|---------|
|count(*) |
|---------|
|13       |
|---------|
 
2025-03-20T19:26:32.719 [http-nio-8080-exec-1] DEBUG j.sqltiming -  com.zaxxer.hikari.pool.ProxyPreparedStatement.execute(ProxyPreparedStatement.java:44)
1. SELECT

		    c.codeGroup_cgSeq,
		    c.cdDelNy,
			cg.cgName,
		    c.cdSeq,
		    c.cdName,
		    c.cdNameEng,
		    c.cdOrder,
		    c.cdRegDate,
		    c.cdEdDate,
		    c.cdCheck

			FROM
		    code c
		left JOIN codegroup cg ON c.codeGroup_cgSeq = cg.cgSeq
		WHERE
		    1=1

		ORDER BY
		    c.cdSeq DESC		    
		limit 5 offset 5
 {executed in 2 msec} 
2025-03-20T19:26:32.722 [http-nio-8080-exec-1] INFO j.resultsettable - 
|----------------|--------|-------|------|----------|----------|--------|--------------------|---------|--------|
|codegroup_cgseq |cddelny |cgname |cdseq |cdname    |cdnameeng |cdorder |cdregdate           |cdeddate |cdcheck |
|----------------|--------|-------|------|----------|----------|--------|--------------------|---------|--------|
|2               |0       |성별     |8     |여자        |woman     |1       |2025-03-20T17:16:18 |[null]   |[null]  |
|2               |0       |성별     |7     |남자        |man       |1       |2025-03-20T17:16:04 |[null]   |[null]  |
|1               |0       |통신사    |6     |LG U+ 알뜰폰 |          |1       |2025-03-20T17:15:50 |[null]   |[null]  |
|1               |0       |통신사    |5     |KT 알뜰폰    |          |1       |2025-03-20T17:15:28 |[null]   |[null]  |
|1               |0       |통신사    |4     |SKT 알뜰폰   |          |1       |2025-03-20T17:15:18 |[null]   |[null]  |
|----------------|--------|-------|------|----------|----------|--------|--------------------|---------|--------|
 
2025-03-20T19:26:33.937 [http-nio-8080-exec-7] DEBUG j.sqltiming -  com.zaxxer.hikari.pool.ProxyPreparedStatement.execute(ProxyPreparedStatement.java:44)
1. Select count(*)

			FROM
		    code c
		left JOIN codegroup cg ON c.codeGroup_cgSeq = cg.cgSeq
		WHERE
		    1=1
 {executed in 0 msec} 
2025-03-20T19:26:33.937 [http-nio-8080-exec-7] INFO j.resultsettable - 
|---------|
|count(*) |
|---------|
|13       |
|---------|
 
2025-03-20T19:26:33.939 [http-nio-8080-exec-7] DEBUG j.sqltiming -  com.zaxxer.hikari.pool.ProxyPreparedStatement.execute(ProxyPreparedStatement.java:44)
1. SELECT

		    c.codeGroup_cgSeq,
		    c.cdDelNy,
			cg.cgName,
		    c.cdSeq,
		    c.cdName,
		    c.cdNameEng,
		    c.cdOrder,
		    c.cdRegDate,
		    c.cdEdDate,
		    c.cdCheck

			FROM
		    code c
		left JOIN codegroup cg ON c.codeGroup_cgSeq = cg.cgSeq
		WHERE
		    1=1

		ORDER BY
		    c.cdSeq DESC		    
		limit 5 offset 10
 {executed in 1 msec} 
2025-03-20T19:26:33.940 [http-nio-8080-exec-7] INFO j.resultsettable - 
|----------------|--------|-------|------|-------|----------|--------|--------------------|---------|--------|
|codegroup_cgseq |cddelny |cgname |cdseq |cdname |cdnameeng |cdorder |cdregdate           |cdeddate |cdcheck |
|----------------|--------|-------|------|-------|----------|--------|--------------------|---------|--------|
|1               |0       |통신사    |3     |LG U+  |LG U+     |1       |2025-03-20T17:15:07 |[null]   |[null]  |
|1               |0       |통신사    |2     |KT     |KT        |1       |2025-03-20T17:14:57 |[null]   |[null]  |
|1               |0       |통신사    |1     |SKT    |SKT       |1       |2025-03-20T16:51:08 |[null]   |[null]  |
|----------------|--------|-------|------|-------|----------|--------|--------------------|---------|--------|
 
2025-03-20T19:28:46.654 [http-nio-8080-exec-2] DEBUG j.sqltiming -  com.zaxxer.hikari.pool.ProxyPreparedStatement.execute(ProxyPreparedStatement.java:44)
1. Select count(*)

			FROM
		    code c
		left JOIN codegroup cg ON c.codeGroup_cgSeq = cg.cgSeq
		WHERE
		    1=1
 {executed in 1 msec} 
2025-03-20T19:28:46.655 [http-nio-8080-exec-2] INFO j.resultsettable - 
|---------|
|count(*) |
|---------|
|13       |
|---------|
 
2025-03-20T19:28:46.658 [http-nio-8080-exec-2] DEBUG j.sqltiming -  com.zaxxer.hikari.pool.ProxyPreparedStatement.execute(ProxyPreparedStatement.java:44)
1. SELECT

		    c.codeGroup_cgSeq,
		    c.cdDelNy,
			cg.cgName,
		    c.cdSeq,
		    c.cdName,
		    c.cdNameEng,
		    c.cdOrder,
		    c.cdRegDate,
		    c.cdEdDate,
		    c.cdCheck

			FROM
		    code c
		left JOIN codegroup cg ON c.codeGroup_cgSeq = cg.cgSeq
		WHERE
		    1=1

		ORDER BY
		    c.cdSeq DESC		    
		limit 5 offset 0
 {executed in 2 msec} 
2025-03-20T19:28:46.660 [http-nio-8080-exec-2] INFO j.resultsettable - 
|----------------|--------|-------|------|--------|----------|--------|--------------------|---------|--------|
|codegroup_cgseq |cddelny |cgname |cdseq |cdname  |cdnameeng |cdorder |cdregdate           |cdeddate |cdcheck |
|----------------|--------|-------|------|--------|----------|--------|--------------------|---------|--------|
|4               |0       |리그서브   |13    |West    |West      |1       |2025-03-20T17:17:17 |[null]   |[null]  |
|4               |0       |리그서브   |12    |Central |Central   |1       |2025-03-20T17:17:07 |[null]   |[null]  |
|4               |0       |리그서브   |11    |East    |East      |1       |2025-03-20T17:16:50 |[null]   |[null]  |
|3               |0       |리그메인   |10    |NL      |NL        |1       |2025-03-20T17:16:37 |[null]   |[null]  |
|3               |0       |리그메인   |9     |AL      |AL        |1       |2025-03-20T17:16:29 |[null]   |[null]  |
|----------------|--------|-------|------|--------|----------|--------|--------------------|---------|--------|
 
2025-03-20T19:29:08.290 [http-nio-8080-exec-9] DEBUG j.sqltiming -  com.zaxxer.hikari.pool.ProxyPreparedStatement.execute(ProxyPreparedStatement.java:44)
1. Select count(*)

			FROM
		    code c
		left JOIN codegroup cg ON c.codeGroup_cgSeq = cg.cgSeq
		WHERE
		    1=1
 {executed in 1 msec} 
2025-03-20T19:29:08.290 [http-nio-8080-exec-9] INFO j.resultsettable - 
|---------|
|count(*) |
|---------|
|13       |
|---------|
 
2025-03-20T19:29:08.293 [http-nio-8080-exec-9] DEBUG j.sqltiming -  com.zaxxer.hikari.pool.ProxyPreparedStatement.execute(ProxyPreparedStatement.java:44)
1. SELECT

		    c.codeGroup_cgSeq,
		    c.cdDelNy,
			cg.cgName,
		    c.cdSeq,
		    c.cdName,
		    c.cdNameEng,
		    c.cdOrder,
		    c.cdRegDate,
		    c.cdEdDate,
		    c.cdCheck

			FROM
		    code c
		left JOIN codegroup cg ON c.codeGroup_cgSeq = cg.cgSeq
		WHERE
		    1=1

		ORDER BY
		    c.cdSeq DESC		    
		limit 5 offset 5
 {executed in 2 msec} 
2025-03-20T19:29:08.296 [http-nio-8080-exec-9] INFO j.resultsettable - 
|----------------|--------|-------|------|----------|----------|--------|--------------------|---------|--------|
|codegroup_cgseq |cddelny |cgname |cdseq |cdname    |cdnameeng |cdorder |cdregdate           |cdeddate |cdcheck |
|----------------|--------|-------|------|----------|----------|--------|--------------------|---------|--------|
|2               |0       |성별     |8     |여자        |woman     |1       |2025-03-20T17:16:18 |[null]   |[null]  |
|2               |0       |성별     |7     |남자        |man       |1       |2025-03-20T17:16:04 |[null]   |[null]  |
|1               |0       |통신사    |6     |LG U+ 알뜰폰 |          |1       |2025-03-20T17:15:50 |[null]   |[null]  |
|1               |0       |통신사    |5     |KT 알뜰폰    |          |1       |2025-03-20T17:15:28 |[null]   |[null]  |
|1               |0       |통신사    |4     |SKT 알뜰폰   |          |1       |2025-03-20T17:15:18 |[null]   |[null]  |
|----------------|--------|-------|------|----------|----------|--------|--------------------|---------|--------|
 
2025-03-20T19:29:09.285 [http-nio-8080-exec-1] DEBUG j.sqltiming -  com.zaxxer.hikari.pool.ProxyPreparedStatement.execute(ProxyPreparedStatement.java:44)
1. Select count(*)

			FROM
		    code c
		left JOIN codegroup cg ON c.codeGroup_cgSeq = cg.cgSeq
		WHERE
		    1=1
 {executed in 1 msec} 
2025-03-20T19:29:09.286 [http-nio-8080-exec-1] INFO j.resultsettable - 
|---------|
|count(*) |
|---------|
|13       |
|---------|
 
2025-03-20T19:29:09.289 [http-nio-8080-exec-1] DEBUG j.sqltiming -  com.zaxxer.hikari.pool.ProxyPreparedStatement.execute(ProxyPreparedStatement.java:44)
1. SELECT

		    c.codeGroup_cgSeq,
		    c.cdDelNy,
			cg.cgName,
		    c.cdSeq,
		    c.cdName,
		    c.cdNameEng,
		    c.cdOrder,
		    c.cdRegDate,
		    c.cdEdDate,
		    c.cdCheck

			FROM
		    code c
		left JOIN codegroup cg ON c.codeGroup_cgSeq = cg.cgSeq
		WHERE
		    1=1

		ORDER BY
		    c.cdSeq DESC		    
		limit 5 offset 0
 {executed in 2 msec} 
2025-03-20T19:29:09.290 [http-nio-8080-exec-1] INFO j.resultsettable - 
|----------------|--------|-------|------|--------|----------|--------|--------------------|---------|--------|
|codegroup_cgseq |cddelny |cgname |cdseq |cdname  |cdnameeng |cdorder |cdregdate           |cdeddate |cdcheck |
|----------------|--------|-------|------|--------|----------|--------|--------------------|---------|--------|
|4               |0       |리그서브   |13    |West    |West      |1       |2025-03-20T17:17:17 |[null]   |[null]  |
|4               |0       |리그서브   |12    |Central |Central   |1       |2025-03-20T17:17:07 |[null]   |[null]  |
|4               |0       |리그서브   |11    |East    |East      |1       |2025-03-20T17:16:50 |[null]   |[null]  |
|3               |0       |리그메인   |10    |NL      |NL        |1       |2025-03-20T17:16:37 |[null]   |[null]  |
|3               |0       |리그메인   |9     |AL      |AL        |1       |2025-03-20T17:16:29 |[null]   |[null]  |
|----------------|--------|-------|------|--------|----------|--------|--------------------|---------|--------|
 
2025-03-20T19:32:40.826 [http-nio-8080-exec-8] DEBUG j.sqltiming -  com.zaxxer.hikari.pool.ProxyPreparedStatement.execute(ProxyPreparedStatement.java:44)
11. SELECT
		 l.cgSeq,
		 l.cgName
		 	from
		 	codeGroup as l
		 	where 1=1
 {executed in 4 msec} 
2025-03-20T19:32:40.827 [http-nio-8080-exec-8] INFO j.resultsettable - 
|------|-------|
|cgseq |cgname |
|------|-------|
|1     |통신사    |
|2     |성별     |
|3     |리그메인   |
|4     |리그서브   |
|------|-------|
 
2025-03-20T19:33:56.792 [File Watcher] INFO o.s.b.d.a.LocalDevToolsAutoConfiguration$RestartingClassPathChangeChangedEventListener - Restarting due to 1 class path change (0 additions, 0 deletions, 1 modification) 
2025-03-20T19:33:56.800 [Thread-5] INFO o.s.b.w.e.t.GracefulShutdown - Commencing graceful shutdown. Waiting for active requests to complete 
2025-03-20T19:33:56.801 [tomcat-shutdown] INFO o.a.c.h.Http11NioProtocol - Pausing ProtocolHandler ["http-nio-8080"] 
2025-03-20T19:33:56.817 [tomcat-shutdown] INFO o.s.b.w.e.t.GracefulShutdown - Graceful shutdown complete 
2025-03-20T19:33:56.817 [Thread-5] INFO o.a.c.h.Http11NioProtocol - Stopping ProtocolHandler ["http-nio-8080"] 
2025-03-20T19:33:56.821 [Thread-5] INFO c.z.h.HikariDataSource - HikariPool-1 - Shutdown initiated... 
2025-03-20T19:33:56.828 [Thread-5] INFO c.z.h.HikariDataSource - HikariPool-1 - Shutdown completed. 
2025-03-20T19:33:56.938 [restartedMain] INFO c.a.AngelsApplication - Starting AngelsApplication using Java 21.0.5 with PID 1632 (C:\factory\ws_sts4_4270\repo_angels\angels\bin\main started by sunjs in C:\factory\ws_sts4_4270\repo_angels\angels) 
2025-03-20T19:33:56.938 [restartedMain] INFO c.a.AngelsApplication - No active profile set, falling back to 1 default profile: "default" 
2025-03-20T19:33:57.204 [restartedMain] INFO o.s.b.w.e.t.TomcatWebServer - Tomcat initialized with port 8080 (http) 
2025-03-20T19:33:57.205 [restartedMain] INFO o.a.c.h.Http11NioProtocol - Initializing ProtocolHandler ["http-nio-8080"] 
2025-03-20T19:33:57.205 [restartedMain] INFO o.a.c.c.StandardService - Starting service [Tomcat] 
2025-03-20T19:33:57.205 [restartedMain] INFO o.a.c.c.StandardEngine - Starting Servlet engine: [Apache Tomcat/10.1.36] 
2025-03-20T19:33:57.226 [restartedMain] INFO o.a.c.c.C.[.[.[/] - Initializing Spring embedded WebApplicationContext 
2025-03-20T19:33:57.227 [restartedMain] INFO o.s.b.w.s.c.ServletWebServerApplicationContext - Root WebApplicationContext: initialization completed in 286 ms 
2025-03-20T19:33:57.287 [restartedMain] WARN o.s.b.w.s.c.AnnotationConfigServletWebServerApplicationContext - Exception encountered during context initialization - cancelling refresh attempt: org.springframework.beans.factory.UnsatisfiedDependencyException: Error creating bean with name 'codeGroupController': Unsatisfied dependency expressed through field 'codeGroupService': Error creating bean with name 'codeGroupService': Unsatisfied dependency expressed through field 'codeGroupDao': Error creating bean with name 'codeGroupDao' defined in file [C:\factory\ws_sts4_4270\repo_angels\angels\bin\main\com\angels\module\codegroup\CodeGroupDao.class]: Cannot resolve reference to bean 'sqlSessionFactoryMysqlMain' while setting bean property 'sqlSessionFactory' 
2025-03-20T19:33:57.288 [restartedMain] INFO o.a.c.c.StandardService - Stopping service [Tomcat] 
2025-03-20T19:33:57.297 [restartedMain] INFO o.s.b.a.l.ConditionEvaluationReportLogger - 

Error starting ApplicationContext. To display the condition evaluation report re-run your application with 'debug' enabled. 
2025-03-20T19:33:57.320 [restartedMain] ERROR o.s.b.SpringApplication - Application run failed 
org.springframework.beans.factory.UnsatisfiedDependencyException: Error creating bean with name 'codeGroupController': Unsatisfied dependency expressed through field 'codeGroupService': Error creating bean with name 'codeGroupService': Unsatisfied dependency expressed through field 'codeGroupDao': Error creating bean with name 'codeGroupDao' defined in file [C:\factory\ws_sts4_4270\repo_angels\angels\bin\main\com\angels\module\codegroup\CodeGroupDao.class]: Cannot resolve reference to bean 'sqlSessionFactoryMysqlMain' while setting bean property 'sqlSessionFactory'
	at org.springframework.beans.factory.annotation.AutowiredAnnotationBeanPostProcessor$AutowiredFieldElement.resolveFieldValue(AutowiredAnnotationBeanPostProcessor.java:788)
	at org.springframework.beans.factory.annotation.AutowiredAnnotationBeanPostProcessor$AutowiredFieldElement.inject(AutowiredAnnotationBeanPostProcessor.java:768)
	at org.springframework.beans.factory.annotation.InjectionMetadata.inject(InjectionMetadata.java:146)
	at org.springframework.beans.factory.annotation.AutowiredAnnotationBeanPostProcessor.postProcessProperties(AutowiredAnnotationBeanPostProcessor.java:509)
	at org.springframework.beans.factory.support.AbstractAutowireCapableBeanFactory.populateBean(AbstractAutowireCapableBeanFactory.java:1445)
	at org.springframework.beans.factory.support.AbstractAutowireCapableBeanFactory.doCreateBean(AbstractAutowireCapableBeanFactory.java:600)
	at org.springframework.beans.factory.support.AbstractAutowireCapableBeanFactory.createBean(AbstractAutowireCapableBeanFactory.java:523)
	at org.springframework.beans.factory.support.AbstractBeanFactory.lambda$doGetBean$0(AbstractBeanFactory.java:339)
	at org.springframework.beans.factory.support.DefaultSingletonBeanRegistry.getSingleton(DefaultSingletonBeanRegistry.java:346)
	at org.springframework.beans.factory.support.AbstractBeanFactory.doGetBean(AbstractBeanFactory.java:337)
	at org.springframework.beans.factory.support.AbstractBeanFactory.getBean(AbstractBeanFactory.java:202)
	at org.springframework.beans.factory.support.DefaultListableBeanFactory.instantiateSingleton(DefaultListableBeanFactory.java:1155)
	at org.springframework.beans.factory.support.DefaultListableBeanFactory.preInstantiateSingleton(DefaultListableBeanFactory.java:1121)
	at org.springframework.beans.factory.support.DefaultListableBeanFactory.preInstantiateSingletons(DefaultListableBeanFactory.java:1056)
	at org.springframework.context.support.AbstractApplicationContext.finishBeanFactoryInitialization(AbstractApplicationContext.java:987)
	at org.springframework.context.support.AbstractApplicationContext.refresh(AbstractApplicationContext.java:627)
	at org.springframework.boot.web.servlet.context.ServletWebServerApplicationContext.refresh(ServletWebServerApplicationContext.java:146)
	at org.springframework.boot.SpringApplication.refresh(SpringApplication.java:752)
	at org.springframework.boot.SpringApplication.refreshContext(SpringApplication.java:439)
	at org.springframework.boot.SpringApplication.run(SpringApplication.java:318)
	at org.springframework.boot.SpringApplication.run(SpringApplication.java:1361)
	at org.springframework.boot.SpringApplication.run(SpringApplication.java:1350)
	at com.angels.AngelsApplication.main(AngelsApplication.java:10)
	at java.base/jdk.internal.reflect.DirectMethodHandleAccessor.invoke(DirectMethodHandleAccessor.java:103)
	at java.base/java.lang.reflect.Method.invoke(Method.java:580)
	at org.springframework.boot.devtools.restart.RestartLauncher.run(RestartLauncher.java:50)
Caused by: org.springframework.beans.factory.UnsatisfiedDependencyException: Error creating bean with name 'codeGroupService': Unsatisfied dependency expressed through field 'codeGroupDao': Error creating bean with name 'codeGroupDao' defined in file [C:\factory\ws_sts4_4270\repo_angels\angels\bin\main\com\angels\module\codegroup\CodeGroupDao.class]: Cannot resolve reference to bean 'sqlSessionFactoryMysqlMain' while setting bean property 'sqlSessionFactory'
	at org.springframework.beans.factory.annotation.AutowiredAnnotationBeanPostProcessor$AutowiredFieldElement.resolveFieldValue(AutowiredAnnotationBeanPostProcessor.java:788)
	at org.springframework.beans.factory.annotation.AutowiredAnnotationBeanPostProcessor$AutowiredFieldElement.inject(AutowiredAnnotationBeanPostProcessor.java:768)
	at org.springframework.beans.factory.annotation.InjectionMetadata.inject(InjectionMetadata.java:146)
	at org.springframework.beans.factory.annotation.AutowiredAnnotationBeanPostProcessor.postProcessProperties(AutowiredAnnotationBeanPostProcessor.java:509)
	at org.springframework.beans.factory.support.AbstractAutowireCapableBeanFactory.populateBean(AbstractAutowireCapableBeanFactory.java:1445)
	at org.springframework.beans.factory.support.AbstractAutowireCapableBeanFactory.doCreateBean(AbstractAutowireCapableBeanFactory.java:600)
	at org.springframework.beans.factory.support.AbstractAutowireCapableBeanFactory.createBean(AbstractAutowireCapableBeanFactory.java:523)
	at org.springframework.beans.factory.support.AbstractBeanFactory.lambda$doGetBean$0(AbstractBeanFactory.java:339)
	at org.springframework.beans.factory.support.DefaultSingletonBeanRegistry.getSingleton(DefaultSingletonBeanRegistry.java:346)
	at org.springframework.beans.factory.support.AbstractBeanFactory.doGetBean(AbstractBeanFactory.java:337)
	at org.springframework.beans.factory.support.AbstractBeanFactory.getBean(AbstractBeanFactory.java:202)
	at org.springframework.beans.factory.support.DefaultListableBeanFactory.doResolveDependency(DefaultListableBeanFactory.java:1606)
	at org.springframework.beans.factory.support.DefaultListableBeanFactory.resolveDependency(DefaultListableBeanFactory.java:1552)
	at org.springframework.beans.factory.annotation.AutowiredAnnotationBeanPostProcessor$AutowiredFieldElement.resolveFieldValue(AutowiredAnnotationBeanPostProcessor.java:785)
	... 25 common frames omitted
Caused by: org.springframework.beans.factory.BeanCreationException: Error creating bean with name 'codeGroupDao' defined in file [C:\factory\ws_sts4_4270\repo_angels\angels\bin\main\com\angels\module\codegroup\CodeGroupDao.class]: Cannot resolve reference to bean 'sqlSessionFactoryMysqlMain' while setting bean property 'sqlSessionFactory'
	at org.springframework.beans.factory.support.BeanDefinitionValueResolver.resolveReference(BeanDefinitionValueResolver.java:377)
	at org.springframework.beans.factory.support.BeanDefinitionValueResolver.resolveValueIfNecessary(BeanDefinitionValueResolver.java:135)
	at org.springframework.beans.factory.support.AbstractAutowireCapableBeanFactory.applyPropertyValues(AbstractAutowireCapableBeanFactory.java:1711)
	at org.springframework.beans.factory.support.AbstractAutowireCapableBeanFactory.populateBean(AbstractAutowireCapableBeanFactory.java:1460)
	at org.springframework.beans.factory.support.AbstractAutowireCapableBeanFactory.doCreateBean(AbstractAutowireCapableBeanFactory.java:600)
	at org.springframework.beans.factory.support.AbstractAutowireCapableBeanFactory.createBean(AbstractAutowireCapableBeanFactory.java:523)
	at org.springframework.beans.factory.support.AbstractBeanFactory.lambda$doGetBean$0(AbstractBeanFactory.java:339)
	at org.springframework.beans.factory.support.DefaultSingletonBeanRegistry.getSingleton(DefaultSingletonBeanRegistry.java:346)
	at org.springframework.beans.factory.support.AbstractBeanFactory.doGetBean(AbstractBeanFactory.java:337)
	at org.springframework.beans.factory.support.AbstractBeanFactory.getBean(AbstractBeanFactory.java:202)
	at org.springframework.beans.factory.support.DefaultListableBeanFactory.doResolveDependency(DefaultListableBeanFactory.java:1606)
	at org.springframework.beans.factory.support.DefaultListableBeanFactory.resolveDependency(DefaultListableBeanFactory.java:1552)
	at org.springframework.beans.factory.annotation.AutowiredAnnotationBeanPostProcessor$AutowiredFieldElement.resolveFieldValue(AutowiredAnnotationBeanPostProcessor.java:785)
	... 38 common frames omitted
Caused by: org.springframework.beans.factory.BeanCreationException: Error creating bean with name 'sqlSessionFactoryMysqlMain' defined in class path resource [com/angels/common/config/DbConfigMysqlMain.class]: Failed to instantiate [org.apache.ibatis.session.SqlSessionFactory]: Factory method 'sqlSessionFactory' threw exception with message: Failed to parse mapping resource: 'file [C:\factory\ws_sts4_4270\repo_angels\angels\bin\main\mybatis\mapper\mysql\main\infra\TeamMapper.xml]'
	at org.springframework.beans.factory.support.ConstructorResolver.instantiate(ConstructorResolver.java:657)
	at org.springframework.beans.factory.support.ConstructorResolver.instantiateUsingFactoryMethod(ConstructorResolver.java:645)
	at org.springframework.beans.factory.support.AbstractAutowireCapableBeanFactory.instantiateUsingFactoryMethod(AbstractAutowireCapableBeanFactory.java:1361)
	at org.springframework.beans.factory.support.AbstractAutowireCapableBeanFactory.createBeanInstance(AbstractAutowireCapableBeanFactory.java:1191)
	at org.springframework.beans.factory.support.AbstractAutowireCapableBeanFactory.doCreateBean(AbstractAutowireCapableBeanFactory.java:563)
	at org.springframework.beans.factory.support.AbstractAutowireCapableBeanFactory.createBean(AbstractAutowireCapableBeanFactory.java:523)
	at org.springframework.beans.factory.support.AbstractBeanFactory.lambda$doGetBean$0(AbstractBeanFactory.java:339)
	at org.springframework.beans.factory.support.DefaultSingletonBeanRegistry.getSingleton(DefaultSingletonBeanRegistry.java:346)
	at org.springframework.beans.factory.support.AbstractBeanFactory.doGetBean(AbstractBeanFactory.java:337)
	at org.springframework.beans.factory.support.AbstractBeanFactory.getBean(AbstractBeanFactory.java:202)
	at org.springframework.beans.factory.support.BeanDefinitionValueResolver.resolveReference(BeanDefinitionValueResolver.java:365)
	... 50 common frames omitted
Caused by: org.springframework.beans.BeanInstantiationException: Failed to instantiate [org.apache.ibatis.session.SqlSessionFactory]: Factory method 'sqlSessionFactory' threw exception with message: Failed to parse mapping resource: 'file [C:\factory\ws_sts4_4270\repo_angels\angels\bin\main\mybatis\mapper\mysql\main\infra\TeamMapper.xml]'
	at org.springframework.beans.factory.support.SimpleInstantiationStrategy.lambda$instantiate$0(SimpleInstantiationStrategy.java:199)
	at org.springframework.beans.factory.support.SimpleInstantiationStrategy.instantiateWithFactoryMethod(SimpleInstantiationStrategy.java:88)
	at org.springframework.beans.factory.support.SimpleInstantiationStrategy.instantiate(SimpleInstantiationStrategy.java:168)
	at org.springframework.beans.factory.support.ConstructorResolver.instantiate(ConstructorResolver.java:653)
	... 60 common frames omitted
Caused by: java.io.IOException: Failed to parse mapping resource: 'file [C:\factory\ws_sts4_4270\repo_angels\angels\bin\main\mybatis\mapper\mysql\main\infra\TeamMapper.xml]'
	at org.mybatis.spring.SqlSessionFactoryBean.buildSqlSessionFactory(SqlSessionFactoryBean.java:695)
	at org.mybatis.spring.SqlSessionFactoryBean.afterPropertiesSet(SqlSessionFactoryBean.java:572)
	at org.mybatis.spring.SqlSessionFactoryBean.getObject(SqlSessionFactoryBean.java:712)
	at com.angels.common.config.DbConfigMysqlMain.sqlSessionFactory(DbConfigMysqlMain.java:44)
	at com.angels.common.config.DbConfigMysqlMain$$SpringCGLIB$$0.CGLIB$sqlSessionFactory$2(<generated>)
	at com.angels.common.config.DbConfigMysqlMain$$SpringCGLIB$$FastClass$$1.invoke(<generated>)
	at org.springframework.cglib.proxy.MethodProxy.invokeSuper(MethodProxy.java:258)
	at org.springframework.context.annotation.ConfigurationClassEnhancer$BeanMethodInterceptor.intercept(ConfigurationClassEnhancer.java:372)
	at com.angels.common.config.DbConfigMysqlMain$$SpringCGLIB$$0.sqlSessionFactory(<generated>)
	at java.base/jdk.internal.reflect.DirectMethodHandleAccessor.invoke(DirectMethodHandleAccessor.java:103)
	at java.base/java.lang.reflect.Method.invoke(Method.java:580)
	at org.springframework.beans.factory.support.SimpleInstantiationStrategy.lambda$instantiate$0(SimpleInstantiationStrategy.java:171)
	... 63 common frames omitted
Caused by: org.apache.ibatis.builder.BuilderException: Error creating document instance.  Cause: org.xml.sax.SAXParseException; lineNumber: 28; columnNumber: 54; 요소 유형 "select"에 대한 "reseltMap" 속성을 선언해야 합니다.
	at org.apache.ibatis.parsing.XPathParser.createDocument(XPathParser.java:262)
	at org.apache.ibatis.parsing.XPathParser.<init>(XPathParser.java:127)
	at org.apache.ibatis.builder.xml.XMLMapperBuilder.<init>(XMLMapperBuilder.java:83)
	at org.mybatis.spring.SqlSessionFactoryBean.buildSqlSessionFactory(SqlSessionFactoryBean.java:692)
	... 74 common frames omitted
Caused by: org.xml.sax.SAXParseException: 요소 유형 "select"에 대한 "reseltMap" 속성을 선언해야 합니다.
	at java.xml/com.sun.org.apache.xerces.internal.util.ErrorHandlerWrapper.createSAXParseException(ErrorHandlerWrapper.java:204)
	at java.xml/com.sun.org.apache.xerces.internal.util.ErrorHandlerWrapper.error(ErrorHandlerWrapper.java:135)
	at java.xml/com.sun.org.apache.xerces.internal.impl.XMLErrorReporter.reportError(XMLErrorReporter.java:396)
	at java.xml/com.sun.org.apache.xerces.internal.impl.XMLErrorReporter.reportError(XMLErrorReporter.java:327)
	at java.xml/com.sun.org.apache.xerces.internal.impl.XMLErrorReporter.reportError(XMLErrorReporter.java:284)
	at java.xml/com.sun.org.apache.xerces.internal.impl.dtd.XMLDTDValidator.addDTDDefaultAttrsAndValidate(XMLDTDValidator.java:1237)
	at java.xml/com.sun.org.apache.xerces.internal.impl.dtd.XMLDTDValidator.handleStartElement(XMLDTDValidator.java:1846)
	at java.xml/com.sun.org.apache.xerces.internal.impl.dtd.XMLDTDValidator.startElement(XMLDTDValidator.java:728)
	at java.xml/com.sun.org.apache.xerces.internal.impl.XMLDocumentFragmentScannerImpl.scanStartElement(XMLDocumentFragmentScannerImpl.java:1407)
	at java.xml/com.sun.org.apache.xerces.internal.impl.XMLDocumentFragmentScannerImpl$FragmentContentDriver.next(XMLDocumentFragmentScannerImpl.java:2726)
	at java.xml/com.sun.org.apache.xerces.internal.impl.XMLDocumentScannerImpl.next(XMLDocumentScannerImpl.java:605)
	at java.xml/com.sun.org.apache.xerces.internal.impl.XMLDocumentFragmentScannerImpl.scanDocument(XMLDocumentFragmentScannerImpl.java:542)
	at java.xml/com.sun.org.apache.xerces.internal.parsers.XML11Configuration.parse(XML11Configuration.java:889)
	at java.xml/com.sun.org.apache.xerces.internal.parsers.XML11Configuration.parse(XML11Configuration.java:825)
	at java.xml/com.sun.org.apache.xerces.internal.parsers.XMLParser.parse(XMLParser.java:141)
	at java.xml/com.sun.org.apache.xerces.internal.parsers.DOMParser.parse(DOMParser.java:247)
	at java.xml/com.sun.org.apache.xerces.internal.jaxp.DocumentBuilderImpl.parse(DocumentBuilderImpl.java:342)
	at org.apache.ibatis.parsing.XPathParser.createDocument(XPathParser.java:260)
	... 77 common frames omitted
2025-03-20T19:34:11.382 [restartedMain] INFO c.a.AngelsApplication - Starting AngelsApplication using Java 21.0.5 with PID 1632 (C:\factory\ws_sts4_4270\repo_angels\angels\bin\main started by sunjs in C:\factory\ws_sts4_4270\repo_angels\angels) 
2025-03-20T19:34:11.382 [restartedMain] INFO c.a.AngelsApplication - No active profile set, falling back to 1 default profile: "default" 
2025-03-20T19:34:11.619 [restartedMain] INFO o.s.b.w.e.t.TomcatWebServer - Tomcat initialized with port 8080 (http) 
2025-03-20T19:34:11.621 [restartedMain] INFO o.a.c.h.Http11NioProtocol - Initializing ProtocolHandler ["http-nio-8080"] 
2025-03-20T19:34:11.622 [restartedMain] INFO o.a.c.c.StandardService - Starting service [Tomcat] 
2025-03-20T19:34:11.622 [restartedMain] INFO o.a.c.c.StandardEngine - Starting Servlet engine: [Apache Tomcat/10.1.36] 
2025-03-20T19:34:11.640 [restartedMain] INFO o.a.c.c.C.[.[.[/] - Initializing Spring embedded WebApplicationContext 
2025-03-20T19:34:11.641 [restartedMain] INFO o.s.b.w.s.c.ServletWebServerApplicationContext - Root WebApplicationContext: initialization completed in 257 ms 
2025-03-20T19:34:11.674 [restartedMain] WARN o.s.b.w.s.c.AnnotationConfigServletWebServerApplicationContext - Exception encountered during context initialization - cancelling refresh attempt: org.springframework.beans.factory.UnsatisfiedDependencyException: Error creating bean with name 'codeGroupController': Unsatisfied dependency expressed through field 'codeGroupService': Error creating bean with name 'codeGroupService': Unsatisfied dependency expressed through field 'codeGroupDao': Error creating bean with name 'codeGroupDao' defined in file [C:\factory\ws_sts4_4270\repo_angels\angels\bin\main\com\angels\module\codegroup\CodeGroupDao.class]: Cannot resolve reference to bean 'sqlSessionFactoryMysqlMain' while setting bean property 'sqlSessionFactory' 
2025-03-20T19:34:11.675 [restartedMain] INFO o.a.c.c.StandardService - Stopping service [Tomcat] 
2025-03-20T19:34:11.679 [restartedMain] INFO o.s.b.a.l.ConditionEvaluationReportLogger - 

Error starting ApplicationContext. To display the condition evaluation report re-run your application with 'debug' enabled. 
2025-03-20T19:34:11.683 [restartedMain] ERROR o.s.b.SpringApplication - Application run failed 
org.springframework.beans.factory.UnsatisfiedDependencyException: Error creating bean with name 'codeGroupController': Unsatisfied dependency expressed through field 'codeGroupService': Error creating bean with name 'codeGroupService': Unsatisfied dependency expressed through field 'codeGroupDao': Error creating bean with name 'codeGroupDao' defined in file [C:\factory\ws_sts4_4270\repo_angels\angels\bin\main\com\angels\module\codegroup\CodeGroupDao.class]: Cannot resolve reference to bean 'sqlSessionFactoryMysqlMain' while setting bean property 'sqlSessionFactory'
	at org.springframework.beans.factory.annotation.AutowiredAnnotationBeanPostProcessor$AutowiredFieldElement.resolveFieldValue(AutowiredAnnotationBeanPostProcessor.java:788)
	at org.springframework.beans.factory.annotation.AutowiredAnnotationBeanPostProcessor$AutowiredFieldElement.inject(AutowiredAnnotationBeanPostProcessor.java:768)
	at org.springframework.beans.factory.annotation.InjectionMetadata.inject(InjectionMetadata.java:146)
	at org.springframework.beans.factory.annotation.AutowiredAnnotationBeanPostProcessor.postProcessProperties(AutowiredAnnotationBeanPostProcessor.java:509)
	at org.springframework.beans.factory.support.AbstractAutowireCapableBeanFactory.populateBean(AbstractAutowireCapableBeanFactory.java:1445)
	at org.springframework.beans.factory.support.AbstractAutowireCapableBeanFactory.doCreateBean(AbstractAutowireCapableBeanFactory.java:600)
	at org.springframework.beans.factory.support.AbstractAutowireCapableBeanFactory.createBean(AbstractAutowireCapableBeanFactory.java:523)
	at org.springframework.beans.factory.support.AbstractBeanFactory.lambda$doGetBean$0(AbstractBeanFactory.java:339)
	at org.springframework.beans.factory.support.DefaultSingletonBeanRegistry.getSingleton(DefaultSingletonBeanRegistry.java:346)
	at org.springframework.beans.factory.support.AbstractBeanFactory.doGetBean(AbstractBeanFactory.java:337)
	at org.springframework.beans.factory.support.AbstractBeanFactory.getBean(AbstractBeanFactory.java:202)
	at org.springframework.beans.factory.support.DefaultListableBeanFactory.instantiateSingleton(DefaultListableBeanFactory.java:1155)
	at org.springframework.beans.factory.support.DefaultListableBeanFactory.preInstantiateSingleton(DefaultListableBeanFactory.java:1121)
	at org.springframework.beans.factory.support.DefaultListableBeanFactory.preInstantiateSingletons(DefaultListableBeanFactory.java:1056)
	at org.springframework.context.support.AbstractApplicationContext.finishBeanFactoryInitialization(AbstractApplicationContext.java:987)
	at org.springframework.context.support.AbstractApplicationContext.refresh(AbstractApplicationContext.java:627)
	at org.springframework.boot.web.servlet.context.ServletWebServerApplicationContext.refresh(ServletWebServerApplicationContext.java:146)
	at org.springframework.boot.SpringApplication.refresh(SpringApplication.java:752)
	at org.springframework.boot.SpringApplication.refreshContext(SpringApplication.java:439)
	at org.springframework.boot.SpringApplication.run(SpringApplication.java:318)
	at org.springframework.boot.SpringApplication.run(SpringApplication.java:1361)
	at org.springframework.boot.SpringApplication.run(SpringApplication.java:1350)
	at com.angels.AngelsApplication.main(AngelsApplication.java:10)
	at java.base/jdk.internal.reflect.DirectMethodHandleAccessor.invoke(DirectMethodHandleAccessor.java:103)
	at java.base/java.lang.reflect.Method.invoke(Method.java:580)
	at org.springframework.boot.devtools.restart.RestartLauncher.run(RestartLauncher.java:50)
Caused by: org.springframework.beans.factory.UnsatisfiedDependencyException: Error creating bean with name 'codeGroupService': Unsatisfied dependency expressed through field 'codeGroupDao': Error creating bean with name 'codeGroupDao' defined in file [C:\factory\ws_sts4_4270\repo_angels\angels\bin\main\com\angels\module\codegroup\CodeGroupDao.class]: Cannot resolve reference to bean 'sqlSessionFactoryMysqlMain' while setting bean property 'sqlSessionFactory'
	at org.springframework.beans.factory.annotation.AutowiredAnnotationBeanPostProcessor$AutowiredFieldElement.resolveFieldValue(AutowiredAnnotationBeanPostProcessor.java:788)
	at org.springframework.beans.factory.annotation.AutowiredAnnotationBeanPostProcessor$AutowiredFieldElement.inject(AutowiredAnnotationBeanPostProcessor.java:768)
	at org.springframework.beans.factory.annotation.InjectionMetadata.inject(InjectionMetadata.java:146)
	at org.springframework.beans.factory.annotation.AutowiredAnnotationBeanPostProcessor.postProcessProperties(AutowiredAnnotationBeanPostProcessor.java:509)
	at org.springframework.beans.factory.support.AbstractAutowireCapableBeanFactory.populateBean(AbstractAutowireCapableBeanFactory.java:1445)
	at org.springframework.beans.factory.support.AbstractAutowireCapableBeanFactory.doCreateBean(AbstractAutowireCapableBeanFactory.java:600)
	at org.springframework.beans.factory.support.AbstractAutowireCapableBeanFactory.createBean(AbstractAutowireCapableBeanFactory.java:523)
	at org.springframework.beans.factory.support.AbstractBeanFactory.lambda$doGetBean$0(AbstractBeanFactory.java:339)
	at org.springframework.beans.factory.support.DefaultSingletonBeanRegistry.getSingleton(DefaultSingletonBeanRegistry.java:346)
	at org.springframework.beans.factory.support.AbstractBeanFactory.doGetBean(AbstractBeanFactory.java:337)
	at org.springframework.beans.factory.support.AbstractBeanFactory.getBean(AbstractBeanFactory.java:202)
	at org.springframework.beans.factory.support.DefaultListableBeanFactory.doResolveDependency(DefaultListableBeanFactory.java:1606)
	at org.springframework.beans.factory.support.DefaultListableBeanFactory.resolveDependency(DefaultListableBeanFactory.java:1552)
	at org.springframework.beans.factory.annotation.AutowiredAnnotationBeanPostProcessor$AutowiredFieldElement.resolveFieldValue(AutowiredAnnotationBeanPostProcessor.java:785)
	... 25 common frames omitted
Caused by: org.springframework.beans.factory.BeanCreationException: Error creating bean with name 'codeGroupDao' defined in file [C:\factory\ws_sts4_4270\repo_angels\angels\bin\main\com\angels\module\codegroup\CodeGroupDao.class]: Cannot resolve reference to bean 'sqlSessionFactoryMysqlMain' while setting bean property 'sqlSessionFactory'
	at org.springframework.beans.factory.support.BeanDefinitionValueResolver.resolveReference(BeanDefinitionValueResolver.java:377)
	at org.springframework.beans.factory.support.BeanDefinitionValueResolver.resolveValueIfNecessary(BeanDefinitionValueResolver.java:135)
	at org.springframework.beans.factory.support.AbstractAutowireCapableBeanFactory.applyPropertyValues(AbstractAutowireCapableBeanFactory.java:1711)
	at org.springframework.beans.factory.support.AbstractAutowireCapableBeanFactory.populateBean(AbstractAutowireCapableBeanFactory.java:1460)
	at org.springframework.beans.factory.support.AbstractAutowireCapableBeanFactory.doCreateBean(AbstractAutowireCapableBeanFactory.java:600)
	at org.springframework.beans.factory.support.AbstractAutowireCapableBeanFactory.createBean(AbstractAutowireCapableBeanFactory.java:523)
	at org.springframework.beans.factory.support.AbstractBeanFactory.lambda$doGetBean$0(AbstractBeanFactory.java:339)
	at org.springframework.beans.factory.support.DefaultSingletonBeanRegistry.getSingleton(DefaultSingletonBeanRegistry.java:346)
	at org.springframework.beans.factory.support.AbstractBeanFactory.doGetBean(AbstractBeanFactory.java:337)
	at org.springframework.beans.factory.support.AbstractBeanFactory.getBean(AbstractBeanFactory.java:202)
	at org.springframework.beans.factory.support.DefaultListableBeanFactory.doResolveDependency(DefaultListableBeanFactory.java:1606)
	at org.springframework.beans.factory.support.DefaultListableBeanFactory.resolveDependency(DefaultListableBeanFactory.java:1552)
	at org.springframework.beans.factory.annotation.AutowiredAnnotationBeanPostProcessor$AutowiredFieldElement.resolveFieldValue(AutowiredAnnotationBeanPostProcessor.java:785)
	... 38 common frames omitted
Caused by: org.springframework.beans.factory.BeanCreationException: Error creating bean with name 'sqlSessionFactoryMysqlMain' defined in class path resource [com/angels/common/config/DbConfigMysqlMain.class]: Failed to instantiate [org.apache.ibatis.session.SqlSessionFactory]: Factory method 'sqlSessionFactory' threw exception with message: Failed to parse mapping resource: 'file [C:\factory\ws_sts4_4270\repo_angels\angels\bin\main\mybatis\mapper\mysql\main\infra\TeamMapper.xml]'
	at org.springframework.beans.factory.support.ConstructorResolver.instantiate(ConstructorResolver.java:657)
	at org.springframework.beans.factory.support.ConstructorResolver.instantiateUsingFactoryMethod(ConstructorResolver.java:645)
	at org.springframework.beans.factory.support.AbstractAutowireCapableBeanFactory.instantiateUsingFactoryMethod(AbstractAutowireCapableBeanFactory.java:1361)
	at org.springframework.beans.factory.support.AbstractAutowireCapableBeanFactory.createBeanInstance(AbstractAutowireCapableBeanFactory.java:1191)
	at org.springframework.beans.factory.support.AbstractAutowireCapableBeanFactory.doCreateBean(AbstractAutowireCapableBeanFactory.java:563)
	at org.springframework.beans.factory.support.AbstractAutowireCapableBeanFactory.createBean(AbstractAutowireCapableBeanFactory.java:523)
	at org.springframework.beans.factory.support.AbstractBeanFactory.lambda$doGetBean$0(AbstractBeanFactory.java:339)
	at org.springframework.beans.factory.support.DefaultSingletonBeanRegistry.getSingleton(DefaultSingletonBeanRegistry.java:346)
	at org.springframework.beans.factory.support.AbstractBeanFactory.doGetBean(AbstractBeanFactory.java:337)
	at org.springframework.beans.factory.support.AbstractBeanFactory.getBean(AbstractBeanFactory.java:202)
	at org.springframework.beans.factory.support.BeanDefinitionValueResolver.resolveReference(BeanDefinitionValueResolver.java:365)
	... 50 common frames omitted
Caused by: org.springframework.beans.BeanInstantiationException: Failed to instantiate [org.apache.ibatis.session.SqlSessionFactory]: Factory method 'sqlSessionFactory' threw exception with message: Failed to parse mapping resource: 'file [C:\factory\ws_sts4_4270\repo_angels\angels\bin\main\mybatis\mapper\mysql\main\infra\TeamMapper.xml]'
	at org.springframework.beans.factory.support.SimpleInstantiationStrategy.lambda$instantiate$0(SimpleInstantiationStrategy.java:199)
	at org.springframework.beans.factory.support.SimpleInstantiationStrategy.instantiateWithFactoryMethod(SimpleInstantiationStrategy.java:88)
	at org.springframework.beans.factory.support.SimpleInstantiationStrategy.instantiate(SimpleInstantiationStrategy.java:168)
	at org.springframework.beans.factory.support.ConstructorResolver.instantiate(ConstructorResolver.java:653)
	... 60 common frames omitted
Caused by: java.io.IOException: Failed to parse mapping resource: 'file [C:\factory\ws_sts4_4270\repo_angels\angels\bin\main\mybatis\mapper\mysql\main\infra\TeamMapper.xml]'
	at org.mybatis.spring.SqlSessionFactoryBean.buildSqlSessionFactory(SqlSessionFactoryBean.java:695)
	at org.mybatis.spring.SqlSessionFactoryBean.afterPropertiesSet(SqlSessionFactoryBean.java:572)
	at org.mybatis.spring.SqlSessionFactoryBean.getObject(SqlSessionFactoryBean.java:712)
	at com.angels.common.config.DbConfigMysqlMain.sqlSessionFactory(DbConfigMysqlMain.java:44)
	at com.angels.common.config.DbConfigMysqlMain$$SpringCGLIB$$0.CGLIB$sqlSessionFactory$2(<generated>)
	at com.angels.common.config.DbConfigMysqlMain$$SpringCGLIB$$FastClass$$1.invoke(<generated>)
	at org.springframework.cglib.proxy.MethodProxy.invokeSuper(MethodProxy.java:258)
	at org.springframework.context.annotation.ConfigurationClassEnhancer$BeanMethodInterceptor.intercept(ConfigurationClassEnhancer.java:372)
	at com.angels.common.config.DbConfigMysqlMain$$SpringCGLIB$$0.sqlSessionFactory(<generated>)
	at java.base/jdk.internal.reflect.DirectMethodHandleAccessor.invoke(DirectMethodHandleAccessor.java:103)
	at java.base/java.lang.reflect.Method.invoke(Method.java:580)
	at org.springframework.beans.factory.support.SimpleInstantiationStrategy.lambda$instantiate$0(SimpleInstantiationStrategy.java:171)
	... 63 common frames omitted
Caused by: org.apache.ibatis.builder.BuilderException: Error creating document instance.  Cause: org.xml.sax.SAXParseException; lineNumber: 28; columnNumber: 54; 요소 유형 "select"에 대한 "reseltMap" 속성을 선언해야 합니다.
	at org.apache.ibatis.parsing.XPathParser.createDocument(XPathParser.java:262)
	at org.apache.ibatis.parsing.XPathParser.<init>(XPathParser.java:127)
	at org.apache.ibatis.builder.xml.XMLMapperBuilder.<init>(XMLMapperBuilder.java:83)
	at org.mybatis.spring.SqlSessionFactoryBean.buildSqlSessionFactory(SqlSessionFactoryBean.java:692)
	... 74 common frames omitted
Caused by: org.xml.sax.SAXParseException: 요소 유형 "select"에 대한 "reseltMap" 속성을 선언해야 합니다.
	at java.xml/com.sun.org.apache.xerces.internal.util.ErrorHandlerWrapper.createSAXParseException(ErrorHandlerWrapper.java:204)
	at java.xml/com.sun.org.apache.xerces.internal.util.ErrorHandlerWrapper.error(ErrorHandlerWrapper.java:135)
	at java.xml/com.sun.org.apache.xerces.internal.impl.XMLErrorReporter.reportError(XMLErrorReporter.java:396)
	at java.xml/com.sun.org.apache.xerces.internal.impl.XMLErrorReporter.reportError(XMLErrorReporter.java:327)
	at java.xml/com.sun.org.apache.xerces.internal.impl.XMLErrorReporter.reportError(XMLErrorReporter.java:284)
	at java.xml/com.sun.org.apache.xerces.internal.impl.dtd.XMLDTDValidator.addDTDDefaultAttrsAndValidate(XMLDTDValidator.java:1237)
	at java.xml/com.sun.org.apache.xerces.internal.impl.dtd.XMLDTDValidator.handleStartElement(XMLDTDValidator.java:1846)
	at java.xml/com.sun.org.apache.xerces.internal.impl.dtd.XMLDTDValidator.startElement(XMLDTDValidator.java:728)
	at java.xml/com.sun.org.apache.xerces.internal.impl.XMLDocumentFragmentScannerImpl.scanStartElement(XMLDocumentFragmentScannerImpl.java:1407)
	at java.xml/com.sun.org.apache.xerces.internal.impl.XMLDocumentFragmentScannerImpl$FragmentContentDriver.next(XMLDocumentFragmentScannerImpl.java:2726)
	at java.xml/com.sun.org.apache.xerces.internal.impl.XMLDocumentScannerImpl.next(XMLDocumentScannerImpl.java:605)
	at java.xml/com.sun.org.apache.xerces.internal.impl.XMLDocumentFragmentScannerImpl.scanDocument(XMLDocumentFragmentScannerImpl.java:542)
	at java.xml/com.sun.org.apache.xerces.internal.parsers.XML11Configuration.parse(XML11Configuration.java:889)
	at java.xml/com.sun.org.apache.xerces.internal.parsers.XML11Configuration.parse(XML11Configuration.java:825)
	at java.xml/com.sun.org.apache.xerces.internal.parsers.XMLParser.parse(XMLParser.java:141)
	at java.xml/com.sun.org.apache.xerces.internal.parsers.DOMParser.parse(DOMParser.java:247)
	at java.xml/com.sun.org.apache.xerces.internal.jaxp.DocumentBuilderImpl.parse(DocumentBuilderImpl.java:342)
	at org.apache.ibatis.parsing.XPathParser.createDocument(XPathParser.java:260)
	... 77 common frames omitted
2025-03-20T19:34:53.123 [restartedMain] INFO c.a.AngelsApplication - Starting AngelsApplication using Java 21.0.5 with PID 1632 (C:\factory\ws_sts4_4270\repo_angels\angels\bin\main started by sunjs in C:\factory\ws_sts4_4270\repo_angels\angels) 
2025-03-20T19:34:53.123 [restartedMain] INFO c.a.AngelsApplication - No active profile set, falling back to 1 default profile: "default" 
2025-03-20T19:34:53.355 [restartedMain] INFO o.s.b.w.e.t.TomcatWebServer - Tomcat initialized with port 8080 (http) 
2025-03-20T19:34:53.355 [restartedMain] INFO o.a.c.h.Http11NioProtocol - Initializing ProtocolHandler ["http-nio-8080"] 
2025-03-20T19:34:53.356 [restartedMain] INFO o.a.c.c.StandardService - Starting service [Tomcat] 
2025-03-20T19:34:53.356 [restartedMain] INFO o.a.c.c.StandardEngine - Starting Servlet engine: [Apache Tomcat/10.1.36] 
2025-03-20T19:34:53.383 [restartedMain] INFO o.a.c.c.C.[.[.[/] - Initializing Spring embedded WebApplicationContext 
2025-03-20T19:34:53.384 [restartedMain] INFO o.s.b.w.s.c.ServletWebServerApplicationContext - Root WebApplicationContext: initialization completed in 259 ms 
2025-03-20T19:34:53.574 [restartedMain] INFO o.s.b.d.a.OptionalLiveReloadServer - LiveReload server is running on port 35729 
2025-03-20T19:34:53.583 [restartedMain] INFO o.a.c.h.Http11NioProtocol - Starting ProtocolHandler ["http-nio-8080"] 
2025-03-20T19:34:53.588 [restartedMain] INFO o.s.b.w.e.t.TomcatWebServer - Tomcat started on port 8080 (http) with context path '/' 
2025-03-20T19:34:53.594 [restartedMain] INFO c.a.AngelsApplication - Started AngelsApplication in 0.504 seconds (process running for 1970.304) 
2025-03-20T19:34:53.597 [restartedMain] INFO o.s.b.d.a.ConditionEvaluationDeltaLoggingListener - Condition evaluation unchanged 
2025-03-20T19:35:37.146 [File Watcher] INFO o.s.b.d.a.LocalDevToolsAutoConfiguration$RestartingClassPathChangeChangedEventListener - Restarting due to 1 class path change (0 additions, 0 deletions, 1 modification) 
2025-03-20T19:35:37.149 [Thread-7] INFO o.s.b.w.e.t.GracefulShutdown - Commencing graceful shutdown. Waiting for active requests to complete 
2025-03-20T19:35:37.151 [tomcat-shutdown] INFO o.a.c.h.Http11NioProtocol - Pausing ProtocolHandler ["http-nio-8080"] 
2025-03-20T19:35:37.167 [tomcat-shutdown] INFO o.s.b.w.e.t.GracefulShutdown - Graceful shutdown complete 
2025-03-20T19:35:37.167 [Thread-7] INFO o.a.c.h.Http11NioProtocol - Stopping ProtocolHandler ["http-nio-8080"] 
2025-03-20T19:35:37.289 [restartedMain] INFO c.a.AngelsApplication - Starting AngelsApplication using Java 21.0.5 with PID 1632 (C:\factory\ws_sts4_4270\repo_angels\angels\bin\main started by sunjs in C:\factory\ws_sts4_4270\repo_angels\angels) 
2025-03-20T19:35:37.289 [restartedMain] INFO c.a.AngelsApplication - No active profile set, falling back to 1 default profile: "default" 
2025-03-20T19:35:37.500 [restartedMain] INFO o.s.b.w.e.t.TomcatWebServer - Tomcat initialized with port 8080 (http) 
2025-03-20T19:35:37.501 [restartedMain] INFO o.a.c.h.Http11NioProtocol - Initializing ProtocolHandler ["http-nio-8080"] 
2025-03-20T19:35:37.501 [restartedMain] INFO o.a.c.c.StandardService - Starting service [Tomcat] 
2025-03-20T19:35:37.501 [restartedMain] INFO o.a.c.c.StandardEngine - Starting Servlet engine: [Apache Tomcat/10.1.36] 
2025-03-20T19:35:37.519 [restartedMain] INFO o.a.c.c.C.[.[.[/] - Initializing Spring embedded WebApplicationContext 
2025-03-20T19:35:37.519 [restartedMain] INFO o.s.b.w.s.c.ServletWebServerApplicationContext - Root WebApplicationContext: initialization completed in 226 ms 
2025-03-20T19:35:37.655 [restartedMain] INFO o.s.b.d.a.OptionalLiveReloadServer - LiveReload server is running on port 35729 
2025-03-20T19:35:37.661 [restartedMain] INFO o.a.c.h.Http11NioProtocol - Starting ProtocolHandler ["http-nio-8080"] 
2025-03-20T19:35:37.665 [restartedMain] INFO o.s.b.w.e.t.TomcatWebServer - Tomcat started on port 8080 (http) with context path '/' 
2025-03-20T19:35:37.670 [restartedMain] INFO c.a.AngelsApplication - Started AngelsApplication in 0.424 seconds (process running for 2014.38) 
2025-03-20T19:35:37.671 [restartedMain] INFO o.s.b.d.a.ConditionEvaluationDeltaLoggingListener - Condition evaluation unchanged 
2025-03-20T19:36:45.456 [File Watcher] INFO o.s.b.d.a.LocalDevToolsAutoConfiguration$RestartingClassPathChangeChangedEventListener - Restarting due to 1 class path change (0 additions, 0 deletions, 1 modification) 
2025-03-20T19:36:45.458 [Thread-17] INFO o.s.b.w.e.t.GracefulShutdown - Commencing graceful shutdown. Waiting for active requests to complete 
2025-03-20T19:36:45.461 [tomcat-shutdown] INFO o.a.c.h.Http11NioProtocol - Pausing ProtocolHandler ["http-nio-8080"] 
2025-03-20T19:36:45.480 [tomcat-shutdown] INFO o.s.b.w.e.t.GracefulShutdown - Graceful shutdown complete 
2025-03-20T19:36:45.481 [Thread-17] INFO o.a.c.h.Http11NioProtocol - Stopping ProtocolHandler ["http-nio-8080"] 
2025-03-20T19:36:45.569 [restartedMain] INFO c.a.AngelsApplication - Starting AngelsApplication using Java 21.0.5 with PID 1632 (C:\factory\ws_sts4_4270\repo_angels\angels\bin\main started by sunjs in C:\factory\ws_sts4_4270\repo_angels\angels) 
2025-03-20T19:36:45.569 [restartedMain] INFO c.a.AngelsApplication - No active profile set, falling back to 1 default profile: "default" 
2025-03-20T19:36:45.784 [restartedMain] INFO o.s.b.w.e.t.TomcatWebServer - Tomcat initialized with port 8080 (http) 
2025-03-20T19:36:45.785 [restartedMain] INFO o.a.c.h.Http11NioProtocol - Initializing ProtocolHandler ["http-nio-8080"] 
2025-03-20T19:36:45.785 [restartedMain] INFO o.a.c.c.StandardService - Starting service [Tomcat] 
2025-03-20T19:36:45.786 [restartedMain] INFO o.a.c.c.StandardEngine - Starting Servlet engine: [Apache Tomcat/10.1.36] 
2025-03-20T19:36:45.806 [restartedMain] INFO o.a.c.c.C.[.[.[/] - Initializing Spring embedded WebApplicationContext 
2025-03-20T19:36:45.806 [restartedMain] INFO o.s.b.w.s.c.ServletWebServerApplicationContext - Root WebApplicationContext: initialization completed in 235 ms 
2025-03-20T19:36:45.953 [restartedMain] INFO o.s.b.d.a.OptionalLiveReloadServer - LiveReload server is running on port 35729 
2025-03-20T19:36:45.960 [restartedMain] INFO o.a.c.h.Http11NioProtocol - Starting ProtocolHandler ["http-nio-8080"] 
2025-03-20T19:36:45.963 [restartedMain] INFO o.s.b.w.e.t.TomcatWebServer - Tomcat started on port 8080 (http) with context path '/' 
2025-03-20T19:36:45.967 [restartedMain] INFO c.a.AngelsApplication - Started AngelsApplication in 0.434 seconds (process running for 2082.677) 
2025-03-20T19:36:45.968 [restartedMain] INFO o.s.b.d.a.ConditionEvaluationDeltaLoggingListener - Condition evaluation unchanged 
2025-03-20T19:37:36.772 [File Watcher] INFO o.s.b.d.a.LocalDevToolsAutoConfiguration$RestartingClassPathChangeChangedEventListener - Restarting due to 1 class path change (0 additions, 0 deletions, 1 modification) 
2025-03-20T19:37:36.773 [Thread-21] INFO o.s.b.w.e.t.GracefulShutdown - Commencing graceful shutdown. Waiting for active requests to complete 
2025-03-20T19:37:36.775 [tomcat-shutdown] INFO o.a.c.h.Http11NioProtocol - Pausing ProtocolHandler ["http-nio-8080"] 
2025-03-20T19:37:36.792 [tomcat-shutdown] INFO o.s.b.w.e.t.GracefulShutdown - Graceful shutdown complete 
2025-03-20T19:37:36.792 [Thread-21] INFO o.a.c.h.Http11NioProtocol - Stopping ProtocolHandler ["http-nio-8080"] 
2025-03-20T19:37:36.876 [restartedMain] INFO c.a.AngelsApplication - Starting AngelsApplication using Java 21.0.5 with PID 1632 (C:\factory\ws_sts4_4270\repo_angels\angels\bin\main started by sunjs in C:\factory\ws_sts4_4270\repo_angels\angels) 
2025-03-20T19:37:36.876 [restartedMain] INFO c.a.AngelsApplication - No active profile set, falling back to 1 default profile: "default" 
2025-03-20T19:37:37.094 [restartedMain] INFO o.s.b.w.e.t.TomcatWebServer - Tomcat initialized with port 8080 (http) 
2025-03-20T19:37:37.096 [restartedMain] INFO o.a.c.h.Http11NioProtocol - Initializing ProtocolHandler ["http-nio-8080"] 
2025-03-20T19:37:37.096 [restartedMain] INFO o.a.c.c.StandardService - Starting service [Tomcat] 
2025-03-20T19:37:37.096 [restartedMain] INFO o.a.c.c.StandardEngine - Starting Servlet engine: [Apache Tomcat/10.1.36] 
2025-03-20T19:37:37.114 [restartedMain] INFO o.a.c.c.C.[.[.[/] - Initializing Spring embedded WebApplicationContext 
2025-03-20T19:37:37.115 [restartedMain] INFO o.s.b.w.s.c.ServletWebServerApplicationContext - Root WebApplicationContext: initialization completed in 236 ms 
2025-03-20T19:37:37.279 [restartedMain] INFO o.s.b.d.a.OptionalLiveReloadServer - LiveReload server is running on port 35729 
2025-03-20T19:37:37.287 [restartedMain] INFO o.a.c.h.Http11NioProtocol - Starting ProtocolHandler ["http-nio-8080"] 
2025-03-20T19:37:37.290 [restartedMain] INFO o.s.b.w.e.t.TomcatWebServer - Tomcat started on port 8080 (http) with context path '/' 
2025-03-20T19:37:37.294 [restartedMain] INFO c.a.AngelsApplication - Started AngelsApplication in 0.45 seconds (process running for 2134.004) 
2025-03-20T19:37:37.295 [restartedMain] INFO o.s.b.d.a.ConditionEvaluationDeltaLoggingListener - Condition evaluation unchanged 
2025-03-20T19:38:37.912 [File Watcher] INFO o.s.b.d.a.LocalDevToolsAutoConfiguration$RestartingClassPathChangeChangedEventListener - Restarting due to 1 class path change (0 additions, 0 deletions, 1 modification) 
2025-03-20T19:38:37.913 [Thread-25] INFO o.s.b.w.e.t.GracefulShutdown - Commencing graceful shutdown. Waiting for active requests to complete 
2025-03-20T19:38:37.914 [tomcat-shutdown] INFO o.a.c.h.Http11NioProtocol - Pausing ProtocolHandler ["http-nio-8080"] 
2025-03-20T19:38:37.930 [tomcat-shutdown] INFO o.s.b.w.e.t.GracefulShutdown - Graceful shutdown complete 
2025-03-20T19:38:37.930 [Thread-25] INFO o.a.c.h.Http11NioProtocol - Stopping ProtocolHandler ["http-nio-8080"] 
2025-03-20T19:38:38.005 [restartedMain] INFO c.a.AngelsApplication - Starting AngelsApplication using Java 21.0.5 with PID 1632 (C:\factory\ws_sts4_4270\repo_angels\angels\bin\main started by sunjs in C:\factory\ws_sts4_4270\repo_angels\angels) 
2025-03-20T19:38:38.005 [restartedMain] INFO c.a.AngelsApplication - No active profile set, falling back to 1 default profile: "default" 
2025-03-20T19:38:38.212 [restartedMain] INFO o.s.b.w.e.t.TomcatWebServer - Tomcat initialized with port 8080 (http) 
2025-03-20T19:38:38.213 [restartedMain] INFO o.a.c.h.Http11NioProtocol - Initializing ProtocolHandler ["http-nio-8080"] 
2025-03-20T19:38:38.213 [restartedMain] INFO o.a.c.c.StandardService - Starting service [Tomcat] 
2025-03-20T19:38:38.213 [restartedMain] INFO o.a.c.c.StandardEngine - Starting Servlet engine: [Apache Tomcat/10.1.36] 
2025-03-20T19:38:38.232 [restartedMain] INFO o.a.c.c.C.[.[.[/] - Initializing Spring embedded WebApplicationContext 
2025-03-20T19:38:38.232 [restartedMain] INFO o.s.b.w.s.c.ServletWebServerApplicationContext - Root WebApplicationContext: initialization completed in 225 ms 
2025-03-20T19:38:38.352 [restartedMain] INFO o.s.b.d.a.OptionalLiveReloadServer - LiveReload server is running on port 35729 
2025-03-20T19:38:38.358 [restartedMain] INFO o.a.c.h.Http11NioProtocol - Starting ProtocolHandler ["http-nio-8080"] 
2025-03-20T19:38:38.361 [restartedMain] INFO o.s.b.w.e.t.TomcatWebServer - Tomcat started on port 8080 (http) with context path '/' 
2025-03-20T19:38:38.365 [restartedMain] INFO c.a.AngelsApplication - Started AngelsApplication in 0.391 seconds (process running for 2195.075) 
2025-03-20T19:38:38.366 [restartedMain] INFO o.s.b.d.a.ConditionEvaluationDeltaLoggingListener - Condition evaluation unchanged 
2025-03-20T19:39:30.155 [File Watcher] INFO o.s.b.d.a.LocalDevToolsAutoConfiguration$RestartingClassPathChangeChangedEventListener - Restarting due to 1 class path change (0 additions, 0 deletions, 1 modification) 
2025-03-20T19:39:30.157 [Thread-29] INFO o.s.b.w.e.t.GracefulShutdown - Commencing graceful shutdown. Waiting for active requests to complete 
2025-03-20T19:39:30.157 [tomcat-shutdown] INFO o.a.c.h.Http11NioProtocol - Pausing ProtocolHandler ["http-nio-8080"] 
2025-03-20T19:39:30.172 [tomcat-shutdown] INFO o.s.b.w.e.t.GracefulShutdown - Graceful shutdown complete 
2025-03-20T19:39:30.173 [Thread-29] INFO o.a.c.h.Http11NioProtocol - Stopping ProtocolHandler ["http-nio-8080"] 
2025-03-20T19:39:30.241 [restartedMain] INFO c.a.AngelsApplication - Starting AngelsApplication using Java 21.0.5 with PID 1632 (C:\factory\ws_sts4_4270\repo_angels\angels\bin\main started by sunjs in C:\factory\ws_sts4_4270\repo_angels\angels) 
2025-03-20T19:39:30.242 [restartedMain] INFO c.a.AngelsApplication - No active profile set, falling back to 1 default profile: "default" 
2025-03-20T19:39:30.442 [restartedMain] INFO o.s.b.w.e.t.TomcatWebServer - Tomcat initialized with port 8080 (http) 
2025-03-20T19:39:30.443 [restartedMain] INFO o.a.c.h.Http11NioProtocol - Initializing ProtocolHandler ["http-nio-8080"] 
2025-03-20T19:39:30.443 [restartedMain] INFO o.a.c.c.StandardService - Starting service [Tomcat] 
2025-03-20T19:39:30.443 [restartedMain] INFO o.a.c.c.StandardEngine - Starting Servlet engine: [Apache Tomcat/10.1.36] 
2025-03-20T19:39:30.461 [restartedMain] INFO o.a.c.c.C.[.[.[/] - Initializing Spring embedded WebApplicationContext 
2025-03-20T19:39:30.461 [restartedMain] INFO o.s.b.w.s.c.ServletWebServerApplicationContext - Root WebApplicationContext: initialization completed in 218 ms 
2025-03-20T19:39:30.589 [restartedMain] INFO o.s.b.d.a.OptionalLiveReloadServer - LiveReload server is running on port 35729 
2025-03-20T19:39:30.597 [restartedMain] INFO o.a.c.h.Http11NioProtocol - Starting ProtocolHandler ["http-nio-8080"] 
2025-03-20T19:39:30.600 [restartedMain] INFO o.s.b.w.e.t.TomcatWebServer - Tomcat started on port 8080 (http) with context path '/' 
2025-03-20T19:39:30.604 [restartedMain] INFO c.a.AngelsApplication - Started AngelsApplication in 0.392 seconds (process running for 2247.314) 
2025-03-20T19:39:30.605 [restartedMain] INFO o.s.b.d.a.ConditionEvaluationDeltaLoggingListener - Condition evaluation unchanged 
2025-03-20T19:39:40.503 [File Watcher] INFO o.s.b.d.a.LocalDevToolsAutoConfiguration$RestartingClassPathChangeChangedEventListener - Restarting due to 1 class path change (0 additions, 0 deletions, 1 modification) 
2025-03-20T19:39:40.504 [Thread-33] INFO o.s.b.w.e.t.GracefulShutdown - Commencing graceful shutdown. Waiting for active requests to complete 
2025-03-20T19:39:40.505 [tomcat-shutdown] INFO o.a.c.h.Http11NioProtocol - Pausing ProtocolHandler ["http-nio-8080"] 
2025-03-20T19:39:40.522 [tomcat-shutdown] INFO o.s.b.w.e.t.GracefulShutdown - Graceful shutdown complete 
2025-03-20T19:39:40.522 [Thread-33] INFO o.a.c.h.Http11NioProtocol - Stopping ProtocolHandler ["http-nio-8080"] 
2025-03-20T19:39:40.593 [restartedMain] INFO c.a.AngelsApplication - Starting AngelsApplication using Java 21.0.5 with PID 1632 (C:\factory\ws_sts4_4270\repo_angels\angels\bin\main started by sunjs in C:\factory\ws_sts4_4270\repo_angels\angels) 
2025-03-20T19:39:40.593 [restartedMain] INFO c.a.AngelsApplication - No active profile set, falling back to 1 default profile: "default" 
2025-03-20T19:39:40.803 [restartedMain] INFO o.s.b.w.e.t.TomcatWebServer - Tomcat initialized with port 8080 (http) 
2025-03-20T19:39:40.803 [restartedMain] INFO o.a.c.h.Http11NioProtocol - Initializing ProtocolHandler ["http-nio-8080"] 
2025-03-20T19:39:40.803 [restartedMain] INFO o.a.c.c.StandardService - Starting service [Tomcat] 
2025-03-20T19:39:40.804 [restartedMain] INFO o.a.c.c.StandardEngine - Starting Servlet engine: [Apache Tomcat/10.1.36] 
2025-03-20T19:39:40.821 [restartedMain] INFO o.a.c.c.C.[.[.[/] - Initializing Spring embedded WebApplicationContext 
2025-03-20T19:39:40.821 [restartedMain] INFO o.s.b.w.s.c.ServletWebServerApplicationContext - Root WebApplicationContext: initialization completed in 225 ms 
2025-03-20T19:39:40.940 [restartedMain] INFO o.s.b.d.a.OptionalLiveReloadServer - LiveReload server is running on port 35729 
2025-03-20T19:39:40.945 [restartedMain] INFO o.a.c.h.Http11NioProtocol - Starting ProtocolHandler ["http-nio-8080"] 
2025-03-20T19:39:40.949 [restartedMain] INFO o.s.b.w.e.t.TomcatWebServer - Tomcat started on port 8080 (http) with context path '/' 
2025-03-20T19:39:40.954 [restartedMain] INFO c.a.AngelsApplication - Started AngelsApplication in 0.392 seconds (process running for 2257.664) 
2025-03-20T19:39:40.956 [restartedMain] INFO o.s.b.d.a.ConditionEvaluationDeltaLoggingListener - Condition evaluation unchanged 
2025-03-20T19:45:33.388 [http-nio-8080-exec-1] INFO o.a.c.c.C.[.[.[/] - Initializing Spring DispatcherServlet 'dispatcherServlet' 
2025-03-20T19:45:33.388 [http-nio-8080-exec-1] INFO o.s.w.s.DispatcherServlet - Initializing Servlet 'dispatcherServlet' 
2025-03-20T19:45:33.389 [http-nio-8080-exec-1] INFO o.s.w.s.DispatcherServlet - Completed initialization in 1 ms 
