2025-03-19T10:06:50.890 [http-nio-8080-exec-2] DEBUG j.sqltiming -  com.zaxxer.hikari.pool.ProxyPreparedStatement.execute(ProxyPreparedStatement.java:44)
11. Select count(*)

			FROM
		    code c
		left JOIN codegroup cg ON c.codeGroup_cgSeq = cg.cgSeq
		WHERE
		    1=1
 {executed in 12 msec} 
2025-03-19T10:06:50.894 [http-nio-8080-exec-2] INFO j.resultsettable - 
|---------|
|count(*) |
|---------|
|8        |
|---------|
 
2025-03-19T10:06:50.903 [http-nio-8080-exec-2] DEBUG j.sqltiming -  com.zaxxer.hikari.pool.ProxyPreparedStatement.execute(ProxyPreparedStatement.java:44)
11. SELECT
			c.cdUse,
		    c.codeGroup_cgSeq,
			cg.cgName,
		    c.cdSeq,
		    c.cdDelNy,
		    c.cdName,
		    c.cdNameEng,
		    c.cdOrder,
		    c.cdRegDate,
		    c.cdEdDate,
		    c.cdCheck

			FROM
		    code c
		left JOIN codegroup cg ON c.codeGroup_cgSeq = cg.cgSeq
		WHERE
		    1=1

		ORDER BY
		    c.cdSeq DESC		    
		limit 5 offset 0
 {executed in 5 msec} 
2025-03-19T10:06:50.914 [http-nio-8080-exec-2] INFO j.resultsettable - 
|------|----------------|-------|------|--------|----------|----------|--------|--------------------|---------|--------|
|cduse |codegroup_cgseq |cgname |cdseq |cddelny |cdname    |cdnameeng |cdorder |cdregdate           |cdeddate |cdcheck |
|------|----------------|-------|------|--------|----------|----------|--------|--------------------|---------|--------|
|null  |2               |성별     |8     |0       |여자        |woman     |1       |2025-03-18T16:12:35 |[null]   |[null]  |
|null  |2               |성별     |7     |0       |남자        |man       |1       |2025-03-18T16:12:23 |[null]   |[null]  |
|null  |1               |통신사    |6     |0       |LG U+ 알뜰폰 |LG U+ 알뜰폰 |1       |2025-03-18T16:12:10 |[null]   |[null]  |
|null  |1               |통신사    |5     |0       |SKT 알뜰폰   |SKT 알뜰폰   |1       |2025-03-18T16:11:56 |[null]   |[null]  |
|null  |1               |통신사    |4     |0       |KT 알뜰폰    |KT 알뜰폰    |1       |2025-03-18T16:11:37 |[null]   |[null]  |
|------|----------------|-------|------|--------|----------|----------|--------|--------------------|---------|--------|
 
2025-03-19T10:07:01.386 [http-nio-8080-exec-1] DEBUG j.sqltiming -  com.zaxxer.hikari.pool.ProxyPreparedStatement.execute(ProxyPreparedStatement.java:44)
11. Select count(*)

			FROM
		    code c
		left JOIN codegroup cg ON c.codeGroup_cgSeq = cg.cgSeq
		WHERE
		    1=1
 {executed in 0 msec} 
2025-03-19T10:07:01.387 [http-nio-8080-exec-1] INFO j.resultsettable - 
|---------|
|count(*) |
|---------|
|8        |
|---------|
 
2025-03-19T10:07:01.390 [http-nio-8080-exec-1] DEBUG j.sqltiming -  com.zaxxer.hikari.pool.ProxyPreparedStatement.execute(ProxyPreparedStatement.java:44)
11. SELECT
			c.cdUse,
		    c.codeGroup_cgSeq,
			cg.cgName,
		    c.cdSeq,
		    c.cdDelNy,
		    c.cdName,
		    c.cdNameEng,
		    c.cdOrder,
		    c.cdRegDate,
		    c.cdEdDate,
		    c.cdCheck

			FROM
		    code c
		left JOIN codegroup cg ON c.codeGroup_cgSeq = cg.cgSeq
		WHERE
		    1=1

		ORDER BY
		    c.cdSeq DESC		    
		limit 5 offset 5
 {executed in 2 msec} 
2025-03-19T10:07:01.393 [http-nio-8080-exec-1] INFO j.resultsettable - 
|------|----------------|-------|------|--------|-------|----------|--------|--------------------|---------|--------|
|cduse |codegroup_cgseq |cgname |cdseq |cddelny |cdname |cdnameeng |cdorder |cdregdate           |cdeddate |cdcheck |
|------|----------------|-------|------|--------|-------|----------|--------|--------------------|---------|--------|
|null  |1               |통신사    |3     |0       |LG U+  |LG U+     |1       |2025-03-18T16:11:17 |[null]   |[null]  |
|null  |1               |통신사    |2     |0       |KT     |KT        |1       |2025-03-18T16:10:42 |[null]   |[null]  |
|null  |1               |통신사    |1     |0       |SKT    |SKT       |1       |2025-03-18T16:10:31 |[null]   |[null]  |
|------|----------------|-------|------|--------|-------|----------|--------|--------------------|---------|--------|
 
2025-03-19T10:07:03.984 [http-nio-8080-exec-5] DEBUG j.sqltiming -  com.zaxxer.hikari.pool.ProxyPreparedStatement.execute(ProxyPreparedStatement.java:44)
11. Select count(*)

			FROM
		    code c
		left JOIN codegroup cg ON c.codeGroup_cgSeq = cg.cgSeq
		WHERE
		    1=1
 {executed in 1 msec} 
2025-03-19T10:07:03.985 [http-nio-8080-exec-5] INFO j.resultsettable - 
|---------|
|count(*) |
|---------|
|8        |
|---------|
 
2025-03-19T10:07:03.989 [http-nio-8080-exec-5] DEBUG j.sqltiming -  com.zaxxer.hikari.pool.ProxyPreparedStatement.execute(ProxyPreparedStatement.java:44)
11. SELECT
			c.cdUse,
		    c.codeGroup_cgSeq,
			cg.cgName,
		    c.cdSeq,
		    c.cdDelNy,
		    c.cdName,
		    c.cdNameEng,
		    c.cdOrder,
		    c.cdRegDate,
		    c.cdEdDate,
		    c.cdCheck

			FROM
		    code c
		left JOIN codegroup cg ON c.codeGroup_cgSeq = cg.cgSeq
		WHERE
		    1=1

		ORDER BY
		    c.cdSeq DESC		    
		limit 5 offset 0
 {executed in 2 msec} 
2025-03-19T10:07:03.993 [http-nio-8080-exec-5] INFO j.resultsettable - 
|------|----------------|-------|------|--------|----------|----------|--------|--------------------|---------|--------|
|cduse |codegroup_cgseq |cgname |cdseq |cddelny |cdname    |cdnameeng |cdorder |cdregdate           |cdeddate |cdcheck |
|------|----------------|-------|------|--------|----------|----------|--------|--------------------|---------|--------|
|null  |2               |성별     |8     |0       |여자        |woman     |1       |2025-03-18T16:12:35 |[null]   |[null]  |
|null  |2               |성별     |7     |0       |남자        |man       |1       |2025-03-18T16:12:23 |[null]   |[null]  |
|null  |1               |통신사    |6     |0       |LG U+ 알뜰폰 |LG U+ 알뜰폰 |1       |2025-03-18T16:12:10 |[null]   |[null]  |
|null  |1               |통신사    |5     |0       |SKT 알뜰폰   |SKT 알뜰폰   |1       |2025-03-18T16:11:56 |[null]   |[null]  |
|null  |1               |통신사    |4     |0       |KT 알뜰폰    |KT 알뜰폰    |1       |2025-03-18T16:11:37 |[null]   |[null]  |
|------|----------------|-------|------|--------|----------|----------|--------|--------------------|---------|--------|
 
2025-03-19T10:07:52.309 [RMI TCP Connection(47)-127.0.0.1] INFO o.s.b.a.SpringApplicationAdminMXBeanRegistrar$SpringApplicationAdmin - Application shutdown requested. 
2025-03-19T10:07:52.312 [RMI TCP Connection(47)-127.0.0.1] INFO o.s.b.w.e.t.GracefulShutdown - Commencing graceful shutdown. Waiting for active requests to complete 
2025-03-19T10:07:52.314 [tomcat-shutdown] INFO o.a.c.h.Http11NioProtocol - Pausing ProtocolHandler ["http-nio-8080"] 
2025-03-19T10:07:52.330 [tomcat-shutdown] INFO o.s.b.w.e.t.GracefulShutdown - Graceful shutdown complete 
2025-03-19T10:07:52.331 [RMI TCP Connection(47)-127.0.0.1] INFO o.a.c.h.Http11NioProtocol - Stopping ProtocolHandler ["http-nio-8080"] 
2025-03-19T10:07:52.334 [RMI TCP Connection(47)-127.0.0.1] INFO c.z.h.HikariDataSource - HikariPool-1 - Shutdown initiated... 
2025-03-19T10:07:52.339 [RMI TCP Connection(47)-127.0.0.1] INFO c.z.h.HikariDataSource - HikariPool-1 - Shutdown completed. 
2025-03-19T10:50:02.341 [restartedMain] INFO c.a.AngelsApplication - Starting AngelsApplication using Java 21.0.5 with PID 7904 (C:\factory\ws_sts4_4270\repo_angels\angels\bin\main started by sunjs in C:\factory\ws_sts4_4270\repo_angels\angels) 
2025-03-19T10:50:02.343 [restartedMain] INFO c.a.AngelsApplication - No active profile set, falling back to 1 default profile: "default" 
2025-03-19T10:50:02.390 [restartedMain] INFO o.s.b.d.e.DevToolsPropertyDefaultsPostProcessor - Devtools property defaults active! Set 'spring.devtools.add-properties' to 'false' to disable 
2025-03-19T10:50:02.390 [restartedMain] INFO o.s.b.d.e.DevToolsPropertyDefaultsPostProcessor - For additional web related logging consider setting the 'logging.level.web' property to 'DEBUG' 
2025-03-19T10:50:03.504 [restartedMain] INFO o.s.b.w.e.t.TomcatWebServer - Tomcat initialized with port 8080 (http) 
2025-03-19T10:50:03.518 [restartedMain] INFO o.a.c.h.Http11NioProtocol - Initializing ProtocolHandler ["http-nio-8080"] 
2025-03-19T10:50:03.520 [restartedMain] INFO o.a.c.c.StandardService - Starting service [Tomcat] 
2025-03-19T10:50:03.520 [restartedMain] INFO o.a.c.c.StandardEngine - Starting Servlet engine: [Apache Tomcat/10.1.36] 
2025-03-19T10:50:03.566 [restartedMain] INFO o.a.c.c.C.[.[.[/] - Initializing Spring embedded WebApplicationContext 
2025-03-19T10:50:03.566 [restartedMain] INFO o.s.b.w.s.c.ServletWebServerApplicationContext - Root WebApplicationContext: initialization completed in 1176 ms 
2025-03-19T10:50:04.217 [restartedMain] INFO o.s.b.d.a.OptionalLiveReloadServer - LiveReload server is running on port 35729 
2025-03-19T10:50:04.233 [restartedMain] INFO o.a.c.h.Http11NioProtocol - Starting ProtocolHandler ["http-nio-8080"] 
2025-03-19T10:50:04.255 [restartedMain] INFO o.s.b.w.e.t.TomcatWebServer - Tomcat started on port 8080 (http) with context path '/' 
2025-03-19T10:50:04.263 [restartedMain] INFO c.a.AngelsApplication - Started AngelsApplication in 2.28 seconds (process running for 3.376) 
2025-03-19T10:50:12.143 [http-nio-8080-exec-1] INFO o.a.c.c.C.[.[.[/] - Initializing Spring DispatcherServlet 'dispatcherServlet' 
2025-03-19T10:50:12.144 [http-nio-8080-exec-1] INFO o.s.w.s.DispatcherServlet - Initializing Servlet 'dispatcherServlet' 
2025-03-19T10:50:12.145 [http-nio-8080-exec-1] INFO o.s.w.s.DispatcherServlet - Completed initialization in 1 ms 
2025-03-19T10:56:20.166 [RMI TCP Connection(16)-127.0.0.1] INFO o.s.b.a.SpringApplicationAdminMXBeanRegistrar$SpringApplicationAdmin - Application shutdown requested. 
2025-03-19T10:56:20.168 [RMI TCP Connection(16)-127.0.0.1] INFO o.s.b.w.e.t.GracefulShutdown - Commencing graceful shutdown. Waiting for active requests to complete 
2025-03-19T10:56:20.170 [tomcat-shutdown] INFO o.a.c.h.Http11NioProtocol - Pausing ProtocolHandler ["http-nio-8080"] 
2025-03-19T10:56:20.188 [tomcat-shutdown] INFO o.s.b.w.e.t.GracefulShutdown - Graceful shutdown complete 
2025-03-19T10:56:20.188 [RMI TCP Connection(16)-127.0.0.1] INFO o.a.c.h.Http11NioProtocol - Stopping ProtocolHandler ["http-nio-8080"] 
