2025-03-29T14:33:51.417 [http-nio-8080-exec-2] DEBUG j.sqltiming -  com.zaxxer.hikari.pool.ProxyPreparedStatement.execute(ProxyPreparedStatement.java:44)
120. SELECT
			urSeq,
		    urName,
		    urID,
		    urPassword,
		    urRegTime
		FROM
			user
		WHERE 1=1
			AND urID = 'ej'
			 AND urPassword = '1'
 {executed in 2 msec} 
2025-03-29T14:33:51.420 [http-nio-8080-exec-2] INFO j.resultsettable - 
|------|-------|-----|-----------|--------------------|
|urseq |urname |urid |urpassword |urregtime           |
|------|-------|-----|-----------|--------------------|
|2     |관리자    |ej   |1          |2025-03-28T11:37:15 |
|------|-------|-----|-----------|--------------------|
 
2025-03-29T14:33:51.442 [http-nio-8080-exec-9] DEBUG j.sqltiming -  com.zaxxer.hikari.pool.ProxyPreparedStatement.execute(ProxyPreparedStatement.java:44)
120. Select count(*)

			from
			codegroup as a 		
			where 1=1
		 AND a.cgUse = 1 
         AND a.cgdelNy = 0
 {executed in 1 msec} 
2025-03-29T14:33:51.443 [http-nio-8080-exec-9] INFO j.resultsettable - 
|---------|
|count(*) |
|---------|
|22       |
|---------|
 
2025-03-29T14:33:51.451 [http-nio-8080-exec-9] DEBUG j.sqltiming -  com.zaxxer.hikari.pool.ProxyPreparedStatement.execute(ProxyPreparedStatement.java:44)
120. select
			a.cgSeq,
			a.cgdelNy,
			a.cgUse,
		    a.cgName,
		    a.cgNameEng,
		    (select count(aa.cdSeq) from code aa where 1=1 and aa.cdDelNy = 0 and aa.codeGroup_cgSeq = a.cgSeq) as cdSeqCount,
		    a.cgOrder,
		    a.cgRegDate,
		    a.cgEdDate

			from
			codegroup as a 		
			where 1=1
		 AND a.cgUse = 1 
         AND a.cgdelNy = 0 

		order by cgSeq desc
		limit 5 offset 0
 {executed in 2 msec} 
2025-03-29T14:33:51.456 [http-nio-8080-exec-9] INFO j.resultsettable - 
|------|--------|------|--------|----------|-----------|--------|--------------------|--------------------|
|cgseq |cgdelny |cguse |cgname  |cgnameeng |cdseqcount |cgorder |cgregdate           |cgeddate            |
|------|--------|------|--------|----------|-----------|--------|--------------------|--------------------|
|32    |0       |1     |ㅁ       |          |2          |1       |2025-03-28T01:49:04 |2025-03-28T22:30:19 |
|25    |0       |1     |노을      |hihi      |0          |44      |2025-03-26T10:56:37 |2025-03-28T22:30:43 |
|23    |0       |1     |80802rD |hihi      |0          |44      |2025-03-26T10:52:51 |[null]              |
|22    |0       |1     |80802rD |hihi      |0          |44      |2025-03-26T10:49:22 |[null]              |
|21    |0       |1     |80802rD |hihi      |0          |44      |2025-03-26T10:48:39 |[null]              |
|------|--------|------|--------|----------|-----------|--------|--------------------|--------------------|
 
2025-03-29T14:37:29.780 [http-nio-8080-exec-3] DEBUG j.sqltiming -  com.zaxxer.hikari.pool.ProxyPreparedStatement.execute(ProxyPreparedStatement.java:44)
121. Select count(*)

			from
			codegroup as a 		
			where 1=1
		 AND a.cgUse = 1 
         AND a.cgdelNy = 0
 {executed in 2 msec} 
2025-03-29T14:37:29.782 [http-nio-8080-exec-3] INFO j.resultsettable - 
|---------|
|count(*) |
|---------|
|22       |
|---------|
 
2025-03-29T14:37:29.786 [http-nio-8080-exec-3] DEBUG j.sqltiming -  com.zaxxer.hikari.pool.ProxyPreparedStatement.execute(ProxyPreparedStatement.java:44)
121. select
			a.cgSeq,
			a.cgdelNy,
			a.cgUse,
		    a.cgName,
		    a.cgNameEng,
		    (select count(aa.cdSeq) from code aa where 1=1 and aa.cdDelNy = 0 and aa.codeGroup_cgSeq = a.cgSeq) as cdSeqCount,
		    a.cgOrder,
		    a.cgRegDate,
		    a.cgEdDate

			from
			codegroup as a 		
			where 1=1
		 AND a.cgUse = 1 
         AND a.cgdelNy = 0 

		order by cgSeq desc
		limit 5 offset 0
 {executed in 3 msec} 
2025-03-29T14:37:29.791 [http-nio-8080-exec-3] INFO j.resultsettable - 
|------|--------|------|--------|----------|-----------|--------|--------------------|--------------------|
|cgseq |cgdelny |cguse |cgname  |cgnameeng |cdseqcount |cgorder |cgregdate           |cgeddate            |
|------|--------|------|--------|----------|-----------|--------|--------------------|--------------------|
|32    |0       |1     |ㅁ       |          |2          |1       |2025-03-28T01:49:04 |2025-03-28T22:30:19 |
|25    |0       |1     |노을      |hihi      |0          |44      |2025-03-26T10:56:37 |2025-03-28T22:30:43 |
|23    |0       |1     |80802rD |hihi      |0          |44      |2025-03-26T10:52:51 |[null]              |
|22    |0       |1     |80802rD |hihi      |0          |44      |2025-03-26T10:49:22 |[null]              |
|21    |0       |1     |80802rD |hihi      |0          |44      |2025-03-26T10:48:39 |[null]              |
|------|--------|------|--------|----------|-----------|--------|--------------------|--------------------|
 
2025-03-29T14:42:04.423 [http-nio-8080-exec-4] DEBUG j.sqltiming -  com.zaxxer.hikari.pool.ProxyPreparedStatement.execute(ProxyPreparedStatement.java:44)
121. Select count(*)

			from
			codegroup as a 		
			where 1=1
		 AND a.cgUse = 1 
         AND a.cgdelNy = 0
 {executed in 2 msec} 
2025-03-29T14:42:04.426 [http-nio-8080-exec-4] INFO j.resultsettable - 
|---------|
|count(*) |
|---------|
|22       |
|---------|
 
2025-03-29T14:42:04.432 [http-nio-8080-exec-4] DEBUG j.sqltiming -  com.zaxxer.hikari.pool.ProxyPreparedStatement.execute(ProxyPreparedStatement.java:44)
121. select
			a.cgSeq,
			a.cgdelNy,
			a.cgUse,
		    a.cgName,
		    a.cgNameEng,
		    (select count(aa.cdSeq) from code aa where 1=1 and aa.cdDelNy = 0 and aa.codeGroup_cgSeq = a.cgSeq) as cdSeqCount,
		    a.cgOrder,
		    a.cgRegDate,
		    a.cgEdDate

			from
			codegroup as a 		
			where 1=1
		 AND a.cgUse = 1 
         AND a.cgdelNy = 0 

		order by cgSeq desc
		limit 5 offset 0
 {executed in 1 msec} 
2025-03-29T14:42:04.433 [http-nio-8080-exec-4] INFO j.resultsettable - 
|------|--------|------|--------|----------|-----------|--------|--------------------|--------------------|
|cgseq |cgdelny |cguse |cgname  |cgnameeng |cdseqcount |cgorder |cgregdate           |cgeddate            |
|------|--------|------|--------|----------|-----------|--------|--------------------|--------------------|
|32    |0       |1     |ㅁ       |          |2          |1       |2025-03-28T01:49:04 |2025-03-28T22:30:19 |
|25    |0       |1     |노을      |hihi      |0          |44      |2025-03-26T10:56:37 |2025-03-28T22:30:43 |
|23    |0       |1     |80802rD |hihi      |0          |44      |2025-03-26T10:52:51 |[null]              |
|22    |0       |1     |80802rD |hihi      |0          |44      |2025-03-26T10:49:22 |[null]              |
|21    |0       |1     |80802rD |hihi      |0          |44      |2025-03-26T10:48:39 |[null]              |
|------|--------|------|--------|----------|-----------|--------|--------------------|--------------------|
 
2025-03-29T14:42:07.878 [http-nio-8080-exec-10] DEBUG j.sqltiming -  com.zaxxer.hikari.pool.ProxyPreparedStatement.execute(ProxyPreparedStatement.java:44)
121. SELECT
			urSeq,
		    urName,
		    urID,
		    urPassword,
		    urRegTime
		FROM
			user
		WHERE 1=1
			AND urID = 'ej'
			 AND urPassword = '1'
 {executed in 2 msec} 
2025-03-29T14:42:07.880 [http-nio-8080-exec-10] INFO j.resultsettable - 
|------|-------|-----|-----------|--------------------|
|urseq |urname |urid |urpassword |urregtime           |
|------|-------|-----|-----------|--------------------|
|2     |관리자    |ej   |1          |2025-03-28T11:37:15 |
|------|-------|-----|-----------|--------------------|
 
2025-03-29T14:42:07.900 [http-nio-8080-exec-5] DEBUG j.sqltiming -  com.zaxxer.hikari.pool.ProxyPreparedStatement.execute(ProxyPreparedStatement.java:44)
121. Select count(*)

			from
			codegroup as a 		
			where 1=1
		 AND a.cgUse = 1 
         AND a.cgdelNy = 0
 {executed in 1 msec} 
2025-03-29T14:42:07.900 [http-nio-8080-exec-5] INFO j.resultsettable - 
|---------|
|count(*) |
|---------|
|22       |
|---------|
 
2025-03-29T14:42:07.904 [http-nio-8080-exec-5] DEBUG j.sqltiming -  com.zaxxer.hikari.pool.ProxyPreparedStatement.execute(ProxyPreparedStatement.java:44)
121. select
			a.cgSeq,
			a.cgdelNy,
			a.cgUse,
		    a.cgName,
		    a.cgNameEng,
		    (select count(aa.cdSeq) from code aa where 1=1 and aa.cdDelNy = 0 and aa.codeGroup_cgSeq = a.cgSeq) as cdSeqCount,
		    a.cgOrder,
		    a.cgRegDate,
		    a.cgEdDate

			from
			codegroup as a 		
			where 1=1
		 AND a.cgUse = 1 
         AND a.cgdelNy = 0 

		order by cgSeq desc
		limit 5 offset 0
 {executed in 2 msec} 
2025-03-29T14:42:07.907 [http-nio-8080-exec-5] INFO j.resultsettable - 
|------|--------|------|--------|----------|-----------|--------|--------------------|--------------------|
|cgseq |cgdelny |cguse |cgname  |cgnameeng |cdseqcount |cgorder |cgregdate           |cgeddate            |
|------|--------|------|--------|----------|-----------|--------|--------------------|--------------------|
|32    |0       |1     |ㅁ       |          |2          |1       |2025-03-28T01:49:04 |2025-03-28T22:30:19 |
|25    |0       |1     |노을      |hihi      |0          |44      |2025-03-26T10:56:37 |2025-03-28T22:30:43 |
|23    |0       |1     |80802rD |hihi      |0          |44      |2025-03-26T10:52:51 |[null]              |
|22    |0       |1     |80802rD |hihi      |0          |44      |2025-03-26T10:49:22 |[null]              |
|21    |0       |1     |80802rD |hihi      |0          |44      |2025-03-26T10:48:39 |[null]              |
|------|--------|------|--------|----------|-----------|--------|--------------------|--------------------|
 
2025-03-29T14:43:40.435 [http-nio-8080-exec-7] DEBUG j.sqltiming -  com.zaxxer.hikari.pool.ProxyPreparedStatement.execute(ProxyPreparedStatement.java:44)
121. Select count(*)

			FROM
		    code c
		left JOIN codegroup cg ON c.codeGroup_cgSeq = cg.cgSeq
		WHERE
		    1=1

		 AND c.cdUse = 1 
         AND c.cdDelNy = 0
 {executed in 1 msec} 
2025-03-29T14:43:40.436 [http-nio-8080-exec-7] INFO j.resultsettable - 
|---------|
|count(*) |
|---------|
|98       |
|---------|
 
2025-03-29T14:43:40.439 [http-nio-8080-exec-7] DEBUG j.sqltiming -  com.zaxxer.hikari.pool.ProxyPreparedStatement.execute(ProxyPreparedStatement.java:44)
121. SELECT

		    c.codeGroup_cgSeq,
		    c.cdUse,
			cg.cgName,
		    c.cdSeq,
		    c.cdName,
		    c.cdNameEng,
		    c.cdOrder,
		    c.cdRegDate,
		    c.cdEdDate,
		    c.cdCheck,
		    c.cdDelNy

			FROM
		    code c
		left JOIN codegroup cg ON c.codeGroup_cgSeq = cg.cgSeq
		WHERE
		    1=1

		 AND c.cdUse = 1 
         AND c.cdDelNy = 0 

		ORDER BY
		    c.cdSeq DESC		    
		limit 5 offset 0
 {executed in 1 msec} 
2025-03-29T14:43:40.443 [http-nio-8080-exec-7] INFO j.resultsettable - 
|----------------|------|-------|------|-------|----------|--------|--------------------|--------------------|--------|--------|
|codegroup_cgseq |cduse |cgname |cdseq |cdname |cdnameeng |cdorder |cdregdate           |cdeddate            |cdcheck |cddelny |
|----------------|------|-------|------|-------|----------|--------|--------------------|--------------------|--------|--------|
|29              |1     |ㄴ      |98    |ㅁㄴㅇ    |ㅁㄴㅇㅁㄴㅇㅁㄴㅇ |1       |2025-03-29T02:33:36 |2025-03-29T02:33:45 |[null]  |0       |
|32              |1     |ㅁ      |97    |ㅁㄴㅇaㅁ  |ㅁ         |1       |2025-03-29T00:54:45 |2025-03-29T01:48:05 |[null]  |0       |
|32              |1     |ㅁ      |96    |ㅁ      |ㅁ         |1       |2025-03-29T00:54:30 |[null]              |[null]  |0       |
|5               |1     |포지션    |95    |투타겸업   |TWP       |1       |2025-03-23T23:12:21 |[null]              |[null]  |0       |
|10              |1     |status |94    |은퇴     |retire    |1       |2025-03-23T17:13:52 |[null]              |[null]  |0       |
|----------------|------|-------|------|-------|----------|--------|--------------------|--------------------|--------|--------|
 
2025-03-29T14:43:43.606 [http-nio-8080-exec-2] DEBUG j.sqltiming -  com.zaxxer.hikari.pool.ProxyPreparedStatement.execute(ProxyPreparedStatement.java:44)
121. SELECT
			urSeq,
		    urName,
		    urID,
		    urPassword,
		    urRegTime
		FROM
			user
		WHERE 1=1
			AND urID = 'ej'
			 AND urPassword = '1'
 {executed in 1 msec} 
2025-03-29T14:43:43.607 [http-nio-8080-exec-2] INFO j.resultsettable - 
|------|-------|-----|-----------|--------------------|
|urseq |urname |urid |urpassword |urregtime           |
|------|-------|-----|-----------|--------------------|
|2     |관리자    |ej   |1          |2025-03-28T11:37:15 |
|------|-------|-----|-----------|--------------------|
 
2025-03-29T14:43:43.631 [http-nio-8080-exec-3] DEBUG j.sqltiming -  com.zaxxer.hikari.pool.ProxyPreparedStatement.execute(ProxyPreparedStatement.java:44)
121. Select count(*)

			from
			codegroup as a 		
			where 1=1
		 AND a.cgUse = 1 
         AND a.cgdelNy = 0
 {executed in 1 msec} 
2025-03-29T14:43:43.631 [http-nio-8080-exec-3] INFO j.resultsettable - 
|---------|
|count(*) |
|---------|
|22       |
|---------|
 
2025-03-29T14:43:43.634 [http-nio-8080-exec-3] DEBUG j.sqltiming -  com.zaxxer.hikari.pool.ProxyPreparedStatement.execute(ProxyPreparedStatement.java:44)
121. select
			a.cgSeq,
			a.cgdelNy,
			a.cgUse,
		    a.cgName,
		    a.cgNameEng,
		    (select count(aa.cdSeq) from code aa where 1=1 and aa.cdDelNy = 0 and aa.codeGroup_cgSeq = a.cgSeq) as cdSeqCount,
		    a.cgOrder,
		    a.cgRegDate,
		    a.cgEdDate

			from
			codegroup as a 		
			where 1=1
		 AND a.cgUse = 1 
         AND a.cgdelNy = 0 

		order by cgSeq desc
		limit 5 offset 0
 {executed in 1 msec} 
2025-03-29T14:43:43.636 [http-nio-8080-exec-3] INFO j.resultsettable - 
|------|--------|------|--------|----------|-----------|--------|--------------------|--------------------|
|cgseq |cgdelny |cguse |cgname  |cgnameeng |cdseqcount |cgorder |cgregdate           |cgeddate            |
|------|--------|------|--------|----------|-----------|--------|--------------------|--------------------|
|32    |0       |1     |ㅁ       |          |2          |1       |2025-03-28T01:49:04 |2025-03-28T22:30:19 |
|25    |0       |1     |노을      |hihi      |0          |44      |2025-03-26T10:56:37 |2025-03-28T22:30:43 |
|23    |0       |1     |80802rD |hihi      |0          |44      |2025-03-26T10:52:51 |[null]              |
|22    |0       |1     |80802rD |hihi      |0          |44      |2025-03-26T10:49:22 |[null]              |
|21    |0       |1     |80802rD |hihi      |0          |44      |2025-03-26T10:48:39 |[null]              |
|------|--------|------|--------|----------|-----------|--------|--------------------|--------------------|
 
2025-03-29T14:43:50.604 [http-nio-8080-exec-10] DEBUG j.sqltiming -  com.zaxxer.hikari.pool.ProxyPreparedStatement.execute(ProxyPreparedStatement.java:44)
121. SELECT
			urSeq,
		    urName,
		    urID,
		    urPassword,
		    urRegTime
		FROM
			user
		WHERE 1=1
			AND urID = 'ej'
			 AND urPassword = '1'
 {executed in 1 msec} 
2025-03-29T14:43:50.605 [http-nio-8080-exec-10] INFO j.resultsettable - 
|------|-------|-----|-----------|--------------------|
|urseq |urname |urid |urpassword |urregtime           |
|------|-------|-----|-----------|--------------------|
|2     |관리자    |ej   |1          |2025-03-28T11:37:15 |
|------|-------|-----|-----------|--------------------|
 
2025-03-29T14:43:50.624 [http-nio-8080-exec-1] DEBUG j.sqltiming -  com.zaxxer.hikari.pool.ProxyPreparedStatement.execute(ProxyPreparedStatement.java:44)
121. Select count(*)

			from
			codegroup as a 		
			where 1=1
		 AND a.cgUse = 1 
         AND a.cgdelNy = 0
 {executed in 1 msec} 
2025-03-29T14:43:50.625 [http-nio-8080-exec-1] INFO j.resultsettable - 
|---------|
|count(*) |
|---------|
|22       |
|---------|
 
2025-03-29T14:43:50.629 [http-nio-8080-exec-1] DEBUG j.sqltiming -  com.zaxxer.hikari.pool.ProxyPreparedStatement.execute(ProxyPreparedStatement.java:44)
121. select
			a.cgSeq,
			a.cgdelNy,
			a.cgUse,
		    a.cgName,
		    a.cgNameEng,
		    (select count(aa.cdSeq) from code aa where 1=1 and aa.cdDelNy = 0 and aa.codeGroup_cgSeq = a.cgSeq) as cdSeqCount,
		    a.cgOrder,
		    a.cgRegDate,
		    a.cgEdDate

			from
			codegroup as a 		
			where 1=1
		 AND a.cgUse = 1 
         AND a.cgdelNy = 0 

		order by cgSeq desc
		limit 5 offset 0
 {executed in 1 msec} 
2025-03-29T14:43:50.630 [http-nio-8080-exec-1] INFO j.resultsettable - 
|------|--------|------|--------|----------|-----------|--------|--------------------|--------------------|
|cgseq |cgdelny |cguse |cgname  |cgnameeng |cdseqcount |cgorder |cgregdate           |cgeddate            |
|------|--------|------|--------|----------|-----------|--------|--------------------|--------------------|
|32    |0       |1     |ㅁ       |          |2          |1       |2025-03-28T01:49:04 |2025-03-28T22:30:19 |
|25    |0       |1     |노을      |hihi      |0          |44      |2025-03-26T10:56:37 |2025-03-28T22:30:43 |
|23    |0       |1     |80802rD |hihi      |0          |44      |2025-03-26T10:52:51 |[null]              |
|22    |0       |1     |80802rD |hihi      |0          |44      |2025-03-26T10:49:22 |[null]              |
|21    |0       |1     |80802rD |hihi      |0          |44      |2025-03-26T10:48:39 |[null]              |
|------|--------|------|--------|----------|-----------|--------|--------------------|--------------------|
 
2025-03-29T14:46:24.601 [http-nio-8080-exec-6] DEBUG j.sqltiming -  com.zaxxer.hikari.pool.ProxyPreparedStatement.execute(ProxyPreparedStatement.java:44)
121. Select count(*)

			from
			codegroup as a 		
			where 1=1
		 AND a.cgUse = 1 
         AND a.cgdelNy = 0
 {executed in 0 msec} 
2025-03-29T14:46:24.601 [http-nio-8080-exec-6] INFO j.resultsettable - 
|---------|
|count(*) |
|---------|
|22       |
|---------|
 
2025-03-29T14:46:24.604 [http-nio-8080-exec-6] DEBUG j.sqltiming -  com.zaxxer.hikari.pool.ProxyPreparedStatement.execute(ProxyPreparedStatement.java:44)
121. select
			a.cgSeq,
			a.cgdelNy,
			a.cgUse,
		    a.cgName,
		    a.cgNameEng,
		    (select count(aa.cdSeq) from code aa where 1=1 and aa.cdDelNy = 0 and aa.codeGroup_cgSeq = a.cgSeq) as cdSeqCount,
		    a.cgOrder,
		    a.cgRegDate,
		    a.cgEdDate

			from
			codegroup as a 		
			where 1=1
		 AND a.cgUse = 1 
         AND a.cgdelNy = 0 

		order by cgSeq desc
		limit 5 offset 0
 {executed in 1 msec} 
2025-03-29T14:46:24.608 [http-nio-8080-exec-6] INFO j.resultsettable - 
|------|--------|------|--------|----------|-----------|--------|--------------------|--------------------|
|cgseq |cgdelny |cguse |cgname  |cgnameeng |cdseqcount |cgorder |cgregdate           |cgeddate            |
|------|--------|------|--------|----------|-----------|--------|--------------------|--------------------|
|32    |0       |1     |ㅁ       |          |2          |1       |2025-03-28T01:49:04 |2025-03-28T22:30:19 |
|25    |0       |1     |노을      |hihi      |0          |44      |2025-03-26T10:56:37 |2025-03-28T22:30:43 |
|23    |0       |1     |80802rD |hihi      |0          |44      |2025-03-26T10:52:51 |[null]              |
|22    |0       |1     |80802rD |hihi      |0          |44      |2025-03-26T10:49:22 |[null]              |
|21    |0       |1     |80802rD |hihi      |0          |44      |2025-03-26T10:48:39 |[null]              |
|------|--------|------|--------|----------|-----------|--------|--------------------|--------------------|
 
2025-03-29T14:46:26.866 [http-nio-8080-exec-8] DEBUG j.sqltiming -  com.zaxxer.hikari.pool.ProxyPreparedStatement.execute(ProxyPreparedStatement.java:44)
121. Select count(*)

			FROM
		    code c
		left JOIN codegroup cg ON c.codeGroup_cgSeq = cg.cgSeq
		WHERE
		    1=1

		 AND c.cdUse = 1 
         AND c.cdDelNy = 0
 {executed in 2 msec} 
2025-03-29T14:46:26.866 [http-nio-8080-exec-8] INFO j.resultsettable - 
|---------|
|count(*) |
|---------|
|98       |
|---------|
 
2025-03-29T14:46:26.869 [http-nio-8080-exec-8] DEBUG j.sqltiming -  com.zaxxer.hikari.pool.ProxyPreparedStatement.execute(ProxyPreparedStatement.java:44)
121. SELECT

		    c.codeGroup_cgSeq,
		    c.cdUse,
			cg.cgName,
		    c.cdSeq,
		    c.cdName,
		    c.cdNameEng,
		    c.cdOrder,
		    c.cdRegDate,
		    c.cdEdDate,
		    c.cdCheck,
		    c.cdDelNy

			FROM
		    code c
		left JOIN codegroup cg ON c.codeGroup_cgSeq = cg.cgSeq
		WHERE
		    1=1

		 AND c.cdUse = 1 
         AND c.cdDelNy = 0 

		ORDER BY
		    c.cdSeq DESC		    
		limit 5 offset 0
 {executed in 1 msec} 
2025-03-29T14:46:26.871 [http-nio-8080-exec-8] INFO j.resultsettable - 
|----------------|------|-------|------|-------|----------|--------|--------------------|--------------------|--------|--------|
|codegroup_cgseq |cduse |cgname |cdseq |cdname |cdnameeng |cdorder |cdregdate           |cdeddate            |cdcheck |cddelny |
|----------------|------|-------|------|-------|----------|--------|--------------------|--------------------|--------|--------|
|29              |1     |ㄴ      |98    |ㅁㄴㅇ    |ㅁㄴㅇㅁㄴㅇㅁㄴㅇ |1       |2025-03-29T02:33:36 |2025-03-29T02:33:45 |[null]  |0       |
|32              |1     |ㅁ      |97    |ㅁㄴㅇaㅁ  |ㅁ         |1       |2025-03-29T00:54:45 |2025-03-29T01:48:05 |[null]  |0       |
|32              |1     |ㅁ      |96    |ㅁ      |ㅁ         |1       |2025-03-29T00:54:30 |[null]              |[null]  |0       |
|5               |1     |포지션    |95    |투타겸업   |TWP       |1       |2025-03-23T23:12:21 |[null]              |[null]  |0       |
|10              |1     |status |94    |은퇴     |retire    |1       |2025-03-23T17:13:52 |[null]              |[null]  |0       |
|----------------|------|-------|------|-------|----------|--------|--------------------|--------------------|--------|--------|
 
2025-03-29T14:46:30.486 [http-nio-8080-exec-8] DEBUG j.sqltiming -  com.zaxxer.hikari.pool.ProxyPreparedStatement.execute(ProxyPreparedStatement.java:44)
121. Select count(*)

			FROM
		    code c
		left JOIN codegroup cg ON c.codeGroup_cgSeq = cg.cgSeq
		WHERE
		    1=1

		 AND c.cdUse = 1 
         AND c.cdDelNy = 0
 {executed in 1 msec} 
2025-03-29T14:46:30.487 [http-nio-8080-exec-8] INFO j.resultsettable - 
|---------|
|count(*) |
|---------|
|98       |
|---------|
 
2025-03-29T14:46:30.491 [http-nio-8080-exec-8] DEBUG j.sqltiming -  com.zaxxer.hikari.pool.ProxyPreparedStatement.execute(ProxyPreparedStatement.java:44)
121. SELECT

		    c.codeGroup_cgSeq,
		    c.cdUse,
			cg.cgName,
		    c.cdSeq,
		    c.cdName,
		    c.cdNameEng,
		    c.cdOrder,
		    c.cdRegDate,
		    c.cdEdDate,
		    c.cdCheck,
		    c.cdDelNy

			FROM
		    code c
		left JOIN codegroup cg ON c.codeGroup_cgSeq = cg.cgSeq
		WHERE
		    1=1

		 AND c.cdUse = 1 
         AND c.cdDelNy = 0 

		ORDER BY
		    c.cdSeq DESC		    
		limit 5 offset 0
 {executed in 2 msec} 
2025-03-29T14:46:30.493 [http-nio-8080-exec-8] INFO j.resultsettable - 
|----------------|------|-------|------|-------|----------|--------|--------------------|--------------------|--------|--------|
|codegroup_cgseq |cduse |cgname |cdseq |cdname |cdnameeng |cdorder |cdregdate           |cdeddate            |cdcheck |cddelny |
|----------------|------|-------|------|-------|----------|--------|--------------------|--------------------|--------|--------|
|29              |1     |ㄴ      |98    |ㅁㄴㅇ    |ㅁㄴㅇㅁㄴㅇㅁㄴㅇ |1       |2025-03-29T02:33:36 |2025-03-29T02:33:45 |[null]  |0       |
|32              |1     |ㅁ      |97    |ㅁㄴㅇaㅁ  |ㅁ         |1       |2025-03-29T00:54:45 |2025-03-29T01:48:05 |[null]  |0       |
|32              |1     |ㅁ      |96    |ㅁ      |ㅁ         |1       |2025-03-29T00:54:30 |[null]              |[null]  |0       |
|5               |1     |포지션    |95    |투타겸업   |TWP       |1       |2025-03-23T23:12:21 |[null]              |[null]  |0       |
|10              |1     |status |94    |은퇴     |retire    |1       |2025-03-23T17:13:52 |[null]              |[null]  |0       |
|----------------|------|-------|------|-------|----------|--------|--------------------|--------------------|--------|--------|
 
2025-03-29T14:48:03.115 [http-nio-8080-exec-3] DEBUG j.sqltiming -  com.zaxxer.hikari.pool.ProxyPreparedStatement.execute(ProxyPreparedStatement.java:44)
121. Select count(*)

			FROM
		    code c
		left JOIN codegroup cg ON c.codeGroup_cgSeq = cg.cgSeq
		WHERE
		    1=1

		 AND c.cdUse = 1 
         AND c.cdDelNy = 0
 {executed in 3 msec} 
2025-03-29T14:48:03.116 [http-nio-8080-exec-3] INFO j.resultsettable - 
|---------|
|count(*) |
|---------|
|98       |
|---------|
 
2025-03-29T14:48:03.120 [http-nio-8080-exec-3] DEBUG j.sqltiming -  com.zaxxer.hikari.pool.ProxyPreparedStatement.execute(ProxyPreparedStatement.java:44)
121. SELECT

		    c.codeGroup_cgSeq,
		    c.cdUse,
			cg.cgName,
		    c.cdSeq,
		    c.cdName,
		    c.cdNameEng,
		    c.cdOrder,
		    c.cdRegDate,
		    c.cdEdDate,
		    c.cdCheck,
		    c.cdDelNy

			FROM
		    code c
		left JOIN codegroup cg ON c.codeGroup_cgSeq = cg.cgSeq
		WHERE
		    1=1

		 AND c.cdUse = 1 
         AND c.cdDelNy = 0 

		ORDER BY
		    c.cdSeq DESC		    
		limit 5 offset 0
 {executed in 1 msec} 
2025-03-29T14:48:03.121 [http-nio-8080-exec-3] INFO j.resultsettable - 
|----------------|------|-------|------|-------|----------|--------|--------------------|--------------------|--------|--------|
|codegroup_cgseq |cduse |cgname |cdseq |cdname |cdnameeng |cdorder |cdregdate           |cdeddate            |cdcheck |cddelny |
|----------------|------|-------|------|-------|----------|--------|--------------------|--------------------|--------|--------|
|29              |1     |ㄴ      |98    |ㅁㄴㅇ    |ㅁㄴㅇㅁㄴㅇㅁㄴㅇ |1       |2025-03-29T02:33:36 |2025-03-29T02:33:45 |[null]  |0       |
|32              |1     |ㅁ      |97    |ㅁㄴㅇaㅁ  |ㅁ         |1       |2025-03-29T00:54:45 |2025-03-29T01:48:05 |[null]  |0       |
|32              |1     |ㅁ      |96    |ㅁ      |ㅁ         |1       |2025-03-29T00:54:30 |[null]              |[null]  |0       |
|5               |1     |포지션    |95    |투타겸업   |TWP       |1       |2025-03-23T23:12:21 |[null]              |[null]  |0       |
|10              |1     |status |94    |은퇴     |retire    |1       |2025-03-23T17:13:52 |[null]              |[null]  |0       |
|----------------|------|-------|------|-------|----------|--------|--------------------|--------------------|--------|--------|
 
2025-03-29T14:48:03.882 [http-nio-8080-exec-3] DEBUG j.sqltiming -  com.zaxxer.hikari.pool.ProxyPreparedStatement.execute(ProxyPreparedStatement.java:44)
121. Select count(*)

			FROM
		    code c
		left JOIN codegroup cg ON c.codeGroup_cgSeq = cg.cgSeq
		WHERE
		    1=1

		 AND c.cdUse = 1 
         AND c.cdDelNy = 0
 {executed in 2 msec} 
2025-03-29T14:48:03.883 [http-nio-8080-exec-3] INFO j.resultsettable - 
|---------|
|count(*) |
|---------|
|98       |
|---------|
 
2025-03-29T14:48:03.888 [http-nio-8080-exec-3] DEBUG j.sqltiming -  com.zaxxer.hikari.pool.ProxyPreparedStatement.execute(ProxyPreparedStatement.java:44)
121. SELECT

		    c.codeGroup_cgSeq,
		    c.cdUse,
			cg.cgName,
		    c.cdSeq,
		    c.cdName,
		    c.cdNameEng,
		    c.cdOrder,
		    c.cdRegDate,
		    c.cdEdDate,
		    c.cdCheck,
		    c.cdDelNy

			FROM
		    code c
		left JOIN codegroup cg ON c.codeGroup_cgSeq = cg.cgSeq
		WHERE
		    1=1

		 AND c.cdUse = 1 
         AND c.cdDelNy = 0 

		ORDER BY
		    c.cdSeq DESC		    
		limit 5 offset 0
 {executed in 1 msec} 
2025-03-29T14:48:03.890 [http-nio-8080-exec-3] INFO j.resultsettable - 
|----------------|------|-------|------|-------|----------|--------|--------------------|--------------------|--------|--------|
|codegroup_cgseq |cduse |cgname |cdseq |cdname |cdnameeng |cdorder |cdregdate           |cdeddate            |cdcheck |cddelny |
|----------------|------|-------|------|-------|----------|--------|--------------------|--------------------|--------|--------|
|29              |1     |ㄴ      |98    |ㅁㄴㅇ    |ㅁㄴㅇㅁㄴㅇㅁㄴㅇ |1       |2025-03-29T02:33:36 |2025-03-29T02:33:45 |[null]  |0       |
|32              |1     |ㅁ      |97    |ㅁㄴㅇaㅁ  |ㅁ         |1       |2025-03-29T00:54:45 |2025-03-29T01:48:05 |[null]  |0       |
|32              |1     |ㅁ      |96    |ㅁ      |ㅁ         |1       |2025-03-29T00:54:30 |[null]              |[null]  |0       |
|5               |1     |포지션    |95    |투타겸업   |TWP       |1       |2025-03-23T23:12:21 |[null]              |[null]  |0       |
|10              |1     |status |94    |은퇴     |retire    |1       |2025-03-23T17:13:52 |[null]              |[null]  |0       |
|----------------|------|-------|------|-------|----------|--------|--------------------|--------------------|--------|--------|
 
2025-03-29T14:48:20.338 [http-nio-8080-exec-9] DEBUG j.sqltiming -  com.zaxxer.hikari.pool.ProxyPreparedStatement.execute(ProxyPreparedStatement.java:44)
121. Select count(*)

			FROM
		    code c
		left JOIN codegroup cg ON c.codeGroup_cgSeq = cg.cgSeq
		WHERE
		    1=1

		 AND c.cdUse = 1 
         AND c.cdDelNy = 0
 {executed in 1 msec} 
2025-03-29T14:48:20.338 [http-nio-8080-exec-9] INFO j.resultsettable - 
|---------|
|count(*) |
|---------|
|98       |
|---------|
 
2025-03-29T14:48:20.341 [http-nio-8080-exec-9] DEBUG j.sqltiming -  com.zaxxer.hikari.pool.ProxyPreparedStatement.execute(ProxyPreparedStatement.java:44)
121. SELECT

		    c.codeGroup_cgSeq,
		    c.cdUse,
			cg.cgName,
		    c.cdSeq,
		    c.cdName,
		    c.cdNameEng,
		    c.cdOrder,
		    c.cdRegDate,
		    c.cdEdDate,
		    c.cdCheck,
		    c.cdDelNy

			FROM
		    code c
		left JOIN codegroup cg ON c.codeGroup_cgSeq = cg.cgSeq
		WHERE
		    1=1

		 AND c.cdUse = 1 
         AND c.cdDelNy = 0 

		ORDER BY
		    c.cdSeq DESC		    
		limit 5 offset 0
 {executed in 1 msec} 
2025-03-29T14:48:20.342 [http-nio-8080-exec-9] INFO j.resultsettable - 
|----------------|------|-------|------|-------|----------|--------|--------------------|--------------------|--------|--------|
|codegroup_cgseq |cduse |cgname |cdseq |cdname |cdnameeng |cdorder |cdregdate           |cdeddate            |cdcheck |cddelny |
|----------------|------|-------|------|-------|----------|--------|--------------------|--------------------|--------|--------|
|29              |1     |ㄴ      |98    |ㅁㄴㅇ    |ㅁㄴㅇㅁㄴㅇㅁㄴㅇ |1       |2025-03-29T02:33:36 |2025-03-29T02:33:45 |[null]  |0       |
|32              |1     |ㅁ      |97    |ㅁㄴㅇaㅁ  |ㅁ         |1       |2025-03-29T00:54:45 |2025-03-29T01:48:05 |[null]  |0       |
|32              |1     |ㅁ      |96    |ㅁ      |ㅁ         |1       |2025-03-29T00:54:30 |[null]              |[null]  |0       |
|5               |1     |포지션    |95    |투타겸업   |TWP       |1       |2025-03-23T23:12:21 |[null]              |[null]  |0       |
|10              |1     |status |94    |은퇴     |retire    |1       |2025-03-23T17:13:52 |[null]              |[null]  |0       |
|----------------|------|-------|------|-------|----------|--------|--------------------|--------------------|--------|--------|
 
2025-03-29T14:52:57.844 [http-nio-8080-exec-4] DEBUG j.sqltiming -  com.zaxxer.hikari.pool.ProxyPreparedStatement.execute(ProxyPreparedStatement.java:44)
121. Select count(*)

			FROM
		    code c
		left JOIN codegroup cg ON c.codeGroup_cgSeq = cg.cgSeq
		WHERE
		    1=1

		 AND c.cdUse = 1 
         AND c.cdDelNy = 0
 {executed in 1 msec} 
2025-03-29T14:52:57.845 [http-nio-8080-exec-4] INFO j.resultsettable - 
|---------|
|count(*) |
|---------|
|98       |
|---------|
 
2025-03-29T14:52:57.848 [http-nio-8080-exec-4] DEBUG j.sqltiming -  com.zaxxer.hikari.pool.ProxyPreparedStatement.execute(ProxyPreparedStatement.java:44)
121. SELECT

		    c.codeGroup_cgSeq,
		    c.cdUse,
			cg.cgName,
		    c.cdSeq,
		    c.cdName,
		    c.cdNameEng,
		    c.cdOrder,
		    c.cdRegDate,
		    c.cdEdDate,
		    c.cdCheck,
		    c.cdDelNy

			FROM
		    code c
		left JOIN codegroup cg ON c.codeGroup_cgSeq = cg.cgSeq
		WHERE
		    1=1

		 AND c.cdUse = 1 
         AND c.cdDelNy = 0 

		ORDER BY
		    c.cdSeq DESC		    
		limit 5 offset 0
 {executed in 2 msec} 
2025-03-29T14:52:57.853 [http-nio-8080-exec-4] INFO j.resultsettable - 
|----------------|------|-------|------|-------|----------|--------|--------------------|--------------------|--------|--------|
|codegroup_cgseq |cduse |cgname |cdseq |cdname |cdnameeng |cdorder |cdregdate           |cdeddate            |cdcheck |cddelny |
|----------------|------|-------|------|-------|----------|--------|--------------------|--------------------|--------|--------|
|29              |1     |ㄴ      |98    |ㅁㄴㅇ    |ㅁㄴㅇㅁㄴㅇㅁㄴㅇ |1       |2025-03-29T02:33:36 |2025-03-29T02:33:45 |[null]  |0       |
|32              |1     |ㅁ      |97    |ㅁㄴㅇaㅁ  |ㅁ         |1       |2025-03-29T00:54:45 |2025-03-29T01:48:05 |[null]  |0       |
|32              |1     |ㅁ      |96    |ㅁ      |ㅁ         |1       |2025-03-29T00:54:30 |[null]              |[null]  |0       |
|5               |1     |포지션    |95    |투타겸업   |TWP       |1       |2025-03-23T23:12:21 |[null]              |[null]  |0       |
|10              |1     |status |94    |은퇴     |retire    |1       |2025-03-23T17:13:52 |[null]              |[null]  |0       |
|----------------|------|-------|------|-------|----------|--------|--------------------|--------------------|--------|--------|
 
2025-03-29T14:53:00.636 [http-nio-8080-exec-1] DEBUG j.sqltiming -  com.zaxxer.hikari.pool.ProxyPreparedStatement.execute(ProxyPreparedStatement.java:44)
121. Select count(*)
	from 
	user
	where 1=1
 {executed in 5 msec} 
2025-03-29T14:53:00.637 [http-nio-8080-exec-1] INFO j.resultsettable - 
|---------|
|count(*) |
|---------|
|2        |
|---------|
 
2025-03-29T14:53:00.646 [http-nio-8080-exec-1] DEBUG j.sqltiming -  com.zaxxer.hikari.pool.ProxyPreparedStatement.execute(ProxyPreparedStatement.java:44)
121. select 
			urSeq,
		    urUse,
		    urDelNy,
		    urName,
		    urGender,
		    telecom,
		    phoneNumber,
		    urBirth,
		    urID,
		    urPassword,
		    urRegTime,
		    urModTime
		from user
		where 1=1 

		 AND urUse = 1 
         AND urDelNy = 0 

		order by urSeq desc
		limit 5 offset 0
 {executed in 2 msec} 
2025-03-29T14:53:00.655 [http-nio-8080-exec-1] INFO j.resultsettable - 
|------|------|--------|-------|---------|--------|--------------|-----------|----------|-----------|--------------------|----------|
|urseq |uruse |urdelny |urname |urgender |telecom |phonenumber   |urbirth    |urid      |urpassword |urregtime           |urmodtime |
|------|------|--------|-------|---------|--------|--------------|-----------|----------|-----------|--------------------|----------|
|2     |1     |0       |관리자    |7        |1       |010-0000-0000 |2001-12-21 |ej        |1          |2025-03-28T11:37:15 |[null]    |
|1     |1     |0       |정한용    |7        |1       |010-4422-8123 |1994-03-06 |gksdyd009 |gksdyd009  |2025-03-26T18:45:46 |[null]    |
|------|------|--------|-------|---------|--------|--------------|-----------|----------|-----------|--------------------|----------|
 
2025-03-29T14:53:04.369 [http-nio-8080-exec-4] DEBUG j.sqltiming -  com.zaxxer.hikari.pool.ProxyPreparedStatement.execute(ProxyPreparedStatement.java:44)
121. Select count(*)
	from 
	user
	where 1=1
 {executed in 4 msec} 
2025-03-29T14:53:04.369 [http-nio-8080-exec-4] INFO j.resultsettable - 
|---------|
|count(*) |
|---------|
|2        |
|---------|
 
2025-03-29T14:53:04.373 [http-nio-8080-exec-4] DEBUG j.sqltiming -  com.zaxxer.hikari.pool.ProxyPreparedStatement.execute(ProxyPreparedStatement.java:44)
121. select 
			urSeq,
		    urUse,
		    urDelNy,
		    urName,
		    urGender,
		    telecom,
		    phoneNumber,
		    urBirth,
		    urID,
		    urPassword,
		    urRegTime,
		    urModTime
		from user
		where 1=1 

		 AND urUse = 1 
         AND urDelNy = 0 

		order by urSeq desc
		limit 5 offset 0
 {executed in 1 msec} 
2025-03-29T14:53:04.374 [http-nio-8080-exec-4] INFO j.resultsettable - 
|------|------|--------|-------|---------|--------|--------------|-----------|----------|-----------|--------------------|----------|
|urseq |uruse |urdelny |urname |urgender |telecom |phonenumber   |urbirth    |urid      |urpassword |urregtime           |urmodtime |
|------|------|--------|-------|---------|--------|--------------|-----------|----------|-----------|--------------------|----------|
|2     |1     |0       |관리자    |7        |1       |010-0000-0000 |2001-12-21 |ej        |1          |2025-03-28T11:37:15 |[null]    |
|1     |1     |0       |정한용    |7        |1       |010-4422-8123 |1994-03-06 |gksdyd009 |gksdyd009  |2025-03-26T18:45:46 |[null]    |
|------|------|--------|-------|---------|--------|--------------|-----------|----------|-----------|--------------------|----------|
 
2025-03-29T14:53:21.920 [http-nio-8080-exec-3] DEBUG j.sqltiming -  com.zaxxer.hikari.pool.ProxyPreparedStatement.execute(ProxyPreparedStatement.java:44)
121. Select count(*)
	from 
	user
	where 1=1
 {executed in 3 msec} 
2025-03-29T14:53:21.920 [http-nio-8080-exec-3] INFO j.resultsettable - 
|---------|
|count(*) |
|---------|
|2        |
|---------|
 
2025-03-29T14:53:21.923 [http-nio-8080-exec-3] DEBUG j.sqltiming -  com.zaxxer.hikari.pool.ProxyPreparedStatement.execute(ProxyPreparedStatement.java:44)
121. select 
			urSeq,
		    urUse,
		    urDelNy,
		    urName,
		    urGender,
		    telecom,
		    phoneNumber,
		    urBirth,
		    urID,
		    urPassword,
		    urRegTime,
		    urModTime
		from user
		where 1=1 

		 AND urUse = 1 
         AND urDelNy = 0 

		order by urSeq desc
		limit 5 offset 0
 {executed in 1 msec} 
2025-03-29T14:53:21.924 [http-nio-8080-exec-3] INFO j.resultsettable - 
|------|------|--------|-------|---------|--------|--------------|-----------|----------|-----------|--------------------|----------|
|urseq |uruse |urdelny |urname |urgender |telecom |phonenumber   |urbirth    |urid      |urpassword |urregtime           |urmodtime |
|------|------|--------|-------|---------|--------|--------------|-----------|----------|-----------|--------------------|----------|
|2     |1     |0       |관리자    |7        |1       |010-0000-0000 |2001-12-21 |ej        |1          |2025-03-28T11:37:15 |[null]    |
|1     |1     |0       |정한용    |7        |1       |010-4422-8123 |1994-03-06 |gksdyd009 |gksdyd009  |2025-03-26T18:45:46 |[null]    |
|------|------|--------|-------|---------|--------|--------------|-----------|----------|-----------|--------------------|----------|
 
2025-03-29T14:54:36.387 [http-nio-8080-exec-4] DEBUG j.sqltiming -  com.zaxxer.hikari.pool.ProxyPreparedStatement.execute(ProxyPreparedStatement.java:44)
121. Select count(*)
	from 
	user
	where 1=1
 {executed in 6 msec} 
2025-03-29T14:54:36.389 [http-nio-8080-exec-4] INFO j.resultsettable - 
|---------|
|count(*) |
|---------|
|2        |
|---------|
 
2025-03-29T14:54:36.392 [http-nio-8080-exec-4] DEBUG j.sqltiming -  com.zaxxer.hikari.pool.ProxyPreparedStatement.execute(ProxyPreparedStatement.java:44)
121. select 
			urSeq,
		    urUse,
		    urDelNy,
		    urName,
		    urGender,
		    telecom,
		    phoneNumber,
		    urBirth,
		    urID,
		    urPassword,
		    urRegTime,
		    urModTime
		from user
		where 1=1 

		 AND urUse = 1 
         AND urDelNy = 0 

		order by urSeq desc
		limit 5 offset 0
 {executed in 1 msec} 
2025-03-29T14:54:36.393 [http-nio-8080-exec-4] INFO j.resultsettable - 
|------|------|--------|-------|---------|--------|--------------|-----------|----------|-----------|--------------------|----------|
|urseq |uruse |urdelny |urname |urgender |telecom |phonenumber   |urbirth    |urid      |urpassword |urregtime           |urmodtime |
|------|------|--------|-------|---------|--------|--------------|-----------|----------|-----------|--------------------|----------|
|2     |1     |0       |관리자    |7        |1       |010-0000-0000 |2001-12-21 |ej        |1          |2025-03-28T11:37:15 |[null]    |
|1     |1     |0       |정한용    |7        |1       |010-4422-8123 |1994-03-06 |gksdyd009 |gksdyd009  |2025-03-26T18:45:46 |[null]    |
|------|------|--------|-------|---------|--------|--------------|-----------|----------|-----------|--------------------|----------|
 
