2025-03-22T10:49:16.406 [restartedMain] INFO c.a.AngelsApplication - Starting AngelsApplication using Java 21.0.5 with PID 12812 (C:\factory\ws_sts4_4270\repo_angels\angels\bin\main started by sunjs in C:\factory\ws_sts4_4270\repo_angels\angels) 
2025-03-22T10:49:16.408 [restartedMain] INFO c.a.AngelsApplication - No active profile set, falling back to 1 default profile: "default" 
2025-03-22T10:49:16.466 [restartedMain] INFO o.s.b.d.e.DevToolsPropertyDefaultsPostProcessor - Devtools property defaults active! Set 'spring.devtools.add-properties' to 'false' to disable 
2025-03-22T10:49:16.466 [restartedMain] INFO o.s.b.d.e.DevToolsPropertyDefaultsPostProcessor - For additional web related logging consider setting the 'logging.level.web' property to 'DEBUG' 
2025-03-22T10:49:17.965 [restartedMain] INFO o.s.b.w.e.t.TomcatWebServer - Tomcat initialized with port 8080 (http) 
2025-03-22T10:49:17.988 [restartedMain] INFO o.a.c.h.Http11NioProtocol - Initializing ProtocolHandler ["http-nio-8080"] 
2025-03-22T10:49:17.993 [restartedMain] INFO o.a.c.c.StandardService - Starting service [Tomcat] 
2025-03-22T10:49:17.994 [restartedMain] INFO o.a.c.c.StandardEngine - Starting Servlet engine: [Apache Tomcat/10.1.36] 
2025-03-22T10:49:18.071 [restartedMain] INFO o.a.c.c.C.[.[.[/] - Initializing Spring embedded WebApplicationContext 
2025-03-22T10:49:18.073 [restartedMain] INFO o.s.b.w.s.c.ServletWebServerApplicationContext - Root WebApplicationContext: initialization completed in 1606 ms 
2025-03-22T10:49:18.472 [restartedMain] INFO c.z.h.HikariDataSource - HikariPool-1 - Starting... 
2025-03-22T10:49:19.176 [restartedMain] INFO c.z.h.p.HikariPool - HikariPool-1 - Added connection net.sf.log4jdbc.sql.jdbcapi.ConnectionSpy@5f991fdd 
2025-03-22T10:49:19.178 [restartedMain] INFO c.z.h.HikariDataSource - HikariPool-1 - Start completed. 
2025-03-22T10:49:19.208 [restartedMain] DEBUG j.sqltiming -  com.zaxxer.hikari.pool.ProxyPreparedStatement.execute(ProxyPreparedStatement.java:44)
1. SELECT 
			cdSeq,
			cdName,
			codeGroup_cgSeq
		FROM
			code
		WHERE 1=1
			AND cdDelNy = 0
 {executed in 10 msec} 
2025-03-22T10:49:19.224 [restartedMain] INFO j.resultsettable - 
|------|----------|----------------|
|cdseq |cdname    |codegroup_cgseq |
|------|----------|----------------|
|1     |SKT       |1               |
|2     |KT        |1               |
|3     |LG U+     |1               |
|4     |SKT 알뜰폰   |1               |
|5     |KT 알뜰폰    |1               |
|6     |LG U+ 알뜰폰 |1               |
|7     |남자        |2               |
|8     |여자        |2               |
|9     |AL        |3               |
|10    |NL        |3               |
|11    |East      |4               |
|12    |Central   |4               |
|13    |West      |4               |
|14    |투수        |5               |
|15    |1루수       |5               |
|16    |2루수       |5               |
|17    |3루수       |5               |
|18    |유격수       |5               |
|19    |좌익수       |5               |
|20    |중견수       |5               |
|21    |우익수       |5               |
|22    |포수        |5               |
|23    |지명타자      |5               |
|24    |대타        |5               |
|25    |대주자       |5               |
|26    |좌투        |6               |
|27    |우투        |6               |
|28    |양투        |6               |
|29    |좌타        |7               |
|30    |우타        |7               |
|31    |양타        |7               |
|------|----------|----------------|
 
2025-03-22T10:49:19.734 [restartedMain] INFO o.s.b.d.a.OptionalLiveReloadServer - LiveReload server is running on port 35729 
2025-03-22T10:49:19.756 [restartedMain] INFO o.a.c.h.Http11NioProtocol - Starting ProtocolHandler ["http-nio-8080"] 
2025-03-22T10:49:19.781 [restartedMain] INFO o.s.b.w.e.t.TomcatWebServer - Tomcat started on port 8080 (http) with context path '/' 
2025-03-22T10:49:19.790 [restartedMain] INFO c.a.AngelsApplication - Started AngelsApplication in 3.881 seconds (process running for 5.314) 
2025-03-22T10:50:40.907 [http-nio-8080-exec-1] INFO o.a.c.c.C.[.[.[/] - Initializing Spring DispatcherServlet 'dispatcherServlet' 
2025-03-22T10:50:40.907 [http-nio-8080-exec-1] INFO o.s.w.s.DispatcherServlet - Initializing Servlet 'dispatcherServlet' 
2025-03-22T10:50:40.910 [http-nio-8080-exec-1] INFO o.s.w.s.DispatcherServlet - Completed initialization in 1 ms 
2025-03-22T10:50:41.017 [http-nio-8080-exec-1] DEBUG j.sqltiming -  com.zaxxer.hikari.pool.ProxyPreparedStatement.execute(ProxyPreparedStatement.java:44)
1. Select count(*)

			from
			codegroup as a 		
			where 1=1
 {executed in 7 msec} 
2025-03-22T10:50:41.021 [http-nio-8080-exec-1] INFO j.resultsettable - 
|---------|
|count(*) |
|---------|
|7        |
|---------|
 
2025-03-22T10:50:41.033 [http-nio-8080-exec-1] DEBUG j.sqltiming -  com.zaxxer.hikari.pool.ProxyPreparedStatement.execute(ProxyPreparedStatement.java:44)
1. select
			a.cgSeq,
			a.cgdelNy,
			a.cgUse,
		    a.cgName,
		    a.cgNameEng,
		    (select count(aa.cdSeq) from code aa where 1=1 and aa.cdDelNy = 0 and aa.codeGroup_cgSeq = a.cgSeq) as cdSeqCount,
		    a.cgOrder,
		    a.cgRegDate,
		    a.cgEdDate

			from
			codegroup as a 		
			where 1=1 

		order by cgSeq desc
		limit 5 offset 0
 {executed in 4 msec} 
2025-03-22T10:50:41.049 [http-nio-8080-exec-1] INFO j.resultsettable - 
|------|--------|------|-------|-----------|-----------|--------|--------------------|---------|
|cgseq |cgdelny |cguse |cgname |cgnameeng  |cdseqcount |cgorder |cgregdate           |cgeddate |
|------|--------|------|-------|-----------|-----------|--------|--------------------|---------|
|7     |0       |0     |타      |Bat        |3          |1       |2025-03-21T17:26:47 |[null]   |
|6     |0       |0     |투      |Throw      |3          |1       |2025-03-21T17:26:35 |[null]   |
|5     |0       |0     |포지션    |Position   |12         |1       |2025-03-21T17:24:04 |[null]   |
|4     |0       |0     |리그서브   |LeagueSub  |3          |1       |2025-03-20T16:46:16 |[null]   |
|3     |0       |0     |리그메인   |LeagueMain |2          |1       |2025-03-20T16:46:10 |[null]   |
|------|--------|------|-------|-----------|-----------|--------|--------------------|---------|
 
2025-03-22T10:50:55.321 [http-nio-8080-exec-8] DEBUG j.sqltiming -  com.zaxxer.hikari.pool.ProxyPreparedStatement.execute(ProxyPreparedStatement.java:44)
1. Select count(*)

			from
			codegroup as a 		
			where 1=1
 {executed in 11 msec} 
2025-03-22T10:50:55.323 [http-nio-8080-exec-8] INFO j.resultsettable - 
|---------|
|count(*) |
|---------|
|7        |
|---------|
 
2025-03-22T10:50:55.329 [http-nio-8080-exec-8] DEBUG j.sqltiming -  com.zaxxer.hikari.pool.ProxyPreparedStatement.execute(ProxyPreparedStatement.java:44)
1. select
			a.cgSeq,
			a.cgdelNy,
			a.cgUse,
		    a.cgName,
		    a.cgNameEng,
		    (select count(aa.cdSeq) from code aa where 1=1 and aa.cdDelNy = 0 and aa.codeGroup_cgSeq = a.cgSeq) as cdSeqCount,
		    a.cgOrder,
		    a.cgRegDate,
		    a.cgEdDate

			from
			codegroup as a 		
			where 1=1 

		order by cgSeq desc
		limit 5 offset 0
 {executed in 3 msec} 
2025-03-22T10:50:55.335 [http-nio-8080-exec-8] INFO j.resultsettable - 
|------|--------|------|-------|-----------|-----------|--------|--------------------|---------|
|cgseq |cgdelny |cguse |cgname |cgnameeng  |cdseqcount |cgorder |cgregdate           |cgeddate |
|------|--------|------|-------|-----------|-----------|--------|--------------------|---------|
|7     |0       |0     |타      |Bat        |3          |1       |2025-03-21T17:26:47 |[null]   |
|6     |0       |0     |투      |Throw      |3          |1       |2025-03-21T17:26:35 |[null]   |
|5     |0       |0     |포지션    |Position   |12         |1       |2025-03-21T17:24:04 |[null]   |
|4     |0       |0     |리그서브   |LeagueSub  |3          |1       |2025-03-20T16:46:16 |[null]   |
|3     |0       |0     |리그메인   |LeagueMain |2          |1       |2025-03-20T16:46:10 |[null]   |
|------|--------|------|-------|-----------|-----------|--------|--------------------|---------|
 
2025-03-22T10:50:56.138 [http-nio-8080-exec-1] DEBUG j.sqltiming -  com.zaxxer.hikari.pool.ProxyPreparedStatement.execute(ProxyPreparedStatement.java:44)
1. Select count(*)

			from
			codegroup as a 		
			where 1=1
 {executed in 5 msec} 
2025-03-22T10:50:56.140 [http-nio-8080-exec-1] INFO j.resultsettable - 
|---------|
|count(*) |
|---------|
|7        |
|---------|
 
2025-03-22T10:50:56.146 [http-nio-8080-exec-1] DEBUG j.sqltiming -  com.zaxxer.hikari.pool.ProxyPreparedStatement.execute(ProxyPreparedStatement.java:44)
1. select
			a.cgSeq,
			a.cgdelNy,
			a.cgUse,
		    a.cgName,
		    a.cgNameEng,
		    (select count(aa.cdSeq) from code aa where 1=1 and aa.cdDelNy = 0 and aa.codeGroup_cgSeq = a.cgSeq) as cdSeqCount,
		    a.cgOrder,
		    a.cgRegDate,
		    a.cgEdDate

			from
			codegroup as a 		
			where 1=1 

		order by cgSeq desc
		limit 5 offset 5
 {executed in 2 msec} 
2025-03-22T10:50:56.150 [http-nio-8080-exec-1] INFO j.resultsettable - 
|------|--------|------|-------|----------|-----------|--------|--------------------|---------|
|cgseq |cgdelny |cguse |cgname |cgnameeng |cdseqcount |cgorder |cgregdate           |cgeddate |
|------|--------|------|-------|----------|-----------|--------|--------------------|---------|
|2     |0       |0     |성별     |gender    |2          |1       |2025-03-20T16:46:02 |[null]   |
|1     |0       |0     |통신사    |Telecom   |6          |1       |2025-03-20T16:45:56 |[null]   |
|------|--------|------|-------|----------|-----------|--------|--------------------|---------|
 
2025-03-22T10:50:57.101 [http-nio-8080-exec-5] DEBUG j.sqltiming -  com.zaxxer.hikari.pool.ProxyPreparedStatement.execute(ProxyPreparedStatement.java:44)
1. Select count(*)

			from
			codegroup as a 		
			where 1=1
 {executed in 5 msec} 
2025-03-22T10:50:57.102 [http-nio-8080-exec-5] INFO j.resultsettable - 
|---------|
|count(*) |
|---------|
|7        |
|---------|
 
2025-03-22T10:50:57.106 [http-nio-8080-exec-5] DEBUG j.sqltiming -  com.zaxxer.hikari.pool.ProxyPreparedStatement.execute(ProxyPreparedStatement.java:44)
1. select
			a.cgSeq,
			a.cgdelNy,
			a.cgUse,
		    a.cgName,
		    a.cgNameEng,
		    (select count(aa.cdSeq) from code aa where 1=1 and aa.cdDelNy = 0 and aa.codeGroup_cgSeq = a.cgSeq) as cdSeqCount,
		    a.cgOrder,
		    a.cgRegDate,
		    a.cgEdDate

			from
			codegroup as a 		
			where 1=1 

		order by cgSeq desc
		limit 5 offset 0
 {executed in 2 msec} 
2025-03-22T10:50:57.112 [http-nio-8080-exec-5] INFO j.resultsettable - 
|------|--------|------|-------|-----------|-----------|--------|--------------------|---------|
|cgseq |cgdelny |cguse |cgname |cgnameeng  |cdseqcount |cgorder |cgregdate           |cgeddate |
|------|--------|------|-------|-----------|-----------|--------|--------------------|---------|
|7     |0       |0     |타      |Bat        |3          |1       |2025-03-21T17:26:47 |[null]   |
|6     |0       |0     |투      |Throw      |3          |1       |2025-03-21T17:26:35 |[null]   |
|5     |0       |0     |포지션    |Position   |12         |1       |2025-03-21T17:24:04 |[null]   |
|4     |0       |0     |리그서브   |LeagueSub  |3          |1       |2025-03-20T16:46:16 |[null]   |
|3     |0       |0     |리그메인   |LeagueMain |2          |1       |2025-03-20T16:46:10 |[null]   |
|------|--------|------|-------|-----------|-----------|--------|--------------------|---------|
 
2025-03-22T10:51:18.819 [http-nio-8080-exec-3] DEBUG j.sqltiming -  com.zaxxer.hikari.pool.ProxyPreparedStatement.execute(ProxyPreparedStatement.java:44)
1. INSERT INTO codegroup (
			cgUse,
		    cgName,
		    cgNameEng,
		    cgOrder,
		    cgRegDate,
		    cgdelNy

			) values (
				0,
				'국적적',
				'Nationality',
				'1',
				NOW(),
				0				
			)
 {executed in 10 msec} 
2025-03-22T10:51:18.823 [http-nio-8080-exec-3] DEBUG j.sqltiming -  com.zaxxer.hikari.pool.ProxyPreparedStatement.execute(ProxyPreparedStatement.java:44)
1. SELECT last_insert_id()
 {executed in 1 msec} 
2025-03-22T10:51:18.825 [http-nio-8080-exec-3] INFO j.resultsettable - 
|-----------------|
|last_insert_id() |
|-----------------|
|8                |
|-----------------|
 
2025-03-22T10:51:18.847 [http-nio-8080-exec-2] DEBUG j.sqltiming -  com.zaxxer.hikari.pool.ProxyPreparedStatement.execute(ProxyPreparedStatement.java:44)
1. Select count(*)

			from
			codegroup as a 		
			where 1=1
 {executed in 4 msec} 
2025-03-22T10:51:18.848 [http-nio-8080-exec-2] INFO j.resultsettable - 
|---------|
|count(*) |
|---------|
|8        |
|---------|
 
2025-03-22T10:51:18.852 [http-nio-8080-exec-2] DEBUG j.sqltiming -  com.zaxxer.hikari.pool.ProxyPreparedStatement.execute(ProxyPreparedStatement.java:44)
1. select
			a.cgSeq,
			a.cgdelNy,
			a.cgUse,
		    a.cgName,
		    a.cgNameEng,
		    (select count(aa.cdSeq) from code aa where 1=1 and aa.cdDelNy = 0 and aa.codeGroup_cgSeq = a.cgSeq) as cdSeqCount,
		    a.cgOrder,
		    a.cgRegDate,
		    a.cgEdDate

			from
			codegroup as a 		
			where 1=1 

		order by cgSeq desc
		limit 5 offset 0
 {executed in 3 msec} 
2025-03-22T10:51:18.855 [http-nio-8080-exec-2] INFO j.resultsettable - 
|------|--------|------|-------|------------|-----------|--------|--------------------|---------|
|cgseq |cgdelny |cguse |cgname |cgnameeng   |cdseqcount |cgorder |cgregdate           |cgeddate |
|------|--------|------|-------|------------|-----------|--------|--------------------|---------|
|8     |0       |0     |국적적    |Nationality |0          |1       |2025-03-22T10:51:18 |[null]   |
|7     |0       |0     |타      |Bat         |3          |1       |2025-03-21T17:26:47 |[null]   |
|6     |0       |0     |투      |Throw       |3          |1       |2025-03-21T17:26:35 |[null]   |
|5     |0       |0     |포지션    |Position    |12         |1       |2025-03-21T17:24:04 |[null]   |
|4     |0       |0     |리그서브   |LeagueSub   |3          |1       |2025-03-20T16:46:16 |[null]   |
|------|--------|------|-------|------------|-----------|--------|--------------------|---------|
 
2025-03-22T10:52:20.032 [http-nio-8080-exec-6] DEBUG j.sqltiming -  com.zaxxer.hikari.pool.ProxyPreparedStatement.execute(ProxyPreparedStatement.java:44)
1. Select count(*)

			from
			codegroup as a 		
			where 1=1
 {executed in 9 msec} 
2025-03-22T10:52:20.033 [http-nio-8080-exec-6] INFO j.resultsettable - 
|---------|
|count(*) |
|---------|
|8        |
|---------|
 
2025-03-22T10:52:20.042 [http-nio-8080-exec-6] DEBUG j.sqltiming -  com.zaxxer.hikari.pool.ProxyPreparedStatement.execute(ProxyPreparedStatement.java:44)
1. select
			a.cgSeq,
			a.cgdelNy,
			a.cgUse,
		    a.cgName,
		    a.cgNameEng,
		    (select count(aa.cdSeq) from code aa where 1=1 and aa.cdDelNy = 0 and aa.codeGroup_cgSeq = a.cgSeq) as cdSeqCount,
		    a.cgOrder,
		    a.cgRegDate,
		    a.cgEdDate

			from
			codegroup as a 		
			where 1=1 

		order by cgSeq desc
		limit 5 offset 0
 {executed in 6 msec} 
2025-03-22T10:52:20.046 [http-nio-8080-exec-6] INFO j.resultsettable - 
|------|--------|------|-------|------------|-----------|--------|--------------------|---------|
|cgseq |cgdelny |cguse |cgname |cgnameeng   |cdseqcount |cgorder |cgregdate           |cgeddate |
|------|--------|------|-------|------------|-----------|--------|--------------------|---------|
|8     |0       |0     |국적     |Nationality |0          |1       |2025-03-22T10:51:18 |[null]   |
|7     |0       |0     |타      |Bat         |3          |1       |2025-03-21T17:26:47 |[null]   |
|6     |0       |0     |투      |Throw       |3          |1       |2025-03-21T17:26:35 |[null]   |
|5     |0       |0     |포지션    |Position    |12         |1       |2025-03-21T17:24:04 |[null]   |
|4     |0       |0     |리그서브   |LeagueSub   |3          |1       |2025-03-20T16:46:16 |[null]   |
|------|--------|------|-------|------------|-----------|--------|--------------------|---------|
 
2025-03-22T10:52:41.988 [http-nio-8080-exec-7] DEBUG j.sqltiming -  com.zaxxer.hikari.pool.ProxyPreparedStatement.execute(ProxyPreparedStatement.java:44)
1. Select count(*)

			from
			codegroup as a 		
			where 1=1
 {executed in 5 msec} 
2025-03-22T10:52:41.988 [http-nio-8080-exec-7] INFO j.resultsettable - 
|---------|
|count(*) |
|---------|
|8        |
|---------|
 
2025-03-22T10:52:41.993 [http-nio-8080-exec-7] DEBUG j.sqltiming -  com.zaxxer.hikari.pool.ProxyPreparedStatement.execute(ProxyPreparedStatement.java:44)
1. select
			a.cgSeq,
			a.cgdelNy,
			a.cgUse,
		    a.cgName,
		    a.cgNameEng,
		    (select count(aa.cdSeq) from code aa where 1=1 and aa.cdDelNy = 0 and aa.codeGroup_cgSeq = a.cgSeq) as cdSeqCount,
		    a.cgOrder,
		    a.cgRegDate,
		    a.cgEdDate

			from
			codegroup as a 		
			where 1=1 

		order by cgSeq desc
		limit 5 offset 0
 {executed in 3 msec} 
2025-03-22T10:52:41.996 [http-nio-8080-exec-7] INFO j.resultsettable - 
|------|--------|------|-------|------------|-----------|--------|--------------------|---------|
|cgseq |cgdelny |cguse |cgname |cgnameeng   |cdseqcount |cgorder |cgregdate           |cgeddate |
|------|--------|------|-------|------------|-----------|--------|--------------------|---------|
|8     |0       |0     |국적     |Nationality |0          |1       |2025-03-22T10:51:18 |[null]   |
|7     |0       |0     |타      |Bat         |3          |1       |2025-03-21T17:26:47 |[null]   |
|6     |0       |0     |투      |Throw       |3          |1       |2025-03-21T17:26:35 |[null]   |
|5     |0       |0     |포지션    |Position    |12         |1       |2025-03-21T17:24:04 |[null]   |
|4     |0       |0     |리그서브   |LeagueSub   |3          |1       |2025-03-20T16:46:16 |[null]   |
|------|--------|------|-------|------------|-----------|--------|--------------------|---------|
 
2025-03-22T10:52:52.040 [http-nio-8080-exec-2] DEBUG j.sqltiming -  com.zaxxer.hikari.pool.ProxyPreparedStatement.execute(ProxyPreparedStatement.java:44)
1. Select count(*)

			FROM
		    code c
		left JOIN codegroup cg ON c.codeGroup_cgSeq = cg.cgSeq
		WHERE
		    1=1
 {executed in 1 msec} 
2025-03-22T10:52:52.040 [http-nio-8080-exec-2] INFO j.resultsettable - 
|---------|
|count(*) |
|---------|
|31       |
|---------|
 
2025-03-22T10:52:52.045 [http-nio-8080-exec-2] DEBUG j.sqltiming -  com.zaxxer.hikari.pool.ProxyPreparedStatement.execute(ProxyPreparedStatement.java:44)
1. SELECT

		    c.codeGroup_cgSeq,
		    c.cdUse,
			cg.cgName,
		    c.cdSeq,
		    c.cdName,
		    c.cdNameEng,
		    c.cdOrder,
		    c.cdRegDate,
		    c.cdEdDate,
		    c.cdCheck

			FROM
		    code c
		left JOIN codegroup cg ON c.codeGroup_cgSeq = cg.cgSeq
		WHERE
		    1=1

		ORDER BY
		    c.cdSeq DESC		    
		limit 5 offset 0
 {executed in 1 msec} 
2025-03-22T10:52:52.050 [http-nio-8080-exec-2] INFO j.resultsettable - 
|----------------|------|-------|------|-------|----------|--------|--------------------|---------|--------|
|codegroup_cgseq |cduse |cgname |cdseq |cdname |cdnameeng |cdorder |cdregdate           |cdeddate |cdcheck |
|----------------|------|-------|------|-------|----------|--------|--------------------|---------|--------|
|7               |0     |타      |31    |양타     |S         |1       |2025-03-21T17:41:27 |[null]   |[null]  |
|7               |0     |타      |30    |우타     |R         |1       |2025-03-21T17:40:59 |[null]   |[null]  |
|7               |0     |타      |29    |좌타     |L         |1       |2025-03-21T17:40:44 |[null]   |[null]  |
|6               |0     |투      |28    |양투     |S         |1       |2025-03-21T17:40:20 |[null]   |[null]  |
|6               |0     |투      |27    |우투     |R         |1       |2025-03-21T17:40:03 |[null]   |[null]  |
|----------------|------|-------|------|-------|----------|--------|--------------------|---------|--------|
 
