2025-03-30T20:16:06.328 [HikariPool-5 housekeeper] WARN c.z.h.p.HikariPool - HikariPool-5 - Thread starvation or clock leap detected (housekeeper delta=1h18m1s296ms877µs800ns). 
2025-03-30T20:32:59.839 [http-nio-8080-exec-7] DEBUG j.sqltiming -  com.zaxxer.hikari.pool.ProxyPreparedStatement.execute(ProxyPreparedStatement.java:44)
119. SELECT
			urSeq,
		    urName,
		    urID,
		    urPassword,
		    urRegTime
		FROM
			user
		WHERE 1=1
			AND urID = 'ej'
			 AND urPassword = '1'
 {executed in 2 msec} 
2025-03-30T20:32:59.840 [http-nio-8080-exec-7] INFO j.resultsettable - 
|------|-------|-----|-----------|--------------------|
|urseq |urname |urid |urpassword |urregtime           |
|------|-------|-----|-----------|--------------------|
|2     |관리자    |ej   |1          |2025-03-28T11:37:15 |
|------|-------|-----|-----------|--------------------|
 
2025-03-30T20:32:59.861 [http-nio-8080-exec-8] DEBUG j.sqltiming -  com.zaxxer.hikari.pool.ProxyPreparedStatement.execute(ProxyPreparedStatement.java:44)
119. Select count(*)

			from
			codegroup as a 		
			where 1=1
		 AND a.cgUse = 1 
         AND a.cgdelNy = 0
 {executed in 1 msec} 
2025-03-30T20:32:59.862 [http-nio-8080-exec-8] INFO j.resultsettable - 
|---------|
|count(*) |
|---------|
|22       |
|---------|
 
2025-03-30T20:32:59.866 [http-nio-8080-exec-8] DEBUG j.sqltiming -  com.zaxxer.hikari.pool.ProxyPreparedStatement.execute(ProxyPreparedStatement.java:44)
119. select
			a.cgSeq,
			a.cgdelNy,
			a.cgUse,
		    a.cgName,
		    a.cgNameEng,
		    (select count(aa.cdSeq) from code aa where 1=1 and aa.cdDelNy = 0 and aa.codeGroup_cgSeq = a.cgSeq) as cdSeqCount,
		    a.cgOrder,
		    a.cgRegDate,
		    a.cgEdDate

			from
			codegroup as a 		
			where 1=1
		 AND a.cgUse = 1 
         AND a.cgdelNy = 0 

		order by cgSeq desc
		limit 5 offset 0
 {executed in 1 msec} 
2025-03-30T20:32:59.867 [http-nio-8080-exec-8] INFO j.resultsettable - 
|------|--------|------|--------|----------|-----------|--------|--------------------|--------------------|
|cgseq |cgdelny |cguse |cgname  |cgnameeng |cdseqcount |cgorder |cgregdate           |cgeddate            |
|------|--------|------|--------|----------|-----------|--------|--------------------|--------------------|
|32    |0       |1     |ㅁ       |          |0          |1       |2025-03-28T01:49:04 |2025-03-28T22:30:19 |
|25    |0       |1     |노을      |hihi      |0          |44      |2025-03-26T10:56:37 |2025-03-28T22:30:43 |
|23    |0       |1     |80802rD |hihi      |0          |44      |2025-03-26T10:52:51 |[null]              |
|22    |0       |1     |80802rD |hihi      |0          |44      |2025-03-26T10:49:22 |[null]              |
|21    |0       |1     |80802rD |hihi      |0          |44      |2025-03-26T10:48:39 |[null]              |
|------|--------|------|--------|----------|-----------|--------|--------------------|--------------------|
 
2025-03-30T20:33:13.726 [http-nio-8080-exec-8] DEBUG j.sqltiming -  com.zaxxer.hikari.pool.ProxyPreparedStatement.execute(ProxyPreparedStatement.java:44)
119. Select count(*)

			FROM
		    code c
		left JOIN codegroup cg ON c.codeGroup_cgSeq = cg.cgSeq
		WHERE
		    1=1

		 AND c.cdUse = 1 
         AND c.cdDelNy = 0
 {executed in 1 msec} 
2025-03-30T20:33:13.726 [http-nio-8080-exec-8] INFO j.resultsettable - 
|---------|
|count(*) |
|---------|
|96       |
|---------|
 
2025-03-30T20:33:13.728 [http-nio-8080-exec-8] DEBUG j.sqltiming -  com.zaxxer.hikari.pool.ProxyPreparedStatement.execute(ProxyPreparedStatement.java:44)
119. SELECT

		    c.codeGroup_cgSeq,
		    c.cdUse,
			cg.cgName,
		    c.cdSeq,
		    c.cdName,
		    c.cdNameEng,
		    c.cdOrder,
		    c.cdRegDate,
		    c.cdEdDate,
		    c.cdCheck,
		    c.cdDelNy

			FROM
		    code c
		left JOIN codegroup cg ON c.codeGroup_cgSeq = cg.cgSeq
		WHERE
		    1=1

		 AND c.cdUse = 1 
         AND c.cdDelNy = 0 

		ORDER BY
		    c.cdSeq DESC		    
		limit 5 offset 0
 {executed in 1 msec} 
2025-03-30T20:33:13.730 [http-nio-8080-exec-8] INFO j.resultsettable - 
|----------------|------|-------|------|-------|----------|--------|--------------------|---------|--------|--------|
|codegroup_cgseq |cduse |cgname |cdseq |cdname |cdnameeng |cdorder |cdregdate           |cdeddate |cdcheck |cddelny |
|----------------|------|-------|------|-------|----------|--------|--------------------|---------|--------|--------|
|33              |1     |aasdad |102   |ㅈㅇㄻㄴ   |ㅁㄴㅇㄻㄴㄹ    |1       |2025-03-30T18:26:53 |[null]   |[null]  |0       |
|5               |1     |포지션    |95    |투타겸업   |TWP       |1       |2025-03-23T23:12:21 |[null]   |[null]  |0       |
|10              |1     |status |94    |은퇴     |retire    |1       |2025-03-23T17:13:52 |[null]   |[null]  |0       |
|10              |1     |status |93    |현역     |active    |1       |2025-03-23T17:13:41 |[null]   |[null]  |0       |
|9               |1     |이닝     |92    |20회말   |BOT 20    |1       |2025-03-22T14:12:40 |[null]   |[null]  |0       |
|----------------|------|-------|------|-------|----------|--------|--------------------|---------|--------|--------|
 
2025-03-30T20:33:17.505 [http-nio-8080-exec-8] DEBUG j.sqltiming -  com.zaxxer.hikari.pool.ProxyPreparedStatement.execute(ProxyPreparedStatement.java:44)
119. SELECT
		 l.cgSeq,
		 l.cgName
		 	from
		 	codeGroup as l
		 	where 1=1
 {executed in 1 msec} 
2025-03-30T20:33:17.506 [http-nio-8080-exec-8] INFO j.resultsettable - 
|------|--------|
|cgseq |cgname  |
|------|--------|
|1     |통신사     |
|2     |성별      |
|3     |리그메인    |
|4     |리그서브    |
|5     |포지션     |
|6     |투       |
|7     |타       |
|8     |국적      |
|9     |이닝      |
|10    |status  |
|11    |하이      |
|12    |ccsww   |
|13    |22      |
|14    |55      |
|16    |80802rD |
|18    |80802rD |
|19    |80802rD |
|20    |80802rD |
|21    |80802rD |
|22    |80802rD |
|23    |80802rD |
|25    |노을      |
|27    |80802rD |
|28    |80802r  |
|29    |ㄴ       |
|30    |80802rD |
|31    |121221  |
|32    |ㅁ       |
|33    |aasdad  |
|------|--------|
 
2025-03-30T20:34:02.773 [http-nio-8080-exec-7] DEBUG j.sqltiming -  com.zaxxer.hikari.pool.ProxyPreparedStatement.execute(ProxyPreparedStatement.java:44)
119. SELECT
		 l.cgSeq,
		 l.cgName
		 	from
		 	codeGroup as l
		 	where 1=1
 {executed in 1 msec} 
2025-03-30T20:34:02.774 [http-nio-8080-exec-7] INFO j.resultsettable - 
|------|--------|
|cgseq |cgname  |
|------|--------|
|1     |통신사     |
|2     |성별      |
|3     |리그메인    |
|4     |리그서브    |
|5     |포지션     |
|6     |투       |
|7     |타       |
|8     |국적      |
|9     |이닝      |
|10    |status  |
|11    |하이      |
|12    |ccsww   |
|13    |22      |
|14    |55      |
|16    |80802rD |
|18    |80802rD |
|19    |80802rD |
|20    |80802rD |
|21    |80802rD |
|22    |80802rD |
|23    |80802rD |
|25    |노을      |
|27    |80802rD |
|28    |80802r  |
|29    |ㄴ       |
|30    |80802rD |
|31    |121221  |
|32    |ㅁ       |
|33    |aasdad  |
|------|--------|
 
2025-03-30T20:34:23.138 [http-nio-8080-exec-7] DEBUG j.sqltiming -  com.zaxxer.hikari.pool.ProxyPreparedStatement.execute(ProxyPreparedStatement.java:44)
119. INSERT INTO code (
		cdUse,
		cdName,
		cdNameEng,
		cdOrder,
		codeGroup_cgSeq,	
		cdRegDate,
		cdDelNy

	) values (
		1,
		'ads',
		'ads',
		'1',
		'32',
		NOW(),
		0
	)
 {executed in 5 msec} 
2025-03-30T20:34:23.139 [http-nio-8080-exec-7] DEBUG j.sqltiming -  com.zaxxer.hikari.pool.ProxyPreparedStatement.execute(ProxyPreparedStatement.java:44)
119. SELECT last_insert_id()
 {executed in 1 msec} 
2025-03-30T20:34:23.140 [http-nio-8080-exec-7] INFO j.resultsettable - 
|-----------------|
|last_insert_id() |
|-----------------|
|105              |
|-----------------|
 
2025-03-30T20:34:23.149 [http-nio-8080-exec-6] DEBUG j.sqltiming -  com.zaxxer.hikari.pool.ProxyPreparedStatement.execute(ProxyPreparedStatement.java:44)
119. Select count(*)

			FROM
		    code c
		left JOIN codegroup cg ON c.codeGroup_cgSeq = cg.cgSeq
		WHERE
		    1=1

		 AND c.cdUse = 1 
         AND c.cdDelNy = 0
 {executed in 1 msec} 
2025-03-30T20:34:23.150 [http-nio-8080-exec-6] INFO j.resultsettable - 
|---------|
|count(*) |
|---------|
|97       |
|---------|
 
2025-03-30T20:34:23.151 [http-nio-8080-exec-6] DEBUG j.sqltiming -  com.zaxxer.hikari.pool.ProxyPreparedStatement.execute(ProxyPreparedStatement.java:44)
119. SELECT

		    c.codeGroup_cgSeq,
		    c.cdUse,
			cg.cgName,
		    c.cdSeq,
		    c.cdName,
		    c.cdNameEng,
		    c.cdOrder,
		    c.cdRegDate,
		    c.cdEdDate,
		    c.cdCheck,
		    c.cdDelNy

			FROM
		    code c
		left JOIN codegroup cg ON c.codeGroup_cgSeq = cg.cgSeq
		WHERE
		    1=1

		 AND c.cdUse = 1 
         AND c.cdDelNy = 0 

		ORDER BY
		    c.cdSeq DESC		    
		limit 5 offset 0
 {executed in 1 msec} 
2025-03-30T20:34:23.154 [http-nio-8080-exec-6] INFO j.resultsettable - 
|----------------|------|-------|------|-------|----------|--------|--------------------|---------|--------|--------|
|codegroup_cgseq |cduse |cgname |cdseq |cdname |cdnameeng |cdorder |cdregdate           |cdeddate |cdcheck |cddelny |
|----------------|------|-------|------|-------|----------|--------|--------------------|---------|--------|--------|
|32              |1     |ㅁ      |105   |ads    |ads       |1       |2025-03-30T20:34:23 |[null]   |[null]  |0       |
|33              |1     |aasdad |102   |ㅈㅇㄻㄴ   |ㅁㄴㅇㄻㄴㄹ    |1       |2025-03-30T18:26:53 |[null]   |[null]  |0       |
|5               |1     |포지션    |95    |투타겸업   |TWP       |1       |2025-03-23T23:12:21 |[null]   |[null]  |0       |
|10              |1     |status |94    |은퇴     |retire    |1       |2025-03-23T17:13:52 |[null]   |[null]  |0       |
|10              |1     |status |93    |현역     |active    |1       |2025-03-23T17:13:41 |[null]   |[null]  |0       |
|----------------|------|-------|------|-------|----------|--------|--------------------|---------|--------|--------|
 
2025-03-30T20:36:49.688 [http-nio-8080-exec-9] DEBUG j.sqltiming -  com.zaxxer.hikari.pool.ProxyPreparedStatement.execute(ProxyPreparedStatement.java:44)
119. Select count(*)

			FROM
		    team
		WHERE
		    1=1

		 AND tmUse = 1 
         AND tmDelNy = 0
 {executed in 1 msec} 
2025-03-30T20:36:49.689 [http-nio-8080-exec-9] INFO j.resultsettable - 
|---------|
|count(*) |
|---------|
|32       |
|---------|
 
2025-03-30T20:36:49.691 [http-nio-8080-exec-9] DEBUG j.sqltiming -  com.zaxxer.hikari.pool.ProxyPreparedStatement.execute(ProxyPreparedStatement.java:44)
119. SELECT
		tmSeq,
		tmUse,
		tmDelNy,
		tmHomeName,
	    tmName,
	    tmNameAb,
	    tmHomeNameKor,
	    tmNameKor,
	    tmLogo,
	    tmLeague,
	    tmDiv,
	    tmRegTime,
	    tmModTime    

			FROM
		    team
		WHERE
		    1=1

		 AND tmUse = 1 
         AND tmDelNy = 0 

	order by tmSeq desc
	limit 5 offset 0
 {executed in 1 msec} 
2025-03-30T20:36:49.692 [http-nio-8080-exec-9] INFO j.resultsettable - 
|------|------|--------|-----------|----------|---------|--------------|----------|-------|---------|------|--------------------|----------|
|tmseq |tmuse |tmdelny |tmhomename |tmname    |tmnameab |tmhomenamekor |tmnamekor |tmlogo |tmleague |tmdiv |tmregtime           |tmmodtime |
|------|------|--------|-----------|----------|---------|--------------|----------|-------|---------|------|--------------------|----------|
|32    |1     |0       |Toronto    |Blue Jays |TOR      |토론토           |블루제이스     |[null] |9        |11    |2025-03-30T18:04:27 |[null]    |
|31    |1     |0       |Toronto    |Blue Jays |TOR      |토론토           |블루제이스     |[null] |10       |11    |2025-03-30T18:04:22 |[null]    |
|30    |1     |0       |Toronto    |Blue Jays |TOR      |토론토           |블루제이스     |[null] |9        |11    |2025-03-20T22:43:31 |[null]    |
|29    |1     |0       |Tampa Bay  |Rays      |TB       |탬파베이          |레이스       |[null] |9        |11    |2025-03-20T22:43:02 |[null]    |
|28    |1     |0       |New York   |Yankees   |NYY      |뉴욕            |양키스       |[null] |9        |11    |2025-03-20T22:42:37 |[null]    |
|------|------|--------|-----------|----------|---------|--------------|----------|-------|---------|------|--------------------|----------|
 
2025-03-30T20:36:51.565 [http-nio-8080-exec-3] DEBUG j.sqltiming -  com.zaxxer.hikari.pool.ProxyPreparedStatement.execute(ProxyPreparedStatement.java:44)
119. select
		cdName,
	    cdSeq
	from
		code
	where 1=1
		and codeGroup_cgSeq=3
	order by cdSeq desc
 {executed in 1 msec} 
2025-03-30T20:36:51.565 [http-nio-8080-exec-3] INFO j.resultsettable - 
|-------|------|
|cdname |cdseq |
|-------|------|
|NL     |10    |
|AL     |9     |
|-------|------|
 
2025-03-30T20:36:51.567 [http-nio-8080-exec-3] DEBUG j.sqltiming -  com.zaxxer.hikari.pool.ProxyPreparedStatement.execute(ProxyPreparedStatement.java:44)
119. select
		cdName,
	    cdSeq
		from
			code
		where 1=1
			and codeGroup_cgSeq=4
		order by cdSeq desc
 {executed in 1 msec} 
2025-03-30T20:36:51.567 [http-nio-8080-exec-3] INFO j.resultsettable - 
|--------|------|
|cdname  |cdseq |
|--------|------|
|West    |13    |
|Central |12    |
|East    |11    |
|--------|------|
 
2025-03-30T20:36:51.569 [http-nio-8080-exec-3] DEBUG j.sqltiming -  com.zaxxer.hikari.pool.ProxyPreparedStatement.execute(ProxyPreparedStatement.java:44)
119. SELECT	
		tmSeq,
		tmUse,
		tmDelNy,
		tmHomeName,
	    tmName,
	    tmNameAb,
	    tmHomeNameKor,
	    tmNameKor,
	    tmLogo,
	    tmLeague,
	    tmDiv,
	    tmRegTime,
	    tmModTime 
		    from
		    	team
		    	where 1=1
		    AND tmSeq = '32'
 {executed in 1 msec} 
2025-03-30T20:36:51.570 [http-nio-8080-exec-3] INFO j.resultsettable - 
|------|------|--------|-----------|----------|---------|--------------|----------|-------|---------|------|--------------------|----------|
|tmseq |tmuse |tmdelny |tmhomename |tmname    |tmnameab |tmhomenamekor |tmnamekor |tmlogo |tmleague |tmdiv |tmregtime           |tmmodtime |
|------|------|--------|-----------|----------|---------|--------------|----------|-------|---------|------|--------------------|----------|
|32    |1     |0       |Toronto    |Blue Jays |TOR      |토론토           |블루제이스     |[null] |9        |11    |2025-03-30T18:04:27 |[null]    |
|------|------|--------|-----------|----------|---------|--------------|----------|-------|---------|------|--------------------|----------|
 
