2025-04-03T11:25:51.535 [http-nio-8080-exec-6] DEBUG j.sqltiming -  com.zaxxer.hikari.pool.ProxyPreparedStatement.execute(ProxyPreparedStatement.java:44)
62. SELECT
			urSeq,
		    urName,
		    urID,
		    urPassword,
		    urRegTime
		FROM
			user
		WHERE 1=1
			AND urID = 'ej'
			 AND urPassword = '1'
 {executed in 3 msec} 
2025-04-03T11:25:51.551 [http-nio-8080-exec-6] INFO j.resultsettable - 
|------|-------|-----|-----------|--------------------|
|urseq |urname |urid |urpassword |urregtime           |
|------|-------|-----|-----------|--------------------|
|2     |관리자    |ej   |1          |2025-03-28T11:37:15 |
|------|-------|-----|-----------|--------------------|
 
2025-04-03T11:26:05.366 [http-nio-8080-exec-1] DEBUG j.sqltiming -  com.zaxxer.hikari.pool.ProxyPreparedStatement.execute(ProxyPreparedStatement.java:44)
62. SELECT
			urSeq,
		    urName,
		    urID,
		    urPassword,
		    urRegTime
		FROM
			user
		WHERE 1=1
			AND urID = 'ej'
			 AND urPassword = '1'
 {executed in 3 msec} 
2025-04-03T11:26:05.371 [http-nio-8080-exec-1] INFO j.resultsettable - 
|------|-------|-----|-----------|--------------------|
|urseq |urname |urid |urpassword |urregtime           |
|------|-------|-----|-----------|--------------------|
|2     |관리자    |ej   |1          |2025-03-28T11:37:15 |
|------|-------|-----|-----------|--------------------|
 
2025-04-03T11:34:14.196 [http-nio-8080-exec-7] DEBUG j.sqltiming -  com.zaxxer.hikari.pool.ProxyPreparedStatement.execute(ProxyPreparedStatement.java:44)
62. SELECT
			urSeq,
		    urName,
		    urID,
		    urPassword,
		    urRegTime
		FROM
			user
		WHERE 1=1
			AND urID = 'ej'
			 AND urPassword = '1'
 {executed in 2 msec} 
2025-04-03T11:34:14.200 [http-nio-8080-exec-7] INFO j.resultsettable - 
|------|-------|-----|-----------|--------------------|
|urseq |urname |urid |urpassword |urregtime           |
|------|-------|-----|-----------|--------------------|
|2     |관리자    |ej   |1          |2025-03-28T11:37:15 |
|------|-------|-----|-----------|--------------------|
 
2025-04-03T11:34:26.589 [http-nio-8080-exec-1] DEBUG j.sqltiming -  com.zaxxer.hikari.pool.ProxyPreparedStatement.execute(ProxyPreparedStatement.java:44)
62. SELECT
			urSeq,
		    urName,
		    urID,
		    urPassword,
		    urRegTime
		FROM
			user
		WHERE 1=1
			AND urID = 'ej'
			 AND urPassword = 'aa'
 {executed in 1 msec} 
2025-04-03T11:34:26.591 [http-nio-8080-exec-1] INFO j.resultsettable - 
|------|-------|-----|-----------|----------|
|urseq |urname |urid |urpassword |urregtime |
|------|-------|-----|-----------|----------|
|------|-------|-----|-----------|----------|
 
2025-04-03T11:34:27.382 [http-nio-8080-exec-10] DEBUG j.sqltiming -  com.zaxxer.hikari.pool.ProxyPreparedStatement.execute(ProxyPreparedStatement.java:44)
62. SELECT
			urSeq,
		    urName,
		    urID,
		    urPassword,
		    urRegTime
		FROM
			user
		WHERE 1=1
			AND urID = 'ej'
			 AND urPassword = 'aa'
 {executed in 1 msec} 
2025-04-03T11:34:27.383 [http-nio-8080-exec-10] INFO j.resultsettable - 
|------|-------|-----|-----------|----------|
|urseq |urname |urid |urpassword |urregtime |
|------|-------|-----|-----------|----------|
|------|-------|-----|-----------|----------|
 
2025-04-03T11:34:27.634 [http-nio-8080-exec-7] DEBUG j.sqltiming -  com.zaxxer.hikari.pool.ProxyPreparedStatement.execute(ProxyPreparedStatement.java:44)
62. SELECT
			urSeq,
		    urName,
		    urID,
		    urPassword,
		    urRegTime
		FROM
			user
		WHERE 1=1
			AND urID = 'ej'
			 AND urPassword = 'aa'
 {executed in 1 msec} 
2025-04-03T11:34:27.635 [http-nio-8080-exec-7] INFO j.resultsettable - 
|------|-------|-----|-----------|----------|
|urseq |urname |urid |urpassword |urregtime |
|------|-------|-----|-----------|----------|
|------|-------|-----|-----------|----------|
 
2025-04-03T11:34:27.715 [http-nio-8080-exec-6] DEBUG j.sqltiming -  com.zaxxer.hikari.pool.ProxyPreparedStatement.execute(ProxyPreparedStatement.java:44)
62. SELECT
			urSeq,
		    urName,
		    urID,
		    urPassword,
		    urRegTime
		FROM
			user
		WHERE 1=1
			AND urID = 'ej'
			 AND urPassword = 'aa'
 {executed in 1 msec} 
2025-04-03T11:34:27.716 [http-nio-8080-exec-6] INFO j.resultsettable - 
|------|-------|-----|-----------|----------|
|urseq |urname |urid |urpassword |urregtime |
|------|-------|-----|-----------|----------|
|------|-------|-----|-----------|----------|
 
2025-04-03T11:34:28.026 [http-nio-8080-exec-3] DEBUG j.sqltiming -  com.zaxxer.hikari.pool.ProxyPreparedStatement.execute(ProxyPreparedStatement.java:44)
62. SELECT
			urSeq,
		    urName,
		    urID,
		    urPassword,
		    urRegTime
		FROM
			user
		WHERE 1=1
			AND urID = 'ej'
			 AND urPassword = 'aa'
 {executed in 1 msec} 
2025-04-03T11:34:28.026 [http-nio-8080-exec-3] INFO j.resultsettable - 
|------|-------|-----|-----------|----------|
|urseq |urname |urid |urpassword |urregtime |
|------|-------|-----|-----------|----------|
|------|-------|-----|-----------|----------|
 
2025-04-03T11:34:28.334 [http-nio-8080-exec-5] DEBUG j.sqltiming -  com.zaxxer.hikari.pool.ProxyPreparedStatement.execute(ProxyPreparedStatement.java:44)
62. SELECT
			urSeq,
		    urName,
		    urID,
		    urPassword,
		    urRegTime
		FROM
			user
		WHERE 1=1
			AND urID = 'ej'
			 AND urPassword = 'aa'
 {executed in 2 msec} 
2025-04-03T11:34:28.335 [http-nio-8080-exec-5] INFO j.resultsettable - 
|------|-------|-----|-----------|----------|
|urseq |urname |urid |urpassword |urregtime |
|------|-------|-----|-----------|----------|
|------|-------|-----|-----------|----------|
 
2025-04-03T11:34:28.695 [http-nio-8080-exec-8] DEBUG j.sqltiming -  com.zaxxer.hikari.pool.ProxyPreparedStatement.execute(ProxyPreparedStatement.java:44)
62. SELECT
			urSeq,
		    urName,
		    urID,
		    urPassword,
		    urRegTime
		FROM
			user
		WHERE 1=1
			AND urID = 'ej'
			 AND urPassword = 'aa'
 {executed in 1 msec} 
2025-04-03T11:34:28.696 [http-nio-8080-exec-8] INFO j.resultsettable - 
|------|-------|-----|-----------|----------|
|urseq |urname |urid |urpassword |urregtime |
|------|-------|-----|-----------|----------|
|------|-------|-----|-----------|----------|
 
2025-04-03T11:34:28.980 [http-nio-8080-exec-9] DEBUG j.sqltiming -  com.zaxxer.hikari.pool.ProxyPreparedStatement.execute(ProxyPreparedStatement.java:44)
62. SELECT
			urSeq,
		    urName,
		    urID,
		    urPassword,
		    urRegTime
		FROM
			user
		WHERE 1=1
			AND urID = 'ej'
			 AND urPassword = 'aa'
 {executed in 1 msec} 
2025-04-03T11:34:28.980 [http-nio-8080-exec-9] INFO j.resultsettable - 
|------|-------|-----|-----------|----------|
|urseq |urname |urid |urpassword |urregtime |
|------|-------|-----|-----------|----------|
|------|-------|-----|-----------|----------|
 
2025-04-03T11:34:29.266 [http-nio-8080-exec-4] DEBUG j.sqltiming -  com.zaxxer.hikari.pool.ProxyPreparedStatement.execute(ProxyPreparedStatement.java:44)
62. SELECT
			urSeq,
		    urName,
		    urID,
		    urPassword,
		    urRegTime
		FROM
			user
		WHERE 1=1
			AND urID = 'ej'
			 AND urPassword = 'aa'
 {executed in 1 msec} 
2025-04-03T11:34:29.267 [http-nio-8080-exec-4] INFO j.resultsettable - 
|------|-------|-----|-----------|----------|
|urseq |urname |urid |urpassword |urregtime |
|------|-------|-----|-----------|----------|
|------|-------|-----|-----------|----------|
 
2025-04-03T11:34:32.196 [http-nio-8080-exec-2] DEBUG j.sqltiming -  com.zaxxer.hikari.pool.ProxyPreparedStatement.execute(ProxyPreparedStatement.java:44)
62. SELECT
			urSeq,
		    urName,
		    urID,
		    urPassword,
		    urRegTime
		FROM
			user
		WHERE 1=1
			AND urID = 'ej'
			 AND urPassword = '1'
 {executed in 1 msec} 
2025-04-03T11:34:32.198 [http-nio-8080-exec-2] INFO j.resultsettable - 
|------|-------|-----|-----------|--------------------|
|urseq |urname |urid |urpassword |urregtime           |
|------|-------|-----|-----------|--------------------|
|2     |관리자    |ej   |1          |2025-03-28T11:37:15 |
|------|-------|-----|-----------|--------------------|
 
2025-04-03T11:34:57.940 [http-nio-8080-exec-10] DEBUG j.sqltiming -  com.zaxxer.hikari.pool.ProxyPreparedStatement.execute(ProxyPreparedStatement.java:44)
62. Select count(*)

			from
			codegroup as a 		
			where 1=1
		 AND a.cgUse = 1 
         AND a.cgdelNy = 0
 {executed in 3 msec} 
2025-04-03T11:34:57.941 [http-nio-8080-exec-10] INFO j.resultsettable - 
|---------|
|count(*) |
|---------|
|11       |
|---------|
 
2025-04-03T11:34:57.954 [http-nio-8080-exec-10] DEBUG j.sqltiming -  com.zaxxer.hikari.pool.ProxyPreparedStatement.execute(ProxyPreparedStatement.java:44)
62. select
			a.cgSeq,
			a.cgdelNy,
			a.cgUse,
		    a.cgName,
		    a.cgNameEng,
		    (select count(aa.cdSeq) from code aa where 1=1 and aa.cdDelNy = 0 and aa.codeGroup_cgSeq = a.cgSeq) as cdSeqCount,
		    a.cgOrder,
		    a.cgRegDate,
		    a.cgEdDate

			from
			codegroup as a 		
			where 1=1
		 AND a.cgUse = 1 
         AND a.cgdelNy = 0 

		order by cgSeq desc
		limit 5 offset 0
 {executed in 2 msec} 
2025-04-03T11:34:57.958 [http-nio-8080-exec-10] INFO j.resultsettable - 
|------|--------|------|-------|------------|-----------|--------|--------------------|---------|
|cgseq |cgdelny |cguse |cgname |cgnameeng   |cdseqcount |cgorder |cgregdate           |cgeddate |
|------|--------|------|-------|------------|-----------|--------|--------------------|---------|
|11    |0       |1     |이메일    |e-mail      |3          |1       |2025-04-01T19:50:09 |[null]   |
|10    |0       |1     |status |status      |2          |1       |2025-03-23T17:08:37 |[null]   |
|9     |0       |1     |이닝     |Inning      |40         |1       |2025-03-22T13:33:54 |[null]   |
|8     |0       |1     |국적     |Nationality |21         |1       |2025-03-22T10:51:18 |[null]   |
|7     |0       |1     |타      |Bat         |3          |1       |2025-03-21T17:26:47 |[null]   |
|------|--------|------|-------|------------|-----------|--------|--------------------|---------|
 
2025-04-03T11:35:10.097 [http-nio-8080-exec-3] DEBUG j.sqltiming -  com.zaxxer.hikari.pool.ProxyPreparedStatement.execute(ProxyPreparedStatement.java:44)
62. SELECT
			urSeq,
		    urName,
		    urID,
		    urPassword,
		    urRegTime
		FROM
			user
		WHERE 1=1
			AND urID = 'ej'
			 AND urPassword = '1'
 {executed in 1 msec} 
2025-04-03T11:35:10.100 [http-nio-8080-exec-3] INFO j.resultsettable - 
|------|-------|-----|-----------|--------------------|
|urseq |urname |urid |urpassword |urregtime           |
|------|-------|-----|-----------|--------------------|
|2     |관리자    |ej   |1          |2025-03-28T11:37:15 |
|------|-------|-----|-----------|--------------------|
 
2025-04-03T11:35:10.124 [http-nio-8080-exec-1] DEBUG j.sqltiming -  com.zaxxer.hikari.pool.ProxyPreparedStatement.execute(ProxyPreparedStatement.java:44)
62. Select count(*)

			from
			codegroup as a 		
			where 1=1
		 AND a.cgUse = 1 
         AND a.cgdelNy = 0
 {executed in 2 msec} 
2025-04-03T11:35:10.125 [http-nio-8080-exec-1] INFO j.resultsettable - 
|---------|
|count(*) |
|---------|
|11       |
|---------|
 
2025-04-03T11:35:10.129 [http-nio-8080-exec-1] DEBUG j.sqltiming -  com.zaxxer.hikari.pool.ProxyPreparedStatement.execute(ProxyPreparedStatement.java:44)
62. select
			a.cgSeq,
			a.cgdelNy,
			a.cgUse,
		    a.cgName,
		    a.cgNameEng,
		    (select count(aa.cdSeq) from code aa where 1=1 and aa.cdDelNy = 0 and aa.codeGroup_cgSeq = a.cgSeq) as cdSeqCount,
		    a.cgOrder,
		    a.cgRegDate,
		    a.cgEdDate

			from
			codegroup as a 		
			where 1=1
		 AND a.cgUse = 1 
         AND a.cgdelNy = 0 

		order by cgSeq desc
		limit 5 offset 0
 {executed in 2 msec} 
2025-04-03T11:35:10.132 [http-nio-8080-exec-1] INFO j.resultsettable - 
|------|--------|------|-------|------------|-----------|--------|--------------------|---------|
|cgseq |cgdelny |cguse |cgname |cgnameeng   |cdseqcount |cgorder |cgregdate           |cgeddate |
|------|--------|------|-------|------------|-----------|--------|--------------------|---------|
|11    |0       |1     |이메일    |e-mail      |3          |1       |2025-04-01T19:50:09 |[null]   |
|10    |0       |1     |status |status      |2          |1       |2025-03-23T17:08:37 |[null]   |
|9     |0       |1     |이닝     |Inning      |40         |1       |2025-03-22T13:33:54 |[null]   |
|8     |0       |1     |국적     |Nationality |21         |1       |2025-03-22T10:51:18 |[null]   |
|7     |0       |1     |타      |Bat         |3          |1       |2025-03-21T17:26:47 |[null]   |
|------|--------|------|-------|------------|-----------|--------|--------------------|---------|
 
2025-04-03T11:35:17.510 [http-nio-8080-exec-4] DEBUG j.sqltiming -  com.zaxxer.hikari.pool.ProxyPreparedStatement.execute(ProxyPreparedStatement.java:44)
62. SELECT
			urSeq,
		    urName,
		    urID,
		    urPassword,
		    urRegTime
		FROM
			user
		WHERE 1=1
			AND urID = 'ej'
			 AND urPassword = '1'
 {executed in 1 msec} 
2025-04-03T11:35:17.511 [http-nio-8080-exec-4] INFO j.resultsettable - 
|------|-------|-----|-----------|--------------------|
|urseq |urname |urid |urpassword |urregtime           |
|------|-------|-----|-----------|--------------------|
|2     |관리자    |ej   |1          |2025-03-28T11:37:15 |
|------|-------|-----|-----------|--------------------|
 
2025-04-03T11:35:17.532 [http-nio-8080-exec-9] DEBUG j.sqltiming -  com.zaxxer.hikari.pool.ProxyPreparedStatement.execute(ProxyPreparedStatement.java:44)
62. Select count(*)

			from
			codegroup as a 		
			where 1=1
		 AND a.cgUse = 1 
         AND a.cgdelNy = 0
 {executed in 1 msec} 
2025-04-03T11:35:17.533 [http-nio-8080-exec-9] INFO j.resultsettable - 
|---------|
|count(*) |
|---------|
|11       |
|---------|
 
2025-04-03T11:35:17.535 [http-nio-8080-exec-9] DEBUG j.sqltiming -  com.zaxxer.hikari.pool.ProxyPreparedStatement.execute(ProxyPreparedStatement.java:44)
62. select
			a.cgSeq,
			a.cgdelNy,
			a.cgUse,
		    a.cgName,
		    a.cgNameEng,
		    (select count(aa.cdSeq) from code aa where 1=1 and aa.cdDelNy = 0 and aa.codeGroup_cgSeq = a.cgSeq) as cdSeqCount,
		    a.cgOrder,
		    a.cgRegDate,
		    a.cgEdDate

			from
			codegroup as a 		
			where 1=1
		 AND a.cgUse = 1 
         AND a.cgdelNy = 0 

		order by cgSeq desc
		limit 5 offset 0
 {executed in 1 msec} 
2025-04-03T11:35:17.537 [http-nio-8080-exec-9] INFO j.resultsettable - 
|------|--------|------|-------|------------|-----------|--------|--------------------|---------|
|cgseq |cgdelny |cguse |cgname |cgnameeng   |cdseqcount |cgorder |cgregdate           |cgeddate |
|------|--------|------|-------|------------|-----------|--------|--------------------|---------|
|11    |0       |1     |이메일    |e-mail      |3          |1       |2025-04-01T19:50:09 |[null]   |
|10    |0       |1     |status |status      |2          |1       |2025-03-23T17:08:37 |[null]   |
|9     |0       |1     |이닝     |Inning      |40         |1       |2025-03-22T13:33:54 |[null]   |
|8     |0       |1     |국적     |Nationality |21         |1       |2025-03-22T10:51:18 |[null]   |
|7     |0       |1     |타      |Bat         |3          |1       |2025-03-21T17:26:47 |[null]   |
|------|--------|------|-------|------------|-----------|--------|--------------------|---------|
 
2025-04-03T11:39:39.670 [http-nio-8080-exec-8] DEBUG j.sqltiming -  com.zaxxer.hikari.pool.ProxyPreparedStatement.execute(ProxyPreparedStatement.java:44)
62. SELECT
			urSeq,
		    urName,
		    urID,
		    urPassword,
		    urRegTime
		FROM
			user
		WHERE 1=1
			AND urID = 'ej'
			 AND urPassword = '1'
 {executed in 1 msec} 
2025-04-03T11:39:39.671 [http-nio-8080-exec-8] INFO j.resultsettable - 
|------|-------|-----|-----------|--------------------|
|urseq |urname |urid |urpassword |urregtime           |
|------|-------|-----|-----------|--------------------|
|2     |관리자    |ej   |1          |2025-03-28T11:37:15 |
|------|-------|-----|-----------|--------------------|
 
2025-04-03T11:39:43.801 [http-nio-8080-exec-4] DEBUG j.sqltiming -  com.zaxxer.hikari.pool.ProxyPreparedStatement.execute(ProxyPreparedStatement.java:44)
62. SELECT
			urSeq,
		    urName,
		    urID,
		    urPassword,
		    urRegTime
		FROM
			user
		WHERE 1=1
			AND urID = 'ej'
			 AND urPassword = '1'
 {executed in 1 msec} 
2025-04-03T11:39:43.802 [http-nio-8080-exec-4] INFO j.resultsettable - 
|------|-------|-----|-----------|--------------------|
|urseq |urname |urid |urpassword |urregtime           |
|------|-------|-----|-----------|--------------------|
|2     |관리자    |ej   |1          |2025-03-28T11:37:15 |
|------|-------|-----|-----------|--------------------|
 
2025-04-03T11:39:51.958 [http-nio-8080-exec-2] DEBUG j.sqltiming -  com.zaxxer.hikari.pool.ProxyPreparedStatement.execute(ProxyPreparedStatement.java:44)
62. SELECT
			urSeq,
		    urName,
		    urID,
		    urPassword,
		    urRegTime
		FROM
			user
		WHERE 1=1
			AND urID = 'ej'
			 AND urPassword = '1'
 {executed in 1 msec} 
2025-04-03T11:39:51.959 [http-nio-8080-exec-2] INFO j.resultsettable - 
|------|-------|-----|-----------|--------------------|
|urseq |urname |urid |urpassword |urregtime           |
|------|-------|-----|-----------|--------------------|
|2     |관리자    |ej   |1          |2025-03-28T11:37:15 |
|------|-------|-----|-----------|--------------------|
 
2025-04-03T11:40:01.246 [http-nio-8080-exec-9] DEBUG j.sqltiming -  com.zaxxer.hikari.pool.ProxyPreparedStatement.execute(ProxyPreparedStatement.java:44)
62. SELECT
			urSeq,
		    urName,
		    urID,
		    urPassword,
		    urRegTime
		FROM
			user
		WHERE 1=1
			AND urID = 'ej'
			 AND urPassword = '1'
 {executed in 1 msec} 
2025-04-03T11:40:01.247 [http-nio-8080-exec-9] INFO j.resultsettable - 
|------|-------|-----|-----------|--------------------|
|urseq |urname |urid |urpassword |urregtime           |
|------|-------|-----|-----------|--------------------|
|2     |관리자    |ej   |1          |2025-03-28T11:37:15 |
|------|-------|-----|-----------|--------------------|
 
2025-04-03T11:44:22.030 [http-nio-8080-exec-8] DEBUG j.sqltiming -  com.zaxxer.hikari.pool.ProxyPreparedStatement.execute(ProxyPreparedStatement.java:44)
62. SELECT
			urSeq,
		    urName,
		    urID,
		    urPassword,
		    urRegTime
		FROM
			user
		WHERE 1=1
			AND urID = 'ej'
			 AND urPassword = '1'
 {executed in 2 msec} 
2025-04-03T11:44:22.031 [http-nio-8080-exec-8] INFO j.resultsettable - 
|------|-------|-----|-----------|--------------------|
|urseq |urname |urid |urpassword |urregtime           |
|------|-------|-----|-----------|--------------------|
|2     |관리자    |ej   |1          |2025-03-28T11:37:15 |
|------|-------|-----|-----------|--------------------|
 
2025-04-03T11:45:39.643 [http-nio-8080-exec-4] DEBUG j.sqltiming -  com.zaxxer.hikari.pool.ProxyPreparedStatement.execute(ProxyPreparedStatement.java:44)
62. SELECT
			urSeq,
		    urName,
		    urID,
		    urPassword,
		    urRegTime
		FROM
			user
		WHERE 1=1
			AND urID = 'ej'
			 AND urPassword = '1'
 {executed in 0 msec} 
2025-04-03T11:45:39.644 [http-nio-8080-exec-4] INFO j.resultsettable - 
|------|-------|-----|-----------|--------------------|
|urseq |urname |urid |urpassword |urregtime           |
|------|-------|-----|-----------|--------------------|
|2     |관리자    |ej   |1          |2025-03-28T11:37:15 |
|------|-------|-----|-----------|--------------------|
 
