2025-03-30T15:19:38.206 [restartedMain] INFO c.a.AngelsApplication - Starting AngelsApplication using Java 21.0.5 with PID 16252 (C:\factory\ws_sts4_4270\repo_angels\angels\bin\main started by sunjs in C:\factory\ws_sts4_4270\repo_angels\angels) 
2025-03-30T15:19:38.207 [restartedMain] INFO c.a.AngelsApplication - No active profile set, falling back to 1 default profile: "default" 
2025-03-30T15:19:38.250 [restartedMain] INFO o.s.b.d.e.DevToolsPropertyDefaultsPostProcessor - Devtools property defaults active! Set 'spring.devtools.add-properties' to 'false' to disable 
2025-03-30T15:19:38.250 [restartedMain] INFO o.s.b.d.e.DevToolsPropertyDefaultsPostProcessor - For additional web related logging consider setting the 'logging.level.web' property to 'DEBUG' 
2025-03-30T15:19:39.476 [restartedMain] INFO o.s.b.w.e.t.TomcatWebServer - Tomcat initialized with port 8080 (http) 
2025-03-30T15:19:39.499 [restartedMain] INFO o.a.c.h.Http11NioProtocol - Initializing ProtocolHandler ["http-nio-8080"] 
2025-03-30T15:19:39.502 [restartedMain] INFO o.a.c.c.StandardService - Starting service [Tomcat] 
2025-03-30T15:19:39.502 [restartedMain] INFO o.a.c.c.StandardEngine - Starting Servlet engine: [Apache Tomcat/10.1.36] 
2025-03-30T15:19:39.553 [restartedMain] INFO o.a.c.c.C.[.[.[/] - Initializing Spring embedded WebApplicationContext 
2025-03-30T15:19:39.553 [restartedMain] INFO o.s.b.w.s.c.ServletWebServerApplicationContext - Root WebApplicationContext: initialization completed in 1302 ms 
2025-03-30T15:19:39.931 [restartedMain] INFO c.z.h.HikariDataSource - HikariPool-1 - Starting... 
2025-03-30T15:19:40.375 [restartedMain] INFO c.z.h.p.HikariPool - HikariPool-1 - Added connection net.sf.log4jdbc.sql.jdbcapi.ConnectionSpy@2b10b267 
2025-03-30T15:19:40.377 [restartedMain] INFO c.z.h.HikariDataSource - HikariPool-1 - Start completed. 
2025-03-30T15:19:40.410 [restartedMain] DEBUG j.sqltiming -  com.zaxxer.hikari.pool.ProxyPreparedStatement.execute(ProxyPreparedStatement.java:44)
1. SELECT 
			cdSeq,
			cdName,
			codeGroup_cgSeq
		FROM
			code
		WHERE 1=1
			AND cdDelNy = 0
 {executed in 11 msec} 
2025-03-30T15:19:40.435 [restartedMain] INFO j.resultsettable - 
|------|----------|----------------|
|cdseq |cdname    |codegroup_cgseq |
|------|----------|----------------|
|1     |SKT       |1               |
|2     |KT        |1               |
|3     |LG U+     |1               |
|4     |SKT 알뜰폰   |1               |
|5     |KT 알뜰폰    |1               |
|6     |LG U+ 알뜰폰 |1               |
|7     |남자        |2               |
|8     |여자        |2               |
|9     |AL        |3               |
|10    |NL        |3               |
|11    |East      |4               |
|12    |Central   |4               |
|13    |West      |4               |
|14    |투수        |5               |
|15    |1루수       |5               |
|16    |2루수       |5               |
|17    |3루수       |5               |
|18    |유격수       |5               |
|19    |좌익수       |5               |
|20    |중견수       |5               |
|21    |우익수       |5               |
|22    |포수        |5               |
|23    |지명타자      |5               |
|24    |대타        |5               |
|25    |대주자       |5               |
|26    |좌투        |6               |
|27    |우투        |6               |
|28    |양투        |6               |
|29    |좌타        |7               |
|30    |우타        |7               |
|31    |양타        |7               |
|32    |미국        |8               |
|33    |도미니카 공화국  |8               |
|34    |베네수엘라     |8               |
|35    |쿠바        |8               |
|36    |푸에르토리코    |8               |
|37    |멕시코       |8               |
|38    |캐나다       |8               |
|39    |일본        |8               |
|40    |콜롬비아      |8               |
|41    |대한민국      |8               |
|42    |파나마       |8               |
|43    |퀴라소       |8               |
|44    |네덜란드      |8               |
|45    |바하마       |8               |
|46    |니카라과      |8               |
|47    |호주        |8               |
|48    |브라질       |8               |
|49    |독일        |8               |
|50    |온두라스      |8               |
|51    |대만        |8               |
|52    |아루바       |8               |
|53    |1회초       |9               |
|54    |1회말       |9               |
|55    |2회초       |9               |
|56    |2회말       |9               |
|57    |3회초       |9               |
|58    |3회말       |9               |
|59    |4회초       |9               |
|60    |4회말       |9               |
|61    |5회초       |9               |
|62    |5회말       |9               |
|63    |6회초       |9               |
|64    |6회말       |9               |
|65    |7회초       |9               |
|66    |7회말       |9               |
|67    |8회초       |9               |
|68    |8회말       |9               |
|69    |9회초       |9               |
|70    |9회말       |9               |
|71    |10회초      |9               |
|72    |10회말      |9               |
|73    |11회초      |9               |
|74    |11회말      |9               |
|75    |12회초      |9               |
|76    |12회말      |9               |
|77    |13회초      |9               |
|78    |13회말      |9               |
|79    |14회초      |9               |
|80    |14회말      |9               |
|81    |15회초      |9               |
|82    |15회말      |9               |
|83    |16회초      |9               |
|84    |16회말      |9               |
|85    |17회초      |9               |
|86    |17회말      |9               |
|87    |18회초      |9               |
|88    |18회말      |9               |
|89    |19회초      |9               |
|90    |19회말      |9               |
|91    |20회초      |9               |
|92    |20회말      |9               |
|93    |현역        |10              |
|94    |은퇴        |10              |
|95    |투타겸업      |5               |
|96    |ㅁ         |32              |
|97    |ㅁㄴㅇaㅁ     |32              |
|98    |ㅁㄴㅇ       |29              |
|------|----------|----------------|
 
2025-03-30T15:19:40.931 [restartedMain] INFO o.s.b.d.a.OptionalLiveReloadServer - LiveReload server is running on port 35729 
2025-03-30T15:19:40.952 [restartedMain] INFO o.a.c.h.Http11NioProtocol - Starting ProtocolHandler ["http-nio-8080"] 
2025-03-30T15:19:40.976 [restartedMain] INFO o.s.b.w.e.t.TomcatWebServer - Tomcat started on port 8080 (http) with context path '/' 
2025-03-30T15:19:40.985 [restartedMain] INFO c.a.AngelsApplication - Started AngelsApplication in 3.178 seconds (process running for 4.622) 
2025-03-30T15:19:41.033 [http-nio-8080-exec-1] INFO o.a.c.c.C.[.[.[/] - Initializing Spring DispatcherServlet 'dispatcherServlet' 
2025-03-30T15:19:41.033 [http-nio-8080-exec-1] INFO o.s.w.s.DispatcherServlet - Initializing Servlet 'dispatcherServlet' 
2025-03-30T15:19:41.035 [http-nio-8080-exec-1] INFO o.s.w.s.DispatcherServlet - Completed initialization in 2 ms 
2025-03-30T15:57:12.994 [http-nio-8080-exec-10] DEBUG j.sqltiming -  com.zaxxer.hikari.pool.ProxyPreparedStatement.execute(ProxyPreparedStatement.java:44)
11. SELECT
			urSeq,
		    urName,
		    urID,
		    urPassword,
		    urRegTime
		FROM
			user
		WHERE 1=1
			AND urID = 'ej'
			 AND urPassword = '1'
 {executed in 2 msec} 
2025-03-30T15:57:12.999 [http-nio-8080-exec-10] INFO j.resultsettable - 
|------|-------|-----|-----------|--------------------|
|urseq |urname |urid |urpassword |urregtime           |
|------|-------|-----|-----------|--------------------|
|2     |관리자    |ej   |1          |2025-03-28T11:37:15 |
|------|-------|-----|-----------|--------------------|
 
2025-03-30T15:57:13.033 [http-nio-8080-exec-1] DEBUG j.sqltiming -  com.zaxxer.hikari.pool.ProxyPreparedStatement.execute(ProxyPreparedStatement.java:44)
11. Select count(*)

			from
			codegroup as a 		
			where 1=1
		 AND a.cgUse = 1 
         AND a.cgdelNy = 0
 {executed in 1 msec} 
2025-03-30T15:57:13.034 [http-nio-8080-exec-1] INFO j.resultsettable - 
|---------|
|count(*) |
|---------|
|22       |
|---------|
 
2025-03-30T15:57:13.044 [http-nio-8080-exec-1] DEBUG j.sqltiming -  com.zaxxer.hikari.pool.ProxyPreparedStatement.execute(ProxyPreparedStatement.java:44)
11. select
			a.cgSeq,
			a.cgdelNy,
			a.cgUse,
		    a.cgName,
		    a.cgNameEng,
		    (select count(aa.cdSeq) from code aa where 1=1 and aa.cdDelNy = 0 and aa.codeGroup_cgSeq = a.cgSeq) as cdSeqCount,
		    a.cgOrder,
		    a.cgRegDate,
		    a.cgEdDate

			from
			codegroup as a 		
			where 1=1
		 AND a.cgUse = 1 
         AND a.cgdelNy = 0 

		order by cgSeq desc
		limit 5 offset 0
 {executed in 2 msec} 
2025-03-30T15:57:13.047 [http-nio-8080-exec-1] INFO j.resultsettable - 
|------|--------|------|--------|----------|-----------|--------|--------------------|--------------------|
|cgseq |cgdelny |cguse |cgname  |cgnameeng |cdseqcount |cgorder |cgregdate           |cgeddate            |
|------|--------|------|--------|----------|-----------|--------|--------------------|--------------------|
|32    |0       |1     |ㅁ       |          |2          |1       |2025-03-28T01:49:04 |2025-03-28T22:30:19 |
|25    |0       |1     |노을      |hihi      |0          |44      |2025-03-26T10:56:37 |2025-03-28T22:30:43 |
|23    |0       |1     |80802rD |hihi      |0          |44      |2025-03-26T10:52:51 |[null]              |
|22    |0       |1     |80802rD |hihi      |0          |44      |2025-03-26T10:49:22 |[null]              |
|21    |0       |1     |80802rD |hihi      |0          |44      |2025-03-26T10:48:39 |[null]              |
|------|--------|------|--------|----------|-----------|--------|--------------------|--------------------|
 
2025-03-30T15:57:26.447 [http-nio-8080-exec-2] DEBUG j.sqltiming -  com.zaxxer.hikari.pool.ProxyPreparedStatement.execute(ProxyPreparedStatement.java:44)
11. Select count(*)

			FROM
		    team
		WHERE
		    1=1

		 AND tmUse = 1 
         AND tmDelNy = 0
 {executed in 2 msec} 
2025-03-30T15:57:26.447 [http-nio-8080-exec-2] INFO j.resultsettable - 
|---------|
|count(*) |
|---------|
|30       |
|---------|
 
2025-03-30T15:57:26.454 [http-nio-8080-exec-2] DEBUG j.sqltiming -  com.zaxxer.hikari.pool.ProxyPreparedStatement.execute(ProxyPreparedStatement.java:44)
11. SELECT
		tmSeq,
		tmUse,
		tmDelNy,
		tmHomeName,
	    tmName,
	    tmNameAb,
	    tmHomeNameKor,
	    tmNameKor,
	    tmLogo,
	    tmLeague,
	    tmDiv,
	    tmRegTime,
	    tmModTime    

			FROM
		    team
		WHERE
		    1=1

		 AND tmUse = 1 
         AND tmDelNy = 0 

	order by tmSeq desc
	limit 5 offset 0
 {executed in 2 msec} 
2025-03-30T15:57:26.458 [http-nio-8080-exec-2] INFO j.resultsettable - 
|------|------|--------|-----------|----------|---------|--------------|----------|-------|---------|------|--------------------|----------|
|tmseq |tmuse |tmdelny |tmhomename |tmname    |tmnameab |tmhomenamekor |tmnamekor |tmlogo |tmleague |tmdiv |tmregtime           |tmmodtime |
|------|------|--------|-----------|----------|---------|--------------|----------|-------|---------|------|--------------------|----------|
|30    |1     |0       |Toronto    |Blue Jays |TOR      |토론토           |블루제이스     |[null] |9        |11    |2025-03-20T22:43:31 |[null]    |
|29    |1     |0       |Tampa Bay  |Rays      |TB       |탬파베이          |레이스       |[null] |9        |11    |2025-03-20T22:43:02 |[null]    |
|28    |1     |0       |New York   |Yankees   |NYY      |뉴욕            |양키스       |[null] |9        |11    |2025-03-20T22:42:37 |[null]    |
|27    |1     |0       |Boston     |Red Sox   |BOS      |보스턴           |레드삭스      |[null] |9        |11    |2025-03-20T22:42:13 |[null]    |
|26    |1     |0       |Baltimore  |Orioles   |BAL      |볼티모어          |오리올스      |[null] |9        |11    |2025-03-20T22:41:48 |[null]    |
|------|------|--------|-----------|----------|---------|--------------|----------|-------|---------|------|--------------------|----------|
 
2025-03-30T15:57:28.734 [http-nio-8080-exec-10] DEBUG j.sqltiming -  com.zaxxer.hikari.pool.ProxyPreparedStatement.execute(ProxyPreparedStatement.java:44)
11. select
		cdName,
	    cdSeq
	from
		code
	where 1=1
		and codeGroup_cgSeq=3
	order by cdSeq desc
 {executed in 0 msec} 
2025-03-30T15:57:28.735 [http-nio-8080-exec-10] INFO j.resultsettable - 
|-------|------|
|cdname |cdseq |
|-------|------|
|NL     |10    |
|AL     |9     |
|-------|------|
 
2025-03-30T15:57:28.738 [http-nio-8080-exec-10] DEBUG j.sqltiming -  com.zaxxer.hikari.pool.ProxyPreparedStatement.execute(ProxyPreparedStatement.java:44)
11. select
		cdName,
	    cdSeq
		from
			code
		where 1=1
			and codeGroup_cgSeq=4
		order by cdSeq desc
 {executed in 2 msec} 
2025-03-30T15:57:28.739 [http-nio-8080-exec-10] INFO j.resultsettable - 
|--------|------|
|cdname  |cdseq |
|--------|------|
|West    |13    |
|Central |12    |
|East    |11    |
|--------|------|
 
2025-03-30T15:57:31.564 [http-nio-8080-exec-7] DEBUG j.sqltiming -  com.zaxxer.hikari.pool.ProxyPreparedStatement.execute(ProxyPreparedStatement.java:44)
11. select
		cdName,
	    cdSeq
	from
		code
	where 1=1
		and codeGroup_cgSeq=3
	order by cdSeq desc
 {executed in 1 msec} 
2025-03-30T15:57:31.565 [http-nio-8080-exec-7] INFO j.resultsettable - 
|-------|------|
|cdname |cdseq |
|-------|------|
|NL     |10    |
|AL     |9     |
|-------|------|
 
2025-03-30T15:57:31.567 [http-nio-8080-exec-7] DEBUG j.sqltiming -  com.zaxxer.hikari.pool.ProxyPreparedStatement.execute(ProxyPreparedStatement.java:44)
11. select
		cdName,
	    cdSeq
		from
			code
		where 1=1
			and codeGroup_cgSeq=4
		order by cdSeq desc
 {executed in 1 msec} 
2025-03-30T15:57:31.568 [http-nio-8080-exec-7] INFO j.resultsettable - 
|--------|------|
|cdname  |cdseq |
|--------|------|
|West    |13    |
|Central |12    |
|East    |11    |
|--------|------|
 
2025-03-30T15:57:34.800 [http-nio-8080-exec-2] DEBUG j.sqltiming -  com.zaxxer.hikari.pool.ProxyPreparedStatement.execute(ProxyPreparedStatement.java:44)
11. select
		cdName,
	    cdSeq
	from
		code
	where 1=1
		and codeGroup_cgSeq=3
	order by cdSeq desc
 {executed in 1 msec} 
2025-03-30T15:57:34.801 [http-nio-8080-exec-2] INFO j.resultsettable - 
|-------|------|
|cdname |cdseq |
|-------|------|
|NL     |10    |
|AL     |9     |
|-------|------|
 
2025-03-30T15:57:34.807 [http-nio-8080-exec-2] DEBUG j.sqltiming -  com.zaxxer.hikari.pool.ProxyPreparedStatement.execute(ProxyPreparedStatement.java:44)
11. select
		cdName,
	    cdSeq
		from
			code
		where 1=1
			and codeGroup_cgSeq=4
		order by cdSeq desc
 {executed in 6 msec} 
2025-03-30T15:57:34.808 [http-nio-8080-exec-2] INFO j.resultsettable - 
|--------|------|
|cdname  |cdseq |
|--------|------|
|West    |13    |
|Central |12    |
|East    |11    |
|--------|------|
 
