2025-04-02T15:00:52.381 [http-nio-8080-exec-2] DEBUG j.sqltiming -  com.zaxxer.hikari.pool.ProxyPreparedStatement.execute(ProxyPreparedStatement.java:44)
381. Select count(*)

			FROM
		    team
		WHERE
		    1=1

		 AND tmUse = 1 
         AND tmDelNy = 0
 {executed in 1 msec} 
2025-04-02T15:00:52.384 [http-nio-8080-exec-2] INFO j.resultsettable - 
|---------|
|count(*) |
|---------|
|30       |
|---------|
 
2025-04-02T15:00:52.386 [http-nio-8080-exec-2] DEBUG j.sqltiming -  com.zaxxer.hikari.pool.ProxyPreparedStatement.execute(ProxyPreparedStatement.java:44)
381. SELECT
		tmSeq,
		tmUse,
		tmDelNy,
		tmHomeName,
	    tmName,
	    tmNameAb,
	    tmHomeNameKor,
	    tmNameKor,
	    tmLogo,
	    tmLeague,
	    tmDiv,
	    tmRegTime,
	    tmModTime    

			FROM
		    team
		WHERE
		    1=1

		 AND tmUse = 1 
         AND tmDelNy = 0 

	order by tmSeq desc
	limit 5 offset 0
 {executed in 1 msec} 
2025-04-02T15:00:52.395 [http-nio-8080-exec-2] INFO j.resultsettable - 
|------|------|--------|-----------|----------|---------|--------------|----------|-------|---------|------|--------------------|----------|
|tmseq |tmuse |tmdelny |tmhomename |tmname    |tmnameab |tmhomenamekor |tmnamekor |tmlogo |tmleague |tmdiv |tmregtime           |tmmodtime |
|------|------|--------|-----------|----------|---------|--------------|----------|-------|---------|------|--------------------|----------|
|30    |1     |0       |Toronto    |Blue Jays |TOR      |토론토           |블루제이스     |[null] |9        |11    |2025-03-20T22:43:31 |[null]    |
|29    |1     |0       |Tampa Bay  |Rays      |TB       |탬파베이          |레이스       |[null] |9        |11    |2025-03-20T22:43:02 |[null]    |
|28    |1     |0       |New York   |Yankees   |NYY      |뉴욕            |양키스       |[null] |9        |11    |2025-03-20T22:42:37 |[null]    |
|27    |1     |0       |Boston     |Red Sox   |BOS      |보스턴           |레드삭스      |[null] |9        |11    |2025-03-20T22:42:13 |[null]    |
|26    |1     |0       |Baltimore  |Orioles   |BAL      |볼티모어          |오리올스      |[null] |9        |11    |2025-03-20T22:41:48 |[null]    |
|------|------|--------|-----------|----------|---------|--------------|----------|-------|---------|------|--------------------|----------|
 
2025-04-02T15:27:19.236 [http-nio-8080-exec-10] DEBUG j.sqltiming -  com.zaxxer.hikari.pool.ProxyPreparedStatement.execute(ProxyPreparedStatement.java:44)
391. Select count(*)

			FROM
		    team
		WHERE
		    1=1

		 AND tmUse = 1 
         AND tmDelNy = 0
 {executed in 2 msec} 
2025-04-02T15:27:19.236 [http-nio-8080-exec-10] INFO j.resultsettable - 
|---------|
|count(*) |
|---------|
|30       |
|---------|
 
2025-04-02T15:27:19.239 [http-nio-8080-exec-10] DEBUG j.sqltiming -  com.zaxxer.hikari.pool.ProxyPreparedStatement.execute(ProxyPreparedStatement.java:44)
391. SELECT
		tmSeq,
		tmUse,
		tmDelNy,
		tmHomeName,
	    tmName,
	    tmNameAb,
	    tmHomeNameKor,
	    tmNameKor,
	    tmLogo,
	    tmLeague,
	    tmDiv,
	    tmRegTime,
	    tmModTime    

			FROM
		    team
		WHERE
		    1=1

		 AND tmUse = 1 
         AND tmDelNy = 0 

	order by tmSeq desc
	limit 5 offset 0
 {executed in 2 msec} 
2025-04-02T15:27:19.240 [http-nio-8080-exec-10] INFO j.resultsettable - 
|------|------|--------|-----------|----------|---------|--------------|----------|-------|---------|------|--------------------|----------|
|tmseq |tmuse |tmdelny |tmhomename |tmname    |tmnameab |tmhomenamekor |tmnamekor |tmlogo |tmleague |tmdiv |tmregtime           |tmmodtime |
|------|------|--------|-----------|----------|---------|--------------|----------|-------|---------|------|--------------------|----------|
|30    |1     |0       |Toronto    |Blue Jays |TOR      |토론토           |블루제이스     |[null] |9        |11    |2025-03-20T22:43:31 |[null]    |
|29    |1     |0       |Tampa Bay  |Rays      |TB       |탬파베이          |레이스       |[null] |9        |11    |2025-03-20T22:43:02 |[null]    |
|28    |1     |0       |New York   |Yankees   |NYY      |뉴욕            |양키스       |[null] |9        |11    |2025-03-20T22:42:37 |[null]    |
|27    |1     |0       |Boston     |Red Sox   |BOS      |보스턴           |레드삭스      |[null] |9        |11    |2025-03-20T22:42:13 |[null]    |
|26    |1     |0       |Baltimore  |Orioles   |BAL      |볼티모어          |오리올스      |[null] |9        |11    |2025-03-20T22:41:48 |[null]    |
|------|------|--------|-----------|----------|---------|--------------|----------|-------|---------|------|--------------------|----------|
 
2025-04-02T15:28:09.739 [http-nio-8080-exec-8] DEBUG j.sqltiming -  com.zaxxer.hikari.pool.ProxyPreparedStatement.execute(ProxyPreparedStatement.java:44)
391. Select count(*)

			FROM
		    team
		WHERE
		    1=1

		 AND tmUse = 1 
         AND tmDelNy = 0
 {executed in 1 msec} 
2025-04-02T15:28:09.739 [http-nio-8080-exec-8] INFO j.resultsettable - 
|---------|
|count(*) |
|---------|
|30       |
|---------|
 
2025-04-02T15:28:09.741 [http-nio-8080-exec-8] DEBUG j.sqltiming -  com.zaxxer.hikari.pool.ProxyPreparedStatement.execute(ProxyPreparedStatement.java:44)
391. SELECT
		tmSeq,
		tmUse,
		tmDelNy,
		tmHomeName,
	    tmName,
	    tmNameAb,
	    tmHomeNameKor,
	    tmNameKor,
	    tmLogo,
	    tmLeague,
	    tmDiv,
	    tmRegTime,
	    tmModTime    

			FROM
		    team
		WHERE
		    1=1

		 AND tmUse = 1 
         AND tmDelNy = 0 

	order by tmSeq desc
	limit 5 offset 0
 {executed in 1 msec} 
2025-04-02T15:28:09.742 [http-nio-8080-exec-8] INFO j.resultsettable - 
|------|------|--------|-----------|----------|---------|--------------|----------|-------|---------|------|--------------------|----------|
|tmseq |tmuse |tmdelny |tmhomename |tmname    |tmnameab |tmhomenamekor |tmnamekor |tmlogo |tmleague |tmdiv |tmregtime           |tmmodtime |
|------|------|--------|-----------|----------|---------|--------------|----------|-------|---------|------|--------------------|----------|
|30    |1     |0       |Toronto    |Blue Jays |TOR      |토론토           |블루제이스     |[null] |9        |11    |2025-03-20T22:43:31 |[null]    |
|29    |1     |0       |Tampa Bay  |Rays      |TB       |탬파베이          |레이스       |[null] |9        |11    |2025-03-20T22:43:02 |[null]    |
|28    |1     |0       |New York   |Yankees   |NYY      |뉴욕            |양키스       |[null] |9        |11    |2025-03-20T22:42:37 |[null]    |
|27    |1     |0       |Boston     |Red Sox   |BOS      |보스턴           |레드삭스      |[null] |9        |11    |2025-03-20T22:42:13 |[null]    |
|26    |1     |0       |Baltimore  |Orioles   |BAL      |볼티모어          |오리올스      |[null] |9        |11    |2025-03-20T22:41:48 |[null]    |
|------|------|--------|-----------|----------|---------|--------------|----------|-------|---------|------|--------------------|----------|
 
2025-04-02T15:28:20.685 [http-nio-8080-exec-2] DEBUG j.sqltiming -  com.zaxxer.hikari.pool.ProxyPreparedStatement.execute(ProxyPreparedStatement.java:44)
391. Select count(*)

			FROM
		    team
		WHERE
		    1=1

		 AND tmUse = 1 
         AND tmDelNy = 0
 {executed in 1 msec} 
2025-04-02T15:28:20.685 [http-nio-8080-exec-2] INFO j.resultsettable - 
|---------|
|count(*) |
|---------|
|30       |
|---------|
 
2025-04-02T15:28:20.688 [http-nio-8080-exec-2] DEBUG j.sqltiming -  com.zaxxer.hikari.pool.ProxyPreparedStatement.execute(ProxyPreparedStatement.java:44)
391. SELECT
		tmSeq,
		tmUse,
		tmDelNy,
		tmHomeName,
	    tmName,
	    tmNameAb,
	    tmHomeNameKor,
	    tmNameKor,
	    tmLogo,
	    tmLeague,
	    tmDiv,
	    tmRegTime,
	    tmModTime    

			FROM
		    team
		WHERE
		    1=1

		 AND tmUse = 1 
         AND tmDelNy = 0 

	order by tmSeq desc
	limit 5 offset 0
 {executed in 2 msec} 
2025-04-02T15:28:20.689 [http-nio-8080-exec-2] INFO j.resultsettable - 
|------|------|--------|-----------|----------|---------|--------------|----------|-------|---------|------|--------------------|----------|
|tmseq |tmuse |tmdelny |tmhomename |tmname    |tmnameab |tmhomenamekor |tmnamekor |tmlogo |tmleague |tmdiv |tmregtime           |tmmodtime |
|------|------|--------|-----------|----------|---------|--------------|----------|-------|---------|------|--------------------|----------|
|30    |1     |0       |Toronto    |Blue Jays |TOR      |토론토           |블루제이스     |[null] |9        |11    |2025-03-20T22:43:31 |[null]    |
|29    |1     |0       |Tampa Bay  |Rays      |TB       |탬파베이          |레이스       |[null] |9        |11    |2025-03-20T22:43:02 |[null]    |
|28    |1     |0       |New York   |Yankees   |NYY      |뉴욕            |양키스       |[null] |9        |11    |2025-03-20T22:42:37 |[null]    |
|27    |1     |0       |Boston     |Red Sox   |BOS      |보스턴           |레드삭스      |[null] |9        |11    |2025-03-20T22:42:13 |[null]    |
|26    |1     |0       |Baltimore  |Orioles   |BAL      |볼티모어          |오리올스      |[null] |9        |11    |2025-03-20T22:41:48 |[null]    |
|------|------|--------|-----------|----------|---------|--------------|----------|-------|---------|------|--------------------|----------|
 
2025-04-02T15:30:14.361 [http-nio-8080-exec-1] DEBUG j.sqltiming -  com.zaxxer.hikari.pool.ProxyPreparedStatement.execute(ProxyPreparedStatement.java:44)
391. Select count(*)

			FROM
		    team
		WHERE
		    1=1

		 AND tmUse = 1 
         AND tmDelNy = 0
 {executed in 1 msec} 
2025-04-02T15:30:14.361 [http-nio-8080-exec-1] INFO j.resultsettable - 
|---------|
|count(*) |
|---------|
|30       |
|---------|
 
2025-04-02T15:30:14.363 [http-nio-8080-exec-1] DEBUG j.sqltiming -  com.zaxxer.hikari.pool.ProxyPreparedStatement.execute(ProxyPreparedStatement.java:44)
391. SELECT
		tmSeq,
		tmUse,
		tmDelNy,
		tmHomeName,
	    tmName,
	    tmNameAb,
	    tmHomeNameKor,
	    tmNameKor,
	    tmLogo,
	    tmLeague,
	    tmDiv,
	    tmRegTime,
	    tmModTime    

			FROM
		    team
		WHERE
		    1=1

		 AND tmUse = 1 
         AND tmDelNy = 0 

	order by tmSeq desc
	limit 5 offset 0
 {executed in 1 msec} 
2025-04-02T15:30:14.364 [http-nio-8080-exec-1] INFO j.resultsettable - 
|------|------|--------|-----------|----------|---------|--------------|----------|-------|---------|------|--------------------|----------|
|tmseq |tmuse |tmdelny |tmhomename |tmname    |tmnameab |tmhomenamekor |tmnamekor |tmlogo |tmleague |tmdiv |tmregtime           |tmmodtime |
|------|------|--------|-----------|----------|---------|--------------|----------|-------|---------|------|--------------------|----------|
|30    |1     |0       |Toronto    |Blue Jays |TOR      |토론토           |블루제이스     |[null] |9        |11    |2025-03-20T22:43:31 |[null]    |
|29    |1     |0       |Tampa Bay  |Rays      |TB       |탬파베이          |레이스       |[null] |9        |11    |2025-03-20T22:43:02 |[null]    |
|28    |1     |0       |New York   |Yankees   |NYY      |뉴욕            |양키스       |[null] |9        |11    |2025-03-20T22:42:37 |[null]    |
|27    |1     |0       |Boston     |Red Sox   |BOS      |보스턴           |레드삭스      |[null] |9        |11    |2025-03-20T22:42:13 |[null]    |
|26    |1     |0       |Baltimore  |Orioles   |BAL      |볼티모어          |오리올스      |[null] |9        |11    |2025-03-20T22:41:48 |[null]    |
|------|------|--------|-----------|----------|---------|--------------|----------|-------|---------|------|--------------------|----------|
 
2025-04-02T15:30:31.010 [http-nio-8080-exec-10] DEBUG j.sqltiming -  com.zaxxer.hikari.pool.ProxyPreparedStatement.execute(ProxyPreparedStatement.java:44)
391. Select count(*)

			FROM
		    team
		WHERE
		    1=1

		 AND tmUse = 1 
         AND tmDelNy = 0
 {executed in 1 msec} 
2025-04-02T15:30:31.010 [http-nio-8080-exec-10] INFO j.resultsettable - 
|---------|
|count(*) |
|---------|
|30       |
|---------|
 
2025-04-02T15:30:31.012 [http-nio-8080-exec-10] DEBUG j.sqltiming -  com.zaxxer.hikari.pool.ProxyPreparedStatement.execute(ProxyPreparedStatement.java:44)
391. SELECT
		tmSeq,
		tmUse,
		tmDelNy,
		tmHomeName,
	    tmName,
	    tmNameAb,
	    tmHomeNameKor,
	    tmNameKor,
	    tmLogo,
	    tmLeague,
	    tmDiv,
	    tmRegTime,
	    tmModTime    

			FROM
		    team
		WHERE
		    1=1

		 AND tmUse = 1 
         AND tmDelNy = 0 

	order by tmSeq desc
	limit 5 offset 0
 {executed in 1 msec} 
2025-04-02T15:30:31.013 [http-nio-8080-exec-10] INFO j.resultsettable - 
|------|------|--------|-----------|----------|---------|--------------|----------|-------|---------|------|--------------------|----------|
|tmseq |tmuse |tmdelny |tmhomename |tmname    |tmnameab |tmhomenamekor |tmnamekor |tmlogo |tmleague |tmdiv |tmregtime           |tmmodtime |
|------|------|--------|-----------|----------|---------|--------------|----------|-------|---------|------|--------------------|----------|
|30    |1     |0       |Toronto    |Blue Jays |TOR      |토론토           |블루제이스     |[null] |9        |11    |2025-03-20T22:43:31 |[null]    |
|29    |1     |0       |Tampa Bay  |Rays      |TB       |탬파베이          |레이스       |[null] |9        |11    |2025-03-20T22:43:02 |[null]    |
|28    |1     |0       |New York   |Yankees   |NYY      |뉴욕            |양키스       |[null] |9        |11    |2025-03-20T22:42:37 |[null]    |
|27    |1     |0       |Boston     |Red Sox   |BOS      |보스턴           |레드삭스      |[null] |9        |11    |2025-03-20T22:42:13 |[null]    |
|26    |1     |0       |Baltimore  |Orioles   |BAL      |볼티모어          |오리올스      |[null] |9        |11    |2025-03-20T22:41:48 |[null]    |
|------|------|--------|-----------|----------|---------|--------------|----------|-------|---------|------|--------------------|----------|
 
2025-04-02T15:31:22.335 [http-nio-8080-exec-9] DEBUG j.sqltiming -  com.zaxxer.hikari.pool.ProxyPreparedStatement.execute(ProxyPreparedStatement.java:44)
391. Select count(*)

			FROM
		    team
		WHERE
		    1=1

		 AND tmUse = 1 
         AND tmDelNy = 0
 {executed in 2 msec} 
2025-04-02T15:31:22.335 [http-nio-8080-exec-9] INFO j.resultsettable - 
|---------|
|count(*) |
|---------|
|30       |
|---------|
 
2025-04-02T15:31:22.339 [http-nio-8080-exec-9] DEBUG j.sqltiming -  com.zaxxer.hikari.pool.ProxyPreparedStatement.execute(ProxyPreparedStatement.java:44)
391. SELECT
		tmSeq,
		tmUse,
		tmDelNy,
		tmHomeName,
	    tmName,
	    tmNameAb,
	    tmHomeNameKor,
	    tmNameKor,
	    tmLogo,
	    tmLeague,
	    tmDiv,
	    tmRegTime,
	    tmModTime    

			FROM
		    team
		WHERE
		    1=1

		 AND tmUse = 1 
         AND tmDelNy = 0 

	order by tmSeq desc
	limit 5 offset 0
 {executed in 2 msec} 
2025-04-02T15:31:22.340 [http-nio-8080-exec-9] INFO j.resultsettable - 
|------|------|--------|-----------|----------|---------|--------------|----------|-------|---------|------|--------------------|----------|
|tmseq |tmuse |tmdelny |tmhomename |tmname    |tmnameab |tmhomenamekor |tmnamekor |tmlogo |tmleague |tmdiv |tmregtime           |tmmodtime |
|------|------|--------|-----------|----------|---------|--------------|----------|-------|---------|------|--------------------|----------|
|30    |1     |0       |Toronto    |Blue Jays |TOR      |토론토           |블루제이스     |[null] |9        |11    |2025-03-20T22:43:31 |[null]    |
|29    |1     |0       |Tampa Bay  |Rays      |TB       |탬파베이          |레이스       |[null] |9        |11    |2025-03-20T22:43:02 |[null]    |
|28    |1     |0       |New York   |Yankees   |NYY      |뉴욕            |양키스       |[null] |9        |11    |2025-03-20T22:42:37 |[null]    |
|27    |1     |0       |Boston     |Red Sox   |BOS      |보스턴           |레드삭스      |[null] |9        |11    |2025-03-20T22:42:13 |[null]    |
|26    |1     |0       |Baltimore  |Orioles   |BAL      |볼티모어          |오리올스      |[null] |9        |11    |2025-03-20T22:41:48 |[null]    |
|------|------|--------|-----------|----------|---------|--------------|----------|-------|---------|------|--------------------|----------|
 
2025-04-02T15:31:30.590 [http-nio-8080-exec-7] DEBUG j.sqltiming -  com.zaxxer.hikari.pool.ProxyPreparedStatement.execute(ProxyPreparedStatement.java:44)
391. Select count(*)

			FROM
		    team
		WHERE
		    1=1

		 AND tmUse = 1 
         AND tmDelNy = 0
 {executed in 1 msec} 
2025-04-02T15:31:30.591 [http-nio-8080-exec-7] INFO j.resultsettable - 
|---------|
|count(*) |
|---------|
|30       |
|---------|
 
2025-04-02T15:31:30.592 [http-nio-8080-exec-7] DEBUG j.sqltiming -  com.zaxxer.hikari.pool.ProxyPreparedStatement.execute(ProxyPreparedStatement.java:44)
391. SELECT
		tmSeq,
		tmUse,
		tmDelNy,
		tmHomeName,
	    tmName,
	    tmNameAb,
	    tmHomeNameKor,
	    tmNameKor,
	    tmLogo,
	    tmLeague,
	    tmDiv,
	    tmRegTime,
	    tmModTime    

			FROM
		    team
		WHERE
		    1=1

		 AND tmUse = 1 
         AND tmDelNy = 0 

	order by tmSeq desc
	limit 5 offset 0
 {executed in 1 msec} 
2025-04-02T15:31:30.593 [http-nio-8080-exec-7] INFO j.resultsettable - 
|------|------|--------|-----------|----------|---------|--------------|----------|-------|---------|------|--------------------|----------|
|tmseq |tmuse |tmdelny |tmhomename |tmname    |tmnameab |tmhomenamekor |tmnamekor |tmlogo |tmleague |tmdiv |tmregtime           |tmmodtime |
|------|------|--------|-----------|----------|---------|--------------|----------|-------|---------|------|--------------------|----------|
|30    |1     |0       |Toronto    |Blue Jays |TOR      |토론토           |블루제이스     |[null] |9        |11    |2025-03-20T22:43:31 |[null]    |
|29    |1     |0       |Tampa Bay  |Rays      |TB       |탬파베이          |레이스       |[null] |9        |11    |2025-03-20T22:43:02 |[null]    |
|28    |1     |0       |New York   |Yankees   |NYY      |뉴욕            |양키스       |[null] |9        |11    |2025-03-20T22:42:37 |[null]    |
|27    |1     |0       |Boston     |Red Sox   |BOS      |보스턴           |레드삭스      |[null] |9        |11    |2025-03-20T22:42:13 |[null]    |
|26    |1     |0       |Baltimore  |Orioles   |BAL      |볼티모어          |오리올스      |[null] |9        |11    |2025-03-20T22:41:48 |[null]    |
|------|------|--------|-----------|----------|---------|--------------|----------|-------|---------|------|--------------------|----------|
 
2025-04-02T15:31:47.487 [http-nio-8080-exec-4] DEBUG j.sqltiming -  com.zaxxer.hikari.pool.ProxyPreparedStatement.execute(ProxyPreparedStatement.java:44)
391. Select count(*)

			FROM
		    team
		WHERE
		    1=1

		 AND tmUse = 1 
         AND tmDelNy = 0 

         AND tmHomeNameKor LIKE CONCAT('%','토론토','%')
 {executed in 1 msec} 
2025-04-02T15:31:47.487 [http-nio-8080-exec-4] INFO j.resultsettable - 
|---------|
|count(*) |
|---------|
|1        |
|---------|
 
2025-04-02T15:31:47.489 [http-nio-8080-exec-4] DEBUG j.sqltiming -  com.zaxxer.hikari.pool.ProxyPreparedStatement.execute(ProxyPreparedStatement.java:44)
391. SELECT
		tmSeq,
		tmUse,
		tmDelNy,
		tmHomeName,
	    tmName,
	    tmNameAb,
	    tmHomeNameKor,
	    tmNameKor,
	    tmLogo,
	    tmLeague,
	    tmDiv,
	    tmRegTime,
	    tmModTime    

			FROM
		    team
		WHERE
		    1=1

		 AND tmUse = 1 
         AND tmDelNy = 0 

         AND tmHomeNameKor LIKE CONCAT('%','토론토','%') 

	order by tmSeq desc
	limit 5 offset 0
 {executed in 1 msec} 
2025-04-02T15:31:47.490 [http-nio-8080-exec-4] INFO j.resultsettable - 
|------|------|--------|-----------|----------|---------|--------------|----------|-------|---------|------|--------------------|----------|
|tmseq |tmuse |tmdelny |tmhomename |tmname    |tmnameab |tmhomenamekor |tmnamekor |tmlogo |tmleague |tmdiv |tmregtime           |tmmodtime |
|------|------|--------|-----------|----------|---------|--------------|----------|-------|---------|------|--------------------|----------|
|30    |1     |0       |Toronto    |Blue Jays |TOR      |토론토           |블루제이스     |[null] |9        |11    |2025-03-20T22:43:31 |[null]    |
|------|------|--------|-----------|----------|---------|--------------|----------|-------|---------|------|--------------------|----------|
 
2025-04-02T15:31:49.975 [http-nio-8080-exec-4] DEBUG j.sqltiming -  com.zaxxer.hikari.pool.ProxyPreparedStatement.execute(ProxyPreparedStatement.java:44)
391. Select count(*)

			FROM
		    team
		WHERE
		    1=1

		 AND tmUse = 1 
         AND tmDelNy = 0
 {executed in 1 msec} 
2025-04-02T15:31:49.976 [http-nio-8080-exec-4] INFO j.resultsettable - 
|---------|
|count(*) |
|---------|
|30       |
|---------|
 
2025-04-02T15:31:49.977 [http-nio-8080-exec-4] DEBUG j.sqltiming -  com.zaxxer.hikari.pool.ProxyPreparedStatement.execute(ProxyPreparedStatement.java:44)
391. SELECT
		tmSeq,
		tmUse,
		tmDelNy,
		tmHomeName,
	    tmName,
	    tmNameAb,
	    tmHomeNameKor,
	    tmNameKor,
	    tmLogo,
	    tmLeague,
	    tmDiv,
	    tmRegTime,
	    tmModTime    

			FROM
		    team
		WHERE
		    1=1

		 AND tmUse = 1 
         AND tmDelNy = 0 

	order by tmSeq desc
	limit 5 offset 0
 {executed in 0 msec} 
2025-04-02T15:31:49.979 [http-nio-8080-exec-4] INFO j.resultsettable - 
|------|------|--------|-----------|----------|---------|--------------|----------|-------|---------|------|--------------------|----------|
|tmseq |tmuse |tmdelny |tmhomename |tmname    |tmnameab |tmhomenamekor |tmnamekor |tmlogo |tmleague |tmdiv |tmregtime           |tmmodtime |
|------|------|--------|-----------|----------|---------|--------------|----------|-------|---------|------|--------------------|----------|
|30    |1     |0       |Toronto    |Blue Jays |TOR      |토론토           |블루제이스     |[null] |9        |11    |2025-03-20T22:43:31 |[null]    |
|29    |1     |0       |Tampa Bay  |Rays      |TB       |탬파베이          |레이스       |[null] |9        |11    |2025-03-20T22:43:02 |[null]    |
|28    |1     |0       |New York   |Yankees   |NYY      |뉴욕            |양키스       |[null] |9        |11    |2025-03-20T22:42:37 |[null]    |
|27    |1     |0       |Boston     |Red Sox   |BOS      |보스턴           |레드삭스      |[null] |9        |11    |2025-03-20T22:42:13 |[null]    |
|26    |1     |0       |Baltimore  |Orioles   |BAL      |볼티모어          |오리올스      |[null] |9        |11    |2025-03-20T22:41:48 |[null]    |
|------|------|--------|-----------|----------|---------|--------------|----------|-------|---------|------|--------------------|----------|
 
2025-04-02T15:31:51.359 [http-nio-8080-exec-6] DEBUG j.sqltiming -  com.zaxxer.hikari.pool.ProxyPreparedStatement.execute(ProxyPreparedStatement.java:44)
391. Select count(*)

			FROM
		    team
		WHERE
		    1=1

		 AND tmUse = 1 
         AND tmDelNy = 0
 {executed in 1 msec} 
2025-04-02T15:31:51.359 [http-nio-8080-exec-6] INFO j.resultsettable - 
|---------|
|count(*) |
|---------|
|30       |
|---------|
 
2025-04-02T15:31:51.362 [http-nio-8080-exec-6] DEBUG j.sqltiming -  com.zaxxer.hikari.pool.ProxyPreparedStatement.execute(ProxyPreparedStatement.java:44)
391. SELECT
		tmSeq,
		tmUse,
		tmDelNy,
		tmHomeName,
	    tmName,
	    tmNameAb,
	    tmHomeNameKor,
	    tmNameKor,
	    tmLogo,
	    tmLeague,
	    tmDiv,
	    tmRegTime,
	    tmModTime    

			FROM
		    team
		WHERE
		    1=1

		 AND tmUse = 1 
         AND tmDelNy = 0 

	order by tmSeq desc
	limit 5 offset 0
 {executed in 2 msec} 
2025-04-02T15:31:51.365 [http-nio-8080-exec-6] INFO j.resultsettable - 
|------|------|--------|-----------|----------|---------|--------------|----------|-------|---------|------|--------------------|----------|
|tmseq |tmuse |tmdelny |tmhomename |tmname    |tmnameab |tmhomenamekor |tmnamekor |tmlogo |tmleague |tmdiv |tmregtime           |tmmodtime |
|------|------|--------|-----------|----------|---------|--------------|----------|-------|---------|------|--------------------|----------|
|30    |1     |0       |Toronto    |Blue Jays |TOR      |토론토           |블루제이스     |[null] |9        |11    |2025-03-20T22:43:31 |[null]    |
|29    |1     |0       |Tampa Bay  |Rays      |TB       |탬파베이          |레이스       |[null] |9        |11    |2025-03-20T22:43:02 |[null]    |
|28    |1     |0       |New York   |Yankees   |NYY      |뉴욕            |양키스       |[null] |9        |11    |2025-03-20T22:42:37 |[null]    |
|27    |1     |0       |Boston     |Red Sox   |BOS      |보스턴           |레드삭스      |[null] |9        |11    |2025-03-20T22:42:13 |[null]    |
|26    |1     |0       |Baltimore  |Orioles   |BAL      |볼티모어          |오리올스      |[null] |9        |11    |2025-03-20T22:41:48 |[null]    |
|------|------|--------|-----------|----------|---------|--------------|----------|-------|---------|------|--------------------|----------|
 
2025-04-02T15:32:16.015 [http-nio-8080-exec-3] DEBUG j.sqltiming -  com.zaxxer.hikari.pool.ProxyPreparedStatement.execute(ProxyPreparedStatement.java:44)
391. Select count(*)

			FROM
		    team
		WHERE
		    1=1

		 AND tmUse = 1 
         AND tmDelNy = 0
 {executed in 1 msec} 
2025-04-02T15:32:16.015 [http-nio-8080-exec-3] INFO j.resultsettable - 
|---------|
|count(*) |
|---------|
|30       |
|---------|
 
2025-04-02T15:32:16.017 [http-nio-8080-exec-3] DEBUG j.sqltiming -  com.zaxxer.hikari.pool.ProxyPreparedStatement.execute(ProxyPreparedStatement.java:44)
391. SELECT
		tmSeq,
		tmUse,
		tmDelNy,
		tmHomeName,
	    tmName,
	    tmNameAb,
	    tmHomeNameKor,
	    tmNameKor,
	    tmLogo,
	    tmLeague,
	    tmDiv,
	    tmRegTime,
	    tmModTime    

			FROM
		    team
		WHERE
		    1=1

		 AND tmUse = 1 
         AND tmDelNy = 0 

	order by tmSeq desc
	limit 5 offset 0
 {executed in 1 msec} 
2025-04-02T15:32:16.017 [http-nio-8080-exec-3] INFO j.resultsettable - 
|------|------|--------|-----------|----------|---------|--------------|----------|-------|---------|------|--------------------|----------|
|tmseq |tmuse |tmdelny |tmhomename |tmname    |tmnameab |tmhomenamekor |tmnamekor |tmlogo |tmleague |tmdiv |tmregtime           |tmmodtime |
|------|------|--------|-----------|----------|---------|--------------|----------|-------|---------|------|--------------------|----------|
|30    |1     |0       |Toronto    |Blue Jays |TOR      |토론토           |블루제이스     |[null] |9        |11    |2025-03-20T22:43:31 |[null]    |
|29    |1     |0       |Tampa Bay  |Rays      |TB       |탬파베이          |레이스       |[null] |9        |11    |2025-03-20T22:43:02 |[null]    |
|28    |1     |0       |New York   |Yankees   |NYY      |뉴욕            |양키스       |[null] |9        |11    |2025-03-20T22:42:37 |[null]    |
|27    |1     |0       |Boston     |Red Sox   |BOS      |보스턴           |레드삭스      |[null] |9        |11    |2025-03-20T22:42:13 |[null]    |
|26    |1     |0       |Baltimore  |Orioles   |BAL      |볼티모어          |오리올스      |[null] |9        |11    |2025-03-20T22:41:48 |[null]    |
|------|------|--------|-----------|----------|---------|--------------|----------|-------|---------|------|--------------------|----------|
 
2025-04-02T15:34:04.998 [http-nio-8080-exec-2] DEBUG j.sqltiming -  com.zaxxer.hikari.pool.ProxyPreparedStatement.execute(ProxyPreparedStatement.java:44)
391. Select count(*)

			FROM
		    team
		WHERE
		    1=1

		 AND tmUse = 1 
         AND tmDelNy = 0
 {executed in 1 msec} 
2025-04-02T15:34:04.999 [http-nio-8080-exec-2] INFO j.resultsettable - 
|---------|
|count(*) |
|---------|
|30       |
|---------|
 
2025-04-02T15:34:05.003 [http-nio-8080-exec-2] DEBUG j.sqltiming -  com.zaxxer.hikari.pool.ProxyPreparedStatement.execute(ProxyPreparedStatement.java:44)
391. SELECT
		tmSeq,
		tmUse,
		tmDelNy,
		tmHomeName,
	    tmName,
	    tmNameAb,
	    tmHomeNameKor,
	    tmNameKor,
	    tmLogo,
	    tmLeague,
	    tmDiv,
	    tmRegTime,
	    tmModTime    

			FROM
		    team
		WHERE
		    1=1

		 AND tmUse = 1 
         AND tmDelNy = 0 

	order by tmSeq desc
	limit 5 offset 0
 {executed in 2 msec} 
2025-04-02T15:34:05.004 [http-nio-8080-exec-2] INFO j.resultsettable - 
|------|------|--------|-----------|----------|---------|--------------|----------|-------|---------|------|--------------------|----------|
|tmseq |tmuse |tmdelny |tmhomename |tmname    |tmnameab |tmhomenamekor |tmnamekor |tmlogo |tmleague |tmdiv |tmregtime           |tmmodtime |
|------|------|--------|-----------|----------|---------|--------------|----------|-------|---------|------|--------------------|----------|
|30    |1     |0       |Toronto    |Blue Jays |TOR      |토론토           |블루제이스     |[null] |9        |11    |2025-03-20T22:43:31 |[null]    |
|29    |1     |0       |Tampa Bay  |Rays      |TB       |탬파베이          |레이스       |[null] |9        |11    |2025-03-20T22:43:02 |[null]    |
|28    |1     |0       |New York   |Yankees   |NYY      |뉴욕            |양키스       |[null] |9        |11    |2025-03-20T22:42:37 |[null]    |
|27    |1     |0       |Boston     |Red Sox   |BOS      |보스턴           |레드삭스      |[null] |9        |11    |2025-03-20T22:42:13 |[null]    |
|26    |1     |0       |Baltimore  |Orioles   |BAL      |볼티모어          |오리올스      |[null] |9        |11    |2025-03-20T22:41:48 |[null]    |
|------|------|--------|-----------|----------|---------|--------------|----------|-------|---------|------|--------------------|----------|
 
2025-04-02T15:35:07.278 [http-nio-8080-exec-5] DEBUG j.sqltiming -  com.zaxxer.hikari.pool.ProxyPreparedStatement.execute(ProxyPreparedStatement.java:44)
391. Select count(*)

			FROM
		    team
		WHERE
		    1=1

		 AND tmUse = 1 
         AND tmDelNy = 0
 {executed in 1 msec} 
2025-04-02T15:35:07.278 [http-nio-8080-exec-5] INFO j.resultsettable - 
|---------|
|count(*) |
|---------|
|30       |
|---------|
 
2025-04-02T15:35:07.281 [http-nio-8080-exec-5] DEBUG j.sqltiming -  com.zaxxer.hikari.pool.ProxyPreparedStatement.execute(ProxyPreparedStatement.java:44)
391. SELECT
		tmSeq,
		tmUse,
		tmDelNy,
		tmHomeName,
	    tmName,
	    tmNameAb,
	    tmHomeNameKor,
	    tmNameKor,
	    tmLogo,
	    tmLeague,
	    tmDiv,
	    tmRegTime,
	    tmModTime    

			FROM
		    team
		WHERE
		    1=1

		 AND tmUse = 1 
         AND tmDelNy = 0 

	order by tmSeq desc
	limit 5 offset 0
 {executed in 1 msec} 
2025-04-02T15:35:07.282 [http-nio-8080-exec-5] INFO j.resultsettable - 
|------|------|--------|-----------|----------|---------|--------------|----------|-------|---------|------|--------------------|----------|
|tmseq |tmuse |tmdelny |tmhomename |tmname    |tmnameab |tmhomenamekor |tmnamekor |tmlogo |tmleague |tmdiv |tmregtime           |tmmodtime |
|------|------|--------|-----------|----------|---------|--------------|----------|-------|---------|------|--------------------|----------|
|30    |1     |0       |Toronto    |Blue Jays |TOR      |토론토           |블루제이스     |[null] |9        |11    |2025-03-20T22:43:31 |[null]    |
|29    |1     |0       |Tampa Bay  |Rays      |TB       |탬파베이          |레이스       |[null] |9        |11    |2025-03-20T22:43:02 |[null]    |
|28    |1     |0       |New York   |Yankees   |NYY      |뉴욕            |양키스       |[null] |9        |11    |2025-03-20T22:42:37 |[null]    |
|27    |1     |0       |Boston     |Red Sox   |BOS      |보스턴           |레드삭스      |[null] |9        |11    |2025-03-20T22:42:13 |[null]    |
|26    |1     |0       |Baltimore  |Orioles   |BAL      |볼티모어          |오리올스      |[null] |9        |11    |2025-03-20T22:41:48 |[null]    |
|------|------|--------|-----------|----------|---------|--------------|----------|-------|---------|------|--------------------|----------|
 
2025-04-02T15:35:13.172 [http-nio-8080-exec-6] DEBUG j.sqltiming -  com.zaxxer.hikari.pool.ProxyPreparedStatement.execute(ProxyPreparedStatement.java:44)
391. Select count(*)
	from 
	user
	where 1=1

		 AND urUse = 1 
         AND urDelNy = 0
 {executed in 0 msec} 
2025-04-02T15:35:13.173 [http-nio-8080-exec-6] INFO j.resultsettable - 
|---------|
|count(*) |
|---------|
|2        |
|---------|
 
2025-04-02T15:35:13.174 [http-nio-8080-exec-6] DEBUG j.sqltiming -  com.zaxxer.hikari.pool.ProxyPreparedStatement.execute(ProxyPreparedStatement.java:44)
391. select 
			urSeq,
		    urUse,
		    urDelNy,
		    urName,
		    urGender,
		    telecom,
		    phoneNumber,
		    urBirth,
		    urID,
		    emailID,
		    email,
		    urPassword,
		    urRegTime,
		    urModTime
		from user
		where 1=1 

		 AND urUse = 1 
         AND urDelNy = 0 

		order by urSeq desc
		limit 5 offset 0
 {executed in 1 msec} 
2025-04-02T15:35:13.176 [http-nio-8080-exec-6] INFO j.resultsettable - 
|------|------|--------|-------|---------|--------|--------------|-----------|----------|----------|------|-----------|--------------------|--------------------|
|urseq |uruse |urdelny |urname |urgender |telecom |phonenumber   |urbirth    |urid      |emailid   |email |urpassword |urregtime           |urmodtime           |
|------|------|--------|-------|---------|--------|--------------|-----------|----------|----------|------|-----------|--------------------|--------------------|
|2     |1     |0       |관리자    |7        |1       |010-0000-0000 |2001-12-21 |ej        |admin     |98    |1          |2025-03-28T11:37:15 |2025-04-01T21:09:29 |
|1     |1     |0       |정한용    |7        |1       |010-4422-8123 |1994-03-06 |gksdyd009 |gksdyd009 |96    |gksdyd009  |2025-03-26T18:45:46 |2025-04-01T21:09:06 |
|------|------|--------|-------|---------|--------|--------------|-----------|----------|----------|------|-----------|--------------------|--------------------|
 
2025-04-02T15:35:44.294 [http-nio-8080-exec-6] DEBUG j.sqltiming -  com.zaxxer.hikari.pool.ProxyPreparedStatement.execute(ProxyPreparedStatement.java:44)
391. Select count(*)
	from 
	user
	where 1=1

		 AND urUse = 1 
         AND urDelNy = 0
 {executed in 1 msec} 
2025-04-02T15:35:44.295 [http-nio-8080-exec-6] INFO j.resultsettable - 
|---------|
|count(*) |
|---------|
|2        |
|---------|
 
2025-04-02T15:35:44.296 [http-nio-8080-exec-6] DEBUG j.sqltiming -  com.zaxxer.hikari.pool.ProxyPreparedStatement.execute(ProxyPreparedStatement.java:44)
391. select 
			urSeq,
		    urUse,
		    urDelNy,
		    urName,
		    urGender,
		    telecom,
		    phoneNumber,
		    urBirth,
		    urID,
		    emailID,
		    email,
		    urPassword,
		    urRegTime,
		    urModTime
		from user
		where 1=1 

		 AND urUse = 1 
         AND urDelNy = 0 

		order by urSeq desc
		limit 5 offset 0
 {executed in 1 msec} 
2025-04-02T15:35:44.298 [http-nio-8080-exec-6] INFO j.resultsettable - 
|------|------|--------|-------|---------|--------|--------------|-----------|----------|----------|------|-----------|--------------------|--------------------|
|urseq |uruse |urdelny |urname |urgender |telecom |phonenumber   |urbirth    |urid      |emailid   |email |urpassword |urregtime           |urmodtime           |
|------|------|--------|-------|---------|--------|--------------|-----------|----------|----------|------|-----------|--------------------|--------------------|
|2     |1     |0       |관리자    |7        |1       |010-0000-0000 |2001-12-21 |ej        |admin     |98    |1          |2025-03-28T11:37:15 |2025-04-01T21:09:29 |
|1     |1     |0       |정한용    |7        |1       |010-4422-8123 |1994-03-06 |gksdyd009 |gksdyd009 |96    |gksdyd009  |2025-03-26T18:45:46 |2025-04-01T21:09:06 |
|------|------|--------|-------|---------|--------|--------------|-----------|----------|----------|------|-----------|--------------------|--------------------|
 
2025-04-02T15:35:58.936 [http-nio-8080-exec-3] DEBUG j.sqltiming -  com.zaxxer.hikari.pool.ProxyPreparedStatement.execute(ProxyPreparedStatement.java:44)
391. Select count(*)
	from 
	user
	where 1=1

		 AND urUse = 1 
         AND urDelNy = 0
 {executed in 1 msec} 
2025-04-02T15:35:58.936 [http-nio-8080-exec-3] INFO j.resultsettable - 
|---------|
|count(*) |
|---------|
|2        |
|---------|
 
2025-04-02T15:35:58.938 [http-nio-8080-exec-3] DEBUG j.sqltiming -  com.zaxxer.hikari.pool.ProxyPreparedStatement.execute(ProxyPreparedStatement.java:44)
391. select 
			urSeq,
		    urUse,
		    urDelNy,
		    urName,
		    urGender,
		    telecom,
		    phoneNumber,
		    urBirth,
		    urID,
		    emailID,
		    email,
		    urPassword,
		    urRegTime,
		    urModTime
		from user
		where 1=1 

		 AND urUse = 1 
         AND urDelNy = 0 

		order by urSeq desc
		limit 5 offset 0
 {executed in 1 msec} 
2025-04-02T15:35:58.939 [http-nio-8080-exec-3] INFO j.resultsettable - 
|------|------|--------|-------|---------|--------|--------------|-----------|----------|----------|------|-----------|--------------------|--------------------|
|urseq |uruse |urdelny |urname |urgender |telecom |phonenumber   |urbirth    |urid      |emailid   |email |urpassword |urregtime           |urmodtime           |
|------|------|--------|-------|---------|--------|--------------|-----------|----------|----------|------|-----------|--------------------|--------------------|
|2     |1     |0       |관리자    |7        |1       |010-0000-0000 |2001-12-21 |ej        |admin     |98    |1          |2025-03-28T11:37:15 |2025-04-01T21:09:29 |
|1     |1     |0       |정한용    |7        |1       |010-4422-8123 |1994-03-06 |gksdyd009 |gksdyd009 |96    |gksdyd009  |2025-03-26T18:45:46 |2025-04-01T21:09:06 |
|------|------|--------|-------|---------|--------|--------------|-----------|----------|----------|------|-----------|--------------------|--------------------|
 
2025-04-02T15:36:07.033 [http-nio-8080-exec-2] DEBUG j.sqltiming -  com.zaxxer.hikari.pool.ProxyPreparedStatement.execute(ProxyPreparedStatement.java:44)
391. Select count(*)
	from 
	user
	where 1=1

		 AND urUse = 1 
         AND urDelNy = 0
 {executed in 0 msec} 
2025-04-02T15:36:07.034 [http-nio-8080-exec-2] INFO j.resultsettable - 
|---------|
|count(*) |
|---------|
|2        |
|---------|
 
2025-04-02T15:36:07.036 [http-nio-8080-exec-2] DEBUG j.sqltiming -  com.zaxxer.hikari.pool.ProxyPreparedStatement.execute(ProxyPreparedStatement.java:44)
391. select 
			urSeq,
		    urUse,
		    urDelNy,
		    urName,
		    urGender,
		    telecom,
		    phoneNumber,
		    urBirth,
		    urID,
		    emailID,
		    email,
		    urPassword,
		    urRegTime,
		    urModTime
		from user
		where 1=1 

		 AND urUse = 1 
         AND urDelNy = 0 

		order by urSeq desc
		limit 5 offset 0
 {executed in 1 msec} 
2025-04-02T15:36:07.037 [http-nio-8080-exec-2] INFO j.resultsettable - 
|------|------|--------|-------|---------|--------|--------------|-----------|----------|----------|------|-----------|--------------------|--------------------|
|urseq |uruse |urdelny |urname |urgender |telecom |phonenumber   |urbirth    |urid      |emailid   |email |urpassword |urregtime           |urmodtime           |
|------|------|--------|-------|---------|--------|--------------|-----------|----------|----------|------|-----------|--------------------|--------------------|
|2     |1     |0       |관리자    |7        |1       |010-0000-0000 |2001-12-21 |ej        |admin     |98    |1          |2025-03-28T11:37:15 |2025-04-01T21:09:29 |
|1     |1     |0       |정한용    |7        |1       |010-4422-8123 |1994-03-06 |gksdyd009 |gksdyd009 |96    |gksdyd009  |2025-03-26T18:45:46 |2025-04-01T21:09:06 |
|------|------|--------|-------|---------|--------|--------------|-----------|----------|----------|------|-----------|--------------------|--------------------|
 
2025-04-02T15:36:52.394 [http-nio-8080-exec-9] DEBUG j.sqltiming -  com.zaxxer.hikari.pool.ProxyPreparedStatement.execute(ProxyPreparedStatement.java:44)
391. Select count(*)
	from 
	user
	where 1=1

		 AND urUse = 1 
         AND urDelNy = 0
 {executed in 1 msec} 
2025-04-02T15:36:52.395 [http-nio-8080-exec-9] INFO j.resultsettable - 
|---------|
|count(*) |
|---------|
|2        |
|---------|
 
2025-04-02T15:36:52.397 [http-nio-8080-exec-9] DEBUG j.sqltiming -  com.zaxxer.hikari.pool.ProxyPreparedStatement.execute(ProxyPreparedStatement.java:44)
391. select 
			urSeq,
		    urUse,
		    urDelNy,
		    urName,
		    urGender,
		    telecom,
		    phoneNumber,
		    urBirth,
		    urID,
		    emailID,
		    email,
		    urPassword,
		    urRegTime,
		    urModTime
		from user
		where 1=1 

		 AND urUse = 1 
         AND urDelNy = 0 

		order by urSeq desc
		limit 5 offset 0
 {executed in 1 msec} 
2025-04-02T15:36:52.398 [http-nio-8080-exec-9] INFO j.resultsettable - 
|------|------|--------|-------|---------|--------|--------------|-----------|----------|----------|------|-----------|--------------------|--------------------|
|urseq |uruse |urdelny |urname |urgender |telecom |phonenumber   |urbirth    |urid      |emailid   |email |urpassword |urregtime           |urmodtime           |
|------|------|--------|-------|---------|--------|--------------|-----------|----------|----------|------|-----------|--------------------|--------------------|
|2     |1     |0       |관리자    |7        |1       |010-0000-0000 |2001-12-21 |ej        |admin     |98    |1          |2025-03-28T11:37:15 |2025-04-01T21:09:29 |
|1     |1     |0       |정한용    |7        |1       |010-4422-8123 |1994-03-06 |gksdyd009 |gksdyd009 |96    |gksdyd009  |2025-03-26T18:45:46 |2025-04-01T21:09:06 |
|------|------|--------|-------|---------|--------|--------------|-----------|----------|----------|------|-----------|--------------------|--------------------|
 
2025-04-02T15:37:19.065 [http-nio-8080-exec-7] DEBUG j.sqltiming -  com.zaxxer.hikari.pool.ProxyPreparedStatement.execute(ProxyPreparedStatement.java:44)
391. Select count(*)
	from 
	user
	where 1=1

		 AND urUse = 1 
         AND urDelNy = 0
 {executed in 0 msec} 
2025-04-02T15:37:19.066 [http-nio-8080-exec-7] INFO j.resultsettable - 
|---------|
|count(*) |
|---------|
|2        |
|---------|
 
2025-04-02T15:37:19.068 [http-nio-8080-exec-7] DEBUG j.sqltiming -  com.zaxxer.hikari.pool.ProxyPreparedStatement.execute(ProxyPreparedStatement.java:44)
391. select 
			urSeq,
		    urUse,
		    urDelNy,
		    urName,
		    urGender,
		    telecom,
		    phoneNumber,
		    urBirth,
		    urID,
		    emailID,
		    email,
		    urPassword,
		    urRegTime,
		    urModTime
		from user
		where 1=1 

		 AND urUse = 1 
         AND urDelNy = 0 

		order by urSeq desc
		limit 5 offset 0
 {executed in 1 msec} 
2025-04-02T15:37:19.068 [http-nio-8080-exec-7] INFO j.resultsettable - 
|------|------|--------|-------|---------|--------|--------------|-----------|----------|----------|------|-----------|--------------------|--------------------|
|urseq |uruse |urdelny |urname |urgender |telecom |phonenumber   |urbirth    |urid      |emailid   |email |urpassword |urregtime           |urmodtime           |
|------|------|--------|-------|---------|--------|--------------|-----------|----------|----------|------|-----------|--------------------|--------------------|
|2     |1     |0       |관리자    |7        |1       |010-0000-0000 |2001-12-21 |ej        |admin     |98    |1          |2025-03-28T11:37:15 |2025-04-01T21:09:29 |
|1     |1     |0       |정한용    |7        |1       |010-4422-8123 |1994-03-06 |gksdyd009 |gksdyd009 |96    |gksdyd009  |2025-03-26T18:45:46 |2025-04-01T21:09:06 |
|------|------|--------|-------|---------|--------|--------------|-----------|----------|----------|------|-----------|--------------------|--------------------|
 
2025-04-02T15:37:40.855 [http-nio-8080-exec-10] DEBUG j.sqltiming -  com.zaxxer.hikari.pool.ProxyPreparedStatement.execute(ProxyPreparedStatement.java:44)
391. Select count(*)
	from 
	user
	where 1=1

		 AND urUse = 1 
         AND urDelNy = 0
 {executed in 2 msec} 
2025-04-02T15:37:40.857 [http-nio-8080-exec-10] INFO j.resultsettable - 
|---------|
|count(*) |
|---------|
|2        |
|---------|
 
2025-04-02T15:37:40.863 [http-nio-8080-exec-10] DEBUG j.sqltiming -  com.zaxxer.hikari.pool.ProxyPreparedStatement.execute(ProxyPreparedStatement.java:44)
391. select 
			urSeq,
		    urUse,
		    urDelNy,
		    urName,
		    urGender,
		    telecom,
		    phoneNumber,
		    urBirth,
		    urID,
		    emailID,
		    email,
		    urPassword,
		    urRegTime,
		    urModTime
		from user
		where 1=1 

		 AND urUse = 1 
         AND urDelNy = 0 

		order by urSeq desc
		limit 5 offset 0
 {executed in 2 msec} 
2025-04-02T15:37:40.864 [http-nio-8080-exec-10] INFO j.resultsettable - 
|------|------|--------|-------|---------|--------|--------------|-----------|----------|----------|------|-----------|--------------------|--------------------|
|urseq |uruse |urdelny |urname |urgender |telecom |phonenumber   |urbirth    |urid      |emailid   |email |urpassword |urregtime           |urmodtime           |
|------|------|--------|-------|---------|--------|--------------|-----------|----------|----------|------|-----------|--------------------|--------------------|
|2     |1     |0       |관리자    |7        |1       |010-0000-0000 |2001-12-21 |ej        |admin     |98    |1          |2025-03-28T11:37:15 |2025-04-01T21:09:29 |
|1     |1     |0       |정한용    |7        |1       |010-4422-8123 |1994-03-06 |gksdyd009 |gksdyd009 |96    |gksdyd009  |2025-03-26T18:45:46 |2025-04-01T21:09:06 |
|------|------|--------|-------|---------|--------|--------------|-----------|----------|----------|------|-----------|--------------------|--------------------|
 
2025-04-02T15:39:22.734 [http-nio-8080-exec-9] DEBUG j.sqltiming -  com.zaxxer.hikari.pool.ProxyPreparedStatement.execute(ProxyPreparedStatement.java:44)
391. Select count(*)
	from 
	user
	where 1=1

		 AND urUse = 1 
         AND urDelNy = 0
 {executed in 1 msec} 
2025-04-02T15:39:22.734 [http-nio-8080-exec-9] INFO j.resultsettable - 
|---------|
|count(*) |
|---------|
|2        |
|---------|
 
2025-04-02T15:39:22.738 [http-nio-8080-exec-9] DEBUG j.sqltiming -  com.zaxxer.hikari.pool.ProxyPreparedStatement.execute(ProxyPreparedStatement.java:44)
391. select 
			urSeq,
		    urUse,
		    urDelNy,
		    urName,
		    urGender,
		    telecom,
		    phoneNumber,
		    urBirth,
		    urID,
		    emailID,
		    email,
		    urPassword,
		    urRegTime,
		    urModTime
		from user
		where 1=1 

		 AND urUse = 1 
         AND urDelNy = 0 

		order by urSeq desc
		limit 5 offset 0
 {executed in 2 msec} 
2025-04-02T15:39:22.739 [http-nio-8080-exec-9] INFO j.resultsettable - 
|------|------|--------|-------|---------|--------|--------------|-----------|----------|----------|------|-----------|--------------------|--------------------|
|urseq |uruse |urdelny |urname |urgender |telecom |phonenumber   |urbirth    |urid      |emailid   |email |urpassword |urregtime           |urmodtime           |
|------|------|--------|-------|---------|--------|--------------|-----------|----------|----------|------|-----------|--------------------|--------------------|
|2     |1     |0       |관리자    |7        |1       |010-0000-0000 |2001-12-21 |ej        |admin     |98    |1          |2025-03-28T11:37:15 |2025-04-01T21:09:29 |
|1     |1     |0       |정한용    |7        |1       |010-4422-8123 |1994-03-06 |gksdyd009 |gksdyd009 |96    |gksdyd009  |2025-03-26T18:45:46 |2025-04-01T21:09:06 |
|------|------|--------|-------|---------|--------|--------------|-----------|----------|----------|------|-----------|--------------------|--------------------|
 
2025-04-02T15:39:35.808 [http-nio-8080-exec-7] DEBUG j.sqltiming -  com.zaxxer.hikari.pool.ProxyPreparedStatement.execute(ProxyPreparedStatement.java:44)
391. Select count(*)
	from 
	user
	where 1=1

		 AND urUse = 1 
         AND urDelNy = 0
 {executed in 1 msec} 
2025-04-02T15:39:35.808 [http-nio-8080-exec-7] INFO j.resultsettable - 
|---------|
|count(*) |
|---------|
|2        |
|---------|
 
2025-04-02T15:39:35.811 [http-nio-8080-exec-7] DEBUG j.sqltiming -  com.zaxxer.hikari.pool.ProxyPreparedStatement.execute(ProxyPreparedStatement.java:44)
391. select 
			urSeq,
		    urUse,
		    urDelNy,
		    urName,
		    urGender,
		    telecom,
		    phoneNumber,
		    urBirth,
		    urID,
		    emailID,
		    email,
		    urPassword,
		    urRegTime,
		    urModTime
		from user
		where 1=1 

		 AND urUse = 1 
         AND urDelNy = 0 

		order by urSeq desc
		limit 5 offset 0
 {executed in 2 msec} 
2025-04-02T15:39:35.812 [http-nio-8080-exec-7] INFO j.resultsettable - 
|------|------|--------|-------|---------|--------|--------------|-----------|----------|----------|------|-----------|--------------------|--------------------|
|urseq |uruse |urdelny |urname |urgender |telecom |phonenumber   |urbirth    |urid      |emailid   |email |urpassword |urregtime           |urmodtime           |
|------|------|--------|-------|---------|--------|--------------|-----------|----------|----------|------|-----------|--------------------|--------------------|
|2     |1     |0       |관리자    |7        |1       |010-0000-0000 |2001-12-21 |ej        |admin     |98    |1          |2025-03-28T11:37:15 |2025-04-01T21:09:29 |
|1     |1     |0       |정한용    |7        |1       |010-4422-8123 |1994-03-06 |gksdyd009 |gksdyd009 |96    |gksdyd009  |2025-03-26T18:45:46 |2025-04-01T21:09:06 |
|------|------|--------|-------|---------|--------|--------------|-----------|----------|----------|------|-----------|--------------------|--------------------|
 
2025-04-02T15:39:42.180 [http-nio-8080-exec-1] DEBUG j.sqltiming -  com.zaxxer.hikari.pool.ProxyPreparedStatement.execute(ProxyPreparedStatement.java:44)
391. Select count(*)
	from 
	user
	where 1=1

		 AND urUse = 1 
         AND urDelNy = 0
 {executed in 1 msec} 
2025-04-02T15:39:42.181 [http-nio-8080-exec-1] INFO j.resultsettable - 
|---------|
|count(*) |
|---------|
|2        |
|---------|
 
2025-04-02T15:39:42.184 [http-nio-8080-exec-1] DEBUG j.sqltiming -  com.zaxxer.hikari.pool.ProxyPreparedStatement.execute(ProxyPreparedStatement.java:44)
391. select 
			urSeq,
		    urUse,
		    urDelNy,
		    urName,
		    urGender,
		    telecom,
		    phoneNumber,
		    urBirth,
		    urID,
		    emailID,
		    email,
		    urPassword,
		    urRegTime,
		    urModTime
		from user
		where 1=1 

		 AND urUse = 1 
         AND urDelNy = 0 

		order by urSeq desc
		limit 5 offset 0
 {executed in 1 msec} 
2025-04-02T15:39:42.186 [http-nio-8080-exec-1] INFO j.resultsettable - 
|------|------|--------|-------|---------|--------|--------------|-----------|----------|----------|------|-----------|--------------------|--------------------|
|urseq |uruse |urdelny |urname |urgender |telecom |phonenumber   |urbirth    |urid      |emailid   |email |urpassword |urregtime           |urmodtime           |
|------|------|--------|-------|---------|--------|--------------|-----------|----------|----------|------|-----------|--------------------|--------------------|
|2     |1     |0       |관리자    |7        |1       |010-0000-0000 |2001-12-21 |ej        |admin     |98    |1          |2025-03-28T11:37:15 |2025-04-01T21:09:29 |
|1     |1     |0       |정한용    |7        |1       |010-4422-8123 |1994-03-06 |gksdyd009 |gksdyd009 |96    |gksdyd009  |2025-03-26T18:45:46 |2025-04-01T21:09:06 |
|------|------|--------|-------|---------|--------|--------------|-----------|----------|----------|------|-----------|--------------------|--------------------|
 
2025-04-02T15:39:46.815 [http-nio-8080-exec-5] DEBUG j.sqltiming -  com.zaxxer.hikari.pool.ProxyPreparedStatement.execute(ProxyPreparedStatement.java:44)
391. Select count(*)
	from 
	user
	where 1=1

		 AND urUse = 1 
         AND urDelNy = 0
 {executed in 0 msec} 
2025-04-02T15:39:46.815 [http-nio-8080-exec-5] INFO j.resultsettable - 
|---------|
|count(*) |
|---------|
|2        |
|---------|
 
2025-04-02T15:39:46.817 [http-nio-8080-exec-5] DEBUG j.sqltiming -  com.zaxxer.hikari.pool.ProxyPreparedStatement.execute(ProxyPreparedStatement.java:44)
391. select 
			urSeq,
		    urUse,
		    urDelNy,
		    urName,
		    urGender,
		    telecom,
		    phoneNumber,
		    urBirth,
		    urID,
		    emailID,
		    email,
		    urPassword,
		    urRegTime,
		    urModTime
		from user
		where 1=1 

		 AND urUse = 1 
         AND urDelNy = 0 

		order by urSeq desc
		limit 5 offset 0
 {executed in 1 msec} 
2025-04-02T15:39:46.818 [http-nio-8080-exec-5] INFO j.resultsettable - 
|------|------|--------|-------|---------|--------|--------------|-----------|----------|----------|------|-----------|--------------------|--------------------|
|urseq |uruse |urdelny |urname |urgender |telecom |phonenumber   |urbirth    |urid      |emailid   |email |urpassword |urregtime           |urmodtime           |
|------|------|--------|-------|---------|--------|--------------|-----------|----------|----------|------|-----------|--------------------|--------------------|
|2     |1     |0       |관리자    |7        |1       |010-0000-0000 |2001-12-21 |ej        |admin     |98    |1          |2025-03-28T11:37:15 |2025-04-01T21:09:29 |
|1     |1     |0       |정한용    |7        |1       |010-4422-8123 |1994-03-06 |gksdyd009 |gksdyd009 |96    |gksdyd009  |2025-03-26T18:45:46 |2025-04-01T21:09:06 |
|------|------|--------|-------|---------|--------|--------------|-----------|----------|----------|------|-----------|--------------------|--------------------|
 
2025-04-02T15:39:57.105 [http-nio-8080-exec-10] DEBUG j.sqltiming -  com.zaxxer.hikari.pool.ProxyPreparedStatement.execute(ProxyPreparedStatement.java:44)
391. Select count(*)
	from 
	user
	where 1=1

		 AND urUse = 1 
         AND urDelNy = 0
 {executed in 1 msec} 
2025-04-02T15:39:57.105 [http-nio-8080-exec-10] INFO j.resultsettable - 
|---------|
|count(*) |
|---------|
|2        |
|---------|
 
2025-04-02T15:39:57.108 [http-nio-8080-exec-10] DEBUG j.sqltiming -  com.zaxxer.hikari.pool.ProxyPreparedStatement.execute(ProxyPreparedStatement.java:44)
391. select 
			urSeq,
		    urUse,
		    urDelNy,
		    urName,
		    urGender,
		    telecom,
		    phoneNumber,
		    urBirth,
		    urID,
		    emailID,
		    email,
		    urPassword,
		    urRegTime,
		    urModTime
		from user
		where 1=1 

		 AND urUse = 1 
         AND urDelNy = 0 

		order by urSeq desc
		limit 5 offset 0
 {executed in 2 msec} 
2025-04-02T15:39:57.109 [http-nio-8080-exec-10] INFO j.resultsettable - 
|------|------|--------|-------|---------|--------|--------------|-----------|----------|----------|------|-----------|--------------------|--------------------|
|urseq |uruse |urdelny |urname |urgender |telecom |phonenumber   |urbirth    |urid      |emailid   |email |urpassword |urregtime           |urmodtime           |
|------|------|--------|-------|---------|--------|--------------|-----------|----------|----------|------|-----------|--------------------|--------------------|
|2     |1     |0       |관리자    |7        |1       |010-0000-0000 |2001-12-21 |ej        |admin     |98    |1          |2025-03-28T11:37:15 |2025-04-01T21:09:29 |
|1     |1     |0       |정한용    |7        |1       |010-4422-8123 |1994-03-06 |gksdyd009 |gksdyd009 |96    |gksdyd009  |2025-03-26T18:45:46 |2025-04-01T21:09:06 |
|------|------|--------|-------|---------|--------|--------------|-----------|----------|----------|------|-----------|--------------------|--------------------|
 
2025-04-02T15:54:15.059 [http-nio-8080-exec-9] DEBUG j.sqltiming -  com.zaxxer.hikari.pool.ProxyPreparedStatement.execute(ProxyPreparedStatement.java:44)
401. Select count(*)
	from 
	user
	where 1=1

		 AND urUse = 1 
         AND urDelNy = 0
 {executed in 1 msec} 
2025-04-02T15:54:15.059 [http-nio-8080-exec-9] INFO j.resultsettable - 
|---------|
|count(*) |
|---------|
|2        |
|---------|
 
2025-04-02T15:54:15.062 [http-nio-8080-exec-9] DEBUG j.sqltiming -  com.zaxxer.hikari.pool.ProxyPreparedStatement.execute(ProxyPreparedStatement.java:44)
401. select 
			urSeq,
		    urUse,
		    urDelNy,
		    urName,
		    urGender,
		    telecom,
		    phoneNumber,
		    urBirth,
		    urID,
		    emailID,
		    email,
		    urPassword,
		    urRegTime,
		    urModTime
		from user
		where 1=1 

		 AND urUse = 1 
         AND urDelNy = 0 

		order by urSeq desc
		limit 5 offset 0
 {executed in 2 msec} 
2025-04-02T15:54:15.063 [http-nio-8080-exec-9] INFO j.resultsettable - 
|------|------|--------|-------|---------|--------|--------------|-----------|----------|----------|------|-----------|--------------------|--------------------|
|urseq |uruse |urdelny |urname |urgender |telecom |phonenumber   |urbirth    |urid      |emailid   |email |urpassword |urregtime           |urmodtime           |
|------|------|--------|-------|---------|--------|--------------|-----------|----------|----------|------|-----------|--------------------|--------------------|
|2     |1     |0       |관리자    |7        |1       |010-0000-0000 |2001-12-21 |ej        |admin     |98    |1          |2025-03-28T11:37:15 |2025-04-01T21:09:29 |
|1     |1     |0       |정한용    |7        |1       |010-4422-8123 |1994-03-06 |gksdyd009 |gksdyd009 |96    |gksdyd009  |2025-03-26T18:45:46 |2025-04-01T21:09:06 |
|------|------|--------|-------|---------|--------|--------------|-----------|----------|----------|------|-----------|--------------------|--------------------|
 
2025-04-02T15:56:29.771 [http-nio-8080-exec-5] DEBUG j.sqltiming -  com.zaxxer.hikari.pool.ProxyPreparedStatement.execute(ProxyPreparedStatement.java:44)
401. Select count(*)
	from 
	user
	where 1=1

		 AND urUse = 1 
         AND urDelNy = 0
 {executed in 2 msec} 
2025-04-02T15:56:29.772 [http-nio-8080-exec-5] INFO j.resultsettable - 
|---------|
|count(*) |
|---------|
|2        |
|---------|
 
2025-04-02T15:56:29.777 [http-nio-8080-exec-5] DEBUG j.sqltiming -  com.zaxxer.hikari.pool.ProxyPreparedStatement.execute(ProxyPreparedStatement.java:44)
401. select 
			urSeq,
		    urUse,
		    urDelNy,
		    urName,
		    urGender,
		    telecom,
		    phoneNumber,
		    urBirth,
		    urID,
		    emailID,
		    email,
		    urPassword,
		    urRegTime,
		    urModTime
		from user
		where 1=1 

		 AND urUse = 1 
         AND urDelNy = 0 

		order by urSeq desc
		limit 5 offset 0
 {executed in 1 msec} 
2025-04-02T15:56:29.778 [http-nio-8080-exec-5] INFO j.resultsettable - 
|------|------|--------|-------|---------|--------|--------------|-----------|----------|----------|------|-----------|--------------------|--------------------|
|urseq |uruse |urdelny |urname |urgender |telecom |phonenumber   |urbirth    |urid      |emailid   |email |urpassword |urregtime           |urmodtime           |
|------|------|--------|-------|---------|--------|--------------|-----------|----------|----------|------|-----------|--------------------|--------------------|
|2     |1     |0       |관리자    |7        |1       |010-0000-0000 |2001-12-21 |ej        |admin     |98    |1          |2025-03-28T11:37:15 |2025-04-01T21:09:29 |
|1     |1     |0       |정한용    |7        |1       |010-4422-8123 |1994-03-06 |gksdyd009 |gksdyd009 |96    |gksdyd009  |2025-03-26T18:45:46 |2025-04-01T21:09:06 |
|------|------|--------|-------|---------|--------|--------------|-----------|----------|----------|------|-----------|--------------------|--------------------|
 
