2025-04-04T01:01:30.512 [File Watcher] INFO o.s.b.d.a.LocalDevToolsAutoConfiguration$RestartingClassPathChangeChangedEventListener - Restarting due to 1 class path change (0 additions, 0 deletions, 1 modification) 
2025-04-04T01:01:30.516 [Thread-60] INFO o.s.b.w.e.t.GracefulShutdown - Commencing graceful shutdown. Waiting for active requests to complete 
2025-04-04T01:01:30.516 [tomcat-shutdown] INFO o.a.c.h.Http11NioProtocol - Pausing ProtocolHandler ["http-nio-8080"] 
2025-04-04T01:01:30.532 [tomcat-shutdown] INFO o.s.b.w.e.t.GracefulShutdown - Graceful shutdown complete 
2025-04-04T01:01:30.541 [Thread-60] INFO o.a.c.h.Http11NioProtocol - Stopping ProtocolHandler ["http-nio-8080"] 
2025-04-04T01:01:30.544 [Thread-60] INFO c.z.h.HikariDataSource - HikariPool-15 - Shutdown initiated... 
2025-04-04T01:01:30.549 [Thread-60] INFO c.z.h.HikariDataSource - HikariPool-15 - Shutdown completed. 
2025-04-04T01:01:30.708 [restartedMain] INFO c.a.AngelsApplication - Starting AngelsApplication using Java 21.0.5 with PID 2696 (C:\factory\ws_sts4_4270\repo_angels\angels\bin\main started by sunjs in C:\factory\ws_sts4_4270\repo_angels\angels) 
2025-04-04T01:01:30.708 [restartedMain] INFO c.a.AngelsApplication - No active profile set, falling back to 1 default profile: "default" 
2025-04-04T01:01:31.210 [restartedMain] INFO o.s.b.w.e.t.TomcatWebServer - Tomcat initialized with port 8080 (http) 
2025-04-04T01:01:31.212 [restartedMain] INFO o.a.c.h.Http11NioProtocol - Initializing ProtocolHandler ["http-nio-8080"] 
2025-04-04T01:01:31.214 [restartedMain] INFO o.a.c.c.StandardService - Starting service [Tomcat] 
2025-04-04T01:01:31.214 [restartedMain] INFO o.a.c.c.StandardEngine - Starting Servlet engine: [Apache Tomcat/10.1.36] 
2025-04-04T01:01:31.244 [restartedMain] INFO o.a.c.c.C.[.[.[/] - Initializing Spring embedded WebApplicationContext 
2025-04-04T01:01:31.244 [restartedMain] INFO o.s.b.w.s.c.ServletWebServerApplicationContext - Root WebApplicationContext: initialization completed in 531 ms 
2025-04-04T01:01:31.489 [restartedMain] INFO c.z.h.HikariDataSource - HikariPool-16 - Starting... 
2025-04-04T01:01:31.538 [restartedMain] INFO c.z.h.p.HikariPool - HikariPool-16 - Added connection net.sf.log4jdbc.sql.jdbcapi.ConnectionSpy@142b36b7 
2025-04-04T01:01:31.539 [restartedMain] INFO c.z.h.HikariDataSource - HikariPool-16 - Start completed. 
2025-04-04T01:01:31.543 [restartedMain] DEBUG j.sqltiming -  com.zaxxer.hikari.pool.ProxyPreparedStatement.execute(ProxyPreparedStatement.java:44)
142. SELECT 
			cdSeq,
			cdName,
			cdNameEng,
			codeGroup_cgSeq
		FROM
			code
		WHERE 1=1
			AND cdDelNy = 0
 {executed in 3 msec} 
2025-04-04T01:01:31.565 [restartedMain] INFO j.resultsettable - 
|------|----------|-------------------|----------------|
|cdseq |cdname    |cdnameeng          |codegroup_cgseq |
|------|----------|-------------------|----------------|
|1     |SKT       |SKT                |1               |
|2     |KT        |KT                 |1               |
|3     |LG U+     |LG U+              |1               |
|4     |SKT 알뜰폰   |                   |1               |
|5     |KT 알뜰폰    |                   |1               |
|6     |LG U+ 알뜰폰 |                   |1               |
|7     |남자        |man                |2               |
|8     |여자        |woman              |2               |
|9     |AL        |AL                 |3               |
|10    |NL        |NL                 |3               |
|11    |East      |East               |4               |
|12    |Central   |Central            |4               |
|13    |West      |West               |4               |
|14    |투수        |P                  |5               |
|15    |1루수       |1B                 |5               |
|16    |2루수       |2B                 |5               |
|17    |3루수       |3B                 |5               |
|18    |유격수       |SS                 |5               |
|19    |좌익수       |LF                 |5               |
|20    |중견수       |CF                 |5               |
|21    |우익수       |RF                 |5               |
|22    |포수        |C                  |5               |
|23    |지명타자      |DH                 |5               |
|24    |대타        | PH                |5               |
|25    |대주자       |PR                 |5               |
|26    |좌투        |L                  |6               |
|27    |우투        |R                  |6               |
|28    |양투        |S                  |6               |
|29    |좌타        |L                  |7               |
|30    |우타        |R                  |7               |
|31    |양타        |S                  |7               |
|32    |미국        |United States      |8               |
|33    |도미니카 공화국  |Dominican Republic |8               |
|34    |베네수엘라     |Venezuela          |8               |
|35    |쿠바        |Cuba               |8               |
|36    |푸에르토리코    |Puerto Rico        |8               |
|37    |멕시코       |Mexico             |8               |
|38    |캐나다       |Canada             |8               |
|39    |일본        |Japan              |8               |
|40    |콜롬비아      |Colombia           |8               |
|41    |대한민국      |Korea              |8               |
|42    |파나마       |Panama             |8               |
|43    |퀴라소       |Curaçao            |8               |
|44    |네덜란드      |Netherlands        |8               |
|45    |바하마       |Bahamas            |8               |
|46    |니카라과      |Nicaragua          |8               |
|47    |호주        |Australia          |8               |
|48    |브라질       |Brazil             |8               |
|49    |독일        |Germany            |8               |
|50    |온두라스      |Honduras           |8               |
|51    |대만        |Taiwan             |8               |
|52    |아루바       |Aruba              |8               |
|53    |1회초       |TOP 1              |9               |
|54    |1회말       |BOT 1              |9               |
|55    |2회초       |TOP 2              |9               |
|56    |2회말       |BOT 2              |9               |
|57    |3회초       |TOP 3              |9               |
|58    |3회말       |BOT 3              |9               |
|59    |4회초       |TOP 4              |9               |
|60    |4회말       |BOT 4              |9               |
|61    |5회초       |TOP 5              |9               |
|62    |5회말       |BOT 5              |9               |
|63    |6회초       |TOP 6              |9               |
|64    |6회말       |BOT 6              |9               |
|65    |7회초       |TOP 7              |9               |
|66    |7회말       |BOT 7              |9               |
|67    |8회초       |TOP 8              |9               |
|68    |8회말       |BOT 8              |9               |
|69    |9회초       |TOP 9              |9               |
|70    |9회말       |BOT 9              |9               |
|71    |10회초      |TOP 10             |9               |
|72    |10회말      |BOT 10             |9               |
|73    |11회초      |TOP 11             |9               |
|74    |11회말      |BOT 11             |9               |
|75    |12회초      |TOP 12             |9               |
|76    |12회말      |BOT 12             |9               |
|77    |13회초      |TOP 13             |9               |
|78    |13회말      |BOT 13             |9               |
|79    |14회초      |TOP 14             |9               |
|80    |14회말      |BOT 14             |9               |
|81    |15회초      |TOP 15             |9               |
|82    |15회말      |BOT 15             |9               |
|83    |16회초      |TOP 16             |9               |
|84    |16회말      |BOT 16             |9               |
|85    |17회초      |TOP 17             |9               |
|86    |17회말      |BOT 17             |9               |
|87    |18회초      |TOP 18             |9               |
|88    |18회말      |BOT 18             |9               |
|89    |19회초      |TOP 19             |9               |
|90    |19회말      |BOT 19             |9               |
|91    |20회초      |TOP 20             |9               |
|92    |20회말      |BOT 20             |9               |
|93    |현역        |active             |10              |
|94    |은퇴        |retire             |10              |
|95    |투타겸업      |TWP                |5               |
|96    |네이버       |naver.com          |11              |
|97    |다음        |daum.net           |11              |
|98    |구글(지메일)   |gmail.com          |11              |
|------|----------|-------------------|----------------|
 
2025-04-04T01:01:32.080 [restartedMain] INFO o.s.b.d.a.OptionalLiveReloadServer - LiveReload server is running on port 35729 
2025-04-04T01:01:32.115 [restartedMain] INFO o.a.c.h.Http11NioProtocol - Starting ProtocolHandler ["http-nio-8080"] 
2025-04-04T01:01:32.134 [restartedMain] INFO o.s.b.w.e.t.TomcatWebServer - Tomcat started on port 8080 (http) with context path '/' 
2025-04-04T01:01:32.150 [restartedMain] INFO c.a.AngelsApplication - Started AngelsApplication in 1.538 seconds (process running for 4689.087) 
2025-04-04T01:01:32.156 [restartedMain] INFO o.s.b.d.a.ConditionEvaluationDeltaLoggingListener - Condition evaluation unchanged 
2025-04-04T01:03:05.721 [File Watcher] INFO o.s.b.d.a.LocalDevToolsAutoConfiguration$RestartingClassPathChangeChangedEventListener - Restarting due to 1 class path change (0 additions, 0 deletions, 1 modification) 
2025-04-04T01:03:05.722 [Thread-64] INFO o.s.b.w.e.t.GracefulShutdown - Commencing graceful shutdown. Waiting for active requests to complete 
2025-04-04T01:03:05.723 [tomcat-shutdown] INFO o.a.c.h.Http11NioProtocol - Pausing ProtocolHandler ["http-nio-8080"] 
2025-04-04T01:03:05.739 [tomcat-shutdown] INFO o.s.b.w.e.t.GracefulShutdown - Graceful shutdown complete 
2025-04-04T01:03:05.739 [Thread-64] INFO o.a.c.h.Http11NioProtocol - Stopping ProtocolHandler ["http-nio-8080"] 
2025-04-04T01:03:05.742 [Thread-64] INFO c.z.h.HikariDataSource - HikariPool-16 - Shutdown initiated... 
2025-04-04T01:03:05.748 [Thread-64] INFO c.z.h.HikariDataSource - HikariPool-16 - Shutdown completed. 
2025-04-04T01:03:05.867 [restartedMain] INFO c.a.AngelsApplication - Starting AngelsApplication using Java 21.0.5 with PID 2696 (C:\factory\ws_sts4_4270\repo_angels\angels\bin\main started by sunjs in C:\factory\ws_sts4_4270\repo_angels\angels) 
2025-04-04T01:03:05.868 [restartedMain] INFO c.a.AngelsApplication - No active profile set, falling back to 1 default profile: "default" 
2025-04-04T01:03:06.329 [restartedMain] INFO o.s.b.w.e.t.TomcatWebServer - Tomcat initialized with port 8080 (http) 
2025-04-04T01:03:06.331 [restartedMain] INFO o.a.c.h.Http11NioProtocol - Initializing ProtocolHandler ["http-nio-8080"] 
2025-04-04T01:03:06.331 [restartedMain] INFO o.a.c.c.StandardService - Starting service [Tomcat] 
2025-04-04T01:03:06.331 [restartedMain] INFO o.a.c.c.StandardEngine - Starting Servlet engine: [Apache Tomcat/10.1.36] 
2025-04-04T01:03:06.362 [restartedMain] INFO o.a.c.c.C.[.[.[/] - Initializing Spring embedded WebApplicationContext 
2025-04-04T01:03:06.362 [restartedMain] INFO o.s.b.w.s.c.ServletWebServerApplicationContext - Root WebApplicationContext: initialization completed in 490 ms 
2025-04-04T01:03:06.512 [restartedMain] INFO c.z.h.HikariDataSource - HikariPool-17 - Starting... 
2025-04-04T01:03:06.549 [restartedMain] INFO c.z.h.p.HikariPool - HikariPool-17 - Added connection net.sf.log4jdbc.sql.jdbcapi.ConnectionSpy@429ebbd6 
2025-04-04T01:03:06.550 [restartedMain] INFO c.z.h.HikariDataSource - HikariPool-17 - Start completed. 
2025-04-04T01:03:06.555 [restartedMain] DEBUG j.sqltiming -  com.zaxxer.hikari.pool.ProxyPreparedStatement.execute(ProxyPreparedStatement.java:44)
152. SELECT 
			cdSeq,
			cdName,
			cdNameEng,
			codeGroup_cgSeq
		FROM
			code
		WHERE 1=1
			AND cdDelNy = 0
 {executed in 4 msec} 
2025-04-04T01:03:06.576 [restartedMain] INFO j.resultsettable - 
|------|----------|-------------------|----------------|
|cdseq |cdname    |cdnameeng          |codegroup_cgseq |
|------|----------|-------------------|----------------|
|1     |SKT       |SKT                |1               |
|2     |KT        |KT                 |1               |
|3     |LG U+     |LG U+              |1               |
|4     |SKT 알뜰폰   |                   |1               |
|5     |KT 알뜰폰    |                   |1               |
|6     |LG U+ 알뜰폰 |                   |1               |
|7     |남자        |man                |2               |
|8     |여자        |woman              |2               |
|9     |AL        |AL                 |3               |
|10    |NL        |NL                 |3               |
|11    |East      |East               |4               |
|12    |Central   |Central            |4               |
|13    |West      |West               |4               |
|14    |투수        |P                  |5               |
|15    |1루수       |1B                 |5               |
|16    |2루수       |2B                 |5               |
|17    |3루수       |3B                 |5               |
|18    |유격수       |SS                 |5               |
|19    |좌익수       |LF                 |5               |
|20    |중견수       |CF                 |5               |
|21    |우익수       |RF                 |5               |
|22    |포수        |C                  |5               |
|23    |지명타자      |DH                 |5               |
|24    |대타        | PH                |5               |
|25    |대주자       |PR                 |5               |
|26    |좌투        |L                  |6               |
|27    |우투        |R                  |6               |
|28    |양투        |S                  |6               |
|29    |좌타        |L                  |7               |
|30    |우타        |R                  |7               |
|31    |양타        |S                  |7               |
|32    |미국        |United States      |8               |
|33    |도미니카 공화국  |Dominican Republic |8               |
|34    |베네수엘라     |Venezuela          |8               |
|35    |쿠바        |Cuba               |8               |
|36    |푸에르토리코    |Puerto Rico        |8               |
|37    |멕시코       |Mexico             |8               |
|38    |캐나다       |Canada             |8               |
|39    |일본        |Japan              |8               |
|40    |콜롬비아      |Colombia           |8               |
|41    |대한민국      |Korea              |8               |
|42    |파나마       |Panama             |8               |
|43    |퀴라소       |Curaçao            |8               |
|44    |네덜란드      |Netherlands        |8               |
|45    |바하마       |Bahamas            |8               |
|46    |니카라과      |Nicaragua          |8               |
|47    |호주        |Australia          |8               |
|48    |브라질       |Brazil             |8               |
|49    |독일        |Germany            |8               |
|50    |온두라스      |Honduras           |8               |
|51    |대만        |Taiwan             |8               |
|52    |아루바       |Aruba              |8               |
|53    |1회초       |TOP 1              |9               |
|54    |1회말       |BOT 1              |9               |
|55    |2회초       |TOP 2              |9               |
|56    |2회말       |BOT 2              |9               |
|57    |3회초       |TOP 3              |9               |
|58    |3회말       |BOT 3              |9               |
|59    |4회초       |TOP 4              |9               |
|60    |4회말       |BOT 4              |9               |
|61    |5회초       |TOP 5              |9               |
|62    |5회말       |BOT 5              |9               |
|63    |6회초       |TOP 6              |9               |
|64    |6회말       |BOT 6              |9               |
|65    |7회초       |TOP 7              |9               |
|66    |7회말       |BOT 7              |9               |
|67    |8회초       |TOP 8              |9               |
|68    |8회말       |BOT 8              |9               |
|69    |9회초       |TOP 9              |9               |
|70    |9회말       |BOT 9              |9               |
|71    |10회초      |TOP 10             |9               |
|72    |10회말      |BOT 10             |9               |
|73    |11회초      |TOP 11             |9               |
|74    |11회말      |BOT 11             |9               |
|75    |12회초      |TOP 12             |9               |
|76    |12회말      |BOT 12             |9               |
|77    |13회초      |TOP 13             |9               |
|78    |13회말      |BOT 13             |9               |
|79    |14회초      |TOP 14             |9               |
|80    |14회말      |BOT 14             |9               |
|81    |15회초      |TOP 15             |9               |
|82    |15회말      |BOT 15             |9               |
|83    |16회초      |TOP 16             |9               |
|84    |16회말      |BOT 16             |9               |
|85    |17회초      |TOP 17             |9               |
|86    |17회말      |BOT 17             |9               |
|87    |18회초      |TOP 18             |9               |
|88    |18회말      |BOT 18             |9               |
|89    |19회초      |TOP 19             |9               |
|90    |19회말      |BOT 19             |9               |
|91    |20회초      |TOP 20             |9               |
|92    |20회말      |BOT 20             |9               |
|93    |현역        |active             |10              |
|94    |은퇴        |retire             |10              |
|95    |투타겸업      |TWP                |5               |
|96    |네이버       |naver.com          |11              |
|97    |다음        |daum.net           |11              |
|98    |구글(지메일)   |gmail.com          |11              |
|------|----------|-------------------|----------------|
 
2025-04-04T01:03:06.820 [restartedMain] INFO o.s.b.d.a.OptionalLiveReloadServer - LiveReload server is running on port 35729 
2025-04-04T01:03:06.856 [restartedMain] INFO o.a.c.h.Http11NioProtocol - Starting ProtocolHandler ["http-nio-8080"] 
2025-04-04T01:03:06.862 [restartedMain] INFO o.s.b.w.e.t.TomcatWebServer - Tomcat started on port 8080 (http) with context path '/' 
2025-04-04T01:03:06.872 [restartedMain] INFO c.a.AngelsApplication - Started AngelsApplication in 1.073 seconds (process running for 4783.81) 
2025-04-04T01:03:06.876 [restartedMain] INFO o.s.b.d.a.ConditionEvaluationDeltaLoggingListener - Condition evaluation unchanged 
2025-04-04T01:04:43.171 [File Watcher] INFO o.s.b.d.a.LocalDevToolsAutoConfiguration$RestartingClassPathChangeChangedEventListener - Restarting due to 1 class path change (0 additions, 0 deletions, 1 modification) 
2025-04-04T01:04:43.173 [Thread-68] INFO o.s.b.w.e.t.GracefulShutdown - Commencing graceful shutdown. Waiting for active requests to complete 
2025-04-04T01:04:43.173 [tomcat-shutdown] INFO o.a.c.h.Http11NioProtocol - Pausing ProtocolHandler ["http-nio-8080"] 
2025-04-04T01:04:43.191 [tomcat-shutdown] INFO o.s.b.w.e.t.GracefulShutdown - Graceful shutdown complete 
2025-04-04T01:04:43.191 [Thread-68] INFO o.a.c.h.Http11NioProtocol - Stopping ProtocolHandler ["http-nio-8080"] 
2025-04-04T01:04:43.194 [Thread-68] INFO c.z.h.HikariDataSource - HikariPool-17 - Shutdown initiated... 
2025-04-04T01:04:43.203 [Thread-68] INFO c.z.h.HikariDataSource - HikariPool-17 - Shutdown completed. 
2025-04-04T01:04:43.398 [restartedMain] INFO c.a.AngelsApplication - Starting AngelsApplication using Java 21.0.5 with PID 2696 (C:\factory\ws_sts4_4270\repo_angels\angels\bin\main started by sunjs in C:\factory\ws_sts4_4270\repo_angels\angels) 
2025-04-04T01:04:43.399 [restartedMain] INFO c.a.AngelsApplication - No active profile set, falling back to 1 default profile: "default" 
2025-04-04T01:04:44.167 [restartedMain] INFO o.s.b.w.e.t.TomcatWebServer - Tomcat initialized with port 8080 (http) 
2025-04-04T01:04:44.170 [restartedMain] INFO o.a.c.h.Http11NioProtocol - Initializing ProtocolHandler ["http-nio-8080"] 
2025-04-04T01:04:44.170 [restartedMain] INFO o.a.c.c.StandardService - Starting service [Tomcat] 
2025-04-04T01:04:44.170 [restartedMain] INFO o.a.c.c.StandardEngine - Starting Servlet engine: [Apache Tomcat/10.1.36] 
2025-04-04T01:04:44.211 [restartedMain] INFO o.a.c.c.C.[.[.[/] - Initializing Spring embedded WebApplicationContext 
2025-04-04T01:04:44.211 [restartedMain] INFO o.s.b.w.s.c.ServletWebServerApplicationContext - Root WebApplicationContext: initialization completed in 803 ms 
2025-04-04T01:04:44.439 [restartedMain] INFO c.z.h.HikariDataSource - HikariPool-18 - Starting... 
2025-04-04T01:04:44.493 [restartedMain] INFO c.z.h.p.HikariPool - HikariPool-18 - Added connection net.sf.log4jdbc.sql.jdbcapi.ConnectionSpy@6baf0106 
2025-04-04T01:04:44.493 [restartedMain] INFO c.z.h.HikariDataSource - HikariPool-18 - Start completed. 
2025-04-04T01:04:44.499 [restartedMain] DEBUG j.sqltiming -  com.zaxxer.hikari.pool.ProxyPreparedStatement.execute(ProxyPreparedStatement.java:44)
162. SELECT 
			cdSeq,
			cdName,
			cdNameEng,
			codeGroup_cgSeq
		FROM
			code
		WHERE 1=1
			AND cdDelNy = 0
 {executed in 4 msec} 
2025-04-04T01:04:44.518 [restartedMain] INFO j.resultsettable - 
|------|----------|-------------------|----------------|
|cdseq |cdname    |cdnameeng          |codegroup_cgseq |
|------|----------|-------------------|----------------|
|1     |SKT       |SKT                |1               |
|2     |KT        |KT                 |1               |
|3     |LG U+     |LG U+              |1               |
|4     |SKT 알뜰폰   |                   |1               |
|5     |KT 알뜰폰    |                   |1               |
|6     |LG U+ 알뜰폰 |                   |1               |
|7     |남자        |man                |2               |
|8     |여자        |woman              |2               |
|9     |AL        |AL                 |3               |
|10    |NL        |NL                 |3               |
|11    |East      |East               |4               |
|12    |Central   |Central            |4               |
|13    |West      |West               |4               |
|14    |투수        |P                  |5               |
|15    |1루수       |1B                 |5               |
|16    |2루수       |2B                 |5               |
|17    |3루수       |3B                 |5               |
|18    |유격수       |SS                 |5               |
|19    |좌익수       |LF                 |5               |
|20    |중견수       |CF                 |5               |
|21    |우익수       |RF                 |5               |
|22    |포수        |C                  |5               |
|23    |지명타자      |DH                 |5               |
|24    |대타        | PH                |5               |
|25    |대주자       |PR                 |5               |
|26    |좌투        |L                  |6               |
|27    |우투        |R                  |6               |
|28    |양투        |S                  |6               |
|29    |좌타        |L                  |7               |
|30    |우타        |R                  |7               |
|31    |양타        |S                  |7               |
|32    |미국        |United States      |8               |
|33    |도미니카 공화국  |Dominican Republic |8               |
|34    |베네수엘라     |Venezuela          |8               |
|35    |쿠바        |Cuba               |8               |
|36    |푸에르토리코    |Puerto Rico        |8               |
|37    |멕시코       |Mexico             |8               |
|38    |캐나다       |Canada             |8               |
|39    |일본        |Japan              |8               |
|40    |콜롬비아      |Colombia           |8               |
|41    |대한민국      |Korea              |8               |
|42    |파나마       |Panama             |8               |
|43    |퀴라소       |Curaçao            |8               |
|44    |네덜란드      |Netherlands        |8               |
|45    |바하마       |Bahamas            |8               |
|46    |니카라과      |Nicaragua          |8               |
|47    |호주        |Australia          |8               |
|48    |브라질       |Brazil             |8               |
|49    |독일        |Germany            |8               |
|50    |온두라스      |Honduras           |8               |
|51    |대만        |Taiwan             |8               |
|52    |아루바       |Aruba              |8               |
|53    |1회초       |TOP 1              |9               |
|54    |1회말       |BOT 1              |9               |
|55    |2회초       |TOP 2              |9               |
|56    |2회말       |BOT 2              |9               |
|57    |3회초       |TOP 3              |9               |
|58    |3회말       |BOT 3              |9               |
|59    |4회초       |TOP 4              |9               |
|60    |4회말       |BOT 4              |9               |
|61    |5회초       |TOP 5              |9               |
|62    |5회말       |BOT 5              |9               |
|63    |6회초       |TOP 6              |9               |
|64    |6회말       |BOT 6              |9               |
|65    |7회초       |TOP 7              |9               |
|66    |7회말       |BOT 7              |9               |
|67    |8회초       |TOP 8              |9               |
|68    |8회말       |BOT 8              |9               |
|69    |9회초       |TOP 9              |9               |
|70    |9회말       |BOT 9              |9               |
|71    |10회초      |TOP 10             |9               |
|72    |10회말      |BOT 10             |9               |
|73    |11회초      |TOP 11             |9               |
|74    |11회말      |BOT 11             |9               |
|75    |12회초      |TOP 12             |9               |
|76    |12회말      |BOT 12             |9               |
|77    |13회초      |TOP 13             |9               |
|78    |13회말      |BOT 13             |9               |
|79    |14회초      |TOP 14             |9               |
|80    |14회말      |BOT 14             |9               |
|81    |15회초      |TOP 15             |9               |
|82    |15회말      |BOT 15             |9               |
|83    |16회초      |TOP 16             |9               |
|84    |16회말      |BOT 16             |9               |
|85    |17회초      |TOP 17             |9               |
|86    |17회말      |BOT 17             |9               |
|87    |18회초      |TOP 18             |9               |
|88    |18회말      |BOT 18             |9               |
|89    |19회초      |TOP 19             |9               |
|90    |19회말      |BOT 19             |9               |
|91    |20회초      |TOP 20             |9               |
|92    |20회말      |BOT 20             |9               |
|93    |현역        |active             |10              |
|94    |은퇴        |retire             |10              |
|95    |투타겸업      |TWP                |5               |
|96    |네이버       |naver.com          |11              |
|97    |다음        |daum.net           |11              |
|98    |구글(지메일)   |gmail.com          |11              |
|------|----------|-------------------|----------------|
 
2025-04-04T01:04:44.946 [restartedMain] INFO o.s.b.d.a.OptionalLiveReloadServer - LiveReload server is running on port 35729 
2025-04-04T01:04:44.989 [restartedMain] INFO o.a.c.h.Http11NioProtocol - Starting ProtocolHandler ["http-nio-8080"] 
2025-04-04T01:04:45.007 [restartedMain] INFO o.s.b.w.e.t.TomcatWebServer - Tomcat started on port 8080 (http) with context path '/' 
2025-04-04T01:04:45.024 [restartedMain] INFO c.a.AngelsApplication - Started AngelsApplication in 1.762 seconds (process running for 4881.961) 
2025-04-04T01:04:45.028 [restartedMain] INFO o.s.b.d.a.ConditionEvaluationDeltaLoggingListener - Condition evaluation unchanged 
2025-04-04T01:11:25.152 [File Watcher] INFO o.s.b.d.a.LocalDevToolsAutoConfiguration$RestartingClassPathChangeChangedEventListener - Restarting due to 1 class path change (0 additions, 0 deletions, 1 modification) 
2025-04-04T01:11:25.157 [Thread-72] INFO o.s.b.w.e.t.GracefulShutdown - Commencing graceful shutdown. Waiting for active requests to complete 
2025-04-04T01:11:25.158 [tomcat-shutdown] INFO o.a.c.h.Http11NioProtocol - Pausing ProtocolHandler ["http-nio-8080"] 
2025-04-04T01:11:25.175 [tomcat-shutdown] INFO o.s.b.w.e.t.GracefulShutdown - Graceful shutdown complete 
2025-04-04T01:11:25.176 [Thread-72] INFO o.a.c.h.Http11NioProtocol - Stopping ProtocolHandler ["http-nio-8080"] 
2025-04-04T01:11:25.179 [Thread-72] INFO c.z.h.HikariDataSource - HikariPool-18 - Shutdown initiated... 
2025-04-04T01:11:25.198 [Thread-72] INFO c.z.h.HikariDataSource - HikariPool-18 - Shutdown completed. 
2025-04-04T01:11:25.418 [restartedMain] INFO c.a.AngelsApplication - Starting AngelsApplication using Java 21.0.5 with PID 2696 (C:\factory\ws_sts4_4270\repo_angels\angels\bin\main started by sunjs in C:\factory\ws_sts4_4270\repo_angels\angels) 
2025-04-04T01:11:25.419 [restartedMain] INFO c.a.AngelsApplication - No active profile set, falling back to 1 default profile: "default" 
2025-04-04T01:11:26.096 [restartedMain] INFO o.s.b.w.e.t.TomcatWebServer - Tomcat initialized with port 8080 (http) 
2025-04-04T01:11:26.106 [restartedMain] INFO o.a.c.h.Http11NioProtocol - Initializing ProtocolHandler ["http-nio-8080"] 
2025-04-04T01:11:26.107 [restartedMain] INFO o.a.c.c.StandardService - Starting service [Tomcat] 
2025-04-04T01:11:26.109 [restartedMain] INFO o.a.c.c.StandardEngine - Starting Servlet engine: [Apache Tomcat/10.1.36] 
2025-04-04T01:11:26.158 [restartedMain] INFO o.a.c.c.C.[.[.[/] - Initializing Spring embedded WebApplicationContext 
2025-04-04T01:11:26.159 [restartedMain] INFO o.s.b.w.s.c.ServletWebServerApplicationContext - Root WebApplicationContext: initialization completed in 729 ms 
2025-04-04T01:11:26.349 [restartedMain] INFO c.z.h.HikariDataSource - HikariPool-19 - Starting... 
2025-04-04T01:11:26.389 [restartedMain] INFO c.z.h.p.HikariPool - HikariPool-19 - Added connection net.sf.log4jdbc.sql.jdbcapi.ConnectionSpy@2e4c6b2a 
2025-04-04T01:11:26.389 [restartedMain] INFO c.z.h.HikariDataSource - HikariPool-19 - Start completed. 
2025-04-04T01:11:26.397 [restartedMain] DEBUG j.sqltiming -  com.zaxxer.hikari.pool.ProxyPreparedStatement.execute(ProxyPreparedStatement.java:44)
172. SELECT 
			cdSeq,
			cdName,
			cdNameEng,
			codeGroup_cgSeq
		FROM
			code
		WHERE 1=1
			AND cdDelNy = 0
 {executed in 6 msec} 
2025-04-04T01:11:26.416 [restartedMain] INFO j.resultsettable - 
|------|----------|-------------------|----------------|
|cdseq |cdname    |cdnameeng          |codegroup_cgseq |
|------|----------|-------------------|----------------|
|1     |SKT       |SKT                |1               |
|2     |KT        |KT                 |1               |
|3     |LG U+     |LG U+              |1               |
|4     |SKT 알뜰폰   |                   |1               |
|5     |KT 알뜰폰    |                   |1               |
|6     |LG U+ 알뜰폰 |                   |1               |
|7     |남자        |man                |2               |
|8     |여자        |woman              |2               |
|9     |AL        |AL                 |3               |
|10    |NL        |NL                 |3               |
|11    |East      |East               |4               |
|12    |Central   |Central            |4               |
|13    |West      |West               |4               |
|14    |투수        |P                  |5               |
|15    |1루수       |1B                 |5               |
|16    |2루수       |2B                 |5               |
|17    |3루수       |3B                 |5               |
|18    |유격수       |SS                 |5               |
|19    |좌익수       |LF                 |5               |
|20    |중견수       |CF                 |5               |
|21    |우익수       |RF                 |5               |
|22    |포수        |C                  |5               |
|23    |지명타자      |DH                 |5               |
|24    |대타        | PH                |5               |
|25    |대주자       |PR                 |5               |
|26    |좌투        |L                  |6               |
|27    |우투        |R                  |6               |
|28    |양투        |S                  |6               |
|29    |좌타        |L                  |7               |
|30    |우타        |R                  |7               |
|31    |양타        |S                  |7               |
|32    |미국        |United States      |8               |
|33    |도미니카 공화국  |Dominican Republic |8               |
|34    |베네수엘라     |Venezuela          |8               |
|35    |쿠바        |Cuba               |8               |
|36    |푸에르토리코    |Puerto Rico        |8               |
|37    |멕시코       |Mexico             |8               |
|38    |캐나다       |Canada             |8               |
|39    |일본        |Japan              |8               |
|40    |콜롬비아      |Colombia           |8               |
|41    |대한민국      |Korea              |8               |
|42    |파나마       |Panama             |8               |
|43    |퀴라소       |Curaçao            |8               |
|44    |네덜란드      |Netherlands        |8               |
|45    |바하마       |Bahamas            |8               |
|46    |니카라과      |Nicaragua          |8               |
|47    |호주        |Australia          |8               |
|48    |브라질       |Brazil             |8               |
|49    |독일        |Germany            |8               |
|50    |온두라스      |Honduras           |8               |
|51    |대만        |Taiwan             |8               |
|52    |아루바       |Aruba              |8               |
|53    |1회초       |TOP 1              |9               |
|54    |1회말       |BOT 1              |9               |
|55    |2회초       |TOP 2              |9               |
|56    |2회말       |BOT 2              |9               |
|57    |3회초       |TOP 3              |9               |
|58    |3회말       |BOT 3              |9               |
|59    |4회초       |TOP 4              |9               |
|60    |4회말       |BOT 4              |9               |
|61    |5회초       |TOP 5              |9               |
|62    |5회말       |BOT 5              |9               |
|63    |6회초       |TOP 6              |9               |
|64    |6회말       |BOT 6              |9               |
|65    |7회초       |TOP 7              |9               |
|66    |7회말       |BOT 7              |9               |
|67    |8회초       |TOP 8              |9               |
|68    |8회말       |BOT 8              |9               |
|69    |9회초       |TOP 9              |9               |
|70    |9회말       |BOT 9              |9               |
|71    |10회초      |TOP 10             |9               |
|72    |10회말      |BOT 10             |9               |
|73    |11회초      |TOP 11             |9               |
|74    |11회말      |BOT 11             |9               |
|75    |12회초      |TOP 12             |9               |
|76    |12회말      |BOT 12             |9               |
|77    |13회초      |TOP 13             |9               |
|78    |13회말      |BOT 13             |9               |
|79    |14회초      |TOP 14             |9               |
|80    |14회말      |BOT 14             |9               |
|81    |15회초      |TOP 15             |9               |
|82    |15회말      |BOT 15             |9               |
|83    |16회초      |TOP 16             |9               |
|84    |16회말      |BOT 16             |9               |
|85    |17회초      |TOP 17             |9               |
|86    |17회말      |BOT 17             |9               |
|87    |18회초      |TOP 18             |9               |
|88    |18회말      |BOT 18             |9               |
|89    |19회초      |TOP 19             |9               |
|90    |19회말      |BOT 19             |9               |
|91    |20회초      |TOP 20             |9               |
|92    |20회말      |BOT 20             |9               |
|93    |현역        |active             |10              |
|94    |은퇴        |retire             |10              |
|95    |투타겸업      |TWP                |5               |
|96    |네이버       |naver.com          |11              |
|97    |다음        |daum.net           |11              |
|98    |구글(지메일)   |gmail.com          |11              |
|------|----------|-------------------|----------------|
 
2025-04-04T01:11:26.714 [restartedMain] INFO o.s.b.d.a.OptionalLiveReloadServer - LiveReload server is running on port 35729 
2025-04-04T01:11:26.743 [restartedMain] INFO o.a.c.h.Http11NioProtocol - Starting ProtocolHandler ["http-nio-8080"] 
2025-04-04T01:11:26.753 [restartedMain] INFO o.s.b.w.e.t.TomcatWebServer - Tomcat started on port 8080 (http) with context path '/' 
2025-04-04T01:11:26.763 [restartedMain] INFO c.a.AngelsApplication - Started AngelsApplication in 1.514 seconds (process running for 5283.701) 
2025-04-04T01:11:26.776 [restartedMain] INFO o.s.b.d.a.ConditionEvaluationDeltaLoggingListener - Condition evaluation unchanged 
2025-04-04T01:12:00.541 [File Watcher] INFO o.s.b.d.a.LocalDevToolsAutoConfiguration$RestartingClassPathChangeChangedEventListener - Restarting due to 1 class path change (0 additions, 0 deletions, 1 modification) 
2025-04-04T01:12:00.543 [Thread-76] INFO o.s.b.w.e.t.GracefulShutdown - Commencing graceful shutdown. Waiting for active requests to complete 
2025-04-04T01:12:00.543 [tomcat-shutdown] INFO o.a.c.h.Http11NioProtocol - Pausing ProtocolHandler ["http-nio-8080"] 
2025-04-04T01:12:00.559 [tomcat-shutdown] INFO o.s.b.w.e.t.GracefulShutdown - Graceful shutdown complete 
2025-04-04T01:12:00.560 [Thread-76] INFO o.a.c.h.Http11NioProtocol - Stopping ProtocolHandler ["http-nio-8080"] 
2025-04-04T01:12:00.562 [Thread-76] INFO c.z.h.HikariDataSource - HikariPool-19 - Shutdown initiated... 
2025-04-04T01:12:00.567 [Thread-76] INFO c.z.h.HikariDataSource - HikariPool-19 - Shutdown completed. 
2025-04-04T01:12:00.662 [restartedMain] INFO c.a.AngelsApplication - Starting AngelsApplication using Java 21.0.5 with PID 2696 (C:\factory\ws_sts4_4270\repo_angels\angels\bin\main started by sunjs in C:\factory\ws_sts4_4270\repo_angels\angels) 
2025-04-04T01:12:00.662 [restartedMain] INFO c.a.AngelsApplication - No active profile set, falling back to 1 default profile: "default" 
2025-04-04T01:12:01.006 [restartedMain] INFO o.s.b.w.e.t.TomcatWebServer - Tomcat initialized with port 8080 (http) 
2025-04-04T01:12:01.007 [restartedMain] INFO o.a.c.h.Http11NioProtocol - Initializing ProtocolHandler ["http-nio-8080"] 
2025-04-04T01:12:01.007 [restartedMain] INFO o.a.c.c.StandardService - Starting service [Tomcat] 
2025-04-04T01:12:01.007 [restartedMain] INFO o.a.c.c.StandardEngine - Starting Servlet engine: [Apache Tomcat/10.1.36] 
2025-04-04T01:12:01.032 [restartedMain] INFO o.a.c.c.C.[.[.[/] - Initializing Spring embedded WebApplicationContext 
2025-04-04T01:12:01.032 [restartedMain] INFO o.s.b.w.s.c.ServletWebServerApplicationContext - Root WebApplicationContext: initialization completed in 367 ms 
2025-04-04T01:12:01.143 [restartedMain] INFO c.z.h.HikariDataSource - HikariPool-20 - Starting... 
2025-04-04T01:12:01.158 [restartedMain] INFO c.z.h.p.HikariPool - HikariPool-20 - Added connection net.sf.log4jdbc.sql.jdbcapi.ConnectionSpy@2c18cf80 
2025-04-04T01:12:01.158 [restartedMain] INFO c.z.h.HikariDataSource - HikariPool-20 - Start completed. 
2025-04-04T01:12:01.161 [restartedMain] DEBUG j.sqltiming -  com.zaxxer.hikari.pool.ProxyPreparedStatement.execute(ProxyPreparedStatement.java:44)
182. SELECT 
			cdSeq,
			cdName,
			cdNameEng,
			codeGroup_cgSeq
		FROM
			code
		WHERE 1=1
			AND cdDelNy = 0
 {executed in 1 msec} 
2025-04-04T01:12:01.170 [restartedMain] INFO j.resultsettable - 
|------|----------|-------------------|----------------|
|cdseq |cdname    |cdnameeng          |codegroup_cgseq |
|------|----------|-------------------|----------------|
|1     |SKT       |SKT                |1               |
|2     |KT        |KT                 |1               |
|3     |LG U+     |LG U+              |1               |
|4     |SKT 알뜰폰   |                   |1               |
|5     |KT 알뜰폰    |                   |1               |
|6     |LG U+ 알뜰폰 |                   |1               |
|7     |남자        |man                |2               |
|8     |여자        |woman              |2               |
|9     |AL        |AL                 |3               |
|10    |NL        |NL                 |3               |
|11    |East      |East               |4               |
|12    |Central   |Central            |4               |
|13    |West      |West               |4               |
|14    |투수        |P                  |5               |
|15    |1루수       |1B                 |5               |
|16    |2루수       |2B                 |5               |
|17    |3루수       |3B                 |5               |
|18    |유격수       |SS                 |5               |
|19    |좌익수       |LF                 |5               |
|20    |중견수       |CF                 |5               |
|21    |우익수       |RF                 |5               |
|22    |포수        |C                  |5               |
|23    |지명타자      |DH                 |5               |
|24    |대타        | PH                |5               |
|25    |대주자       |PR                 |5               |
|26    |좌투        |L                  |6               |
|27    |우투        |R                  |6               |
|28    |양투        |S                  |6               |
|29    |좌타        |L                  |7               |
|30    |우타        |R                  |7               |
|31    |양타        |S                  |7               |
|32    |미국        |United States      |8               |
|33    |도미니카 공화국  |Dominican Republic |8               |
|34    |베네수엘라     |Venezuela          |8               |
|35    |쿠바        |Cuba               |8               |
|36    |푸에르토리코    |Puerto Rico        |8               |
|37    |멕시코       |Mexico             |8               |
|38    |캐나다       |Canada             |8               |
|39    |일본        |Japan              |8               |
|40    |콜롬비아      |Colombia           |8               |
|41    |대한민국      |Korea              |8               |
|42    |파나마       |Panama             |8               |
|43    |퀴라소       |Curaçao            |8               |
|44    |네덜란드      |Netherlands        |8               |
|45    |바하마       |Bahamas            |8               |
|46    |니카라과      |Nicaragua          |8               |
|47    |호주        |Australia          |8               |
|48    |브라질       |Brazil             |8               |
|49    |독일        |Germany            |8               |
|50    |온두라스      |Honduras           |8               |
|51    |대만        |Taiwan             |8               |
|52    |아루바       |Aruba              |8               |
|53    |1회초       |TOP 1              |9               |
|54    |1회말       |BOT 1              |9               |
|55    |2회초       |TOP 2              |9               |
|56    |2회말       |BOT 2              |9               |
|57    |3회초       |TOP 3              |9               |
|58    |3회말       |BOT 3              |9               |
|59    |4회초       |TOP 4              |9               |
|60    |4회말       |BOT 4              |9               |
|61    |5회초       |TOP 5              |9               |
|62    |5회말       |BOT 5              |9               |
|63    |6회초       |TOP 6              |9               |
|64    |6회말       |BOT 6              |9               |
|65    |7회초       |TOP 7              |9               |
|66    |7회말       |BOT 7              |9               |
|67    |8회초       |TOP 8              |9               |
|68    |8회말       |BOT 8              |9               |
|69    |9회초       |TOP 9              |9               |
|70    |9회말       |BOT 9              |9               |
|71    |10회초      |TOP 10             |9               |
|72    |10회말      |BOT 10             |9               |
|73    |11회초      |TOP 11             |9               |
|74    |11회말      |BOT 11             |9               |
|75    |12회초      |TOP 12             |9               |
|76    |12회말      |BOT 12             |9               |
|77    |13회초      |TOP 13             |9               |
|78    |13회말      |BOT 13             |9               |
|79    |14회초      |TOP 14             |9               |
|80    |14회말      |BOT 14             |9               |
|81    |15회초      |TOP 15             |9               |
|82    |15회말      |BOT 15             |9               |
|83    |16회초      |TOP 16             |9               |
|84    |16회말      |BOT 16             |9               |
|85    |17회초      |TOP 17             |9               |
|86    |17회말      |BOT 17             |9               |
|87    |18회초      |TOP 18             |9               |
|88    |18회말      |BOT 18             |9               |
|89    |19회초      |TOP 19             |9               |
|90    |19회말      |BOT 19             |9               |
|91    |20회초      |TOP 20             |9               |
|92    |20회말      |BOT 20             |9               |
|93    |현역        |active             |10              |
|94    |은퇴        |retire             |10              |
|95    |투타겸업      |TWP                |5               |
|96    |네이버       |naver.com          |11              |
|97    |다음        |daum.net           |11              |
|98    |구글(지메일)   |gmail.com          |11              |
|------|----------|-------------------|----------------|
 
2025-04-04T01:12:01.340 [restartedMain] INFO o.s.b.d.a.OptionalLiveReloadServer - LiveReload server is running on port 35729 
2025-04-04T01:12:01.352 [restartedMain] INFO o.a.c.h.Http11NioProtocol - Starting ProtocolHandler ["http-nio-8080"] 
2025-04-04T01:12:01.358 [restartedMain] INFO o.s.b.w.e.t.TomcatWebServer - Tomcat started on port 8080 (http) with context path '/' 
2025-04-04T01:12:01.365 [restartedMain] INFO c.a.AngelsApplication - Started AngelsApplication in 0.749 seconds (process running for 5318.302) 
2025-04-04T01:12:01.367 [restartedMain] INFO o.s.b.d.a.ConditionEvaluationDeltaLoggingListener - Condition evaluation unchanged 
2025-04-04T01:12:20.847 [File Watcher] INFO o.s.b.d.a.LocalDevToolsAutoConfiguration$RestartingClassPathChangeChangedEventListener - Restarting due to 1 class path change (0 additions, 0 deletions, 1 modification) 
2025-04-04T01:12:20.852 [Thread-80] INFO o.s.b.w.e.t.GracefulShutdown - Commencing graceful shutdown. Waiting for active requests to complete 
2025-04-04T01:12:20.855 [tomcat-shutdown] INFO o.a.c.h.Http11NioProtocol - Pausing ProtocolHandler ["http-nio-8080"] 
2025-04-04T01:12:20.880 [tomcat-shutdown] INFO o.s.b.w.e.t.GracefulShutdown - Graceful shutdown complete 
2025-04-04T01:12:20.881 [Thread-80] INFO o.a.c.h.Http11NioProtocol - Stopping ProtocolHandler ["http-nio-8080"] 
2025-04-04T01:12:20.884 [Thread-80] INFO c.z.h.HikariDataSource - HikariPool-20 - Shutdown initiated... 
2025-04-04T01:12:20.900 [Thread-80] INFO c.z.h.HikariDataSource - HikariPool-20 - Shutdown completed. 
2025-04-04T01:12:21.043 [restartedMain] INFO c.a.AngelsApplication - Starting AngelsApplication using Java 21.0.5 with PID 2696 (C:\factory\ws_sts4_4270\repo_angels\angels\bin\main started by sunjs in C:\factory\ws_sts4_4270\repo_angels\angels) 
2025-04-04T01:12:21.043 [restartedMain] INFO c.a.AngelsApplication - No active profile set, falling back to 1 default profile: "default" 
2025-04-04T01:12:21.467 [restartedMain] INFO o.s.b.w.e.t.TomcatWebServer - Tomcat initialized with port 8080 (http) 
2025-04-04T01:12:21.468 [restartedMain] INFO o.a.c.h.Http11NioProtocol - Initializing ProtocolHandler ["http-nio-8080"] 
2025-04-04T01:12:21.468 [restartedMain] INFO o.a.c.c.StandardService - Starting service [Tomcat] 
2025-04-04T01:12:21.468 [restartedMain] INFO o.a.c.c.StandardEngine - Starting Servlet engine: [Apache Tomcat/10.1.36] 
2025-04-04T01:12:21.502 [restartedMain] INFO o.a.c.c.C.[.[.[/] - Initializing Spring embedded WebApplicationContext 
2025-04-04T01:12:21.502 [restartedMain] INFO o.s.b.w.s.c.ServletWebServerApplicationContext - Root WebApplicationContext: initialization completed in 454 ms 
2025-04-04T01:12:21.623 [restartedMain] INFO c.z.h.HikariDataSource - HikariPool-21 - Starting... 
2025-04-04T01:12:21.647 [restartedMain] INFO c.z.h.p.HikariPool - HikariPool-21 - Added connection net.sf.log4jdbc.sql.jdbcapi.ConnectionSpy@6818427e 
2025-04-04T01:12:21.647 [restartedMain] INFO c.z.h.HikariDataSource - HikariPool-21 - Start completed. 
2025-04-04T01:12:21.651 [restartedMain] DEBUG j.sqltiming -  com.zaxxer.hikari.pool.ProxyPreparedStatement.execute(ProxyPreparedStatement.java:44)
192. SELECT 
			cdSeq,
			cdName,
			cdNameEng,
			codeGroup_cgSeq
		FROM
			code
		WHERE 1=1
			AND cdDelNy = 0
 {executed in 1 msec} 
2025-04-04T01:12:21.656 [restartedMain] INFO j.resultsettable - 
|------|----------|-------------------|----------------|
|cdseq |cdname    |cdnameeng          |codegroup_cgseq |
|------|----------|-------------------|----------------|
|1     |SKT       |SKT                |1               |
|2     |KT        |KT                 |1               |
|3     |LG U+     |LG U+              |1               |
|4     |SKT 알뜰폰   |                   |1               |
|5     |KT 알뜰폰    |                   |1               |
|6     |LG U+ 알뜰폰 |                   |1               |
|7     |남자        |man                |2               |
|8     |여자        |woman              |2               |
|9     |AL        |AL                 |3               |
|10    |NL        |NL                 |3               |
|11    |East      |East               |4               |
|12    |Central   |Central            |4               |
|13    |West      |West               |4               |
|14    |투수        |P                  |5               |
|15    |1루수       |1B                 |5               |
|16    |2루수       |2B                 |5               |
|17    |3루수       |3B                 |5               |
|18    |유격수       |SS                 |5               |
|19    |좌익수       |LF                 |5               |
|20    |중견수       |CF                 |5               |
|21    |우익수       |RF                 |5               |
|22    |포수        |C                  |5               |
|23    |지명타자      |DH                 |5               |
|24    |대타        | PH                |5               |
|25    |대주자       |PR                 |5               |
|26    |좌투        |L                  |6               |
|27    |우투        |R                  |6               |
|28    |양투        |S                  |6               |
|29    |좌타        |L                  |7               |
|30    |우타        |R                  |7               |
|31    |양타        |S                  |7               |
|32    |미국        |United States      |8               |
|33    |도미니카 공화국  |Dominican Republic |8               |
|34    |베네수엘라     |Venezuela          |8               |
|35    |쿠바        |Cuba               |8               |
|36    |푸에르토리코    |Puerto Rico        |8               |
|37    |멕시코       |Mexico             |8               |
|38    |캐나다       |Canada             |8               |
|39    |일본        |Japan              |8               |
|40    |콜롬비아      |Colombia           |8               |
|41    |대한민국      |Korea              |8               |
|42    |파나마       |Panama             |8               |
|43    |퀴라소       |Curaçao            |8               |
|44    |네덜란드      |Netherlands        |8               |
|45    |바하마       |Bahamas            |8               |
|46    |니카라과      |Nicaragua          |8               |
|47    |호주        |Australia          |8               |
|48    |브라질       |Brazil             |8               |
|49    |독일        |Germany            |8               |
|50    |온두라스      |Honduras           |8               |
|51    |대만        |Taiwan             |8               |
|52    |아루바       |Aruba              |8               |
|53    |1회초       |TOP 1              |9               |
|54    |1회말       |BOT 1              |9               |
|55    |2회초       |TOP 2              |9               |
|56    |2회말       |BOT 2              |9               |
|57    |3회초       |TOP 3              |9               |
|58    |3회말       |BOT 3              |9               |
|59    |4회초       |TOP 4              |9               |
|60    |4회말       |BOT 4              |9               |
|61    |5회초       |TOP 5              |9               |
|62    |5회말       |BOT 5              |9               |
|63    |6회초       |TOP 6              |9               |
|64    |6회말       |BOT 6              |9               |
|65    |7회초       |TOP 7              |9               |
|66    |7회말       |BOT 7              |9               |
|67    |8회초       |TOP 8              |9               |
|68    |8회말       |BOT 8              |9               |
|69    |9회초       |TOP 9              |9               |
|70    |9회말       |BOT 9              |9               |
|71    |10회초      |TOP 10             |9               |
|72    |10회말      |BOT 10             |9               |
|73    |11회초      |TOP 11             |9               |
|74    |11회말      |BOT 11             |9               |
|75    |12회초      |TOP 12             |9               |
|76    |12회말      |BOT 12             |9               |
|77    |13회초      |TOP 13             |9               |
|78    |13회말      |BOT 13             |9               |
|79    |14회초      |TOP 14             |9               |
|80    |14회말      |BOT 14             |9               |
|81    |15회초      |TOP 15             |9               |
|82    |15회말      |BOT 15             |9               |
|83    |16회초      |TOP 16             |9               |
|84    |16회말      |BOT 16             |9               |
|85    |17회초      |TOP 17             |9               |
|86    |17회말      |BOT 17             |9               |
|87    |18회초      |TOP 18             |9               |
|88    |18회말      |BOT 18             |9               |
|89    |19회초      |TOP 19             |9               |
|90    |19회말      |BOT 19             |9               |
|91    |20회초      |TOP 20             |9               |
|92    |20회말      |BOT 20             |9               |
|93    |현역        |active             |10              |
|94    |은퇴        |retire             |10              |
|95    |투타겸업      |TWP                |5               |
|96    |네이버       |naver.com          |11              |
|97    |다음        |daum.net           |11              |
|98    |구글(지메일)   |gmail.com          |11              |
|------|----------|-------------------|----------------|
 
2025-04-04T01:12:21.848 [restartedMain] INFO o.s.b.d.a.OptionalLiveReloadServer - LiveReload server is running on port 35729 
2025-04-04T01:12:21.862 [restartedMain] INFO o.a.c.h.Http11NioProtocol - Starting ProtocolHandler ["http-nio-8080"] 
2025-04-04T01:12:21.867 [restartedMain] INFO o.s.b.w.e.t.TomcatWebServer - Tomcat started on port 8080 (http) with context path '/' 
2025-04-04T01:12:21.877 [restartedMain] INFO c.a.AngelsApplication - Started AngelsApplication in 0.897 seconds (process running for 5338.814) 
2025-04-04T01:12:21.879 [restartedMain] INFO o.s.b.d.a.ConditionEvaluationDeltaLoggingListener - Condition evaluation unchanged 
2025-04-04T01:17:44.947 [http-nio-8080-exec-1] INFO o.a.c.c.C.[.[.[/] - Initializing Spring DispatcherServlet 'dispatcherServlet' 
2025-04-04T01:17:44.948 [http-nio-8080-exec-1] INFO o.s.w.s.DispatcherServlet - Initializing Servlet 'dispatcherServlet' 
2025-04-04T01:17:44.954 [http-nio-8080-exec-1] INFO o.s.w.s.DispatcherServlet - Completed initialization in 6 ms 
2025-04-04T01:17:44.986 [http-nio-8080-exec-1] DEBUG j.sqltiming -  com.zaxxer.hikari.pool.ProxyPreparedStatement.execute(ProxyPreparedStatement.java:44)
192. select
		cdName,
	    cdSeq
		from
			code
		where 1=1
			and codeGroup_cgSeq=1

		order by cdSeq desc
 {executed in 2 msec} 
2025-04-04T01:17:44.988 [http-nio-8080-exec-1] INFO j.resultsettable - 
|-------|------|
|cdname |cdseq |
|-------|------|
|-------|------|
 
2025-04-04T01:17:44.994 [http-nio-8080-exec-1] DEBUG j.sqltiming -  com.zaxxer.hikari.pool.ProxyPreparedStatement.execute(ProxyPreparedStatement.java:44)
192. select
		cdNameEng,
		cdSeq
		from
			code
		where 1=1
			and codeGroup_cgSeq=11
		order by cdSeq desc
 {executed in 2 msec} 
2025-04-04T01:17:44.996 [http-nio-8080-exec-1] INFO j.resultsettable - 
|----------|------|
|cdnameeng |cdseq |
|----------|------|
|----------|------|
 
2025-04-04T01:17:44.999 [http-nio-8080-exec-1] DEBUG j.sqltiming -  com.zaxxer.hikari.pool.ProxyPreparedStatement.execute(ProxyPreparedStatement.java:44)
192. select
		cdName,
	    cdSeq
	from
		code
	where 1=1
		and codeGroup_cgSeq=2
	order by cdSeq desc
 {executed in 2 msec} 
2025-04-04T01:17:45.001 [http-nio-8080-exec-1] INFO j.resultsettable - 
|-------|------|
|cdname |cdseq |
|-------|------|
|-------|------|
 
2025-04-04T01:34:23.120 [File Watcher] INFO o.s.b.d.a.LocalDevToolsAutoConfiguration$RestartingClassPathChangeChangedEventListener - Restarting due to 1 class path change (0 additions, 0 deletions, 1 modification) 
2025-04-04T01:34:23.126 [Thread-84] INFO o.s.b.w.e.t.GracefulShutdown - Commencing graceful shutdown. Waiting for active requests to complete 
2025-04-04T01:34:23.128 [tomcat-shutdown] INFO o.a.c.h.Http11NioProtocol - Pausing ProtocolHandler ["http-nio-8080"] 
2025-04-04T01:34:23.145 [tomcat-shutdown] INFO o.s.b.w.e.t.GracefulShutdown - Graceful shutdown complete 
2025-04-04T01:34:23.146 [Thread-84] INFO o.a.c.h.Http11NioProtocol - Stopping ProtocolHandler ["http-nio-8080"] 
2025-04-04T01:34:23.150 [Thread-84] INFO c.z.h.HikariDataSource - HikariPool-21 - Shutdown initiated... 
2025-04-04T01:34:23.165 [Thread-84] INFO c.z.h.HikariDataSource - HikariPool-21 - Shutdown completed. 
2025-04-04T01:34:23.360 [restartedMain] INFO c.a.AngelsApplication - Starting AngelsApplication using Java 21.0.5 with PID 2696 (C:\factory\ws_sts4_4270\repo_angels\angels\bin\main started by sunjs in C:\factory\ws_sts4_4270\repo_angels\angels) 
2025-04-04T01:34:23.360 [restartedMain] INFO c.a.AngelsApplication - No active profile set, falling back to 1 default profile: "default" 
2025-04-04T01:34:24.012 [restartedMain] INFO o.s.b.w.e.t.TomcatWebServer - Tomcat initialized with port 8080 (http) 
2025-04-04T01:34:24.014 [restartedMain] INFO o.a.c.h.Http11NioProtocol - Initializing ProtocolHandler ["http-nio-8080"] 
2025-04-04T01:34:24.015 [restartedMain] INFO o.a.c.c.StandardService - Starting service [Tomcat] 
2025-04-04T01:34:24.015 [restartedMain] INFO o.a.c.c.StandardEngine - Starting Servlet engine: [Apache Tomcat/10.1.36] 
2025-04-04T01:34:24.055 [restartedMain] INFO o.a.c.c.C.[.[.[/] - Initializing Spring embedded WebApplicationContext 
2025-04-04T01:34:24.056 [restartedMain] INFO o.s.b.w.s.c.ServletWebServerApplicationContext - Root WebApplicationContext: initialization completed in 687 ms 
2025-04-04T01:34:24.284 [restartedMain] INFO c.z.h.HikariDataSource - HikariPool-22 - Starting... 
2025-04-04T01:34:24.328 [restartedMain] INFO c.z.h.p.HikariPool - HikariPool-22 - Added connection net.sf.log4jdbc.sql.jdbcapi.ConnectionSpy@5ca19acb 
2025-04-04T01:34:24.329 [restartedMain] INFO c.z.h.HikariDataSource - HikariPool-22 - Start completed. 
2025-04-04T01:34:24.334 [restartedMain] DEBUG j.sqltiming -  com.zaxxer.hikari.pool.ProxyPreparedStatement.execute(ProxyPreparedStatement.java:44)
202. SELECT 
			cdSeq,
			cdName,
			cdNameEng,
			codeGroup_cgSeq
		FROM
			code
		WHERE 1=1
			AND cdDelNy = 0
 {executed in 4 msec} 
2025-04-04T01:34:24.360 [restartedMain] INFO j.resultsettable - 
|------|----------|-------------------|----------------|
|cdseq |cdname    |cdnameeng          |codegroup_cgseq |
|------|----------|-------------------|----------------|
|1     |SKT       |SKT                |1               |
|2     |KT        |KT                 |1               |
|3     |LG U+     |LG U+              |1               |
|4     |SKT 알뜰폰   |                   |1               |
|5     |KT 알뜰폰    |                   |1               |
|6     |LG U+ 알뜰폰 |                   |1               |
|7     |남자        |man                |2               |
|8     |여자        |woman              |2               |
|9     |AL        |AL                 |3               |
|10    |NL        |NL                 |3               |
|11    |East      |East               |4               |
|12    |Central   |Central            |4               |
|13    |West      |West               |4               |
|14    |투수        |P                  |5               |
|15    |1루수       |1B                 |5               |
|16    |2루수       |2B                 |5               |
|17    |3루수       |3B                 |5               |
|18    |유격수       |SS                 |5               |
|19    |좌익수       |LF                 |5               |
|20    |중견수       |CF                 |5               |
|21    |우익수       |RF                 |5               |
|22    |포수        |C                  |5               |
|23    |지명타자      |DH                 |5               |
|24    |대타        | PH                |5               |
|25    |대주자       |PR                 |5               |
|26    |좌투        |L                  |6               |
|27    |우투        |R                  |6               |
|28    |양투        |S                  |6               |
|29    |좌타        |L                  |7               |
|30    |우타        |R                  |7               |
|31    |양타        |S                  |7               |
|32    |미국        |United States      |8               |
|33    |도미니카 공화국  |Dominican Republic |8               |
|34    |베네수엘라     |Venezuela          |8               |
|35    |쿠바        |Cuba               |8               |
|36    |푸에르토리코    |Puerto Rico        |8               |
|37    |멕시코       |Mexico             |8               |
|38    |캐나다       |Canada             |8               |
|39    |일본        |Japan              |8               |
|40    |콜롬비아      |Colombia           |8               |
|41    |대한민국      |Korea              |8               |
|42    |파나마       |Panama             |8               |
|43    |퀴라소       |Curaçao            |8               |
|44    |네덜란드      |Netherlands        |8               |
|45    |바하마       |Bahamas            |8               |
|46    |니카라과      |Nicaragua          |8               |
|47    |호주        |Australia          |8               |
|48    |브라질       |Brazil             |8               |
|49    |독일        |Germany            |8               |
|50    |온두라스      |Honduras           |8               |
|51    |대만        |Taiwan             |8               |
|52    |아루바       |Aruba              |8               |
|53    |1회초       |TOP 1              |9               |
|54    |1회말       |BOT 1              |9               |
|55    |2회초       |TOP 2              |9               |
|56    |2회말       |BOT 2              |9               |
|57    |3회초       |TOP 3              |9               |
|58    |3회말       |BOT 3              |9               |
|59    |4회초       |TOP 4              |9               |
|60    |4회말       |BOT 4              |9               |
|61    |5회초       |TOP 5              |9               |
|62    |5회말       |BOT 5              |9               |
|63    |6회초       |TOP 6              |9               |
|64    |6회말       |BOT 6              |9               |
|65    |7회초       |TOP 7              |9               |
|66    |7회말       |BOT 7              |9               |
|67    |8회초       |TOP 8              |9               |
|68    |8회말       |BOT 8              |9               |
|69    |9회초       |TOP 9              |9               |
|70    |9회말       |BOT 9              |9               |
|71    |10회초      |TOP 10             |9               |
|72    |10회말      |BOT 10             |9               |
|73    |11회초      |TOP 11             |9               |
|74    |11회말      |BOT 11             |9               |
|75    |12회초      |TOP 12             |9               |
|76    |12회말      |BOT 12             |9               |
|77    |13회초      |TOP 13             |9               |
|78    |13회말      |BOT 13             |9               |
|79    |14회초      |TOP 14             |9               |
|80    |14회말      |BOT 14             |9               |
|81    |15회초      |TOP 15             |9               |
|82    |15회말      |BOT 15             |9               |
|83    |16회초      |TOP 16             |9               |
|84    |16회말      |BOT 16             |9               |
|85    |17회초      |TOP 17             |9               |
|86    |17회말      |BOT 17             |9               |
|87    |18회초      |TOP 18             |9               |
|88    |18회말      |BOT 18             |9               |
|89    |19회초      |TOP 19             |9               |
|90    |19회말      |BOT 19             |9               |
|91    |20회초      |TOP 20             |9               |
|92    |20회말      |BOT 20             |9               |
|93    |현역        |active             |10              |
|94    |은퇴        |retire             |10              |
|95    |투타겸업      |TWP                |5               |
|96    |네이버       |naver.com          |11              |
|97    |다음        |daum.net           |11              |
|98    |구글(지메일)   |gmail.com          |11              |
|------|----------|-------------------|----------------|
 
2025-04-04T01:34:24.715 [restartedMain] INFO o.s.b.d.a.OptionalLiveReloadServer - LiveReload server is running on port 35729 
2025-04-04T01:34:24.739 [restartedMain] INFO o.a.c.h.Http11NioProtocol - Starting ProtocolHandler ["http-nio-8080"] 
2025-04-04T01:34:24.746 [restartedMain] INFO o.s.b.w.e.t.TomcatWebServer - Tomcat started on port 8080 (http) with context path '/' 
2025-04-04T01:34:24.754 [restartedMain] INFO c.a.AngelsApplication - Started AngelsApplication in 1.537 seconds (process running for 6661.692) 
2025-04-04T01:34:24.757 [restartedMain] INFO o.s.b.d.a.ConditionEvaluationDeltaLoggingListener - Condition evaluation unchanged 
2025-04-04T01:46:11.277 [http-nio-8080-exec-1] INFO o.a.c.c.C.[.[.[/] - Initializing Spring DispatcherServlet 'dispatcherServlet' 
2025-04-04T01:46:11.277 [http-nio-8080-exec-1] INFO o.s.w.s.DispatcherServlet - Initializing Servlet 'dispatcherServlet' 
2025-04-04T01:46:11.287 [http-nio-8080-exec-1] INFO o.s.w.s.DispatcherServlet - Completed initialization in 9 ms 
2025-04-04T01:46:12.565 [http-nio-8080-exec-7] DEBUG j.sqltiming -  com.zaxxer.hikari.pool.ProxyPreparedStatement.execute(ProxyPreparedStatement.java:44)
202. SELECT
			urSeq,
		    urName,
		    urNickName,
		    urID,
		    urPassword,
		    urRegTime
		FROM
			user
		WHERE 1=1
			AND urID = 'ej'
			 AND urPassword = '1'
 {executed in 3 msec} 
2025-04-04T01:46:12.571 [http-nio-8080-exec-7] INFO j.resultsettable - 
|------|-------|-----------|-----|-----------|--------------------|
|urseq |urname |urnickname |urid |urpassword |urregtime           |
|------|-------|-----------|-----|-----------|--------------------|
|2     |이은준    |관리자        |ej   |1          |2025-03-28T11:37:15 |
|------|-------|-----------|-----|-----------|--------------------|
 
2025-04-04T01:46:12.636 [http-nio-8080-exec-8] DEBUG j.sqltiming -  com.zaxxer.hikari.pool.ProxyPreparedStatement.execute(ProxyPreparedStatement.java:44)
202. Select count(*)

			from
			codegroup as a 		
			where 1=1
		 AND a.cgUse = 1 
         AND a.cgdelNy = 0
 {executed in 4 msec} 
2025-04-04T01:46:12.642 [http-nio-8080-exec-8] INFO j.resultsettable - 
|---------|
|count(*) |
|---------|
|11       |
|---------|
 
2025-04-04T01:46:12.660 [http-nio-8080-exec-8] DEBUG j.sqltiming -  com.zaxxer.hikari.pool.ProxyPreparedStatement.execute(ProxyPreparedStatement.java:44)
202. select
			a.cgSeq,
			a.cgdelNy,
			a.cgUse,
		    a.cgName,
		    a.cgNameEng,
		    (select count(aa.cdSeq) from code aa where 1=1 and aa.cdDelNy = 0 and aa.codeGroup_cgSeq = a.cgSeq) as cdSeqCount,
		    a.cgOrder,
		    a.cgRegDate,
		    a.cgEdDate

			from
			codegroup as a 		
			where 1=1
		 AND a.cgUse = 1 
         AND a.cgdelNy = 0 

		order by cgSeq desc
		limit 5 offset 0
 {executed in 5 msec} 
2025-04-04T01:46:12.673 [http-nio-8080-exec-8] INFO j.resultsettable - 
|------|--------|------|-------|------------|-----------|--------|--------------------|---------|
|cgseq |cgdelny |cguse |cgname |cgnameeng   |cdseqcount |cgorder |cgregdate           |cgeddate |
|------|--------|------|-------|------------|-----------|--------|--------------------|---------|
|11    |0       |1     |이메일    |e-mail      |3          |1       |2025-04-01T19:50:09 |[null]   |
|10    |0       |1     |status |status      |2          |1       |2025-03-23T17:08:37 |[null]   |
|9     |0       |1     |이닝     |Inning      |40         |1       |2025-03-22T13:33:54 |[null]   |
|8     |0       |1     |국적     |Nationality |21         |1       |2025-03-22T10:51:18 |[null]   |
|7     |0       |1     |타      |Bat         |3          |1       |2025-03-21T17:26:47 |[null]   |
|------|--------|------|-------|------------|-----------|--------|--------------------|---------|
 
2025-04-04T01:46:17.326 [http-nio-8080-exec-7] DEBUG j.sqltiming -  com.zaxxer.hikari.pool.ProxyPreparedStatement.execute(ProxyPreparedStatement.java:44)
202. Select count(*)
	from 
	player p left join team tm ON p.team_tmSeq = tm.tmSeq
	where 1=1

		 AND p.pyUse = 1 
         AND p.pyDelNy = 0
 {executed in 3 msec} 
2025-04-04T01:46:17.328 [http-nio-8080-exec-7] INFO j.resultsettable - 
|---------|
|count(*) |
|---------|
|2        |
|---------|
 
2025-04-04T01:46:17.335 [http-nio-8080-exec-7] DEBUG j.sqltiming -  com.zaxxer.hikari.pool.ProxyPreparedStatement.execute(ProxyPreparedStatement.java:44)
202. select
			tmNameAb,
		    tmSeq
		from
			team
		where 1=1
 {executed in 3 msec} 
2025-04-04T01:46:17.343 [http-nio-8080-exec-7] INFO j.resultsettable - 
|---------|------|
|tmnameab |tmseq |
|---------|------|
|ARI      |1     |
|LAD      |2     |
|COL      |3     |
|SD       |4     |
|SF       |5     |
|CHC      |6     |
|CIN      |7     |
|MIL      |8     |
|PIT      |9     |
|STL      |10    |
|ATL      |11    |
|MIA      |12    |
|NYM      |13    |
|PHI      |14    |
|WSH      |15    |
|HOU      |16    |
|LAA      |17    |
|ATH      |18    |
|SEA      |19    |
|TEX      |20    |
|CWS      |21    |
|CLE      |22    |
|DET      |23    |
|KC       |24    |
|MIN      |25    |
|BAL      |26    |
|BOS      |27    |
|NYY      |28    |
|TB       |29    |
|TOR      |30    |
|HI       |36    |
|---------|------|
 
2025-04-04T01:46:17.348 [http-nio-8080-exec-7] DEBUG j.sqltiming -  com.zaxxer.hikari.pool.ProxyPreparedStatement.execute(ProxyPreparedStatement.java:44)
202. SELECT
			tm.tmNameAb,
			p.pyUse,
			p.pySeq,
		    p.pyGivenName,
		    p.pyFamilyName,
		    p.pyOriName,
		    p.pyFamliyNameKor,
		    p.pyGivenNameKor,
		    p.pyOriNameKor,
			p.nickName,
		    p.birthday,
		    p.homeTown,
		    p.position,
		    p.nationality,
			p.throwHand,
		    p.batHand,
		    p.jerseyNumber,
		    p.heightCm,
		    p.heightFt,
		    p.weightKg,
		    p.weightLb,
		    p.finalSchoolHistory,
		    p.debut,
		    p.Draft,
		    p.status,
		    p.pyRegTime,
		    p.pyModTime,
		    p.pyDelNy

	from 
	player p left join team tm ON p.team_tmSeq = tm.tmSeq
	where 1=1		

		 AND p.pyUse = 1 
         AND p.pyDelNy = 0 

		 order by p.pySeq desc
		limit 5 offset 0
 {executed in 1 msec} 
2025-04-04T01:46:17.365 [http-nio-8080-exec-7] INFO j.resultsettable - 
|---------|------|------|------------|-------------|--------------|----------------|---------------|-------------|---------|-----------|---------|---------|------------|----------|--------|-------------|---------|---------|---------|---------|-----------------------------|-----------|------|-------|--------------------|----------|--------|
|tmnameab |pyuse |pyseq |pygivenname |pyfamilyname |pyoriname     |pyfamliynamekor |pygivennamekor |pyorinamekor |nickname |birthday   |hometown |position |nationality |throwhand |bathand |jerseynumber |heightcm |heightft |weightkg |weightlb |finalschoolhistory           |debut      |draft |status |pyregtime           |pymodtime |pydelny |
|---------|------|------|------------|-------------|--------------|----------------|---------------|-------------|---------|-----------|---------|---------|------------|----------|--------|-------------|---------|---------|---------|---------|-----------------------------|-----------|------|-------|--------------------|----------|--------|
|LAD      |1     |2     |Shohei      |Ohtani       |Shohei Ohtani |오타니             |쇼헤이            |오타니 쇼헤이      |shotime  |1994-07-05 |Oshu     |95       |39          |27        |29      |17           |190      |6-3      |95       |210      |Hanamaki Higashi High School |2013-03-29 |FA    |93     |2025-03-25T20:24:22 |[null]    |0       |
|LAD      |1     |1     |Shohei      |Ohtani       |Shohei Ohtani |오타니             |쇼헤이            |오타니 쇼헤이      |shotime  |1994-07-05 |Oshu     |95       |39          |27        |29      |17           |190      |6-3      |95       |210      |Hanamaki Higashi High School |2013-03-29 |FA    |93     |2025-04-01T15:26:33 |[null]    |0       |
|---------|------|------|------------|-------------|--------------|----------------|---------------|-------------|---------|-----------|---------|---------|------------|----------|--------|-------------|---------|---------|---------|---------|-----------------------------|-----------|------|-------|--------------------|----------|--------|
 
2025-04-04T01:46:19.452 [http-nio-8080-exec-4] DEBUG j.sqltiming -  com.zaxxer.hikari.pool.ProxyPreparedStatement.execute(ProxyPreparedStatement.java:44)
202. select
			tmNameAb,
		    tmSeq
		from
			team
		where 1=1
 {executed in 1 msec} 
2025-04-04T01:46:19.458 [http-nio-8080-exec-4] INFO j.resultsettable - 
|---------|------|
|tmnameab |tmseq |
|---------|------|
|ARI      |1     |
|LAD      |2     |
|COL      |3     |
|SD       |4     |
|SF       |5     |
|CHC      |6     |
|CIN      |7     |
|MIL      |8     |
|PIT      |9     |
|STL      |10    |
|ATL      |11    |
|MIA      |12    |
|NYM      |13    |
|PHI      |14    |
|WSH      |15    |
|HOU      |16    |
|LAA      |17    |
|ATH      |18    |
|SEA      |19    |
|TEX      |20    |
|CWS      |21    |
|CLE      |22    |
|DET      |23    |
|KC       |24    |
|MIN      |25    |
|BAL      |26    |
|BOS      |27    |
|NYY      |28    |
|TB       |29    |
|TOR      |30    |
|HI       |36    |
|---------|------|
 
2025-04-04T01:46:19.463 [http-nio-8080-exec-4] DEBUG j.sqltiming -  com.zaxxer.hikari.pool.ProxyPreparedStatement.execute(ProxyPreparedStatement.java:44)
202. select
			cdName,
			cdSeq
		from
			code
		where 1=1
		 and codeGroup_cgSeq=5
		order by cdSeq desc
 {executed in 3 msec} 
2025-04-04T01:46:19.464 [http-nio-8080-exec-4] INFO j.resultsettable - 
|-------|------|
|cdname |cdseq |
|-------|------|
|-------|------|
 
2025-04-04T01:46:19.468 [http-nio-8080-exec-4] DEBUG j.sqltiming -  com.zaxxer.hikari.pool.ProxyPreparedStatement.execute(ProxyPreparedStatement.java:44)
202. select
			cdName,
			cdSeq
		from
			code
		where 1=1
		 and codeGroup_cgSeq=6
		order by cdSeq desc
 {executed in 1 msec} 
2025-04-04T01:46:19.470 [http-nio-8080-exec-4] INFO j.resultsettable - 
|-------|------|
|cdname |cdseq |
|-------|------|
|-------|------|
 
2025-04-04T01:46:19.475 [http-nio-8080-exec-4] DEBUG j.sqltiming -  com.zaxxer.hikari.pool.ProxyPreparedStatement.execute(ProxyPreparedStatement.java:44)
202. select
			cdName,
			cdSeq
		from
			code
		where 1=1
		 and codeGroup_cgSeq=7
		order by cdSeq desc
 {executed in 4 msec} 
2025-04-04T01:46:19.479 [http-nio-8080-exec-4] INFO j.resultsettable - 
|-------|------|
|cdname |cdseq |
|-------|------|
|-------|------|
 
2025-04-04T01:46:19.484 [http-nio-8080-exec-4] DEBUG j.sqltiming -  com.zaxxer.hikari.pool.ProxyPreparedStatement.execute(ProxyPreparedStatement.java:44)
202. select
			cdName,
			cdSeq
		from
			code
		where 1=1
		 and codeGroup_cgSeq=8
		order by cdSeq desc
 {executed in 3 msec} 
2025-04-04T01:46:19.485 [http-nio-8080-exec-4] INFO j.resultsettable - 
|-------|------|
|cdname |cdseq |
|-------|------|
|-------|------|
 
2025-04-04T01:46:19.486 [http-nio-8080-exec-4] DEBUG j.sqltiming -  com.zaxxer.hikari.pool.ProxyPreparedStatement.execute(ProxyPreparedStatement.java:44)
202. select
			cdName,
			cdSeq
		from
			code
		where 1=1
		 and codeGroup_cgSeq=10
		order by cdSeq desc
 {executed in 0 msec} 
2025-04-04T01:46:19.488 [http-nio-8080-exec-4] INFO j.resultsettable - 
|-------|------|
|cdname |cdseq |
|-------|------|
|-------|------|
 
2025-04-04T01:48:10.286 [http-nio-8080-exec-9] DEBUG j.sqltiming -  com.zaxxer.hikari.pool.ProxyPreparedStatement.execute(ProxyPreparedStatement.java:44)
202. select
		cdName,
	    cdSeq
		from
			code
		where 1=1
			and codeGroup_cgSeq=1

		order by cdSeq desc
 {executed in 2 msec} 
2025-04-04T01:48:10.287 [http-nio-8080-exec-9] INFO j.resultsettable - 
|-------|------|
|cdname |cdseq |
|-------|------|
|-------|------|
 
2025-04-04T01:48:10.292 [http-nio-8080-exec-9] DEBUG j.sqltiming -  com.zaxxer.hikari.pool.ProxyPreparedStatement.execute(ProxyPreparedStatement.java:44)
202. select
		cdNameEng,
		cdSeq
		from
			code
		where 1=1
			and codeGroup_cgSeq=11
		order by cdSeq desc
 {executed in 3 msec} 
2025-04-04T01:48:10.292 [http-nio-8080-exec-9] INFO j.resultsettable - 
|----------|------|
|cdnameeng |cdseq |
|----------|------|
|----------|------|
 
2025-04-04T01:48:10.297 [http-nio-8080-exec-9] DEBUG j.sqltiming -  com.zaxxer.hikari.pool.ProxyPreparedStatement.execute(ProxyPreparedStatement.java:44)
202. select
		cdName,
	    cdSeq
	from
		code
	where 1=1
		and codeGroup_cgSeq=2
	order by cdSeq desc
 {executed in 2 msec} 
2025-04-04T01:48:10.300 [http-nio-8080-exec-9] INFO j.resultsettable - 
|-------|------|
|cdname |cdseq |
|-------|------|
|-------|------|
 
