2025-03-26T20:12:59.049 [http-nio-8080-exec-1] DEBUG j.sqltiming -  com.zaxxer.hikari.pool.ProxyPreparedStatement.execute(ProxyPreparedStatement.java:44)
885. select
			a.cgSeq,
			a.cgdelNy,
			a.cgUse,
		    a.cgName,
		    a.cgNameEng,
		    (select count(aa.cdSeq) from code aa where 1=1 and aa.cdDelNy = 0 and aa.codeGroup_cgSeq = a.cgSeq) as cdSeqCount,
		    a.cgOrder,
		    a.cgRegDate,
		    a.cgEdDate
				from
				codegroup as a 		
				where 1=1
			AND a.cgSeq = '29'
 {executed in 1 msec} 
2025-03-26T20:12:59.051 [http-nio-8080-exec-1] INFO j.resultsettable - 
|------|--------|------|-------|----------|-----------|--------|--------------------|---------|
|cgseq |cgdelny |cguse |cgname |cgnameeng |cdseqcount |cgorder |cgregdate           |cgeddate |
|------|--------|------|-------|----------|-----------|--------|--------------------|---------|
|29    |0       |1     |ㄴ      |hihi      |0          |44      |2025-03-26T10:57:52 |[null]   |
|------|--------|------|-------|----------|-----------|--------|--------------------|---------|
 
2025-03-26T20:13:02.347 [http-nio-8080-exec-3] DEBUG j.sqltiming -  com.zaxxer.hikari.pool.ProxyPreparedStatement.execute(ProxyPreparedStatement.java:44)
885. update codegroup set
		cgUse = 1,
		cgName = 'ㄴ',
		cgNameEng = 'hihi',
		cgOrder = '44'
	where
		cgSeq = '29'
 {executed in 1 msec} 
2025-03-26T20:13:02.362 [http-nio-8080-exec-1] DEBUG j.sqltiming -  com.zaxxer.hikari.pool.ProxyPreparedStatement.execute(ProxyPreparedStatement.java:44)
885. Select count(*)

			from
			codegroup as a 		
			where 1=1
		 AND a.cgUse = 1 
         AND a.cgdelNy = 0
 {executed in 1 msec} 
2025-03-26T20:13:02.363 [http-nio-8080-exec-1] INFO j.resultsettable - 
|---------|
|count(*) |
|---------|
|27       |
|---------|
 
2025-03-26T20:13:02.366 [http-nio-8080-exec-1] DEBUG j.sqltiming -  com.zaxxer.hikari.pool.ProxyPreparedStatement.execute(ProxyPreparedStatement.java:44)
885. select
			a.cgSeq,
			a.cgdelNy,
			a.cgUse,
		    a.cgName,
		    a.cgNameEng,
		    (select count(aa.cdSeq) from code aa where 1=1 and aa.cdDelNy = 0 and aa.codeGroup_cgSeq = a.cgSeq) as cdSeqCount,
		    a.cgOrder,
		    a.cgRegDate,
		    a.cgEdDate

			from
			codegroup as a 		
			where 1=1
		 AND a.cgUse = 1 
         AND a.cgdelNy = 0 

		order by cgSeq desc
		limit 5 offset 0
 {executed in 2 msec} 
2025-03-26T20:13:02.368 [http-nio-8080-exec-1] INFO j.resultsettable - 
|------|--------|------|--------|----------|-----------|--------|--------------------|---------|
|cgseq |cgdelny |cguse |cgname  |cgnameeng |cdseqcount |cgorder |cgregdate           |cgeddate |
|------|--------|------|--------|----------|-----------|--------|--------------------|---------|
|29    |0       |1     |ㄴ       |hihi      |0          |44      |2025-03-26T10:57:52 |[null]   |
|28    |0       |1     |80802r  |hihi      |0          |44      |2025-03-26T10:56:51 |[null]   |
|27    |0       |1     |80802rD |hihi      |0          |44      |2025-03-26T10:56:48 |[null]   |
|26    |0       |1     |80802rD |hihi      |0          |44      |2025-03-26T10:56:39 |[null]   |
|25    |0       |1     |80802rD |hihi      |0          |44      |2025-03-26T10:56:37 |[null]   |
|------|--------|------|--------|----------|-----------|--------|--------------------|---------|
 
2025-03-26T20:19:42.356 [http-nio-8080-exec-4] DEBUG j.sqltiming -  com.zaxxer.hikari.pool.ProxyPreparedStatement.execute(ProxyPreparedStatement.java:44)
895. Select count(*)

			from
			codegroup as a 		
			where 1=1
		 AND a.cgUse = 1 
         AND a.cgdelNy = 0
 {executed in 2 msec} 
2025-03-26T20:19:42.357 [http-nio-8080-exec-4] INFO j.resultsettable - 
|---------|
|count(*) |
|---------|
|27       |
|---------|
 
2025-03-26T20:19:42.364 [http-nio-8080-exec-4] DEBUG j.sqltiming -  com.zaxxer.hikari.pool.ProxyPreparedStatement.execute(ProxyPreparedStatement.java:44)
895. select
			a.cgSeq,
			a.cgdelNy,
			a.cgUse,
		    a.cgName,
		    a.cgNameEng,
		    (select count(aa.cdSeq) from code aa where 1=1 and aa.cdDelNy = 0 and aa.codeGroup_cgSeq = a.cgSeq) as cdSeqCount,
		    a.cgOrder,
		    a.cgRegDate,
		    a.cgEdDate

			from
			codegroup as a 		
			where 1=1
		 AND a.cgUse = 1 
         AND a.cgdelNy = 0 

		order by cgSeq desc
		limit 5 offset 0
 {executed in 2 msec} 
2025-03-26T20:19:42.368 [http-nio-8080-exec-4] INFO j.resultsettable - 
|------|--------|------|--------|----------|-----------|--------|--------------------|---------|
|cgseq |cgdelny |cguse |cgname  |cgnameeng |cdseqcount |cgorder |cgregdate           |cgeddate |
|------|--------|------|--------|----------|-----------|--------|--------------------|---------|
|29    |0       |1     |ㄴ       |hihi      |0          |44      |2025-03-26T10:57:52 |[null]   |
|28    |0       |1     |80802r  |hihi      |0          |44      |2025-03-26T10:56:51 |[null]   |
|27    |0       |1     |80802rD |hihi      |0          |44      |2025-03-26T10:56:48 |[null]   |
|26    |0       |1     |80802rD |hihi      |0          |44      |2025-03-26T10:56:39 |[null]   |
|25    |0       |1     |80802rD |hihi      |0          |44      |2025-03-26T10:56:37 |[null]   |
|------|--------|------|--------|----------|-----------|--------|--------------------|---------|
 
2025-03-26T20:19:44.006 [http-nio-8080-exec-9] DEBUG j.sqltiming -  com.zaxxer.hikari.pool.ProxyPreparedStatement.execute(ProxyPreparedStatement.java:44)
895. select
			a.cgSeq,
			a.cgdelNy,
			a.cgUse,
		    a.cgName,
		    a.cgNameEng,
		    (select count(aa.cdSeq) from code aa where 1=1 and aa.cdDelNy = 0 and aa.codeGroup_cgSeq = a.cgSeq) as cdSeqCount,
		    a.cgOrder,
		    a.cgRegDate,
		    a.cgEdDate
				from
				codegroup as a 		
				where 1=1
			AND a.cgSeq = '29'
 {executed in 2 msec} 
2025-03-26T20:19:44.007 [http-nio-8080-exec-9] INFO j.resultsettable - 
|------|--------|------|-------|----------|-----------|--------|--------------------|---------|
|cgseq |cgdelny |cguse |cgname |cgnameeng |cdseqcount |cgorder |cgregdate           |cgeddate |
|------|--------|------|-------|----------|-----------|--------|--------------------|---------|
|29    |0       |1     |ㄴ      |hihi      |0          |44      |2025-03-26T10:57:52 |[null]   |
|------|--------|------|-------|----------|-----------|--------|--------------------|---------|
 
2025-03-26T20:20:13.728 [http-nio-8080-exec-3] DEBUG j.sqltiming -  com.zaxxer.hikari.pool.ProxyPreparedStatement.execute(ProxyPreparedStatement.java:44)
895. select
			a.cgSeq,
			a.cgdelNy,
			a.cgUse,
		    a.cgName,
		    a.cgNameEng,
		    (select count(aa.cdSeq) from code aa where 1=1 and aa.cdDelNy = 0 and aa.codeGroup_cgSeq = a.cgSeq) as cdSeqCount,
		    a.cgOrder,
		    a.cgRegDate,
		    a.cgEdDate
				from
				codegroup as a 		
				where 1=1
			AND a.cgSeq = '29'
 {executed in 1 msec} 
2025-03-26T20:20:13.729 [http-nio-8080-exec-3] INFO j.resultsettable - 
|------|--------|------|-------|----------|-----------|--------|--------------------|---------|
|cgseq |cgdelny |cguse |cgname |cgnameeng |cdseqcount |cgorder |cgregdate           |cgeddate |
|------|--------|------|-------|----------|-----------|--------|--------------------|---------|
|29    |0       |1     |ㄴ      |hihi      |0          |44      |2025-03-26T10:57:52 |[null]   |
|------|--------|------|-------|----------|-----------|--------|--------------------|---------|
 
2025-03-26T20:20:17.329 [http-nio-8080-exec-7] DEBUG j.sqltiming -  com.zaxxer.hikari.pool.ProxyPreparedStatement.execute(ProxyPreparedStatement.java:44)
895. Update codegroup set
			cgdelNy = 1
		Where cgSeq = '29'
 {executed in 8 msec} 
2025-03-26T20:20:17.338 [http-nio-8080-exec-3] DEBUG j.sqltiming -  com.zaxxer.hikari.pool.ProxyPreparedStatement.execute(ProxyPreparedStatement.java:44)
895. Select count(*)

			from
			codegroup as a 		
			where 1=1
		 AND a.cgUse = 1 
         AND a.cgdelNy = 0
 {executed in 1 msec} 
2025-03-26T20:20:17.339 [http-nio-8080-exec-3] INFO j.resultsettable - 
|---------|
|count(*) |
|---------|
|26       |
|---------|
 
2025-03-26T20:20:17.346 [http-nio-8080-exec-3] DEBUG j.sqltiming -  com.zaxxer.hikari.pool.ProxyPreparedStatement.execute(ProxyPreparedStatement.java:44)
895. select
			a.cgSeq,
			a.cgdelNy,
			a.cgUse,
		    a.cgName,
		    a.cgNameEng,
		    (select count(aa.cdSeq) from code aa where 1=1 and aa.cdDelNy = 0 and aa.codeGroup_cgSeq = a.cgSeq) as cdSeqCount,
		    a.cgOrder,
		    a.cgRegDate,
		    a.cgEdDate

			from
			codegroup as a 		
			where 1=1
		 AND a.cgUse = 1 
         AND a.cgdelNy = 0 

		order by cgSeq desc
		limit 5 offset 0
 {executed in 2 msec} 
2025-03-26T20:20:17.347 [http-nio-8080-exec-3] INFO j.resultsettable - 
|------|--------|------|--------|----------|-----------|--------|--------------------|---------|
|cgseq |cgdelny |cguse |cgname  |cgnameeng |cdseqcount |cgorder |cgregdate           |cgeddate |
|------|--------|------|--------|----------|-----------|--------|--------------------|---------|
|28    |0       |1     |80802r  |hihi      |0          |44      |2025-03-26T10:56:51 |[null]   |
|27    |0       |1     |80802rD |hihi      |0          |44      |2025-03-26T10:56:48 |[null]   |
|26    |0       |1     |80802rD |hihi      |0          |44      |2025-03-26T10:56:39 |[null]   |
|25    |0       |1     |80802rD |hihi      |0          |44      |2025-03-26T10:56:37 |[null]   |
|24    |0       |1     |80802rD |hihi      |0          |44      |2025-03-26T10:54:34 |[null]   |
|------|--------|------|--------|----------|-----------|--------|--------------------|---------|
 
2025-03-26T20:20:18.517 [http-nio-8080-exec-8] DEBUG j.sqltiming -  com.zaxxer.hikari.pool.ProxyPreparedStatement.execute(ProxyPreparedStatement.java:44)
895. select
			a.cgSeq,
			a.cgdelNy,
			a.cgUse,
		    a.cgName,
		    a.cgNameEng,
		    (select count(aa.cdSeq) from code aa where 1=1 and aa.cdDelNy = 0 and aa.codeGroup_cgSeq = a.cgSeq) as cdSeqCount,
		    a.cgOrder,
		    a.cgRegDate,
		    a.cgEdDate
				from
				codegroup as a 		
				where 1=1
			AND a.cgSeq = '28'
 {executed in 2 msec} 
2025-03-26T20:20:18.518 [http-nio-8080-exec-8] INFO j.resultsettable - 
|------|--------|------|-------|----------|-----------|--------|--------------------|---------|
|cgseq |cgdelny |cguse |cgname |cgnameeng |cdseqcount |cgorder |cgregdate           |cgeddate |
|------|--------|------|-------|----------|-----------|--------|--------------------|---------|
|28    |0       |1     |80802r |hihi      |0          |44      |2025-03-26T10:56:51 |[null]   |
|------|--------|------|-------|----------|-----------|--------|--------------------|---------|
 
2025-03-26T20:20:20.400 [http-nio-8080-exec-1] DEBUG j.sqltiming -  com.zaxxer.hikari.pool.ProxyPreparedStatement.execute(ProxyPreparedStatement.java:44)
895. Update codegroup set
			cgdelNy = 1
		Where cgSeq = '28'
 {executed in 6 msec} 
2025-03-26T20:20:20.414 [http-nio-8080-exec-9] DEBUG j.sqltiming -  com.zaxxer.hikari.pool.ProxyPreparedStatement.execute(ProxyPreparedStatement.java:44)
895. Select count(*)

			from
			codegroup as a 		
			where 1=1
		 AND a.cgUse = 1 
         AND a.cgdelNy = 0
 {executed in 1 msec} 
2025-03-26T20:20:20.416 [http-nio-8080-exec-9] INFO j.resultsettable - 
|---------|
|count(*) |
|---------|
|25       |
|---------|
 
2025-03-26T20:20:20.420 [http-nio-8080-exec-9] DEBUG j.sqltiming -  com.zaxxer.hikari.pool.ProxyPreparedStatement.execute(ProxyPreparedStatement.java:44)
895. select
			a.cgSeq,
			a.cgdelNy,
			a.cgUse,
		    a.cgName,
		    a.cgNameEng,
		    (select count(aa.cdSeq) from code aa where 1=1 and aa.cdDelNy = 0 and aa.codeGroup_cgSeq = a.cgSeq) as cdSeqCount,
		    a.cgOrder,
		    a.cgRegDate,
		    a.cgEdDate

			from
			codegroup as a 		
			where 1=1
		 AND a.cgUse = 1 
         AND a.cgdelNy = 0 

		order by cgSeq desc
		limit 5 offset 0
 {executed in 1 msec} 
2025-03-26T20:20:20.421 [http-nio-8080-exec-9] INFO j.resultsettable - 
|------|--------|------|--------|----------|-----------|--------|--------------------|---------|
|cgseq |cgdelny |cguse |cgname  |cgnameeng |cdseqcount |cgorder |cgregdate           |cgeddate |
|------|--------|------|--------|----------|-----------|--------|--------------------|---------|
|27    |0       |1     |80802rD |hihi      |0          |44      |2025-03-26T10:56:48 |[null]   |
|26    |0       |1     |80802rD |hihi      |0          |44      |2025-03-26T10:56:39 |[null]   |
|25    |0       |1     |80802rD |hihi      |0          |44      |2025-03-26T10:56:37 |[null]   |
|24    |0       |1     |80802rD |hihi      |0          |44      |2025-03-26T10:54:34 |[null]   |
|23    |0       |1     |80802rD |hihi      |0          |44      |2025-03-26T10:52:51 |[null]   |
|------|--------|------|--------|----------|-----------|--------|--------------------|---------|
 
2025-03-26T20:20:52.112 [http-nio-8080-exec-6] DEBUG j.sqltiming -  com.zaxxer.hikari.pool.ProxyPreparedStatement.execute(ProxyPreparedStatement.java:44)
895. Select count(*)

			from
			codegroup as a 		
			where 1=1
		 AND a.cgUse = 1 
         AND a.cgdelNy = 0
 {executed in 2 msec} 
2025-03-26T20:20:52.113 [http-nio-8080-exec-6] INFO j.resultsettable - 
|---------|
|count(*) |
|---------|
|25       |
|---------|
 
2025-03-26T20:20:52.120 [http-nio-8080-exec-6] DEBUG j.sqltiming -  com.zaxxer.hikari.pool.ProxyPreparedStatement.execute(ProxyPreparedStatement.java:44)
895. select
			a.cgSeq,
			a.cgdelNy,
			a.cgUse,
		    a.cgName,
		    a.cgNameEng,
		    (select count(aa.cdSeq) from code aa where 1=1 and aa.cdDelNy = 0 and aa.codeGroup_cgSeq = a.cgSeq) as cdSeqCount,
		    a.cgOrder,
		    a.cgRegDate,
		    a.cgEdDate

			from
			codegroup as a 		
			where 1=1
		 AND a.cgUse = 1 
         AND a.cgdelNy = 0 

		order by cgSeq desc
		limit 5 offset 0
 {executed in 4 msec} 
2025-03-26T20:20:52.122 [http-nio-8080-exec-6] INFO j.resultsettable - 
|------|--------|------|--------|----------|-----------|--------|--------------------|---------|
|cgseq |cgdelny |cguse |cgname  |cgnameeng |cdseqcount |cgorder |cgregdate           |cgeddate |
|------|--------|------|--------|----------|-----------|--------|--------------------|---------|
|27    |0       |1     |80802rD |hihi      |0          |44      |2025-03-26T10:56:48 |[null]   |
|26    |0       |1     |80802rD |hihi      |0          |44      |2025-03-26T10:56:39 |[null]   |
|25    |0       |1     |80802rD |hihi      |0          |44      |2025-03-26T10:56:37 |[null]   |
|24    |0       |1     |80802rD |hihi      |0          |44      |2025-03-26T10:54:34 |[null]   |
|23    |0       |1     |80802rD |hihi      |0          |44      |2025-03-26T10:52:51 |[null]   |
|------|--------|------|--------|----------|-----------|--------|--------------------|---------|
 
2025-03-26T20:20:54.055 [http-nio-8080-exec-4] DEBUG j.sqltiming -  com.zaxxer.hikari.pool.ProxyPreparedStatement.execute(ProxyPreparedStatement.java:44)
895. select
			a.cgSeq,
			a.cgdelNy,
			a.cgUse,
		    a.cgName,
		    a.cgNameEng,
		    (select count(aa.cdSeq) from code aa where 1=1 and aa.cdDelNy = 0 and aa.codeGroup_cgSeq = a.cgSeq) as cdSeqCount,
		    a.cgOrder,
		    a.cgRegDate,
		    a.cgEdDate
				from
				codegroup as a 		
				where 1=1
			AND a.cgSeq = '27'
 {executed in 1 msec} 
2025-03-26T20:20:54.056 [http-nio-8080-exec-4] INFO j.resultsettable - 
|------|--------|------|--------|----------|-----------|--------|--------------------|---------|
|cgseq |cgdelny |cguse |cgname  |cgnameeng |cdseqcount |cgorder |cgregdate           |cgeddate |
|------|--------|------|--------|----------|-----------|--------|--------------------|---------|
|27    |0       |1     |80802rD |hihi      |0          |44      |2025-03-26T10:56:48 |[null]   |
|------|--------|------|--------|----------|-----------|--------|--------------------|---------|
 
2025-03-26T20:20:57.368 [http-nio-8080-exec-3] DEBUG j.sqltiming -  com.zaxxer.hikari.pool.ProxyPreparedStatement.execute(ProxyPreparedStatement.java:44)
895. Update codegroup set
			cgdelNy = 1
		Where cgSeq = '27'
 {executed in 6 msec} 
2025-03-26T20:20:57.378 [http-nio-8080-exec-5] DEBUG j.sqltiming -  com.zaxxer.hikari.pool.ProxyPreparedStatement.execute(ProxyPreparedStatement.java:44)
895. Select count(*)

			from
			codegroup as a 		
			where 1=1
		 AND a.cgUse = 1 
         AND a.cgdelNy = 0
 {executed in 1 msec} 
2025-03-26T20:20:57.378 [http-nio-8080-exec-5] INFO j.resultsettable - 
|---------|
|count(*) |
|---------|
|24       |
|---------|
 
2025-03-26T20:20:57.382 [http-nio-8080-exec-5] DEBUG j.sqltiming -  com.zaxxer.hikari.pool.ProxyPreparedStatement.execute(ProxyPreparedStatement.java:44)
895. select
			a.cgSeq,
			a.cgdelNy,
			a.cgUse,
		    a.cgName,
		    a.cgNameEng,
		    (select count(aa.cdSeq) from code aa where 1=1 and aa.cdDelNy = 0 and aa.codeGroup_cgSeq = a.cgSeq) as cdSeqCount,
		    a.cgOrder,
		    a.cgRegDate,
		    a.cgEdDate

			from
			codegroup as a 		
			where 1=1
		 AND a.cgUse = 1 
         AND a.cgdelNy = 0 

		order by cgSeq desc
		limit 5 offset 0
 {executed in 1 msec} 
2025-03-26T20:20:57.383 [http-nio-8080-exec-5] INFO j.resultsettable - 
|------|--------|------|--------|----------|-----------|--------|--------------------|---------|
|cgseq |cgdelny |cguse |cgname  |cgnameeng |cdseqcount |cgorder |cgregdate           |cgeddate |
|------|--------|------|--------|----------|-----------|--------|--------------------|---------|
|26    |0       |1     |80802rD |hihi      |0          |44      |2025-03-26T10:56:39 |[null]   |
|25    |0       |1     |80802rD |hihi      |0          |44      |2025-03-26T10:56:37 |[null]   |
|24    |0       |1     |80802rD |hihi      |0          |44      |2025-03-26T10:54:34 |[null]   |
|23    |0       |1     |80802rD |hihi      |0          |44      |2025-03-26T10:52:51 |[null]   |
|22    |0       |1     |80802rD |hihi      |0          |44      |2025-03-26T10:49:22 |[null]   |
|------|--------|------|--------|----------|-----------|--------|--------------------|---------|
 
2025-03-26T20:34:20.395 [http-nio-8080-exec-8] DEBUG j.sqltiming -  com.zaxxer.hikari.pool.ProxyPreparedStatement.execute(ProxyPreparedStatement.java:44)
895. select
			a.cgSeq,
			a.cgdelNy,
			a.cgUse,
		    a.cgName,
		    a.cgNameEng,
		    (select count(aa.cdSeq) from code aa where 1=1 and aa.cdDelNy = 0 and aa.codeGroup_cgSeq = a.cgSeq) as cdSeqCount,
		    a.cgOrder,
		    a.cgRegDate,
		    a.cgEdDate
				from
				codegroup as a 		
				where 1=1
			AND a.cgSeq = '26'
 {executed in 2 msec} 
2025-03-26T20:34:20.398 [http-nio-8080-exec-8] INFO j.resultsettable - 
|------|--------|------|--------|----------|-----------|--------|--------------------|---------|
|cgseq |cgdelny |cguse |cgname  |cgnameeng |cdseqcount |cgorder |cgregdate           |cgeddate |
|------|--------|------|--------|----------|-----------|--------|--------------------|---------|
|26    |0       |1     |80802rD |hihi      |0          |44      |2025-03-26T10:56:39 |[null]   |
|------|--------|------|--------|----------|-----------|--------|--------------------|---------|
 
2025-03-26T20:34:24.202 [http-nio-8080-exec-9] DEBUG j.sqltiming -  com.zaxxer.hikari.pool.ProxyPreparedStatement.execute(ProxyPreparedStatement.java:44)
895. update codegroup set
		cgUse = 1,
		cgName = '808',
		cgNameEng = 'hihi',
		cgOrder = '44'
	where
		cgSeq = '26'
 {executed in 5 msec} 
2025-03-26T20:34:24.213 [http-nio-8080-exec-1] DEBUG j.sqltiming -  com.zaxxer.hikari.pool.ProxyPreparedStatement.execute(ProxyPreparedStatement.java:44)
895. Select count(*)

			from
			codegroup as a 		
			where 1=1
		 AND a.cgUse = 1 
         AND a.cgdelNy = 0
 {executed in 1 msec} 
2025-03-26T20:34:24.214 [http-nio-8080-exec-1] INFO j.resultsettable - 
|---------|
|count(*) |
|---------|
|24       |
|---------|
 
2025-03-26T20:34:24.217 [http-nio-8080-exec-1] DEBUG j.sqltiming -  com.zaxxer.hikari.pool.ProxyPreparedStatement.execute(ProxyPreparedStatement.java:44)
895. select
			a.cgSeq,
			a.cgdelNy,
			a.cgUse,
		    a.cgName,
		    a.cgNameEng,
		    (select count(aa.cdSeq) from code aa where 1=1 and aa.cdDelNy = 0 and aa.codeGroup_cgSeq = a.cgSeq) as cdSeqCount,
		    a.cgOrder,
		    a.cgRegDate,
		    a.cgEdDate

			from
			codegroup as a 		
			where 1=1
		 AND a.cgUse = 1 
         AND a.cgdelNy = 0 

		order by cgSeq desc
		limit 5 offset 0
 {executed in 1 msec} 
2025-03-26T20:34:24.219 [http-nio-8080-exec-1] INFO j.resultsettable - 
|------|--------|------|--------|----------|-----------|--------|--------------------|---------|
|cgseq |cgdelny |cguse |cgname  |cgnameeng |cdseqcount |cgorder |cgregdate           |cgeddate |
|------|--------|------|--------|----------|-----------|--------|--------------------|---------|
|26    |0       |1     |808     |hihi      |0          |44      |2025-03-26T10:56:39 |[null]   |
|25    |0       |1     |80802rD |hihi      |0          |44      |2025-03-26T10:56:37 |[null]   |
|24    |0       |1     |80802rD |hihi      |0          |44      |2025-03-26T10:54:34 |[null]   |
|23    |0       |1     |80802rD |hihi      |0          |44      |2025-03-26T10:52:51 |[null]   |
|22    |0       |1     |80802rD |hihi      |0          |44      |2025-03-26T10:49:22 |[null]   |
|------|--------|------|--------|----------|-----------|--------|--------------------|---------|
 
2025-03-26T20:34:26.240 [http-nio-8080-exec-4] DEBUG j.sqltiming -  com.zaxxer.hikari.pool.ProxyPreparedStatement.execute(ProxyPreparedStatement.java:44)
895. Select count(*)

			from
			codegroup as a 		
			where 1=1
		 AND a.cgUse = 1 
         AND a.cgdelNy = 0
 {executed in 2 msec} 
2025-03-26T20:34:26.241 [http-nio-8080-exec-4] INFO j.resultsettable - 
|---------|
|count(*) |
|---------|
|24       |
|---------|
 
2025-03-26T20:34:26.243 [http-nio-8080-exec-4] DEBUG j.sqltiming -  com.zaxxer.hikari.pool.ProxyPreparedStatement.execute(ProxyPreparedStatement.java:44)
895. select
			a.cgSeq,
			a.cgdelNy,
			a.cgUse,
		    a.cgName,
		    a.cgNameEng,
		    (select count(aa.cdSeq) from code aa where 1=1 and aa.cdDelNy = 0 and aa.codeGroup_cgSeq = a.cgSeq) as cdSeqCount,
		    a.cgOrder,
		    a.cgRegDate,
		    a.cgEdDate

			from
			codegroup as a 		
			where 1=1
		 AND a.cgUse = 1 
         AND a.cgdelNy = 0 

		order by cgSeq desc
		limit 5 offset 5
 {executed in 1 msec} 
2025-03-26T20:34:26.244 [http-nio-8080-exec-4] INFO j.resultsettable - 
|------|--------|------|--------|----------|-----------|--------|--------------------|---------|
|cgseq |cgdelny |cguse |cgname  |cgnameeng |cdseqcount |cgorder |cgregdate           |cgeddate |
|------|--------|------|--------|----------|-----------|--------|--------------------|---------|
|21    |0       |1     |80802rD |hihi      |0          |44      |2025-03-26T10:48:39 |[null]   |
|20    |0       |1     |80802rD |hihi      |0          |44      |2025-03-26T10:47:38 |[null]   |
|19    |0       |1     |80802rD |hihi      |0          |44      |2025-03-26T10:47:36 |[null]   |
|18    |0       |1     |80802rD |hihi      |0          |44      |2025-03-26T10:47:33 |[null]   |
|16    |0       |1     |80802rD |hihi      |0          |44      |2025-03-25T23:47:38 |[null]   |
|------|--------|------|--------|----------|-----------|--------|--------------------|---------|
 
2025-03-26T20:34:27.063 [http-nio-8080-exec-8] DEBUG j.sqltiming -  com.zaxxer.hikari.pool.ProxyPreparedStatement.execute(ProxyPreparedStatement.java:44)
895. Select count(*)

			from
			codegroup as a 		
			where 1=1
		 AND a.cgUse = 1 
         AND a.cgdelNy = 0
 {executed in 2 msec} 
2025-03-26T20:34:27.063 [http-nio-8080-exec-8] INFO j.resultsettable - 
|---------|
|count(*) |
|---------|
|24       |
|---------|
 
2025-03-26T20:34:27.066 [http-nio-8080-exec-8] DEBUG j.sqltiming -  com.zaxxer.hikari.pool.ProxyPreparedStatement.execute(ProxyPreparedStatement.java:44)
895. select
			a.cgSeq,
			a.cgdelNy,
			a.cgUse,
		    a.cgName,
		    a.cgNameEng,
		    (select count(aa.cdSeq) from code aa where 1=1 and aa.cdDelNy = 0 and aa.codeGroup_cgSeq = a.cgSeq) as cdSeqCount,
		    a.cgOrder,
		    a.cgRegDate,
		    a.cgEdDate

			from
			codegroup as a 		
			where 1=1
		 AND a.cgUse = 1 
         AND a.cgdelNy = 0 

		order by cgSeq desc
		limit 5 offset 10
 {executed in 1 msec} 
2025-03-26T20:34:27.068 [http-nio-8080-exec-8] INFO j.resultsettable - 
|------|--------|------|-------|----------|-----------|--------|--------------------|---------|
|cgseq |cgdelny |cguse |cgname |cgnameeng |cdseqcount |cgorder |cgregdate           |cgeddate |
|------|--------|------|-------|----------|-----------|--------|--------------------|---------|
|15    |0       |1     |4545ss |4545      |0          |454     |2025-03-25T23:43:44 |[null]   |
|14    |0       |1     |55     |55        |0          |55      |2025-03-25T23:43:21 |[null]   |
|13    |0       |1     |22     |12        |0          |1       |2025-03-25T23:42:06 |[null]   |
|11    |0       |1     |하이     |status    |0          |1       |2025-03-25T23:17:10 |[null]   |
|10    |0       |1     |status |status    |2          |1       |2025-03-23T17:08:37 |[null]   |
|------|--------|------|-------|----------|-----------|--------|--------------------|---------|
 
2025-03-26T20:34:27.278 [http-nio-8080-exec-1] DEBUG j.sqltiming -  com.zaxxer.hikari.pool.ProxyPreparedStatement.execute(ProxyPreparedStatement.java:44)
895. Select count(*)

			from
			codegroup as a 		
			where 1=1
		 AND a.cgUse = 1 
         AND a.cgdelNy = 0
 {executed in 2 msec} 
2025-03-26T20:34:27.278 [http-nio-8080-exec-1] INFO j.resultsettable - 
|---------|
|count(*) |
|---------|
|24       |
|---------|
 
2025-03-26T20:34:27.282 [http-nio-8080-exec-1] DEBUG j.sqltiming -  com.zaxxer.hikari.pool.ProxyPreparedStatement.execute(ProxyPreparedStatement.java:44)
895. select
			a.cgSeq,
			a.cgdelNy,
			a.cgUse,
		    a.cgName,
		    a.cgNameEng,
		    (select count(aa.cdSeq) from code aa where 1=1 and aa.cdDelNy = 0 and aa.codeGroup_cgSeq = a.cgSeq) as cdSeqCount,
		    a.cgOrder,
		    a.cgRegDate,
		    a.cgEdDate

			from
			codegroup as a 		
			where 1=1
		 AND a.cgUse = 1 
         AND a.cgdelNy = 0 

		order by cgSeq desc
		limit 5 offset 10
 {executed in 2 msec} 
2025-03-26T20:34:27.284 [http-nio-8080-exec-1] INFO j.resultsettable - 
|------|--------|------|-------|----------|-----------|--------|--------------------|---------|
|cgseq |cgdelny |cguse |cgname |cgnameeng |cdseqcount |cgorder |cgregdate           |cgeddate |
|------|--------|------|-------|----------|-----------|--------|--------------------|---------|
|15    |0       |1     |4545ss |4545      |0          |454     |2025-03-25T23:43:44 |[null]   |
|14    |0       |1     |55     |55        |0          |55      |2025-03-25T23:43:21 |[null]   |
|13    |0       |1     |22     |12        |0          |1       |2025-03-25T23:42:06 |[null]   |
|11    |0       |1     |하이     |status    |0          |1       |2025-03-25T23:17:10 |[null]   |
|10    |0       |1     |status |status    |2          |1       |2025-03-23T17:08:37 |[null]   |
|------|--------|------|-------|----------|-----------|--------|--------------------|---------|
 
2025-03-26T20:34:28.061 [http-nio-8080-exec-6] DEBUG j.sqltiming -  com.zaxxer.hikari.pool.ProxyPreparedStatement.execute(ProxyPreparedStatement.java:44)
895. Select count(*)

			from
			codegroup as a 		
			where 1=1
		 AND a.cgUse = 1 
         AND a.cgdelNy = 0
 {executed in 1 msec} 
2025-03-26T20:34:28.062 [http-nio-8080-exec-6] INFO j.resultsettable - 
|---------|
|count(*) |
|---------|
|24       |
|---------|
 
2025-03-26T20:34:28.067 [http-nio-8080-exec-6] DEBUG j.sqltiming -  com.zaxxer.hikari.pool.ProxyPreparedStatement.execute(ProxyPreparedStatement.java:44)
895. select
			a.cgSeq,
			a.cgdelNy,
			a.cgUse,
		    a.cgName,
		    a.cgNameEng,
		    (select count(aa.cdSeq) from code aa where 1=1 and aa.cdDelNy = 0 and aa.codeGroup_cgSeq = a.cgSeq) as cdSeqCount,
		    a.cgOrder,
		    a.cgRegDate,
		    a.cgEdDate

			from
			codegroup as a 		
			where 1=1
		 AND a.cgUse = 1 
         AND a.cgdelNy = 0 

		order by cgSeq desc
		limit 5 offset 15
 {executed in 3 msec} 
2025-03-26T20:34:28.068 [http-nio-8080-exec-6] INFO j.resultsettable - 
|------|--------|------|-------|------------|-----------|--------|--------------------|---------|
|cgseq |cgdelny |cguse |cgname |cgnameeng   |cdseqcount |cgorder |cgregdate           |cgeddate |
|------|--------|------|-------|------------|-----------|--------|--------------------|---------|
|9     |0       |1     |이닝     |Inning      |40         |1       |2025-03-22T13:33:54 |[null]   |
|8     |0       |1     |국적     |Nationality |21         |1       |2025-03-22T10:51:18 |[null]   |
|7     |0       |1     |타      |Bat         |3          |1       |2025-03-21T17:26:47 |[null]   |
|6     |0       |1     |투      |Throw       |3          |1       |2025-03-21T17:26:35 |[null]   |
|5     |0       |1     |포지션    |Position    |13         |1       |2025-03-21T17:24:04 |[null]   |
|------|--------|------|-------|------------|-----------|--------|--------------------|---------|
 
2025-03-26T20:34:28.763 [http-nio-8080-exec-9] DEBUG j.sqltiming -  com.zaxxer.hikari.pool.ProxyPreparedStatement.execute(ProxyPreparedStatement.java:44)
895. Select count(*)

			from
			codegroup as a 		
			where 1=1
		 AND a.cgUse = 1 
         AND a.cgdelNy = 0
 {executed in 1 msec} 
2025-03-26T20:34:28.765 [http-nio-8080-exec-9] INFO j.resultsettable - 
|---------|
|count(*) |
|---------|
|24       |
|---------|
 
2025-03-26T20:34:28.769 [http-nio-8080-exec-9] DEBUG j.sqltiming -  com.zaxxer.hikari.pool.ProxyPreparedStatement.execute(ProxyPreparedStatement.java:44)
895. select
			a.cgSeq,
			a.cgdelNy,
			a.cgUse,
		    a.cgName,
		    a.cgNameEng,
		    (select count(aa.cdSeq) from code aa where 1=1 and aa.cdDelNy = 0 and aa.codeGroup_cgSeq = a.cgSeq) as cdSeqCount,
		    a.cgOrder,
		    a.cgRegDate,
		    a.cgEdDate

			from
			codegroup as a 		
			where 1=1
		 AND a.cgUse = 1 
         AND a.cgdelNy = 0 

		order by cgSeq desc
		limit 5 offset 10
 {executed in 3 msec} 
2025-03-26T20:34:28.770 [http-nio-8080-exec-9] INFO j.resultsettable - 
|------|--------|------|-------|----------|-----------|--------|--------------------|---------|
|cgseq |cgdelny |cguse |cgname |cgnameeng |cdseqcount |cgorder |cgregdate           |cgeddate |
|------|--------|------|-------|----------|-----------|--------|--------------------|---------|
|15    |0       |1     |4545ss |4545      |0          |454     |2025-03-25T23:43:44 |[null]   |
|14    |0       |1     |55     |55        |0          |55      |2025-03-25T23:43:21 |[null]   |
|13    |0       |1     |22     |12        |0          |1       |2025-03-25T23:42:06 |[null]   |
|11    |0       |1     |하이     |status    |0          |1       |2025-03-25T23:17:10 |[null]   |
|10    |0       |1     |status |status    |2          |1       |2025-03-23T17:08:37 |[null]   |
|------|--------|------|-------|----------|-----------|--------|--------------------|---------|
 
2025-03-26T20:34:29.563 [http-nio-8080-exec-2] DEBUG j.sqltiming -  com.zaxxer.hikari.pool.ProxyPreparedStatement.execute(ProxyPreparedStatement.java:44)
895. Select count(*)

			from
			codegroup as a 		
			where 1=1
		 AND a.cgUse = 1 
         AND a.cgdelNy = 0
 {executed in 1 msec} 
2025-03-26T20:34:29.563 [http-nio-8080-exec-2] INFO j.resultsettable - 
|---------|
|count(*) |
|---------|
|24       |
|---------|
 
2025-03-26T20:34:29.565 [http-nio-8080-exec-2] DEBUG j.sqltiming -  com.zaxxer.hikari.pool.ProxyPreparedStatement.execute(ProxyPreparedStatement.java:44)
895. select
			a.cgSeq,
			a.cgdelNy,
			a.cgUse,
		    a.cgName,
		    a.cgNameEng,
		    (select count(aa.cdSeq) from code aa where 1=1 and aa.cdDelNy = 0 and aa.codeGroup_cgSeq = a.cgSeq) as cdSeqCount,
		    a.cgOrder,
		    a.cgRegDate,
		    a.cgEdDate

			from
			codegroup as a 		
			where 1=1
		 AND a.cgUse = 1 
         AND a.cgdelNy = 0 

		order by cgSeq desc
		limit 5 offset 15
 {executed in 1 msec} 
2025-03-26T20:34:29.566 [http-nio-8080-exec-2] INFO j.resultsettable - 
|------|--------|------|-------|------------|-----------|--------|--------------------|---------|
|cgseq |cgdelny |cguse |cgname |cgnameeng   |cdseqcount |cgorder |cgregdate           |cgeddate |
|------|--------|------|-------|------------|-----------|--------|--------------------|---------|
|9     |0       |1     |이닝     |Inning      |40         |1       |2025-03-22T13:33:54 |[null]   |
|8     |0       |1     |국적     |Nationality |21         |1       |2025-03-22T10:51:18 |[null]   |
|7     |0       |1     |타      |Bat         |3          |1       |2025-03-21T17:26:47 |[null]   |
|6     |0       |1     |투      |Throw       |3          |1       |2025-03-21T17:26:35 |[null]   |
|5     |0       |1     |포지션    |Position    |13         |1       |2025-03-21T17:24:04 |[null]   |
|------|--------|------|-------|------------|-----------|--------|--------------------|---------|
 
2025-03-26T20:34:30.111 [http-nio-8080-exec-5] DEBUG j.sqltiming -  com.zaxxer.hikari.pool.ProxyPreparedStatement.execute(ProxyPreparedStatement.java:44)
895. Select count(*)

			from
			codegroup as a 		
			where 1=1
		 AND a.cgUse = 1 
         AND a.cgdelNy = 0
 {executed in 1 msec} 
2025-03-26T20:34:30.111 [http-nio-8080-exec-5] INFO j.resultsettable - 
|---------|
|count(*) |
|---------|
|24       |
|---------|
 
2025-03-26T20:34:30.115 [http-nio-8080-exec-5] DEBUG j.sqltiming -  com.zaxxer.hikari.pool.ProxyPreparedStatement.execute(ProxyPreparedStatement.java:44)
895. select
			a.cgSeq,
			a.cgdelNy,
			a.cgUse,
		    a.cgName,
		    a.cgNameEng,
		    (select count(aa.cdSeq) from code aa where 1=1 and aa.cdDelNy = 0 and aa.codeGroup_cgSeq = a.cgSeq) as cdSeqCount,
		    a.cgOrder,
		    a.cgRegDate,
		    a.cgEdDate

			from
			codegroup as a 		
			where 1=1
		 AND a.cgUse = 1 
         AND a.cgdelNy = 0 

		order by cgSeq desc
		limit 5 offset 10
 {executed in 3 msec} 
2025-03-26T20:34:30.116 [http-nio-8080-exec-5] INFO j.resultsettable - 
|------|--------|------|-------|----------|-----------|--------|--------------------|---------|
|cgseq |cgdelny |cguse |cgname |cgnameeng |cdseqcount |cgorder |cgregdate           |cgeddate |
|------|--------|------|-------|----------|-----------|--------|--------------------|---------|
|15    |0       |1     |4545ss |4545      |0          |454     |2025-03-25T23:43:44 |[null]   |
|14    |0       |1     |55     |55        |0          |55      |2025-03-25T23:43:21 |[null]   |
|13    |0       |1     |22     |12        |0          |1       |2025-03-25T23:42:06 |[null]   |
|11    |0       |1     |하이     |status    |0          |1       |2025-03-25T23:17:10 |[null]   |
|10    |0       |1     |status |status    |2          |1       |2025-03-23T17:08:37 |[null]   |
|------|--------|------|-------|----------|-----------|--------|--------------------|---------|
 
2025-03-26T20:42:29.948 [File Watcher] INFO o.s.b.d.a.LocalDevToolsAutoConfiguration$RestartingClassPathChangeChangedEventListener - Restarting due to 1 class path change (0 additions, 0 deletions, 1 modification) 
2025-03-26T20:42:29.951 [Thread-341] INFO o.s.b.w.e.t.GracefulShutdown - Commencing graceful shutdown. Waiting for active requests to complete 
2025-03-26T20:42:29.952 [tomcat-shutdown] INFO o.a.c.h.Http11NioProtocol - Pausing ProtocolHandler ["http-nio-8080"] 
2025-03-26T20:42:29.967 [tomcat-shutdown] INFO o.s.b.w.e.t.GracefulShutdown - Graceful shutdown complete 
2025-03-26T20:42:29.967 [Thread-341] INFO o.a.c.h.Http11NioProtocol - Stopping ProtocolHandler ["http-nio-8080"] 
2025-03-26T20:42:29.971 [Thread-341] INFO c.z.h.HikariDataSource - HikariPool-82 - Shutdown initiated... 
2025-03-26T20:42:29.980 [Thread-341] INFO c.z.h.HikariDataSource - HikariPool-82 - Shutdown completed. 
2025-03-26T20:42:30.111 [restartedMain] INFO c.a.AngelsApplication - Starting AngelsApplication using Java 21.0.5 with PID 6884 (C:\factory\ws_sts4_4270\repo_angels\angels\bin\main started by sunjs in C:\factory\ws_sts4_4270\repo_angels\angels) 
2025-03-26T20:42:30.111 [restartedMain] INFO c.a.AngelsApplication - No active profile set, falling back to 1 default profile: "default" 
2025-03-26T20:42:30.691 [restartedMain] INFO o.s.b.w.e.t.TomcatWebServer - Tomcat initialized with port 8080 (http) 
2025-03-26T20:42:30.693 [restartedMain] INFO o.a.c.h.Http11NioProtocol - Initializing ProtocolHandler ["http-nio-8080"] 
2025-03-26T20:42:30.693 [restartedMain] INFO o.a.c.c.StandardService - Starting service [Tomcat] 
2025-03-26T20:42:30.694 [restartedMain] INFO o.a.c.c.StandardEngine - Starting Servlet engine: [Apache Tomcat/10.1.36] 
2025-03-26T20:42:30.724 [restartedMain] INFO o.a.c.c.C.[.[.[/] - Initializing Spring embedded WebApplicationContext 
2025-03-26T20:42:30.724 [restartedMain] INFO o.s.b.w.s.c.ServletWebServerApplicationContext - Root WebApplicationContext: initialization completed in 608 ms 
2025-03-26T20:42:30.894 [restartedMain] INFO c.z.h.HikariDataSource - HikariPool-83 - Starting... 
2025-03-26T20:42:30.917 [restartedMain] INFO c.z.h.p.HikariPool - HikariPool-83 - Added connection net.sf.log4jdbc.sql.jdbcapi.ConnectionSpy@6ef40889 
2025-03-26T20:42:30.917 [restartedMain] INFO c.z.h.HikariDataSource - HikariPool-83 - Start completed. 
2025-03-26T20:42:30.919 [restartedMain] DEBUG j.sqltiming -  com.zaxxer.hikari.pool.ProxyPreparedStatement.execute(ProxyPreparedStatement.java:44)
905. SELECT 
			cdSeq,
			cdName,
			codeGroup_cgSeq
		FROM
			code
		WHERE 1=1
			AND cdDelNy = 0
 {executed in 1 msec} 
2025-03-26T20:42:30.923 [restartedMain] INFO j.resultsettable - 
|------|----------|----------------|
|cdseq |cdname    |codegroup_cgseq |
|------|----------|----------------|
|1     |SKT       |1               |
|2     |KT        |1               |
|3     |LG U+     |1               |
|4     |SKT 알뜰폰   |1               |
|5     |KT 알뜰폰    |1               |
|6     |LG U+ 알뜰폰 |1               |
|7     |남자        |2               |
|8     |여자        |2               |
|9     |AL        |3               |
|10    |NL        |3               |
|11    |East      |4               |
|12    |Central   |4               |
|13    |West      |4               |
|14    |투수        |5               |
|15    |1루수       |5               |
|16    |2루수       |5               |
|17    |3루수       |5               |
|18    |유격수       |5               |
|19    |좌익수       |5               |
|20    |중견수       |5               |
|21    |우익수       |5               |
|22    |포수        |5               |
|23    |지명타자      |5               |
|24    |대타        |5               |
|25    |대주자       |5               |
|26    |좌투        |6               |
|27    |우투        |6               |
|28    |양투        |6               |
|29    |좌타        |7               |
|30    |우타        |7               |
|31    |양타        |7               |
|32    |미국        |8               |
|33    |도미니카 공화국  |8               |
|34    |베네수엘라     |8               |
|35    |쿠바        |8               |
|36    |푸에르토리코    |8               |
|37    |멕시코       |8               |
|38    |캐나다       |8               |
|39    |일본        |8               |
|40    |콜롬비아      |8               |
|41    |대한민국      |8               |
|42    |파나마       |8               |
|43    |퀴라소       |8               |
|44    |네덜란드      |8               |
|45    |바하마       |8               |
|46    |니카라과      |8               |
|47    |호주        |8               |
|48    |브라질       |8               |
|49    |독일        |8               |
|50    |온두라스      |8               |
|51    |대만        |8               |
|52    |아루바       |8               |
|53    |1회초       |9               |
|54    |1회말       |9               |
|55    |2회초       |9               |
|56    |2회말       |9               |
|57    |3회초       |9               |
|58    |3회말       |9               |
|59    |4회초       |9               |
|60    |4회말       |9               |
|61    |5회초       |9               |
|62    |5회말       |9               |
|63    |6회초       |9               |
|64    |6회말       |9               |
|65    |7회초       |9               |
|66    |7회말       |9               |
|67    |8회초       |9               |
|68    |8회말       |9               |
|69    |9회초       |9               |
|70    |9회말       |9               |
|71    |10회초      |9               |
|72    |10회말      |9               |
|73    |11회초      |9               |
|74    |11회말      |9               |
|75    |12회초      |9               |
|76    |12회말      |9               |
|77    |13회초      |9               |
|78    |13회말      |9               |
|79    |14회초      |9               |
|80    |14회말      |9               |
|81    |15회초      |9               |
|82    |15회말      |9               |
|83    |16회초      |9               |
|84    |16회말      |9               |
|85    |17회초      |9               |
|86    |17회말      |9               |
|87    |18회초      |9               |
|88    |18회말      |9               |
|89    |19회초      |9               |
|90    |19회말      |9               |
|91    |20회초      |9               |
|92    |20회말      |9               |
|93    |현역        |10              |
|94    |은퇴        |10              |
|95    |투타겸업      |5               |
|------|----------|----------------|
 
2025-03-26T20:42:31.163 [restartedMain] INFO o.s.b.d.a.OptionalLiveReloadServer - LiveReload server is running on port 35729 
2025-03-26T20:42:31.175 [restartedMain] INFO o.a.c.h.Http11NioProtocol - Starting ProtocolHandler ["http-nio-8080"] 
2025-03-26T20:42:31.180 [restartedMain] INFO o.s.b.w.e.t.TomcatWebServer - Tomcat started on port 8080 (http) with context path '/' 
2025-03-26T20:42:31.186 [restartedMain] INFO c.a.AngelsApplication - Started AngelsApplication in 1.154 seconds (process running for 40615.188) 
2025-03-26T20:42:31.188 [restartedMain] INFO o.s.b.d.a.ConditionEvaluationDeltaLoggingListener - Condition evaluation unchanged 
2025-03-26T20:50:41.380 [File Watcher] INFO o.s.b.d.a.LocalDevToolsAutoConfiguration$RestartingClassPathChangeChangedEventListener - Restarting due to 1 class path change (0 additions, 0 deletions, 1 modification) 
2025-03-26T20:50:41.381 [Thread-345] INFO o.s.b.w.e.t.GracefulShutdown - Commencing graceful shutdown. Waiting for active requests to complete 
2025-03-26T20:50:41.382 [tomcat-shutdown] INFO o.a.c.h.Http11NioProtocol - Pausing ProtocolHandler ["http-nio-8080"] 
2025-03-26T20:50:41.398 [tomcat-shutdown] INFO o.s.b.w.e.t.GracefulShutdown - Graceful shutdown complete 
2025-03-26T20:50:41.398 [Thread-345] INFO o.a.c.h.Http11NioProtocol - Stopping ProtocolHandler ["http-nio-8080"] 
2025-03-26T20:50:41.401 [Thread-345] INFO c.z.h.HikariDataSource - HikariPool-83 - Shutdown initiated... 
2025-03-26T20:50:41.409 [Thread-345] INFO c.z.h.HikariDataSource - HikariPool-83 - Shutdown completed. 
2025-03-26T20:50:41.596 [restartedMain] INFO c.a.AngelsApplication - Starting AngelsApplication using Java 21.0.5 with PID 6884 (C:\factory\ws_sts4_4270\repo_angels\angels\bin\main started by sunjs in C:\factory\ws_sts4_4270\repo_angels\angels) 
2025-03-26T20:50:41.596 [restartedMain] INFO c.a.AngelsApplication - No active profile set, falling back to 1 default profile: "default" 
2025-03-26T20:50:42.174 [restartedMain] INFO o.s.b.w.e.t.TomcatWebServer - Tomcat initialized with port 8080 (http) 
2025-03-26T20:50:42.176 [restartedMain] INFO o.a.c.h.Http11NioProtocol - Initializing ProtocolHandler ["http-nio-8080"] 
2025-03-26T20:50:42.176 [restartedMain] INFO o.a.c.c.StandardService - Starting service [Tomcat] 
2025-03-26T20:50:42.176 [restartedMain] INFO o.a.c.c.StandardEngine - Starting Servlet engine: [Apache Tomcat/10.1.36] 
2025-03-26T20:50:42.203 [restartedMain] INFO o.a.c.c.C.[.[.[/] - Initializing Spring embedded WebApplicationContext 
2025-03-26T20:50:42.204 [restartedMain] INFO o.s.b.w.s.c.ServletWebServerApplicationContext - Root WebApplicationContext: initialization completed in 602 ms 
2025-03-26T20:50:42.358 [restartedMain] INFO c.z.h.HikariDataSource - HikariPool-84 - Starting... 
2025-03-26T20:50:42.386 [restartedMain] INFO c.z.h.p.HikariPool - HikariPool-84 - Added connection net.sf.log4jdbc.sql.jdbcapi.ConnectionSpy@4ad77640 
2025-03-26T20:50:42.387 [restartedMain] INFO c.z.h.HikariDataSource - HikariPool-84 - Start completed. 
2025-03-26T20:50:42.389 [restartedMain] DEBUG j.sqltiming -  com.zaxxer.hikari.pool.ProxyPreparedStatement.execute(ProxyPreparedStatement.java:44)
915. SELECT 
			cdSeq,
			cdName,
			codeGroup_cgSeq
		FROM
			code
		WHERE 1=1
			AND cdDelNy = 0
 {executed in 2 msec} 
2025-03-26T20:50:42.403 [restartedMain] INFO j.resultsettable - 
|------|----------|----------------|
|cdseq |cdname    |codegroup_cgseq |
|------|----------|----------------|
|1     |SKT       |1               |
|2     |KT        |1               |
|3     |LG U+     |1               |
|4     |SKT 알뜰폰   |1               |
|5     |KT 알뜰폰    |1               |
|6     |LG U+ 알뜰폰 |1               |
|7     |남자        |2               |
|8     |여자        |2               |
|9     |AL        |3               |
|10    |NL        |3               |
|11    |East      |4               |
|12    |Central   |4               |
|13    |West      |4               |
|14    |투수        |5               |
|15    |1루수       |5               |
|16    |2루수       |5               |
|17    |3루수       |5               |
|18    |유격수       |5               |
|19    |좌익수       |5               |
|20    |중견수       |5               |
|21    |우익수       |5               |
|22    |포수        |5               |
|23    |지명타자      |5               |
|24    |대타        |5               |
|25    |대주자       |5               |
|26    |좌투        |6               |
|27    |우투        |6               |
|28    |양투        |6               |
|29    |좌타        |7               |
|30    |우타        |7               |
|31    |양타        |7               |
|32    |미국        |8               |
|33    |도미니카 공화국  |8               |
|34    |베네수엘라     |8               |
|35    |쿠바        |8               |
|36    |푸에르토리코    |8               |
|37    |멕시코       |8               |
|38    |캐나다       |8               |
|39    |일본        |8               |
|40    |콜롬비아      |8               |
|41    |대한민국      |8               |
|42    |파나마       |8               |
|43    |퀴라소       |8               |
|44    |네덜란드      |8               |
|45    |바하마       |8               |
|46    |니카라과      |8               |
|47    |호주        |8               |
|48    |브라질       |8               |
|49    |독일        |8               |
|50    |온두라스      |8               |
|51    |대만        |8               |
|52    |아루바       |8               |
|53    |1회초       |9               |
|54    |1회말       |9               |
|55    |2회초       |9               |
|56    |2회말       |9               |
|57    |3회초       |9               |
|58    |3회말       |9               |
|59    |4회초       |9               |
|60    |4회말       |9               |
|61    |5회초       |9               |
|62    |5회말       |9               |
|63    |6회초       |9               |
|64    |6회말       |9               |
|65    |7회초       |9               |
|66    |7회말       |9               |
|67    |8회초       |9               |
|68    |8회말       |9               |
|69    |9회초       |9               |
|70    |9회말       |9               |
|71    |10회초      |9               |
|72    |10회말      |9               |
|73    |11회초      |9               |
|74    |11회말      |9               |
|75    |12회초      |9               |
|76    |12회말      |9               |
|77    |13회초      |9               |
|78    |13회말      |9               |
|79    |14회초      |9               |
|80    |14회말      |9               |
|81    |15회초      |9               |
|82    |15회말      |9               |
|83    |16회초      |9               |
|84    |16회말      |9               |
|85    |17회초      |9               |
|86    |17회말      |9               |
|87    |18회초      |9               |
|88    |18회말      |9               |
|89    |19회초      |9               |
|90    |19회말      |9               |
|91    |20회초      |9               |
|92    |20회말      |9               |
|93    |현역        |10              |
|94    |은퇴        |10              |
|95    |투타겸업      |5               |
|------|----------|----------------|
 
2025-03-26T20:50:42.600 [restartedMain] INFO o.s.b.d.a.OptionalLiveReloadServer - LiveReload server is running on port 35729 
2025-03-26T20:50:42.613 [restartedMain] INFO o.a.c.h.Http11NioProtocol - Starting ProtocolHandler ["http-nio-8080"] 
2025-03-26T20:50:42.620 [restartedMain] INFO o.s.b.w.e.t.TomcatWebServer - Tomcat started on port 8080 (http) with context path '/' 
2025-03-26T20:50:42.627 [restartedMain] INFO c.a.AngelsApplication - Started AngelsApplication in 1.15 seconds (process running for 41106.629) 
2025-03-26T20:50:42.629 [restartedMain] INFO o.s.b.d.a.ConditionEvaluationDeltaLoggingListener - Condition evaluation unchanged 
2025-03-26T20:56:38.209 [File Watcher] INFO o.s.b.d.a.LocalDevToolsAutoConfiguration$RestartingClassPathChangeChangedEventListener - Restarting due to 1 class path change (0 additions, 0 deletions, 1 modification) 
2025-03-26T20:56:38.212 [Thread-349] INFO o.s.b.w.e.t.GracefulShutdown - Commencing graceful shutdown. Waiting for active requests to complete 
2025-03-26T20:56:38.213 [tomcat-shutdown] INFO o.a.c.h.Http11NioProtocol - Pausing ProtocolHandler ["http-nio-8080"] 
2025-03-26T20:56:38.230 [tomcat-shutdown] INFO o.s.b.w.e.t.GracefulShutdown - Graceful shutdown complete 
2025-03-26T20:56:38.230 [Thread-349] INFO o.a.c.h.Http11NioProtocol - Stopping ProtocolHandler ["http-nio-8080"] 
2025-03-26T20:56:38.233 [Thread-349] INFO c.z.h.HikariDataSource - HikariPool-84 - Shutdown initiated... 
2025-03-26T20:56:38.239 [Thread-349] INFO c.z.h.HikariDataSource - HikariPool-84 - Shutdown completed. 
2025-03-26T20:56:38.345 [restartedMain] INFO c.a.AngelsApplication - Starting AngelsApplication using Java 21.0.5 with PID 6884 (C:\factory\ws_sts4_4270\repo_angels\angels\bin\main started by sunjs in C:\factory\ws_sts4_4270\repo_angels\angels) 
2025-03-26T20:56:38.345 [restartedMain] INFO c.a.AngelsApplication - No active profile set, falling back to 1 default profile: "default" 
2025-03-26T20:56:38.626 [restartedMain] INFO o.s.b.w.e.t.TomcatWebServer - Tomcat initialized with port 8080 (http) 
2025-03-26T20:56:38.628 [restartedMain] INFO o.a.c.h.Http11NioProtocol - Initializing ProtocolHandler ["http-nio-8080"] 
2025-03-26T20:56:38.628 [restartedMain] INFO o.a.c.c.StandardService - Starting service [Tomcat] 
2025-03-26T20:56:38.628 [restartedMain] INFO o.a.c.c.StandardEngine - Starting Servlet engine: [Apache Tomcat/10.1.36] 
2025-03-26T20:56:38.654 [restartedMain] INFO o.a.c.c.C.[.[.[/] - Initializing Spring embedded WebApplicationContext 
2025-03-26T20:56:38.654 [restartedMain] INFO o.s.b.w.s.c.ServletWebServerApplicationContext - Root WebApplicationContext: initialization completed in 305 ms 
2025-03-26T20:56:38.775 [restartedMain] INFO c.z.h.HikariDataSource - HikariPool-85 - Starting... 
2025-03-26T20:56:38.808 [restartedMain] INFO c.z.h.p.HikariPool - HikariPool-85 - Added connection net.sf.log4jdbc.sql.jdbcapi.ConnectionSpy@7d41dc21 
2025-03-26T20:56:38.808 [restartedMain] INFO c.z.h.HikariDataSource - HikariPool-85 - Start completed. 
2025-03-26T20:56:38.814 [restartedMain] DEBUG j.sqltiming -  com.zaxxer.hikari.pool.ProxyPreparedStatement.execute(ProxyPreparedStatement.java:44)
925. SELECT 
			cdSeq,
			cdName,
			codeGroup_cgSeq
		FROM
			code
		WHERE 1=1
			AND cdDelNy = 0
 {executed in 3 msec} 
2025-03-26T20:56:38.825 [restartedMain] INFO j.resultsettable - 
|------|----------|----------------|
|cdseq |cdname    |codegroup_cgseq |
|------|----------|----------------|
|1     |SKT       |1               |
|2     |KT        |1               |
|3     |LG U+     |1               |
|4     |SKT 알뜰폰   |1               |
|5     |KT 알뜰폰    |1               |
|6     |LG U+ 알뜰폰 |1               |
|7     |남자        |2               |
|8     |여자        |2               |
|9     |AL        |3               |
|10    |NL        |3               |
|11    |East      |4               |
|12    |Central   |4               |
|13    |West      |4               |
|14    |투수        |5               |
|15    |1루수       |5               |
|16    |2루수       |5               |
|17    |3루수       |5               |
|18    |유격수       |5               |
|19    |좌익수       |5               |
|20    |중견수       |5               |
|21    |우익수       |5               |
|22    |포수        |5               |
|23    |지명타자      |5               |
|24    |대타        |5               |
|25    |대주자       |5               |
|26    |좌투        |6               |
|27    |우투        |6               |
|28    |양투        |6               |
|29    |좌타        |7               |
|30    |우타        |7               |
|31    |양타        |7               |
|32    |미국        |8               |
|33    |도미니카 공화국  |8               |
|34    |베네수엘라     |8               |
|35    |쿠바        |8               |
|36    |푸에르토리코    |8               |
|37    |멕시코       |8               |
|38    |캐나다       |8               |
|39    |일본        |8               |
|40    |콜롬비아      |8               |
|41    |대한민국      |8               |
|42    |파나마       |8               |
|43    |퀴라소       |8               |
|44    |네덜란드      |8               |
|45    |바하마       |8               |
|46    |니카라과      |8               |
|47    |호주        |8               |
|48    |브라질       |8               |
|49    |독일        |8               |
|50    |온두라스      |8               |
|51    |대만        |8               |
|52    |아루바       |8               |
|53    |1회초       |9               |
|54    |1회말       |9               |
|55    |2회초       |9               |
|56    |2회말       |9               |
|57    |3회초       |9               |
|58    |3회말       |9               |
|59    |4회초       |9               |
|60    |4회말       |9               |
|61    |5회초       |9               |
|62    |5회말       |9               |
|63    |6회초       |9               |
|64    |6회말       |9               |
|65    |7회초       |9               |
|66    |7회말       |9               |
|67    |8회초       |9               |
|68    |8회말       |9               |
|69    |9회초       |9               |
|70    |9회말       |9               |
|71    |10회초      |9               |
|72    |10회말      |9               |
|73    |11회초      |9               |
|74    |11회말      |9               |
|75    |12회초      |9               |
|76    |12회말      |9               |
|77    |13회초      |9               |
|78    |13회말      |9               |
|79    |14회초      |9               |
|80    |14회말      |9               |
|81    |15회초      |9               |
|82    |15회말      |9               |
|83    |16회초      |9               |
|84    |16회말      |9               |
|85    |17회초      |9               |
|86    |17회말      |9               |
|87    |18회초      |9               |
|88    |18회말      |9               |
|89    |19회초      |9               |
|90    |19회말      |9               |
|91    |20회초      |9               |
|92    |20회말      |9               |
|93    |현역        |10              |
|94    |은퇴        |10              |
|95    |투타겸업      |5               |
|------|----------|----------------|
 
2025-03-26T20:56:38.977 [restartedMain] INFO o.s.b.d.a.OptionalLiveReloadServer - LiveReload server is running on port 35729 
2025-03-26T20:56:38.993 [restartedMain] INFO o.a.c.h.Http11NioProtocol - Starting ProtocolHandler ["http-nio-8080"] 
2025-03-26T20:56:39.000 [restartedMain] INFO o.s.b.w.e.t.TomcatWebServer - Tomcat started on port 8080 (http) with context path '/' 
2025-03-26T20:56:39.008 [restartedMain] INFO c.a.AngelsApplication - Started AngelsApplication in 0.719 seconds (process running for 41463.009) 
2025-03-26T20:56:39.010 [restartedMain] INFO o.s.b.d.a.ConditionEvaluationDeltaLoggingListener - Condition evaluation unchanged 
