2025-03-24T09:19:36.201 [restartedMain] INFO c.a.AngelsApplication - Starting AngelsApplication using Java 21.0.5 with PID 12572 (C:\factory\ws_sts4_4270\repo_angels\angels\bin\main started by sunjs in C:\factory\ws_sts4_4270\repo_angels\angels) 
2025-03-24T09:19:36.203 [restartedMain] INFO c.a.AngelsApplication - No active profile set, falling back to 1 default profile: "default" 
2025-03-24T09:19:36.390 [restartedMain] INFO o.s.b.d.e.DevToolsPropertyDefaultsPostProcessor - Devtools property defaults active! Set 'spring.devtools.add-properties' to 'false' to disable 
2025-03-24T09:19:36.391 [restartedMain] INFO o.s.b.d.e.DevToolsPropertyDefaultsPostProcessor - For additional web related logging consider setting the 'logging.level.web' property to 'DEBUG' 
2025-03-24T09:19:37.979 [restartedMain] INFO o.s.b.w.e.t.TomcatWebServer - Tomcat initialized with port 8080 (http) 
2025-03-24T09:19:37.994 [restartedMain] INFO o.a.c.h.Http11NioProtocol - Initializing ProtocolHandler ["http-nio-8080"] 
2025-03-24T09:19:37.996 [restartedMain] INFO o.a.c.c.StandardService - Starting service [Tomcat] 
2025-03-24T09:19:37.997 [restartedMain] INFO o.a.c.c.StandardEngine - Starting Servlet engine: [Apache Tomcat/10.1.36] 
2025-03-24T09:19:38.050 [restartedMain] INFO o.a.c.c.C.[.[.[/] - Initializing Spring embedded WebApplicationContext 
2025-03-24T09:19:38.051 [restartedMain] INFO o.s.b.w.s.c.ServletWebServerApplicationContext - Root WebApplicationContext: initialization completed in 1657 ms 
2025-03-24T09:19:38.387 [restartedMain] INFO c.z.h.HikariDataSource - HikariPool-1 - Starting... 
2025-03-24T09:19:38.807 [restartedMain] INFO c.z.h.p.HikariPool - HikariPool-1 - Added connection net.sf.log4jdbc.sql.jdbcapi.ConnectionSpy@62e48d95 
2025-03-24T09:19:38.809 [restartedMain] INFO c.z.h.HikariDataSource - HikariPool-1 - Start completed. 
2025-03-24T09:19:38.842 [restartedMain] DEBUG j.sqltiming -  com.zaxxer.hikari.pool.ProxyPreparedStatement.execute(ProxyPreparedStatement.java:44)
1. SELECT 
			cdSeq,
			cdName,
			codeGroup_cgSeq
		FROM
			code
		WHERE 1=1
			AND cdDelNy = 0
 {executed in 12 msec} 
2025-03-24T09:19:38.865 [restartedMain] INFO j.resultsettable - 
|------|----------|----------------|
|cdseq |cdname    |codegroup_cgseq |
|------|----------|----------------|
|1     |SKT       |1               |
|2     |KT        |1               |
|3     |LG U+     |1               |
|4     |SKT 알뜰폰   |1               |
|5     |KT 알뜰폰    |1               |
|6     |LG U+ 알뜰폰 |1               |
|7     |남자        |2               |
|8     |여자        |2               |
|9     |AL        |3               |
|10    |NL        |3               |
|11    |East      |4               |
|12    |Central   |4               |
|13    |West      |4               |
|14    |투수        |5               |
|15    |1루수       |5               |
|16    |2루수       |5               |
|17    |3루수       |5               |
|18    |유격수       |5               |
|19    |좌익수       |5               |
|20    |중견수       |5               |
|21    |우익수       |5               |
|22    |포수        |5               |
|23    |지명타자      |5               |
|24    |대타        |5               |
|25    |대주자       |5               |
|26    |좌투        |6               |
|27    |우투        |6               |
|28    |양투        |6               |
|29    |좌타        |7               |
|30    |우타        |7               |
|31    |양타        |7               |
|32    |미국        |8               |
|33    |도미니카 공화국  |8               |
|34    |베네수엘라     |8               |
|35    |쿠바        |8               |
|36    |푸에르토리코    |8               |
|37    |멕시코       |8               |
|38    |캐나다       |8               |
|39    |일본        |8               |
|40    |콜롬비아      |8               |
|41    |대한민국      |8               |
|42    |파나마       |8               |
|43    |퀴라소       |8               |
|44    |네덜란드      |8               |
|45    |바하마       |8               |
|46    |니카라과      |8               |
|47    |호주        |8               |
|48    |브라질       |8               |
|49    |독일        |8               |
|50    |온두라스      |8               |
|51    |대만        |8               |
|52    |아루바       |8               |
|53    |1회초       |9               |
|54    |1회말       |9               |
|55    |2회초       |9               |
|56    |2회말       |9               |
|57    |3회초       |9               |
|58    |3회말       |9               |
|59    |4회초       |9               |
|60    |4회말       |9               |
|61    |5회초       |9               |
|62    |5회말       |9               |
|63    |6회초       |9               |
|64    |6회말       |9               |
|65    |7회초       |9               |
|66    |7회말       |9               |
|67    |8회초       |9               |
|68    |8회말       |9               |
|69    |9회초       |9               |
|70    |9회말       |9               |
|71    |10회초      |9               |
|72    |10회말      |9               |
|73    |11회초      |9               |
|74    |11회말      |9               |
|75    |12회초      |9               |
|76    |12회말      |9               |
|77    |13회초      |9               |
|78    |13회말      |9               |
|79    |14회초      |9               |
|80    |14회말      |9               |
|81    |15회초      |9               |
|82    |15회말      |9               |
|83    |16회초      |9               |
|84    |16회말      |9               |
|85    |17회초      |9               |
|86    |17회말      |9               |
|87    |18회초      |9               |
|88    |18회말      |9               |
|89    |19회초      |9               |
|90    |19회말      |9               |
|91    |20회초      |9               |
|92    |20회말      |9               |
|93    |현역        |10              |
|94    |은퇴        |10              |
|95    |투타겸업      |5               |
|------|----------|----------------|
 
2025-03-24T09:19:39.425 [restartedMain] INFO o.s.b.d.a.OptionalLiveReloadServer - LiveReload server is running on port 35729 
2025-03-24T09:19:39.455 [restartedMain] INFO o.a.c.h.Http11NioProtocol - Starting ProtocolHandler ["http-nio-8080"] 
2025-03-24T09:19:39.482 [restartedMain] INFO o.s.b.w.e.t.TomcatWebServer - Tomcat started on port 8080 (http) with context path '/' 
2025-03-24T09:19:39.491 [restartedMain] INFO c.a.AngelsApplication - Started AngelsApplication in 3.736 seconds (process running for 4.718) 
2025-03-24T09:19:40.473 [http-nio-8080-exec-1] INFO o.a.c.c.C.[.[.[/] - Initializing Spring DispatcherServlet 'dispatcherServlet' 
2025-03-24T09:19:40.473 [http-nio-8080-exec-1] INFO o.s.w.s.DispatcherServlet - Initializing Servlet 'dispatcherServlet' 
2025-03-24T09:19:40.474 [http-nio-8080-exec-1] INFO o.s.w.s.DispatcherServlet - Completed initialization in 1 ms 
2025-03-24T09:19:40.531 [http-nio-8080-exec-1] DEBUG j.sqltiming -  com.zaxxer.hikari.pool.ProxyPreparedStatement.execute(ProxyPreparedStatement.java:44)
1. Select count(*)
		FROM
		player
	where 1=1
 {executed in 1 msec} 
2025-03-24T09:19:40.533 [http-nio-8080-exec-1] INFO j.resultsettable - 
|---------|
|count(*) |
|---------|
|1        |
|---------|
 
2025-03-24T09:19:40.539 [http-nio-8080-exec-1] DEBUG j.sqltiming -  com.zaxxer.hikari.pool.ProxyPreparedStatement.execute(ProxyPreparedStatement.java:44)
1. SELECT
			tm.tmNameAb,
			p.pyDelNy,
			p.pySeq,
		    p.pyGivenName,
		    p.pyFamilyName,
		    p.pyOriName,
		    p.pyFamliyNameKor,
		    p.pyGivenNameKor,
		    p.pyOriNameKor,
			p.nickName,
		    p.birthday,
		    p.homeTown,
		    p.position,
		    p.nationality,
			p.throwHand,
		    p.batHand,
		    p.jerseyNumber,
		    p.heightCm,
		    p.heightFt,
		    p.weightKg,
		    p.weightLb,
		    p.finalSchoolHistory,
		    p.debut,
		    p.Draft,
		    p.status,
		    p.pyRegTime,
		    p.pyModTime,
		    p.pyDelNy
		from player p left join team tm ON p.team_tmSeq = tm.tmSeq
		where 1=1 order by pySeq desc
		limit 5 offset 0
 {executed in 3 msec} 
2025-03-24T09:19:40.550 [http-nio-8080-exec-1] INFO j.resultsettable - 
|---------|--------|------|------------|-------------|--------------|----------------|---------------|-------------|---------|-----------|---------|---------|------------|----------|--------|-------------|---------|---------|---------|---------|-----------------------------|-----------|------|-------|--------------------|----------|--------|
|tmnameab |pydelny |pyseq |pygivenname |pyfamilyname |pyoriname     |pyfamliynamekor |pygivennamekor |pyorinamekor |nickname |birthday   |hometown |position |nationality |throwhand |bathand |jerseynumber |heightcm |heightft |weightkg |weightlb |finalschoolhistory           |debut      |draft |status |pyregtime           |pymodtime |pydelny |
|---------|--------|------|------------|-------------|--------------|----------------|---------------|-------------|---------|-----------|---------|---------|------------|----------|--------|-------------|---------|---------|---------|---------|-----------------------------|-----------|------|-------|--------------------|----------|--------|
|LAD      |0       |1     |Shohei      |Ohtani       |Shohei Ohtani |오타니             |쇼헤이            |오타니 쇼헤이      |shotime  |1994-07-05 |Oshu     |95       |39          |27        |29      |17           |190      |6-3      |95       |210      |Hanamaki Higashi High School |2013-03-29 |FA    |93     |2025-03-23T23:36:53 |[null]    |0       |
|---------|--------|------|------------|-------------|--------------|----------------|---------------|-------------|---------|-----------|---------|---------|------------|----------|--------|-------------|---------|---------|---------|---------|-----------------------------|-----------|------|-------|--------------------|----------|--------|
 
2025-03-24T09:27:53.008 [http-nio-8080-exec-7] DEBUG j.sqltiming -  com.zaxxer.hikari.pool.ProxyPreparedStatement.execute(ProxyPreparedStatement.java:44)
1. Select count(*)
			from
				stadium
			where 1=1
 {executed in 2 msec} 
2025-03-24T09:27:53.009 [http-nio-8080-exec-7] INFO j.resultsettable - 
|---------|
|count(*) |
|---------|
|30       |
|---------|
 
2025-03-24T09:27:53.014 [http-nio-8080-exec-7] DEBUG j.sqltiming -  com.zaxxer.hikari.pool.ProxyPreparedStatement.execute(ProxyPreparedStatement.java:44)
1. SELECT	
		tm.tmNameAb,
	    s.stSeq,
	    s.stName,
	    s.stNameKor,
	    s.stAdress,
	    s.stRegTime,
	    s.stModTime
	from
	  stadium s left join team tm ON s.team_tmSeq = tm.tmSeq
		WHERE 1=1 ORDER BY s.stSeq DESC	
		limit 5 offset 0
 {executed in 1 msec} 
2025-03-24T09:27:53.016 [http-nio-8080-exec-7] INFO j.resultsettable - 
|---------|------|----------------------------|---------------|----------------------------------------------|--------------------|----------|
|tmnameab |stseq |stname                      |stnamekor      |stadress                                      |stregtime           |stmodtime |
|---------|------|----------------------------|---------------|----------------------------------------------|--------------------|----------|
|TOR      |30    |Rogers Centre               |로저스 센터         |1 Blue Jays Way, Toronto, ON M5V 1J1, Canada  |2025-03-21T14:22:49 |[null]    |
|TB       |29    |Tropicana Field             |트로피카나 필드       |1 Tropicana Dr, St. Petersburg, FL 33705, USA |2025-03-21T14:21:56 |[null]    |
|NYY      |28    |Yankee Stadium              |양키 스타디움        |1 E 161st St, The Bronx, NY 10451, USA        |2025-03-21T14:16:08 |[null]    |
|BOS      |27    |Fenway Park                 |펜웨이 파크         |4 Yawkey Way, Boston, MA 02215, USA           |2025-03-21T14:15:23 |[null]    |
|BAL      |26    |Oriole Park at Camden Yards |오리올 파크 앳 캠든 야드 |333 W Camden St, Baltimore, MD 21201, USA     |2025-03-21T14:14:55 |[null]    |
|---------|------|----------------------------|---------------|----------------------------------------------|--------------------|----------|
 
2025-03-24T09:57:26.081 [http-nio-8080-exec-1] DEBUG j.sqltiming -  com.zaxxer.hikari.pool.ProxyPreparedStatement.execute(ProxyPreparedStatement.java:44)
11. Select count(*)

			from
			codegroup as a 		
			where 1=1
 {executed in 6 msec} 
2025-03-24T09:57:26.083 [http-nio-8080-exec-1] INFO j.resultsettable - 
|---------|
|count(*) |
|---------|
|10       |
|---------|
 
2025-03-24T09:57:26.093 [http-nio-8080-exec-1] DEBUG j.sqltiming -  com.zaxxer.hikari.pool.ProxyPreparedStatement.execute(ProxyPreparedStatement.java:44)
11. select
			a.cgSeq,
			a.cgdelNy,
			a.cgUse,
		    a.cgName,
		    a.cgNameEng,
		    (select count(aa.cdSeq) from code aa where 1=1 and aa.cdDelNy = 0 and aa.codeGroup_cgSeq = a.cgSeq) as cdSeqCount,
		    a.cgOrder,
		    a.cgRegDate,
		    a.cgEdDate

			from
			codegroup as a 		
			where 1=1 

		order by cgSeq desc
		limit 5 offset 0
 {executed in 4 msec} 
2025-03-24T09:57:26.097 [http-nio-8080-exec-1] INFO j.resultsettable - 
|------|--------|------|-------|------------|-----------|--------|--------------------|---------|
|cgseq |cgdelny |cguse |cgname |cgnameeng   |cdseqcount |cgorder |cgregdate           |cgeddate |
|------|--------|------|-------|------------|-----------|--------|--------------------|---------|
|10    |0       |0     |status |status      |2          |1       |2025-03-23T17:08:37 |[null]   |
|9     |0       |0     |이닝     |Inning      |40         |1       |2025-03-22T13:33:54 |[null]   |
|8     |0       |0     |국적     |Nationality |21         |1       |2025-03-22T10:51:18 |[null]   |
|7     |0       |0     |타      |Bat         |3          |1       |2025-03-21T17:26:47 |[null]   |
|6     |0       |0     |투      |Throw       |3          |1       |2025-03-21T17:26:35 |[null]   |
|------|--------|------|-------|------------|-----------|--------|--------------------|---------|
 
