2025-04-03T14:12:20.071 [http-nio-8080-exec-3] DEBUG j.sqltiming -  com.zaxxer.hikari.pool.ProxyPreparedStatement.execute(ProxyPreparedStatement.java:44)
162. SELECT
			urSeq,
		    urName,
		    urID,
		    urPassword,
		    urRegTime
		FROM
			user
		WHERE 1=1
			AND urID = 'ej'
			 AND urPassword = '1'
 {executed in 4 msec} 
2025-04-03T14:12:20.077 [http-nio-8080-exec-3] INFO j.resultsettable - 
|------|-------|-----|-----------|--------------------|
|urseq |urname |urid |urpassword |urregtime           |
|------|-------|-----|-----------|--------------------|
|2     |이은준    |ej   |1          |2025-03-28T11:37:15 |
|------|-------|-----|-----------|--------------------|
 
2025-04-03T14:12:24.298 [http-nio-8080-exec-5] DEBUG j.sqltiming -  com.zaxxer.hikari.pool.ProxyPreparedStatement.execute(ProxyPreparedStatement.java:44)
162. SELECT
			urSeq,
		    urName,
		    urID,
		    urPassword,
		    urRegTime
		FROM
			user
		WHERE 1=1
			AND urID = 'ej'
			 AND urPassword = '1'
 {executed in 0 msec} 
2025-04-03T14:12:24.301 [http-nio-8080-exec-5] INFO j.resultsettable - 
|------|-------|-----|-----------|--------------------|
|urseq |urname |urid |urpassword |urregtime           |
|------|-------|-----|-----------|--------------------|
|2     |이은준    |ej   |1          |2025-03-28T11:37:15 |
|------|-------|-----|-----------|--------------------|
 
2025-04-03T14:24:04.872 [http-nio-8080-exec-6] DEBUG j.sqltiming -  com.zaxxer.hikari.pool.ProxyPreparedStatement.execute(ProxyPreparedStatement.java:44)
162. SELECT
			urSeq,
		    urName,
		    urID,
		    urPassword,
		    urRegTime
		FROM
			user
		WHERE 1=1
			AND urID = 'ej'
			 AND urPassword = '1'
 {executed in 1 msec} 
2025-04-03T14:24:04.874 [http-nio-8080-exec-6] INFO j.resultsettable - 
|------|-------|-----|-----------|--------------------|
|urseq |urname |urid |urpassword |urregtime           |
|------|-------|-----|-----------|--------------------|
|2     |이은준    |ej   |1          |2025-03-28T11:37:15 |
|------|-------|-----|-----------|--------------------|
 
2025-04-03T14:24:04.893 [http-nio-8080-exec-7] DEBUG j.sqltiming -  com.zaxxer.hikari.pool.ProxyPreparedStatement.execute(ProxyPreparedStatement.java:44)
162. Select count(*)

			from
			codegroup as a 		
			where 1=1
		 AND a.cgUse = 1 
         AND a.cgdelNy = 0
 {executed in 1 msec} 
2025-04-03T14:24:04.894 [http-nio-8080-exec-7] INFO j.resultsettable - 
|---------|
|count(*) |
|---------|
|11       |
|---------|
 
2025-04-03T14:24:04.899 [http-nio-8080-exec-7] DEBUG j.sqltiming -  com.zaxxer.hikari.pool.ProxyPreparedStatement.execute(ProxyPreparedStatement.java:44)
162. select
			a.cgSeq,
			a.cgdelNy,
			a.cgUse,
		    a.cgName,
		    a.cgNameEng,
		    (select count(aa.cdSeq) from code aa where 1=1 and aa.cdDelNy = 0 and aa.codeGroup_cgSeq = a.cgSeq) as cdSeqCount,
		    a.cgOrder,
		    a.cgRegDate,
		    a.cgEdDate

			from
			codegroup as a 		
			where 1=1
		 AND a.cgUse = 1 
         AND a.cgdelNy = 0 

		order by cgSeq desc
		limit 5 offset 0
 {executed in 4 msec} 
2025-04-03T14:24:04.904 [http-nio-8080-exec-7] INFO j.resultsettable - 
|------|--------|------|-------|------------|-----------|--------|--------------------|---------|
|cgseq |cgdelny |cguse |cgname |cgnameeng   |cdseqcount |cgorder |cgregdate           |cgeddate |
|------|--------|------|-------|------------|-----------|--------|--------------------|---------|
|11    |0       |1     |이메일    |e-mail      |3          |1       |2025-04-01T19:50:09 |[null]   |
|10    |0       |1     |status |status      |2          |1       |2025-03-23T17:08:37 |[null]   |
|9     |0       |1     |이닝     |Inning      |40         |1       |2025-03-22T13:33:54 |[null]   |
|8     |0       |1     |국적     |Nationality |21         |1       |2025-03-22T10:51:18 |[null]   |
|7     |0       |1     |타      |Bat         |3          |1       |2025-03-21T17:26:47 |[null]   |
|------|--------|------|-------|------------|-----------|--------|--------------------|---------|
 
2025-04-03T14:24:06.201 [http-nio-8080-exec-4] DEBUG j.sqltiming -  com.zaxxer.hikari.pool.ProxyPreparedStatement.execute(ProxyPreparedStatement.java:44)
162. Select count(*)
	from 
	user
	where 1=1

		 AND urUse = 1 
         AND urDelNy = 0
 {executed in 1 msec} 
2025-04-03T14:24:06.204 [http-nio-8080-exec-4] INFO j.resultsettable - 
|---------|
|count(*) |
|---------|
|2        |
|---------|
 
2025-04-03T14:24:06.210 [http-nio-8080-exec-4] DEBUG j.sqltiming -  com.zaxxer.hikari.pool.ProxyPreparedStatement.execute(ProxyPreparedStatement.java:44)
162. select 
			urSeq,
		    urUse,
		    urDelNy,
		    urName,
		    urNickname,
		    urGender,
		    telecom,
		    phoneNumber,
		    urBirth,
		    urID,
		    emailID,
		    email,
		    urPassword,
		    urRegTime,
		    urModTime
		from user
		where 1=1 

		 AND urUse = 1 
         AND urDelNy = 0 

		order by urSeq desc
		limit 5 offset 0
 {executed in 2 msec} 
2025-04-03T14:24:06.214 [http-nio-8080-exec-4] INFO j.resultsettable - 
|------|------|--------|-------|-----------|---------|--------|--------------|-----------|----------|----------|------|-----------|--------------------|--------------------|
|urseq |uruse |urdelny |urname |urnickname |urgender |telecom |phonenumber   |urbirth    |urid      |emailid   |email |urpassword |urregtime           |urmodtime           |
|------|------|--------|-------|-----------|---------|--------|--------------|-----------|----------|----------|------|-----------|--------------------|--------------------|
|2     |1     |0       |이은준    |관리자        |7        |1       |010-0000-0000 |2001-12-21 |ej        |admin     |98    |1          |2025-03-28T11:37:15 |2025-04-01T21:09:29 |
|1     |1     |0       |정한용    |해덕이아빠      |7        |1       |010-4422-8123 |1994-03-06 |gksdyd009 |gksdyd009 |96    |gksdyd009  |2025-03-26T18:45:46 |2025-04-01T21:09:06 |
|------|------|--------|-------|-----------|---------|--------|--------------|-----------|----------|----------|------|-----------|--------------------|--------------------|
 
2025-04-03T14:24:10.421 [http-nio-8080-exec-8] DEBUG j.sqltiming -  com.zaxxer.hikari.pool.ProxyPreparedStatement.execute(ProxyPreparedStatement.java:44)
162. Select count(*)

			FROM
		    team
		WHERE
		    1=1

		 AND tmUse = 1 
         AND tmDelNy = 0
 {executed in 12 msec} 
2025-04-03T14:24:10.422 [http-nio-8080-exec-8] INFO j.resultsettable - 
|---------|
|count(*) |
|---------|
|31       |
|---------|
 
2025-04-03T14:24:10.427 [http-nio-8080-exec-8] DEBUG j.sqltiming -  com.zaxxer.hikari.pool.ProxyPreparedStatement.execute(ProxyPreparedStatement.java:44)
162. SELECT
		tmSeq,
		tmUse,
		tmDelNy,
		tmHomeName,
	    tmName,
	    tmNameAb,
	    tmHomeNameKor,
	    tmNameKor,
	    tmLogo,
	    tmLeague,
	    tmDiv,
	    tmRegTime,
	    tmModTime    

			FROM
		    team
		WHERE
		    1=1

		 AND tmUse = 1 
         AND tmDelNy = 0 

	order by tmSeq desc
	limit 5 offset 0
 {executed in 1 msec} 
2025-04-03T14:24:10.431 [http-nio-8080-exec-8] INFO j.resultsettable - 
|------|------|--------|-----------|----------|---------|--------------|----------|-------|---------|------|--------------------|----------|
|tmseq |tmuse |tmdelny |tmhomename |tmname    |tmnameab |tmhomenamekor |tmnamekor |tmlogo |tmleague |tmdiv |tmregtime           |tmmodtime |
|------|------|--------|-----------|----------|---------|--------------|----------|-------|---------|------|--------------------|----------|
|36    |1     |0       |hi         |Smailes   |HI       |하이            |스마일스      |[null] |9        |13    |2025-04-02T16:10:55 |[null]    |
|30    |1     |0       |Toronto    |Blue Jays |TOR      |토론토           |블루제이스     |[null] |9        |11    |2025-03-20T22:43:31 |[null]    |
|29    |1     |0       |Tampa Bay  |Rays      |TB       |탬파베이          |레이스       |[null] |9        |11    |2025-03-20T22:43:02 |[null]    |
|28    |1     |0       |New York   |Yankees   |NYY      |뉴욕            |양키스       |[null] |9        |11    |2025-03-20T22:42:37 |[null]    |
|27    |1     |0       |Boston     |Red Sox   |BOS      |보스턴           |레드삭스      |[null] |9        |11    |2025-03-20T22:42:13 |[null]    |
|------|------|--------|-----------|----------|---------|--------------|----------|-------|---------|------|--------------------|----------|
 
2025-04-03T14:24:14.582 [http-nio-8080-exec-8] DEBUG j.sqltiming -  com.zaxxer.hikari.pool.ProxyPreparedStatement.execute(ProxyPreparedStatement.java:44)
162. Select count(*)
	from 
	player p left join team tm ON p.team_tmSeq = tm.tmSeq
	where 1=1

		 AND p.pyUse = 1 
         AND p.pyDelNy = 0
 {executed in 1 msec} 
2025-04-03T14:24:14.582 [http-nio-8080-exec-8] INFO j.resultsettable - 
|---------|
|count(*) |
|---------|
|3        |
|---------|
 
2025-04-03T14:24:14.585 [http-nio-8080-exec-8] DEBUG j.sqltiming -  com.zaxxer.hikari.pool.ProxyPreparedStatement.execute(ProxyPreparedStatement.java:44)
162. select
			tmNameAb,
		    tmSeq
		from
			team
		where 1=1
 {executed in 1 msec} 
2025-04-03T14:24:14.587 [http-nio-8080-exec-8] INFO j.resultsettable - 
|---------|------|
|tmnameab |tmseq |
|---------|------|
|ARI      |1     |
|LAD      |2     |
|COL      |3     |
|SD       |4     |
|SF       |5     |
|CHC      |6     |
|CIN      |7     |
|MIL      |8     |
|PIT      |9     |
|STL      |10    |
|ATL      |11    |
|MIA      |12    |
|NYM      |13    |
|PHI      |14    |
|WSH      |15    |
|HOU      |16    |
|LAA      |17    |
|ATH      |18    |
|SEA      |19    |
|TEX      |20    |
|CWS      |21    |
|CLE      |22    |
|DET      |23    |
|KC       |24    |
|MIN      |25    |
|BAL      |26    |
|BOS      |27    |
|NYY      |28    |
|TB       |29    |
|TOR      |30    |
|HI       |36    |
|---------|------|
 
2025-04-03T14:24:14.592 [http-nio-8080-exec-8] DEBUG j.sqltiming -  com.zaxxer.hikari.pool.ProxyPreparedStatement.execute(ProxyPreparedStatement.java:44)
162. SELECT
			tm.tmNameAb,
			p.pyUse,
			p.pySeq,
		    p.pyGivenName,
		    p.pyFamilyName,
		    p.pyOriName,
		    p.pyFamliyNameKor,
		    p.pyGivenNameKor,
		    p.pyOriNameKor,
			p.nickName,
		    p.birthday,
		    p.homeTown,
		    p.position,
		    p.nationality,
			p.throwHand,
		    p.batHand,
		    p.jerseyNumber,
		    p.heightCm,
		    p.heightFt,
		    p.weightKg,
		    p.weightLb,
		    p.finalSchoolHistory,
		    p.debut,
		    p.Draft,
		    p.status,
		    p.pyRegTime,
		    p.pyModTime,
		    p.pyDelNy

	from 
	player p left join team tm ON p.team_tmSeq = tm.tmSeq
	where 1=1		

		 AND p.pyUse = 1 
         AND p.pyDelNy = 0 

		 order by p.pySeq desc
		limit 5 offset 0
 {executed in 1 msec} 
2025-04-03T14:24:14.602 [http-nio-8080-exec-8] INFO j.resultsettable - 
|---------|------|------|------------|-------------|--------------|----------------|---------------|-------------|---------|-----------|---------|---------|------------|----------|--------|-------------|---------|---------|---------|---------|-----------------------------|-----------|------|-------|--------------------|----------|--------|
|tmnameab |pyuse |pyseq |pygivenname |pyfamilyname |pyoriname     |pyfamliynamekor |pygivennamekor |pyorinamekor |nickname |birthday   |hometown |position |nationality |throwhand |bathand |jerseynumber |heightcm |heightft |weightkg |weightlb |finalschoolhistory           |debut      |draft |status |pyregtime           |pymodtime |pydelny |
|---------|------|------|------------|-------------|--------------|----------------|---------------|-------------|---------|-----------|---------|---------|------------|----------|--------|-------------|---------|---------|---------|---------|-----------------------------|-----------|------|-------|--------------------|----------|--------|
|ARI      |1     |3     |a           |a            |a             |ㅁ               |ㅁ              |ㅁ            |         |2025-04-29 |a        |25       |32          |26        |29      |17           |15       |dkdl     |17       |17       |sd                           |2025-04-18 |ㄴ     |93     |2025-04-01T03:02:25 |[null]    |0       |
|LAD      |1     |2     |Shohei      |Ohtani       |Shohei Ohtani |오타니             |쇼헤이            |오타니 쇼헤이      |shotime  |1994-07-05 |Oshu     |95       |39          |27        |29      |17           |190      |6-3      |95       |210      |Hanamaki Higashi High School |2013-03-29 |FA    |93     |2025-03-25T20:24:22 |[null]    |0       |
|LAD      |1     |1     |Shohei      |Ohtani       |Shohei Ohtani |오타니             |쇼헤이            |오타니 쇼헤이      |shotime  |1994-07-05 |Oshu     |95       |39          |27        |29      |17           |190      |6-3      |95       |210      |Hanamaki Higashi High School |2013-03-29 |FA    |93     |2025-04-01T15:26:33 |[null]    |0       |
|---------|------|------|------------|-------------|--------------|----------------|---------------|-------------|---------|-----------|---------|---------|------------|----------|--------|-------------|---------|---------|---------|---------|-----------------------------|-----------|------|-------|--------------------|----------|--------|
 
2025-04-03T14:25:11.228 [http-nio-8080-exec-5] DEBUG j.sqltiming -  com.zaxxer.hikari.pool.ProxyPreparedStatement.execute(ProxyPreparedStatement.java:44)
162. select
			tmNameAb,
		    tmSeq
		from
			team
		where 1=1
 {executed in 1 msec} 
2025-04-03T14:25:11.230 [http-nio-8080-exec-5] INFO j.resultsettable - 
|---------|------|
|tmnameab |tmseq |
|---------|------|
|ARI      |1     |
|LAD      |2     |
|COL      |3     |
|SD       |4     |
|SF       |5     |
|CHC      |6     |
|CIN      |7     |
|MIL      |8     |
|PIT      |9     |
|STL      |10    |
|ATL      |11    |
|MIA      |12    |
|NYM      |13    |
|PHI      |14    |
|WSH      |15    |
|HOU      |16    |
|LAA      |17    |
|ATH      |18    |
|SEA      |19    |
|TEX      |20    |
|CWS      |21    |
|CLE      |22    |
|DET      |23    |
|KC       |24    |
|MIN      |25    |
|BAL      |26    |
|BOS      |27    |
|NYY      |28    |
|TB       |29    |
|TOR      |30    |
|HI       |36    |
|---------|------|
 
2025-04-03T14:25:11.233 [http-nio-8080-exec-5] DEBUG j.sqltiming -  com.zaxxer.hikari.pool.ProxyPreparedStatement.execute(ProxyPreparedStatement.java:44)
162. select
			cdName,
			cdSeq
		from
			code
		where 1=1
		 and codeGroup_cgSeq=5
		order by cdSeq desc
 {executed in 1 msec} 
2025-04-03T14:25:11.233 [http-nio-8080-exec-5] INFO j.resultsettable - 
|-------|------|
|cdname |cdseq |
|-------|------|
|-------|------|
 
2025-04-03T14:25:11.235 [http-nio-8080-exec-5] DEBUG j.sqltiming -  com.zaxxer.hikari.pool.ProxyPreparedStatement.execute(ProxyPreparedStatement.java:44)
162. select
			cdName,
			cdSeq
		from
			code
		where 1=1
		 and codeGroup_cgSeq=6
		order by cdSeq desc
 {executed in 1 msec} 
2025-04-03T14:25:11.237 [http-nio-8080-exec-5] INFO j.resultsettable - 
|-------|------|
|cdname |cdseq |
|-------|------|
|-------|------|
 
2025-04-03T14:25:11.240 [http-nio-8080-exec-5] DEBUG j.sqltiming -  com.zaxxer.hikari.pool.ProxyPreparedStatement.execute(ProxyPreparedStatement.java:44)
162. select
			cdName,
			cdSeq
		from
			code
		where 1=1
		 and codeGroup_cgSeq=7
		order by cdSeq desc
 {executed in 1 msec} 
2025-04-03T14:25:11.242 [http-nio-8080-exec-5] INFO j.resultsettable - 
|-------|------|
|cdname |cdseq |
|-------|------|
|-------|------|
 
2025-04-03T14:25:11.248 [http-nio-8080-exec-5] DEBUG j.sqltiming -  com.zaxxer.hikari.pool.ProxyPreparedStatement.execute(ProxyPreparedStatement.java:44)
162. select
			cdName,
			cdSeq
		from
			code
		where 1=1
		 and codeGroup_cgSeq=8
		order by cdSeq desc
 {executed in 2 msec} 
2025-04-03T14:25:11.248 [http-nio-8080-exec-5] INFO j.resultsettable - 
|-------|------|
|cdname |cdseq |
|-------|------|
|-------|------|
 
2025-04-03T14:25:11.251 [http-nio-8080-exec-5] DEBUG j.sqltiming -  com.zaxxer.hikari.pool.ProxyPreparedStatement.execute(ProxyPreparedStatement.java:44)
162. select
			cdName,
			cdSeq
		from
			code
		where 1=1
		 and codeGroup_cgSeq=10
		order by cdSeq desc
 {executed in 0 msec} 
2025-04-03T14:25:11.251 [http-nio-8080-exec-5] INFO j.resultsettable - 
|-------|------|
|cdname |cdseq |
|-------|------|
|-------|------|
 
2025-04-03T14:25:11.262 [http-nio-8080-exec-5] DEBUG j.sqltiming -  com.zaxxer.hikari.pool.ProxyPreparedStatement.execute(ProxyPreparedStatement.java:44)
162. SELECT	
			tm.tmNameAb,
			p.pyUse,
			p.pySeq,
		    p.pyGivenName,
		    p.pyFamilyName,
		    p.pyOriName,
		    p.pyFamliyNameKor,
		    p.pyGivenNameKor,
		    p.pyOriNameKor,
			p.nickName,
		    p.birthday,
		    p.homeTown,
		    p.position,
		    p.nationality,
			p.throwHand,
		    p.batHand,
		    p.jerseyNumber,
		    p.heightCm,
		    p.heightFt,
		    p.weightKg,
		    p.weightLb,
		    p.finalSchoolHistory,
		    p.debut,
		    p.Draft,
		    p.status,
		    p.pyRegTime,
		    p.pyModTime,
		    p.pyDelNy,
		    p.team_tmSeq

			from 
			player p left join team tm ON p.team_tmSeq = tm.tmSeq
			where 1=1		
		    AND p.pySeq = '3'
 {executed in 9 msec} 
2025-04-03T14:25:11.263 [http-nio-8080-exec-5] INFO j.resultsettable - 
|---------|------|------|------------|-------------|----------|----------------|---------------|-------------|---------|-----------|---------|---------|------------|----------|--------|-------------|---------|---------|---------|---------|-------------------|-----------|------|-------|--------------------|----------|--------|-----------|
|tmnameab |pyuse |pyseq |pygivenname |pyfamilyname |pyoriname |pyfamliynamekor |pygivennamekor |pyorinamekor |nickname |birthday   |hometown |position |nationality |throwhand |bathand |jerseynumber |heightcm |heightft |weightkg |weightlb |finalschoolhistory |debut      |draft |status |pyregtime           |pymodtime |pydelny |team_tmseq |
|---------|------|------|------------|-------------|----------|----------------|---------------|-------------|---------|-----------|---------|---------|------------|----------|--------|-------------|---------|---------|---------|---------|-------------------|-----------|------|-------|--------------------|----------|--------|-----------|
|ARI      |1     |3     |a           |a            |a         |ㅁ               |ㅁ              |ㅁ            |         |2025-04-29 |a        |25       |32          |26        |29      |17           |15       |dkdl     |17       |17       |sd                 |2025-04-18 |ㄴ     |93     |2025-04-01T03:02:25 |[null]    |0       |1          |
|---------|------|------|------------|-------------|----------|----------------|---------------|-------------|---------|-----------|---------|---------|------------|----------|--------|-------------|---------|---------|---------|---------|-------------------|-----------|------|-------|--------------------|----------|--------|-----------|
 
2025-04-03T14:25:14.291 [http-nio-8080-exec-2] DEBUG j.sqltiming -  com.zaxxer.hikari.pool.ProxyPreparedStatement.execute(ProxyPreparedStatement.java:44)
162. delete from player
	where pySeq = '3'
 {executed in 7 msec} 
2025-04-03T14:25:14.312 [http-nio-8080-exec-5] DEBUG j.sqltiming -  com.zaxxer.hikari.pool.ProxyPreparedStatement.execute(ProxyPreparedStatement.java:44)
162. Select count(*)
	from 
	player p left join team tm ON p.team_tmSeq = tm.tmSeq
	where 1=1

		 AND p.pyUse = 1 
         AND p.pyDelNy = 0
 {executed in 1 msec} 
2025-04-03T14:25:14.312 [http-nio-8080-exec-5] INFO j.resultsettable - 
|---------|
|count(*) |
|---------|
|2        |
|---------|
 
2025-04-03T14:25:14.314 [http-nio-8080-exec-5] DEBUG j.sqltiming -  com.zaxxer.hikari.pool.ProxyPreparedStatement.execute(ProxyPreparedStatement.java:44)
162. select
			tmNameAb,
		    tmSeq
		from
			team
		where 1=1
 {executed in 0 msec} 
2025-04-03T14:25:14.315 [http-nio-8080-exec-5] INFO j.resultsettable - 
|---------|------|
|tmnameab |tmseq |
|---------|------|
|ARI      |1     |
|LAD      |2     |
|COL      |3     |
|SD       |4     |
|SF       |5     |
|CHC      |6     |
|CIN      |7     |
|MIL      |8     |
|PIT      |9     |
|STL      |10    |
|ATL      |11    |
|MIA      |12    |
|NYM      |13    |
|PHI      |14    |
|WSH      |15    |
|HOU      |16    |
|LAA      |17    |
|ATH      |18    |
|SEA      |19    |
|TEX      |20    |
|CWS      |21    |
|CLE      |22    |
|DET      |23    |
|KC       |24    |
|MIN      |25    |
|BAL      |26    |
|BOS      |27    |
|NYY      |28    |
|TB       |29    |
|TOR      |30    |
|HI       |36    |
|---------|------|
 
2025-04-03T14:25:14.318 [http-nio-8080-exec-5] DEBUG j.sqltiming -  com.zaxxer.hikari.pool.ProxyPreparedStatement.execute(ProxyPreparedStatement.java:44)
162. SELECT
			tm.tmNameAb,
			p.pyUse,
			p.pySeq,
		    p.pyGivenName,
		    p.pyFamilyName,
		    p.pyOriName,
		    p.pyFamliyNameKor,
		    p.pyGivenNameKor,
		    p.pyOriNameKor,
			p.nickName,
		    p.birthday,
		    p.homeTown,
		    p.position,
		    p.nationality,
			p.throwHand,
		    p.batHand,
		    p.jerseyNumber,
		    p.heightCm,
		    p.heightFt,
		    p.weightKg,
		    p.weightLb,
		    p.finalSchoolHistory,
		    p.debut,
		    p.Draft,
		    p.status,
		    p.pyRegTime,
		    p.pyModTime,
		    p.pyDelNy

	from 
	player p left join team tm ON p.team_tmSeq = tm.tmSeq
	where 1=1		

		 AND p.pyUse = 1 
         AND p.pyDelNy = 0 

		 order by p.pySeq desc
		limit 5 offset 0
 {executed in 2 msec} 
2025-04-03T14:25:14.320 [http-nio-8080-exec-5] INFO j.resultsettable - 
|---------|------|------|------------|-------------|--------------|----------------|---------------|-------------|---------|-----------|---------|---------|------------|----------|--------|-------------|---------|---------|---------|---------|-----------------------------|-----------|------|-------|--------------------|----------|--------|
|tmnameab |pyuse |pyseq |pygivenname |pyfamilyname |pyoriname     |pyfamliynamekor |pygivennamekor |pyorinamekor |nickname |birthday   |hometown |position |nationality |throwhand |bathand |jerseynumber |heightcm |heightft |weightkg |weightlb |finalschoolhistory           |debut      |draft |status |pyregtime           |pymodtime |pydelny |
|---------|------|------|------------|-------------|--------------|----------------|---------------|-------------|---------|-----------|---------|---------|------------|----------|--------|-------------|---------|---------|---------|---------|-----------------------------|-----------|------|-------|--------------------|----------|--------|
|LAD      |1     |2     |Shohei      |Ohtani       |Shohei Ohtani |오타니             |쇼헤이            |오타니 쇼헤이      |shotime  |1994-07-05 |Oshu     |95       |39          |27        |29      |17           |190      |6-3      |95       |210      |Hanamaki Higashi High School |2013-03-29 |FA    |93     |2025-03-25T20:24:22 |[null]    |0       |
|LAD      |1     |1     |Shohei      |Ohtani       |Shohei Ohtani |오타니             |쇼헤이            |오타니 쇼헤이      |shotime  |1994-07-05 |Oshu     |95       |39          |27        |29      |17           |190      |6-3      |95       |210      |Hanamaki Higashi High School |2013-03-29 |FA    |93     |2025-04-01T15:26:33 |[null]    |0       |
|---------|------|------|------------|-------------|--------------|----------------|---------------|-------------|---------|-----------|---------|---------|------------|----------|--------|-------------|---------|---------|---------|---------|-----------------------------|-----------|------|-------|--------------------|----------|--------|
 
2025-04-03T14:25:15.688 [http-nio-8080-exec-5] DEBUG j.sqltiming -  com.zaxxer.hikari.pool.ProxyPreparedStatement.execute(ProxyPreparedStatement.java:44)
162. select
			tmNameAb,
		    tmSeq
		from
			team
		where 1=1
 {executed in 1 msec} 
2025-04-03T14:25:15.689 [http-nio-8080-exec-5] INFO j.resultsettable - 
|---------|------|
|tmnameab |tmseq |
|---------|------|
|ARI      |1     |
|LAD      |2     |
|COL      |3     |
|SD       |4     |
|SF       |5     |
|CHC      |6     |
|CIN      |7     |
|MIL      |8     |
|PIT      |9     |
|STL      |10    |
|ATL      |11    |
|MIA      |12    |
|NYM      |13    |
|PHI      |14    |
|WSH      |15    |
|HOU      |16    |
|LAA      |17    |
|ATH      |18    |
|SEA      |19    |
|TEX      |20    |
|CWS      |21    |
|CLE      |22    |
|DET      |23    |
|KC       |24    |
|MIN      |25    |
|BAL      |26    |
|BOS      |27    |
|NYY      |28    |
|TB       |29    |
|TOR      |30    |
|HI       |36    |
|---------|------|
 
2025-04-03T14:25:15.690 [http-nio-8080-exec-5] DEBUG j.sqltiming -  com.zaxxer.hikari.pool.ProxyPreparedStatement.execute(ProxyPreparedStatement.java:44)
162. select
			cdName,
			cdSeq
		from
			code
		where 1=1
		 and codeGroup_cgSeq=5
		order by cdSeq desc
 {executed in 1 msec} 
2025-04-03T14:25:15.691 [http-nio-8080-exec-5] INFO j.resultsettable - 
|-------|------|
|cdname |cdseq |
|-------|------|
|-------|------|
 
2025-04-03T14:25:15.693 [http-nio-8080-exec-5] DEBUG j.sqltiming -  com.zaxxer.hikari.pool.ProxyPreparedStatement.execute(ProxyPreparedStatement.java:44)
162. select
			cdName,
			cdSeq
		from
			code
		where 1=1
		 and codeGroup_cgSeq=6
		order by cdSeq desc
 {executed in 1 msec} 
2025-04-03T14:25:15.694 [http-nio-8080-exec-5] INFO j.resultsettable - 
|-------|------|
|cdname |cdseq |
|-------|------|
|-------|------|
 
2025-04-03T14:25:15.696 [http-nio-8080-exec-5] DEBUG j.sqltiming -  com.zaxxer.hikari.pool.ProxyPreparedStatement.execute(ProxyPreparedStatement.java:44)
162. select
			cdName,
			cdSeq
		from
			code
		where 1=1
		 and codeGroup_cgSeq=7
		order by cdSeq desc
 {executed in 1 msec} 
2025-04-03T14:25:15.697 [http-nio-8080-exec-5] INFO j.resultsettable - 
|-------|------|
|cdname |cdseq |
|-------|------|
|-------|------|
 
2025-04-03T14:25:15.699 [http-nio-8080-exec-5] DEBUG j.sqltiming -  com.zaxxer.hikari.pool.ProxyPreparedStatement.execute(ProxyPreparedStatement.java:44)
162. select
			cdName,
			cdSeq
		from
			code
		where 1=1
		 and codeGroup_cgSeq=8
		order by cdSeq desc
 {executed in 1 msec} 
2025-04-03T14:25:15.699 [http-nio-8080-exec-5] INFO j.resultsettable - 
|-------|------|
|cdname |cdseq |
|-------|------|
|-------|------|
 
2025-04-03T14:25:15.701 [http-nio-8080-exec-5] DEBUG j.sqltiming -  com.zaxxer.hikari.pool.ProxyPreparedStatement.execute(ProxyPreparedStatement.java:44)
162. select
			cdName,
			cdSeq
		from
			code
		where 1=1
		 and codeGroup_cgSeq=10
		order by cdSeq desc
 {executed in 0 msec} 
2025-04-03T14:25:15.701 [http-nio-8080-exec-5] INFO j.resultsettable - 
|-------|------|
|cdname |cdseq |
|-------|------|
|-------|------|
 
2025-04-03T14:27:04.575 [http-nio-8080-exec-9] DEBUG j.sqltiming -  com.zaxxer.hikari.pool.ProxyPreparedStatement.execute(ProxyPreparedStatement.java:44)
164. SELECT
			urSeq,
		    urName,
		    urID,
		    urPassword,
		    urRegTime
		FROM
			user
		WHERE 1=1
			AND urID = 'ej'
			 AND urPassword = '1'
 {executed in 2 msec} 
2025-04-03T14:27:04.575 [http-nio-8080-exec-9] INFO j.resultsettable - 
|------|-------|-----|-----------|--------------------|
|urseq |urname |urid |urpassword |urregtime           |
|------|-------|-----|-----------|--------------------|
|2     |이은준    |ej   |1          |2025-03-28T11:37:15 |
|------|-------|-----|-----------|--------------------|
 
2025-04-03T14:27:15.467 [http-nio-8080-exec-10] DEBUG j.sqltiming -  com.zaxxer.hikari.pool.ProxyPreparedStatement.execute(ProxyPreparedStatement.java:44)
168. SELECT
			urSeq,
		    urName,
		    urID,
		    urPassword,
		    urRegTime
		FROM
			user
		WHERE 1=1
			AND urID = 'ej'
			 AND urPassword = '1'
 {executed in 2 msec} 
2025-04-03T14:27:15.468 [http-nio-8080-exec-10] INFO j.resultsettable - 
|------|-------|-----|-----------|--------------------|
|urseq |urname |urid |urpassword |urregtime           |
|------|-------|-----|-----------|--------------------|
|2     |이은준    |ej   |1          |2025-03-28T11:37:15 |
|------|-------|-----|-----------|--------------------|
 
2025-04-03T14:28:23.194 [http-nio-8080-exec-6] DEBUG j.sqltiming -  com.zaxxer.hikari.pool.ProxyPreparedStatement.execute(ProxyPreparedStatement.java:44)
172. SELECT
			urSeq,
		    urName,
		    urID,
		    urPassword,
		    urRegTime
		FROM
			user
		WHERE 1=1
			AND urID = 'ej'
			 AND urPassword = '1'
 {executed in 2 msec} 
2025-04-03T14:28:23.195 [http-nio-8080-exec-6] INFO j.resultsettable - 
|------|-------|-----|-----------|--------------------|
|urseq |urname |urid |urpassword |urregtime           |
|------|-------|-----|-----------|--------------------|
|2     |이은준    |ej   |1          |2025-03-28T11:37:15 |
|------|-------|-----|-----------|--------------------|
 
2025-04-03T14:33:00.896 [http-nio-8080-exec-3] DEBUG j.sqltiming -  com.zaxxer.hikari.pool.ProxyPreparedStatement.execute(ProxyPreparedStatement.java:44)
172. SELECT
			urSeq,
		    urName,
		    urID,
		    urPassword,
		    urRegTime
		FROM
			user
		WHERE 1=1
			AND urID = 'ej'
			 AND urPassword = '1'
 {executed in 1 msec} 
2025-04-03T14:33:00.897 [http-nio-8080-exec-3] INFO j.resultsettable - 
|------|-------|-----|-----------|--------------------|
|urseq |urname |urid |urpassword |urregtime           |
|------|-------|-----|-----------|--------------------|
|2     |이은준    |ej   |1          |2025-03-28T11:37:15 |
|------|-------|-----|-----------|--------------------|
 
2025-04-03T14:33:43.537 [http-nio-8080-exec-2] DEBUG j.sqltiming -  com.zaxxer.hikari.pool.ProxyPreparedStatement.execute(ProxyPreparedStatement.java:44)
172. SELECT
			urSeq,
		    urName,
		    urID,
		    urPassword,
		    urRegTime
		FROM
			user
		WHERE 1=1
			AND urID = 'ej'
			 AND urPassword = '1'
 {executed in 1 msec} 
2025-04-03T14:33:43.538 [http-nio-8080-exec-2] INFO j.resultsettable - 
|------|-------|-----|-----------|--------------------|
|urseq |urname |urid |urpassword |urregtime           |
|------|-------|-----|-----------|--------------------|
|2     |이은준    |ej   |1          |2025-03-28T11:37:15 |
|------|-------|-----|-----------|--------------------|
 
2025-04-03T14:34:07.982 [http-nio-8080-exec-4] DEBUG j.sqltiming -  com.zaxxer.hikari.pool.ProxyPreparedStatement.execute(ProxyPreparedStatement.java:44)
172. SELECT
			urSeq,
		    urName,
		    urID,
		    urPassword,
		    urRegTime
		FROM
			user
		WHERE 1=1
			AND urID = 'ej'
			 AND urPassword = '1'
 {executed in 1 msec} 
2025-04-03T14:34:07.983 [http-nio-8080-exec-4] INFO j.resultsettable - 
|------|-------|-----|-----------|--------------------|
|urseq |urname |urid |urpassword |urregtime           |
|------|-------|-----|-----------|--------------------|
|2     |이은준    |ej   |1          |2025-03-28T11:37:15 |
|------|-------|-----|-----------|--------------------|
 
2025-04-03T14:35:48.514 [http-nio-8080-exec-5] DEBUG j.sqltiming -  com.zaxxer.hikari.pool.ProxyPreparedStatement.execute(ProxyPreparedStatement.java:44)
172. SELECT
			urSeq,
		    urName,
		    urID,
		    urPassword,
		    urRegTime
		FROM
			user
		WHERE 1=1
			AND urID = 'ej'
			 AND urPassword = '1'
 {executed in 1 msec} 
2025-04-03T14:35:48.514 [http-nio-8080-exec-5] INFO j.resultsettable - 
|------|-------|-----|-----------|--------------------|
|urseq |urname |urid |urpassword |urregtime           |
|------|-------|-----|-----------|--------------------|
|2     |이은준    |ej   |1          |2025-03-28T11:37:15 |
|------|-------|-----|-----------|--------------------|
 
2025-04-03T14:35:48.533 [http-nio-8080-exec-8] DEBUG j.sqltiming -  com.zaxxer.hikari.pool.ProxyPreparedStatement.execute(ProxyPreparedStatement.java:44)
172. Select count(*)

			from
			codegroup as a 		
			where 1=1
		 AND a.cgUse = 1 
         AND a.cgdelNy = 0
 {executed in 1 msec} 
2025-04-03T14:35:48.533 [http-nio-8080-exec-8] INFO j.resultsettable - 
|---------|
|count(*) |
|---------|
|11       |
|---------|
 
2025-04-03T14:35:48.539 [http-nio-8080-exec-8] DEBUG j.sqltiming -  com.zaxxer.hikari.pool.ProxyPreparedStatement.execute(ProxyPreparedStatement.java:44)
172. select
			a.cgSeq,
			a.cgdelNy,
			a.cgUse,
		    a.cgName,
		    a.cgNameEng,
		    (select count(aa.cdSeq) from code aa where 1=1 and aa.cdDelNy = 0 and aa.codeGroup_cgSeq = a.cgSeq) as cdSeqCount,
		    a.cgOrder,
		    a.cgRegDate,
		    a.cgEdDate

			from
			codegroup as a 		
			where 1=1
		 AND a.cgUse = 1 
         AND a.cgdelNy = 0 

		order by cgSeq desc
		limit 5 offset 0
 {executed in 3 msec} 
2025-04-03T14:35:48.540 [http-nio-8080-exec-8] INFO j.resultsettable - 
|------|--------|------|-------|------------|-----------|--------|--------------------|---------|
|cgseq |cgdelny |cguse |cgname |cgnameeng   |cdseqcount |cgorder |cgregdate           |cgeddate |
|------|--------|------|-------|------------|-----------|--------|--------------------|---------|
|11    |0       |1     |이메일    |e-mail      |3          |1       |2025-04-01T19:50:09 |[null]   |
|10    |0       |1     |status |status      |2          |1       |2025-03-23T17:08:37 |[null]   |
|9     |0       |1     |이닝     |Inning      |40         |1       |2025-03-22T13:33:54 |[null]   |
|8     |0       |1     |국적     |Nationality |21         |1       |2025-03-22T10:51:18 |[null]   |
|7     |0       |1     |타      |Bat         |3          |1       |2025-03-21T17:26:47 |[null]   |
|------|--------|------|-------|------------|-----------|--------|--------------------|---------|
 
