2025-03-25T09:14:06.007 [restartedMain] INFO c.a.AngelsApplication - Starting AngelsApplication using Java 21.0.5 with PID 10984 (C:\factory\ws_sts4_4270\repo_angels\angels\bin\main started by sunjs in C:\factory\ws_sts4_4270\repo_angels\angels) 
2025-03-25T09:14:06.008 [restartedMain] INFO c.a.AngelsApplication - No active profile set, falling back to 1 default profile: "default" 
2025-03-25T09:14:06.058 [restartedMain] INFO o.s.b.d.e.DevToolsPropertyDefaultsPostProcessor - Devtools property defaults active! Set 'spring.devtools.add-properties' to 'false' to disable 
2025-03-25T09:14:06.058 [restartedMain] INFO o.s.b.d.e.DevToolsPropertyDefaultsPostProcessor - For additional web related logging consider setting the 'logging.level.web' property to 'DEBUG' 
2025-03-25T09:14:07.223 [restartedMain] INFO o.s.b.w.e.t.TomcatWebServer - Tomcat initialized with port 8080 (http) 
2025-03-25T09:14:07.237 [restartedMain] INFO o.a.c.h.Http11NioProtocol - Initializing ProtocolHandler ["http-nio-8080"] 
2025-03-25T09:14:07.239 [restartedMain] INFO o.a.c.c.StandardService - Starting service [Tomcat] 
2025-03-25T09:14:07.239 [restartedMain] INFO o.a.c.c.StandardEngine - Starting Servlet engine: [Apache Tomcat/10.1.36] 
2025-03-25T09:14:07.286 [restartedMain] INFO o.a.c.c.C.[.[.[/] - Initializing Spring embedded WebApplicationContext 
2025-03-25T09:14:07.286 [restartedMain] INFO o.s.b.w.s.c.ServletWebServerApplicationContext - Root WebApplicationContext: initialization completed in 1227 ms 
2025-03-25T09:14:07.649 [restartedMain] INFO c.z.h.HikariDataSource - HikariPool-1 - Starting... 
2025-03-25T09:14:08.036 [restartedMain] INFO c.z.h.p.HikariPool - HikariPool-1 - Added connection net.sf.log4jdbc.sql.jdbcapi.ConnectionSpy@6027f4ce 
2025-03-25T09:14:08.039 [restartedMain] INFO c.z.h.HikariDataSource - HikariPool-1 - Start completed. 
2025-03-25T09:14:08.068 [restartedMain] DEBUG j.sqltiming -  com.zaxxer.hikari.pool.ProxyPreparedStatement.execute(ProxyPreparedStatement.java:44)
1. SELECT 
			cdSeq,
			cdName,
			codeGroup_cgSeq
		FROM
			code
		WHERE 1=1
			AND cdDelNy = 0
 {executed in 11 msec} 
2025-03-25T09:14:08.103 [restartedMain] INFO j.resultsettable - 
|------|----------|----------------|
|cdseq |cdname    |codegroup_cgseq |
|------|----------|----------------|
|1     |SKT       |1               |
|2     |KT        |1               |
|3     |LG U+     |1               |
|4     |SKT 알뜰폰   |1               |
|5     |KT 알뜰폰    |1               |
|6     |LG U+ 알뜰폰 |1               |
|7     |남자        |2               |
|8     |여자        |2               |
|9     |AL        |3               |
|10    |NL        |3               |
|11    |East      |4               |
|12    |Central   |4               |
|13    |West      |4               |
|14    |투수        |5               |
|15    |1루수       |5               |
|16    |2루수       |5               |
|17    |3루수       |5               |
|18    |유격수       |5               |
|19    |좌익수       |5               |
|20    |중견수       |5               |
|21    |우익수       |5               |
|22    |포수        |5               |
|23    |지명타자      |5               |
|24    |대타        |5               |
|25    |대주자       |5               |
|26    |좌투        |6               |
|27    |우투        |6               |
|28    |양투        |6               |
|29    |좌타        |7               |
|30    |우타        |7               |
|31    |양타        |7               |
|32    |미국        |8               |
|33    |도미니카 공화국  |8               |
|34    |베네수엘라     |8               |
|35    |쿠바        |8               |
|36    |푸에르토리코    |8               |
|37    |멕시코       |8               |
|38    |캐나다       |8               |
|39    |일본        |8               |
|40    |콜롬비아      |8               |
|41    |대한민국      |8               |
|42    |파나마       |8               |
|43    |퀴라소       |8               |
|44    |네덜란드      |8               |
|45    |바하마       |8               |
|46    |니카라과      |8               |
|47    |호주        |8               |
|48    |브라질       |8               |
|49    |독일        |8               |
|50    |온두라스      |8               |
|51    |대만        |8               |
|52    |아루바       |8               |
|53    |1회초       |9               |
|54    |1회말       |9               |
|55    |2회초       |9               |
|56    |2회말       |9               |
|57    |3회초       |9               |
|58    |3회말       |9               |
|59    |4회초       |9               |
|60    |4회말       |9               |
|61    |5회초       |9               |
|62    |5회말       |9               |
|63    |6회초       |9               |
|64    |6회말       |9               |
|65    |7회초       |9               |
|66    |7회말       |9               |
|67    |8회초       |9               |
|68    |8회말       |9               |
|69    |9회초       |9               |
|70    |9회말       |9               |
|71    |10회초      |9               |
|72    |10회말      |9               |
|73    |11회초      |9               |
|74    |11회말      |9               |
|75    |12회초      |9               |
|76    |12회말      |9               |
|77    |13회초      |9               |
|78    |13회말      |9               |
|79    |14회초      |9               |
|80    |14회말      |9               |
|81    |15회초      |9               |
|82    |15회말      |9               |
|83    |16회초      |9               |
|84    |16회말      |9               |
|85    |17회초      |9               |
|86    |17회말      |9               |
|87    |18회초      |9               |
|88    |18회말      |9               |
|89    |19회초      |9               |
|90    |19회말      |9               |
|91    |20회초      |9               |
|92    |20회말      |9               |
|93    |현역        |10              |
|94    |은퇴        |10              |
|95    |투타겸업      |5               |
|------|----------|----------------|
 
2025-03-25T09:14:08.575 [restartedMain] INFO o.s.b.d.a.OptionalLiveReloadServer - LiveReload server is running on port 35729 
2025-03-25T09:14:08.593 [restartedMain] INFO o.a.c.h.Http11NioProtocol - Starting ProtocolHandler ["http-nio-8080"] 
2025-03-25T09:14:08.615 [restartedMain] INFO o.s.b.w.e.t.TomcatWebServer - Tomcat started on port 8080 (http) with context path '/' 
2025-03-25T09:14:08.623 [restartedMain] INFO c.a.AngelsApplication - Started AngelsApplication in 2.984 seconds (process running for 4.12) 
2025-03-25T09:20:44.622 [http-nio-8080-exec-5] INFO o.a.c.c.C.[.[.[/] - Initializing Spring DispatcherServlet 'dispatcherServlet' 
2025-03-25T09:20:44.624 [http-nio-8080-exec-5] INFO o.s.w.s.DispatcherServlet - Initializing Servlet 'dispatcherServlet' 
2025-03-25T09:20:44.627 [http-nio-8080-exec-5] INFO o.s.w.s.DispatcherServlet - Completed initialization in 3 ms 
2025-03-25T09:55:55.838 [http-nio-8080-exec-2] DEBUG j.sqltiming -  com.zaxxer.hikari.pool.ProxyPreparedStatement.execute(ProxyPreparedStatement.java:44)
11. Select count(*)

		from
	  stadium s left join team tm ON s.team_tmSeq = tm.tmSeq
		WHERE 1=1

		 AND s.stUse = 1 
         AND s.stDelNy = 0 

         AND s.stSeq = '2'
 {executed in 4 msec} 
2025-03-25T09:55:55.839 [http-nio-8080-exec-2] INFO j.resultsettable - 
|---------|
|count(*) |
|---------|
|1        |
|---------|
 
2025-03-25T09:55:55.842 [http-nio-8080-exec-2] DEBUG j.sqltiming -  com.zaxxer.hikari.pool.ProxyPreparedStatement.execute(ProxyPreparedStatement.java:44)
11. select
			tmNameAb,
		    tmSeq
		from
			team
		where 1=1
 {executed in 1 msec} 
2025-03-25T09:55:55.843 [http-nio-8080-exec-2] INFO j.resultsettable - 
|---------|------|
|tmnameab |tmseq |
|---------|------|
|ARI      |1     |
|LAD      |2     |
|COL      |3     |
|SD       |4     |
|SF       |5     |
|CHC      |6     |
|CIN      |7     |
|MIL      |8     |
|PIT      |9     |
|STL      |10    |
|ATL      |11    |
|MIA      |12    |
|NYM      |13    |
|PHI      |14    |
|WSH      |15    |
|HOU      |16    |
|LAA      |17    |
|ATH      |18    |
|SEA      |19    |
|TEX      |20    |
|CWS      |21    |
|CLE      |22    |
|DET      |23    |
|KC       |24    |
|MIN      |25    |
|BAL      |26    |
|BOS      |27    |
|NYY      |28    |
|TB       |29    |
|TOR      |30    |
|---------|------|
 
2025-03-25T09:55:55.847 [http-nio-8080-exec-2] DEBUG j.sqltiming -  com.zaxxer.hikari.pool.ProxyPreparedStatement.execute(ProxyPreparedStatement.java:44)
11. SELECT	
		tm.tmNameAb,
	    s.stSeq,
	    s.stUse,
	    s.stDelNy,
	    s.stName,
	    s.stNameKor,
	    s.stAdress,
	    s.stRegTime,
	    s.stModTime

		from
	  stadium s left join team tm ON s.team_tmSeq = tm.tmSeq
		WHERE 1=1

		 AND s.stUse = 1 
         AND s.stDelNy = 0 

         AND s.stSeq = '2' 

		ORDER BY s.stSeq DESC	
		limit 100 offset 0
 {executed in 1 msec} 
2025-03-25T09:55:55.853 [http-nio-8080-exec-2] INFO j.resultsettable - 
|---------|------|------|--------|---------------|----------|------------------------------------------------|--------------------|----------|
|tmnameab |stseq |stuse |stdelny |stname         |stnamekor |stadress                                        |stregtime           |stmodtime |
|---------|------|------|--------|---------------|----------|------------------------------------------------|--------------------|----------|
|LAD      |2     |1     |0       |Dodger Stadium |다저 스타디움   |1000 Vin Scully Ave, Los Angeles, CA 90012, USA |2025-03-25T00:32:18 |[null]    |
|---------|------|------|--------|---------------|----------|------------------------------------------------|--------------------|----------|
 
2025-03-25T09:56:02.865 [http-nio-8080-exec-6] DEBUG j.sqltiming -  com.zaxxer.hikari.pool.ProxyPreparedStatement.execute(ProxyPreparedStatement.java:44)
11. Select count(*)

		from
	  stadium s left join team tm ON s.team_tmSeq = tm.tmSeq
		WHERE 1=1

		 AND s.stUse = 1 
         AND s.stDelNy = 0
 {executed in 2 msec} 
2025-03-25T09:56:02.866 [http-nio-8080-exec-6] INFO j.resultsettable - 
|---------|
|count(*) |
|---------|
|30       |
|---------|
 
2025-03-25T09:56:02.869 [http-nio-8080-exec-6] DEBUG j.sqltiming -  com.zaxxer.hikari.pool.ProxyPreparedStatement.execute(ProxyPreparedStatement.java:44)
11. select
			tmNameAb,
		    tmSeq
		from
			team
		where 1=1
 {executed in 1 msec} 
2025-03-25T09:56:02.871 [http-nio-8080-exec-6] INFO j.resultsettable - 
|---------|------|
|tmnameab |tmseq |
|---------|------|
|ARI      |1     |
|LAD      |2     |
|COL      |3     |
|SD       |4     |
|SF       |5     |
|CHC      |6     |
|CIN      |7     |
|MIL      |8     |
|PIT      |9     |
|STL      |10    |
|ATL      |11    |
|MIA      |12    |
|NYM      |13    |
|PHI      |14    |
|WSH      |15    |
|HOU      |16    |
|LAA      |17    |
|ATH      |18    |
|SEA      |19    |
|TEX      |20    |
|CWS      |21    |
|CLE      |22    |
|DET      |23    |
|KC       |24    |
|MIN      |25    |
|BAL      |26    |
|BOS      |27    |
|NYY      |28    |
|TB       |29    |
|TOR      |30    |
|---------|------|
 
2025-03-25T09:56:02.875 [http-nio-8080-exec-6] DEBUG j.sqltiming -  com.zaxxer.hikari.pool.ProxyPreparedStatement.execute(ProxyPreparedStatement.java:44)
11. SELECT	
		tm.tmNameAb,
	    s.stSeq,
	    s.stUse,
	    s.stDelNy,
	    s.stName,
	    s.stNameKor,
	    s.stAdress,
	    s.stRegTime,
	    s.stModTime

		from
	  stadium s left join team tm ON s.team_tmSeq = tm.tmSeq
		WHERE 1=1

		 AND s.stUse = 1 
         AND s.stDelNy = 0 

		ORDER BY s.stSeq DESC	
		limit 100 offset 0
 {executed in 1 msec} 
2025-03-25T09:56:02.881 [http-nio-8080-exec-6] INFO j.resultsettable - 
|---------|------|------|--------|----------------------------|---------------|---------------------------------------------------|--------------------|----------|
|tmnameab |stseq |stuse |stdelny |stname                      |stnamekor      |stadress                                           |stregtime           |stmodtime |
|---------|------|------|--------|----------------------------|---------------|---------------------------------------------------|--------------------|----------|
|TOR      |30    |1     |0       |Rogers Centre               |로저스 센터         |1 Blue Jays Way, Toronto, ON M5V 1J1, Canada       |2025-03-25T00:40:28 |[null]    |
|TB       |29    |1     |0       |Tropicana Field             |트로피카나 필드       |1 Tropicana Dr, St. Petersburg, FL 33705, USA      |2025-03-25T00:40:17 |[null]    |
|NYY      |28    |1     |0       |Yankee Stadium              |양키 스타디움        |1 E 161st St, The Bronx, NY 10451, USA             |2025-03-25T00:39:46 |[null]    |
|BOS      |27    |1     |0       |Fenway Park                 |펜웨이 파크         |4 Yawkey Way, Boston, MA 02215, USA                |2025-03-25T00:39:36 |[null]    |
|BAL      |26    |1     |0       |Oriole Park at Camden Yards |오리올 파크 앳 캠든 야드 |333 W Camden St, Baltimore, MD 21201, USA          |2025-03-25T00:39:28 |[null]    |
|MIN      |25    |1     |0       |Target Field                |타깃 필드          |1 Twins Way, Minneapolis, MN 55403, USA            |2025-03-25T00:39:08 |[null]    |
|KC       |24    |1     |0       |Kauffman Stadium            |카우프만 스타디움      |1 Royal Way, Kansas City, MO 64129, USA            |2025-03-25T00:38:54 |[null]    |
|DET      |23    |1     |0       |Comerica Park               |코메리카 파크        |2100 Woodward Ave, Detroit, MI 48201, USA          |2025-03-25T00:38:40 |[null]    |
|CLE      |22    |1     |0       |Progressive Field           |프로그레시브 필드      |2401 Ontario St, Cleveland, OH 44115, USA          |2025-03-25T00:38:29 |[null]    |
|CWS      |21    |1     |0       |Guaranteed Rate Field       |개런티드 레이트 필드    |333 W 35th St, Chicago, IL 60616, USA              |2025-03-25T00:38:16 |[null]    |
|TEX      |20    |1     |0       |Globe Life Field            |글로브 라이프 필드     |734 Stadium Dr, Arlington, TX 76011, USA           |2025-03-25T00:37:57 |[null]    |
|SEA      |19    |1     |0       |T-Mobile Park               |T-모바일 파크       |1250 1st Ave S, Seattle, WA 98134, USA             |2025-03-25T00:37:43 |[null]    |
|ATH      |18    |1     |0       |Sutter Health Park          |수터 헬스 파크       |400 Ballpark Drive West Sacramento, CA 95691, USA  |2025-03-25T00:37:16 |[null]    |
|LAA      |17    |1     |0       |Angel Stadium               |앙헬 스타디움        |2000 Gene Autry Way, Anaheim, CA 92806, USA        |2025-03-25T00:37:02 |[null]    |
|HOU      |16    |1     |0       |Daikin Park                 |다이킨 파크         |501 Crawford St, Houston, TX 77002, USA            |2025-03-25T00:36:47 |[null]    |
|WSH      |15    |1     |0       |Nationals Park              |내셔널스 파크        |1500 S Capitol St SE, Washington, D.C. 20003, USA  |2025-03-25T00:36:33 |[null]    |
|PHI      |14    |1     |0       |Citizens Bank Park          |시티즌스 뱅크 파크     |1 Citizens Bank Way, Philadelphia, PA 19148, USA   |2025-03-25T00:36:19 |[null]    |
|NYM      |13    |1     |0       |Citi Field                  |시티 필드          |41 Seaver Way, Queens, NY 11368, USA               |2025-03-25T00:36:06 |[null]    |
|MIA      |12    |1     |0       |LoanDepot Park              |론디포 파크         |501 Marlins Way, Miami, FL 33125, USA              |2025-03-25T00:35:41 |[null]    |
|ATL      |11    |1     |0       |Truist Park                 |트루이스트 파크       |755 Battery Ave SE, Atlanta, GA 30339, USA         |2025-03-25T00:35:28 |[null]    |
|STL      |10    |1     |0       |Busch Stadium               |부시 스타디움        |700 Clark St, St. Louis, MO 63102, USA             |2025-03-25T00:35:13 |[null]    |
|PIT      |9     |1     |0       |PNC Park                    |PNC 파크         |115 Federal St, Pittsburgh, PA 15212, USA          |2025-03-25T00:35:01 |[null]    |
|MIL      |8     |1     |0       |American Family Field       |아메리칸 패밀리 필드    |1 Brewers Way, Milwaukee, WI 53214, USA            |2025-03-25T00:34:48 |[null]    |
|CIN      |7     |1     |0       |Great American Ball Park    |그레이트 아메리칸 볼파크  |100 Joe Nuxhall Way, Cincinnati, OH 45202, USA     |2025-03-25T00:34:33 |[null]    |
|CHC      |6     |1     |0       |Wrigley Field               |리글리 필드         |1060 W Addison St, Chicago, IL 60613, USA          |2025-03-25T00:34:19 |[null]    |
|SF       |5     |1     |0       |Oracle Park                 |오라클 파크         |24 Willie Mays Plaza, San Francisco, CA 94107, USA |2025-03-25T00:33:59 |[null]    |
|SD       |4     |1     |0       |Petco Park                  |펫코 파크          |100 Park Blvd, San Diego, CA 92101, USA            |2025-03-25T00:33:06 |[null]    |
|COL      |3     |1     |0       |Coors Field                 |쿠어스 필드         |2001 Blake St, Denver, CO 80205, USA               |2025-03-25T00:32:54 |[null]    |
|LAD      |2     |1     |0       |Dodger Stadium              |다저 스타디움        |1000 Vin Scully Ave, Los Angeles, CA 90012, USA    |2025-03-25T00:32:18 |[null]    |
|ARI      |1     |1     |0       |Chase Field                 |체이스 필드         |401 E Jefferson St, Pheonix, AZ 85004, USA         |2025-03-25T00:30:52 |[null]    |
|---------|------|------|--------|----------------------------|---------------|---------------------------------------------------|--------------------|----------|
 
