2025-03-21T09:20:17.570 [restartedMain] INFO c.a.AngelsApplication - Starting AngelsApplication using Java 21.0.5 with PID 22784 (C:\factory\ws_sts4_4270\repo_angels\angels\bin\main started by sunjs in C:\factory\ws_sts4_4270\repo_angels\angels) 
2025-03-21T09:20:17.574 [restartedMain] INFO c.a.AngelsApplication - No active profile set, falling back to 1 default profile: "default" 
2025-03-21T09:20:17.990 [restartedMain] INFO o.s.b.d.e.DevToolsPropertyDefaultsPostProcessor - Devtools property defaults active! Set 'spring.devtools.add-properties' to 'false' to disable 
2025-03-21T09:20:17.998 [restartedMain] INFO o.s.b.d.e.DevToolsPropertyDefaultsPostProcessor - For additional web related logging consider setting the 'logging.level.web' property to 'DEBUG' 
2025-03-21T09:20:21.842 [restartedMain] INFO o.s.b.w.e.t.TomcatWebServer - Tomcat initialized with port 8080 (http) 
2025-03-21T09:20:21.878 [restartedMain] INFO o.a.c.h.Http11NioProtocol - Initializing ProtocolHandler ["http-nio-8080"] 
2025-03-21T09:20:21.882 [restartedMain] INFO o.a.c.c.StandardService - Starting service [Tomcat] 
2025-03-21T09:20:21.882 [restartedMain] INFO o.a.c.c.StandardEngine - Starting Servlet engine: [Apache Tomcat/10.1.36] 
2025-03-21T09:20:22.067 [restartedMain] INFO o.a.c.c.C.[.[.[/] - Initializing Spring embedded WebApplicationContext 
2025-03-21T09:20:22.068 [restartedMain] INFO o.s.b.w.s.c.ServletWebServerApplicationContext - Root WebApplicationContext: initialization completed in 4063 ms 
2025-03-21T09:20:24.452 [restartedMain] INFO o.s.b.d.a.OptionalLiveReloadServer - LiveReload server is running on port 35729 
2025-03-21T09:20:24.499 [restartedMain] INFO o.a.c.h.Http11NioProtocol - Starting ProtocolHandler ["http-nio-8080"] 
2025-03-21T09:20:24.561 [restartedMain] INFO o.s.b.w.e.t.TomcatWebServer - Tomcat started on port 8080 (http) with context path '/' 
2025-03-21T09:20:24.583 [restartedMain] INFO c.a.AngelsApplication - Started AngelsApplication in 7.794 seconds (process running for 9.902) 
2025-03-21T09:20:31.884 [http-nio-8080-exec-1] INFO o.a.c.c.C.[.[.[/] - Initializing Spring DispatcherServlet 'dispatcherServlet' 
2025-03-21T09:20:31.885 [http-nio-8080-exec-1] INFO o.s.w.s.DispatcherServlet - Initializing Servlet 'dispatcherServlet' 
2025-03-21T09:20:31.887 [http-nio-8080-exec-1] INFO o.s.w.s.DispatcherServlet - Completed initialization in 2 ms 
2025-03-21T09:20:32.043 [http-nio-8080-exec-1] INFO c.z.h.HikariDataSource - HikariPool-1 - Starting... 
2025-03-21T09:20:32.960 [http-nio-8080-exec-1] INFO c.z.h.p.HikariPool - HikariPool-1 - Added connection net.sf.log4jdbc.sql.jdbcapi.ConnectionSpy@6b23ea57 
2025-03-21T09:20:32.964 [http-nio-8080-exec-1] INFO c.z.h.HikariDataSource - HikariPool-1 - Start completed. 
2025-03-21T09:20:33.029 [http-nio-8080-exec-1] DEBUG j.sqltiming -  com.zaxxer.hikari.pool.ProxyPreparedStatement.execute(ProxyPreparedStatement.java:44)
1. Select count(*)

			from
			codegroup as a 		
			where 1=1
 {executed in 24 msec} 
2025-03-21T09:20:33.057 [http-nio-8080-exec-1] INFO j.resultsettable - 
|---------|
|count(*) |
|---------|
|4        |
|---------|
 
2025-03-21T09:20:33.088 [http-nio-8080-exec-1] DEBUG j.sqltiming -  com.zaxxer.hikari.pool.ProxyPreparedStatement.execute(ProxyPreparedStatement.java:44)
1. select
			a.cgSeq,
			a.cgdelNy,
			a.cgUse,
		    a.cgName,
		    a.cgNameEng,
		    (select count(aa.cdSeq) from code aa where 1=1 and aa.cdDelNy = 0 and aa.codeGroup_cgSeq = a.cgSeq) as cdSeqCount,
		    a.cgOrder,
		    a.cgRegDate,
		    a.cgEdDate

			from
			codegroup as a 		
			where 1=1 

		order by cgSeq desc
		limit 5 offset 0
 {executed in 5 msec} 
2025-03-21T09:20:33.103 [http-nio-8080-exec-1] INFO j.resultsettable - 
|------|--------|------|-------|-----------|-----------|--------|--------------------|---------|
|cgseq |cgdelny |cguse |cgname |cgnameeng  |cdseqcount |cgorder |cgregdate           |cgeddate |
|------|--------|------|-------|-----------|-----------|--------|--------------------|---------|
|4     |0       |null  |리그서브   |LeagueSub  |3          |1       |2025-03-20T16:46:16 |[null]   |
|3     |0       |null  |리그메인   |LeagueMain |2          |1       |2025-03-20T16:46:10 |[null]   |
|2     |0       |null  |성별     |gender     |2          |1       |2025-03-20T16:46:02 |[null]   |
|1     |0       |null  |통신사    |Telecom    |6          |1       |2025-03-20T16:45:56 |[null]   |
|------|--------|------|-------|-----------|-----------|--------|--------------------|---------|
 
2025-03-21T09:20:44.775 [http-nio-8080-exec-10] DEBUG j.sqltiming -  com.zaxxer.hikari.pool.ProxyPreparedStatement.execute(ProxyPreparedStatement.java:44)
1. Select count(*)
		FROM
		team
	where 1=1
 {executed in 3 msec} 
2025-03-21T09:20:44.776 [http-nio-8080-exec-10] INFO j.resultsettable - 
|---------|
|count(*) |
|---------|
|30       |
|---------|
 
2025-03-21T09:20:44.782 [http-nio-8080-exec-10] DEBUG j.sqltiming -  com.zaxxer.hikari.pool.ProxyPreparedStatement.execute(ProxyPreparedStatement.java:44)
1. SELECT
		tmSeq,
		tmHomeName,
	    tmName,
	    tmNameAb,
	    tmHomeNameKor,
	    tmNameKor,
	    tmLogo,
	    tmLeague,
	    tmDiv,
	    tmRegTime,
	    tmModTime    
	FROM
		team
	where 1=1
	order by tmSeq desc
	limit 5 offset 0
 {executed in 2 msec} 
2025-03-21T09:20:44.791 [http-nio-8080-exec-10] INFO j.resultsettable - 
|------|-----------|----------|---------|--------------|----------|-------|---------|------|--------------------|----------|
|tmseq |tmhomename |tmname    |tmnameab |tmhomenamekor |tmnamekor |tmlogo |tmleague |tmdiv |tmregtime           |tmmodtime |
|------|-----------|----------|---------|--------------|----------|-------|---------|------|--------------------|----------|
|30    |Toronto    |Blue Jays |TOR      |토론토           |블루제이스     |[null] |9        |11    |2025-03-20T22:43:31 |[null]    |
|29    |Tampa Bay  |Rays      |TB       |탬파베이          |레이스       |[null] |9        |11    |2025-03-20T22:43:02 |[null]    |
|28    |New York   |Yankees   |NYY      |뉴욕            |양키스       |[null] |9        |11    |2025-03-20T22:42:37 |[null]    |
|27    |Boston     |Red Sox   |BOS      |보스턴           |레드삭스      |[null] |9        |11    |2025-03-20T22:42:13 |[null]    |
|26    |Baltimore  |Orioles   |BAL      |볼티모어          |오리올스      |[null] |9        |11    |2025-03-20T22:41:48 |[null]    |
|------|-----------|----------|---------|--------------|----------|-------|---------|------|--------------------|----------|
 
2025-03-21T09:25:03.820 [http-nio-8080-exec-7] DEBUG j.sqltiming -  com.zaxxer.hikari.pool.ProxyPreparedStatement.execute(ProxyPreparedStatement.java:44)
1. Select count(*)
			from
				stadium
			where 1=1
 {executed in 5 msec} 
2025-03-21T09:25:03.822 [http-nio-8080-exec-7] INFO j.resultsettable - 
|---------|
|count(*) |
|---------|
|5        |
|---------|
 
2025-03-21T09:25:03.831 [http-nio-8080-exec-7] DEBUG j.sqltiming -  com.zaxxer.hikari.pool.ProxyPreparedStatement.execute(ProxyPreparedStatement.java:44)
1. SELECT	
		tm.tmNameAb,
	    s.stSeq,
	    s.stName,
	    s.stNameKor,
	    s.stRegTime,
	    s.stModTime
	from
	  stadium s left join team tm ON s.team_tmSeq = tm.tmSeq
		WHERE 1=1 ORDER BY s.stSeq DESC	
		limit 5 offset 0
 {executed in 2 msec} 
2025-03-21T09:25:03.842 [http-nio-8080-exec-7] INFO j.resultsettable - 
|---------|------|-------|----------|--------------------|----------|
|tmnameab |stseq |stname |stnamekor |stregtime           |stmodtime |
|---------|------|-------|----------|--------------------|----------|
|LAD      |5     |       |          |2025-03-21T00:30:23 |[null]    |
|LAD      |4     |s      |s         |2025-03-21T00:28:21 |[null]    |
|SF       |3     |       |          |2025-03-21T00:28:13 |[null]    |
|SF       |2     |       |          |2025-03-21T00:27    |[null]    |
|ARI      |1     |s      |s         |2025-03-21T00:23:11 |[null]    |
|---------|------|-------|----------|--------------------|----------|
 
2025-03-21T09:25:39.527 [http-nio-8080-exec-5] DEBUG j.sqltiming -  com.zaxxer.hikari.pool.ProxyPreparedStatement.execute(ProxyPreparedStatement.java:44)
1. select
			tmNameAb,
		    tmSeq
		from
			team
		where 1=1
 {executed in 4 msec} 
2025-03-21T09:25:39.536 [http-nio-8080-exec-5] INFO j.resultsettable - 
|---------|------|
|tmnameab |tmseq |
|---------|------|
|ARI      |1     |
|LAD      |2     |
|COL      |3     |
|SD       |4     |
|SF       |5     |
|CHC      |6     |
|CIN      |7     |
|MIL      |8     |
|PIT      |9     |
|STL      |10    |
|ATL      |11    |
|MIA      |12    |
|NYM      |13    |
|PHI      |14    |
|WSH      |15    |
|HOU      |16    |
|LAA      |17    |
|ATH      |18    |
|SEA      |19    |
|TEX      |20    |
|CWS      |21    |
|CLE      |22    |
|DET      |23    |
|KC       |24    |
|MIN      |25    |
|BAL      |26    |
|BOS      |27    |
|NYY      |28    |
|TB       |29    |
|TOR      |30    |
|---------|------|
 
2025-03-21T09:35:28.731 [http-nio-8080-exec-7] DEBUG j.sqltiming -  com.zaxxer.hikari.pool.ProxyPreparedStatement.execute(ProxyPreparedStatement.java:44)
1. Select count(*)
			from
				stadium
			where 1=1
 {executed in 2 msec} 
2025-03-21T09:35:28.733 [http-nio-8080-exec-7] INFO j.resultsettable - 
|---------|
|count(*) |
|---------|
|0        |
|---------|
 
2025-03-21T09:35:28.739 [http-nio-8080-exec-7] DEBUG j.sqltiming -  com.zaxxer.hikari.pool.ProxyPreparedStatement.execute(ProxyPreparedStatement.java:44)
1. SELECT	
		tm.tmNameAb,
	    s.stSeq,
	    s.stName,
	    s.stNameKor,
	    s.stRegTime,
	    s.stModTime
	from
	  stadium s left join team tm ON s.team_tmSeq = tm.tmSeq
		WHERE 1=1 ORDER BY s.stSeq DESC	
		limit 5 offset 0
 {executed in 3 msec} 
2025-03-21T09:35:28.739 [http-nio-8080-exec-7] INFO j.resultsettable - 
|---------|------|-------|----------|----------|----------|
|tmnameab |stseq |stname |stnamekor |stregtime |stmodtime |
|---------|------|-------|----------|----------|----------|
|---------|------|-------|----------|----------|----------|
 
2025-03-21T09:38:58.769 [http-nio-8080-exec-8] DEBUG j.sqltiming -  com.zaxxer.hikari.pool.ProxyPreparedStatement.execute(ProxyPreparedStatement.java:44)
1. select
			tmNameAb,
		    tmSeq
		from
			team
		where 1=1
 {executed in 2 msec} 
2025-03-21T09:38:58.771 [http-nio-8080-exec-8] INFO j.resultsettable - 
|---------|------|
|tmnameab |tmseq |
|---------|------|
|ARI      |1     |
|LAD      |2     |
|COL      |3     |
|SD       |4     |
|SF       |5     |
|CHC      |6     |
|CIN      |7     |
|MIL      |8     |
|PIT      |9     |
|STL      |10    |
|ATL      |11    |
|MIA      |12    |
|NYM      |13    |
|PHI      |14    |
|WSH      |15    |
|HOU      |16    |
|LAA      |17    |
|ATH      |18    |
|SEA      |19    |
|TEX      |20    |
|CWS      |21    |
|CLE      |22    |
|DET      |23    |
|KC       |24    |
|MIN      |25    |
|BAL      |26    |
|BOS      |27    |
|NYY      |28    |
|TB       |29    |
|TOR      |30    |
|---------|------|
 
2025-03-21T09:42:39.752 [http-nio-8080-exec-9] DEBUG j.sqltiming -  com.zaxxer.hikari.pool.ProxyPreparedStatement.execute(ProxyPreparedStatement.java:44)
1. INSERT INTO stadium (
		stName,
		stNameKor,
		stAdress,	
		team_tmSeq,
		stRegTime

	) values (
		'Chase Field',
		'체이스 필드',
		'401 E Jefferson St, Pheonix, AZ 85004, USA',
		'1',
		NOW()
	)
 {executed in 7 msec} 
2025-03-21T09:42:39.753 [http-nio-8080-exec-9] DEBUG j.sqltiming -  com.zaxxer.hikari.pool.ProxyPreparedStatement.execute(ProxyPreparedStatement.java:44)
1. SELECT last_insert_id()
 {executed in 1 msec} 
2025-03-21T09:42:39.754 [http-nio-8080-exec-9] INFO j.resultsettable - 
|-----------------|
|last_insert_id() |
|-----------------|
|1                |
|-----------------|
 
2025-03-21T09:42:39.781 [http-nio-8080-exec-1] DEBUG j.sqltiming -  com.zaxxer.hikari.pool.ProxyPreparedStatement.execute(ProxyPreparedStatement.java:44)
1. Select count(*)
			from
				stadium
			where 1=1
 {executed in 1 msec} 
2025-03-21T09:42:39.781 [http-nio-8080-exec-1] INFO j.resultsettable - 
|---------|
|count(*) |
|---------|
|1        |
|---------|
 
2025-03-21T09:42:39.786 [http-nio-8080-exec-1] DEBUG j.sqltiming -  com.zaxxer.hikari.pool.ProxyPreparedStatement.execute(ProxyPreparedStatement.java:44)
1. SELECT	
		tm.tmNameAb,
	    s.stSeq,
	    s.stName,
	    s.stNameKor,
	    s.stRegTime,
	    s.stModTime
	from
	  stadium s left join team tm ON s.team_tmSeq = tm.tmSeq
		WHERE 1=1 ORDER BY s.stSeq DESC	
		limit 5 offset 0
 {executed in 1 msec} 
2025-03-21T09:42:39.788 [http-nio-8080-exec-1] INFO j.resultsettable - 
|---------|------|------------|----------|--------------------|----------|
|tmnameab |stseq |stname      |stnamekor |stregtime           |stmodtime |
|---------|------|------------|----------|--------------------|----------|
|ARI      |1     |Chase Field |체이스 필드    |2025-03-21T09:42:39 |[null]    |
|---------|------|------------|----------|--------------------|----------|
 
2025-03-21T09:42:43.654 [http-nio-8080-exec-6] DEBUG j.sqltiming -  com.zaxxer.hikari.pool.ProxyPreparedStatement.execute(ProxyPreparedStatement.java:44)
1. Select count(*)
			from
				stadium
			where 1=1
 {executed in 0 msec} 
2025-03-21T09:42:43.654 [http-nio-8080-exec-6] INFO j.resultsettable - 
|---------|
|count(*) |
|---------|
|1        |
|---------|
 
2025-03-21T09:42:43.656 [http-nio-8080-exec-6] DEBUG j.sqltiming -  com.zaxxer.hikari.pool.ProxyPreparedStatement.execute(ProxyPreparedStatement.java:44)
1. SELECT	
		tm.tmNameAb,
	    s.stSeq,
	    s.stName,
	    s.stNameKor,
	    s.stRegTime,
	    s.stModTime
	from
	  stadium s left join team tm ON s.team_tmSeq = tm.tmSeq
		WHERE 1=1 ORDER BY s.stSeq DESC	
		limit 5 offset 0
 {executed in 1 msec} 
2025-03-21T09:42:43.657 [http-nio-8080-exec-6] INFO j.resultsettable - 
|---------|------|------------|----------|--------------------|----------|
|tmnameab |stseq |stname      |stnamekor |stregtime           |stmodtime |
|---------|------|------------|----------|--------------------|----------|
|ARI      |1     |Chase Field |체이스 필드    |2025-03-21T09:42:39 |[null]    |
|---------|------|------------|----------|--------------------|----------|
 
2025-03-21T09:43:06.876 [http-nio-8080-exec-4] DEBUG j.sqltiming -  com.zaxxer.hikari.pool.ProxyPreparedStatement.execute(ProxyPreparedStatement.java:44)
1. Select count(*)
			from
				stadium
			where 1=1
 {executed in 1 msec} 
2025-03-21T09:43:06.876 [http-nio-8080-exec-4] INFO j.resultsettable - 
|---------|
|count(*) |
|---------|
|1        |
|---------|
 
2025-03-21T09:43:06.878 [http-nio-8080-exec-4] DEBUG j.sqltiming -  com.zaxxer.hikari.pool.ProxyPreparedStatement.execute(ProxyPreparedStatement.java:44)
1. SELECT	
		tm.tmNameAb,
	    s.stSeq,
	    s.stName,
	    s.stNameKor,
	    s.stRegTime,
	    s.stModTime
	from
	  stadium s left join team tm ON s.team_tmSeq = tm.tmSeq
		WHERE 1=1 ORDER BY s.stSeq DESC	
		limit 5 offset 0
 {executed in 1 msec} 
2025-03-21T09:43:06.879 [http-nio-8080-exec-4] INFO j.resultsettable - 
|---------|------|------------|----------|--------------------|----------|
|tmnameab |stseq |stname      |stnamekor |stregtime           |stmodtime |
|---------|------|------------|----------|--------------------|----------|
|ARI      |1     |Chase Field |체이스 필드    |2025-03-21T09:42:39 |[null]    |
|---------|------|------------|----------|--------------------|----------|
 
2025-03-21T09:43:07.728 [File Watcher] INFO o.s.b.d.a.LocalDevToolsAutoConfiguration$RestartingClassPathChangeChangedEventListener - Restarting due to 1 class path change (0 additions, 0 deletions, 1 modification) 
2025-03-21T09:43:07.735 [Thread-5] INFO o.s.b.w.e.t.GracefulShutdown - Commencing graceful shutdown. Waiting for active requests to complete 
2025-03-21T09:43:07.737 [tomcat-shutdown] INFO o.a.c.h.Http11NioProtocol - Pausing ProtocolHandler ["http-nio-8080"] 
2025-03-21T09:43:07.755 [tomcat-shutdown] INFO o.s.b.w.e.t.GracefulShutdown - Graceful shutdown complete 
2025-03-21T09:43:07.756 [Thread-5] INFO o.a.c.h.Http11NioProtocol - Stopping ProtocolHandler ["http-nio-8080"] 
2025-03-21T09:43:07.760 [Thread-5] INFO c.z.h.HikariDataSource - HikariPool-1 - Shutdown initiated... 
2025-03-21T09:43:07.769 [Thread-5] INFO c.z.h.HikariDataSource - HikariPool-1 - Shutdown completed. 
2025-03-21T09:43:07.901 [restartedMain] INFO c.a.AngelsApplication - Starting AngelsApplication using Java 21.0.5 with PID 22784 (C:\factory\ws_sts4_4270\repo_angels\angels\bin\main started by sunjs in C:\factory\ws_sts4_4270\repo_angels\angels) 
2025-03-21T09:43:07.901 [restartedMain] INFO c.a.AngelsApplication - No active profile set, falling back to 1 default profile: "default" 
2025-03-21T09:43:08.279 [restartedMain] INFO o.s.b.w.e.t.TomcatWebServer - Tomcat initialized with port 8080 (http) 
2025-03-21T09:43:08.280 [restartedMain] INFO o.a.c.h.Http11NioProtocol - Initializing ProtocolHandler ["http-nio-8080"] 
2025-03-21T09:43:08.281 [restartedMain] INFO o.a.c.c.StandardService - Starting service [Tomcat] 
2025-03-21T09:43:08.281 [restartedMain] INFO o.a.c.c.StandardEngine - Starting Servlet engine: [Apache Tomcat/10.1.36] 
2025-03-21T09:43:08.306 [restartedMain] INFO o.a.c.c.C.[.[.[/] - Initializing Spring embedded WebApplicationContext 
2025-03-21T09:43:08.306 [restartedMain] INFO o.s.b.w.s.c.ServletWebServerApplicationContext - Root WebApplicationContext: initialization completed in 401 ms 
2025-03-21T09:43:08.525 [restartedMain] INFO o.s.b.d.a.OptionalLiveReloadServer - LiveReload server is running on port 35729 
2025-03-21T09:43:08.535 [restartedMain] INFO o.a.c.h.Http11NioProtocol - Starting ProtocolHandler ["http-nio-8080"] 
2025-03-21T09:43:08.540 [restartedMain] INFO o.s.b.w.e.t.TomcatWebServer - Tomcat started on port 8080 (http) with context path '/' 
2025-03-21T09:43:08.545 [restartedMain] INFO c.a.AngelsApplication - Started AngelsApplication in 0.708 seconds (process running for 1373.816) 
2025-03-21T09:43:08.548 [restartedMain] INFO o.s.b.d.a.ConditionEvaluationDeltaLoggingListener - Condition evaluation unchanged 
2025-03-21T09:43:21.048 [http-nio-8080-exec-1] INFO o.a.c.c.C.[.[.[/] - Initializing Spring DispatcherServlet 'dispatcherServlet' 
2025-03-21T09:43:21.048 [http-nio-8080-exec-1] INFO o.s.w.s.DispatcherServlet - Initializing Servlet 'dispatcherServlet' 
2025-03-21T09:43:21.049 [http-nio-8080-exec-1] INFO o.s.w.s.DispatcherServlet - Completed initialization in 1 ms 
2025-03-21T09:43:21.052 [http-nio-8080-exec-1] INFO c.z.h.HikariDataSource - HikariPool-2 - Starting... 
2025-03-21T09:43:21.085 [http-nio-8080-exec-1] INFO c.z.h.p.HikariPool - HikariPool-2 - Added connection net.sf.log4jdbc.sql.jdbcapi.ConnectionSpy@84243b8 
2025-03-21T09:43:21.086 [http-nio-8080-exec-1] INFO c.z.h.HikariDataSource - HikariPool-2 - Start completed. 
2025-03-21T09:43:21.087 [http-nio-8080-exec-1] DEBUG j.sqltiming -  com.zaxxer.hikari.pool.ProxyPreparedStatement.execute(ProxyPreparedStatement.java:44)
11. Select count(*)
			from
				stadium
			where 1=1
 {executed in 1 msec} 
2025-03-21T09:43:21.089 [http-nio-8080-exec-1] INFO j.resultsettable - 
|---------|
|count(*) |
|---------|
|1        |
|---------|
 
2025-03-21T09:43:21.093 [http-nio-8080-exec-1] DEBUG j.sqltiming -  com.zaxxer.hikari.pool.ProxyPreparedStatement.execute(ProxyPreparedStatement.java:44)
11. SELECT	
		tm.tmNameAb,
	    s.stSeq,
	    s.stName,
	    s.stNameKor,
	    s.stAdress,
	    s.stRegTime,
	    s.stModTime
	from
	  stadium s left join team tm ON s.team_tmSeq = tm.tmSeq
		WHERE 1=1 ORDER BY s.stSeq DESC	
		limit 5 offset 0
 {executed in 1 msec} 
2025-03-21T09:43:21.095 [http-nio-8080-exec-1] INFO j.resultsettable - 
|---------|------|------------|----------|-------------------------------------------|--------------------|----------|
|tmnameab |stseq |stname      |stnamekor |stadress                                   |stregtime           |stmodtime |
|---------|------|------------|----------|-------------------------------------------|--------------------|----------|
|ARI      |1     |Chase Field |체이스 필드    |401 E Jefferson St, Pheonix, AZ 85004, USA |2025-03-21T09:42:39 |[null]    |
|---------|------|------------|----------|-------------------------------------------|--------------------|----------|
 
2025-03-21T09:44:54.506 [http-nio-8080-exec-5] DEBUG j.sqltiming -  com.zaxxer.hikari.pool.ProxyPreparedStatement.execute(ProxyPreparedStatement.java:44)
11. Select count(*)
			from
				stadium
			where 1=1
 {executed in 1 msec} 
2025-03-21T09:44:54.508 [http-nio-8080-exec-5] INFO j.resultsettable - 
|---------|
|count(*) |
|---------|
|1        |
|---------|
 
2025-03-21T09:44:54.511 [http-nio-8080-exec-5] DEBUG j.sqltiming -  com.zaxxer.hikari.pool.ProxyPreparedStatement.execute(ProxyPreparedStatement.java:44)
11. SELECT	
		tm.tmNameAb,
	    s.stSeq,
	    s.stName,
	    s.stNameKor,
	    s.stAdress,
	    s.stRegTime,
	    s.stModTime
	from
	  stadium s left join team tm ON s.team_tmSeq = tm.tmSeq
		WHERE 1=1 ORDER BY s.stSeq DESC	
		limit 5 offset 0
 {executed in 2 msec} 
2025-03-21T09:44:54.513 [http-nio-8080-exec-5] INFO j.resultsettable - 
|---------|------|------------|----------|-------------------------------------------|--------------------|----------|
|tmnameab |stseq |stname      |stnamekor |stadress                                   |stregtime           |stmodtime |
|---------|------|------------|----------|-------------------------------------------|--------------------|----------|
|ARI      |1     |Chase Field |체이스 필드    |401 E Jefferson St, Pheonix, AZ 85004, USA |2025-03-21T09:42:39 |[null]    |
|---------|------|------------|----------|-------------------------------------------|--------------------|----------|
 
2025-03-21T09:44:54.536 [http-nio-8080-exec-5] ERROR o.t.TemplateEngine - [THYMELEAF][http-nio-8080-exec-5] Exception processing template "xdm/stadium/StadiumXdmList": An error happened during template parsing (template: "class path resource [templates/xdm/stadium/StadiumXdmList.html]") 
org.thymeleaf.exceptions.TemplateInputException: An error happened during template parsing (template: "class path resource [templates/xdm/stadium/StadiumXdmList.html]")
	at org.thymeleaf.templateparser.markup.AbstractMarkupTemplateParser.parse(AbstractMarkupTemplateParser.java:241)
	at org.thymeleaf.templateparser.markup.AbstractMarkupTemplateParser.parseStandalone(AbstractMarkupTemplateParser.java:100)
	at org.thymeleaf.engine.TemplateManager.parseAndProcess(TemplateManager.java:666)
	at org.thymeleaf.TemplateEngine.process(TemplateEngine.java:1103)
	at org.thymeleaf.TemplateEngine.process(TemplateEngine.java:1077)
	at org.thymeleaf.spring6.view.ThymeleafView.renderFragment(ThymeleafView.java:372)
	at org.thymeleaf.spring6.view.ThymeleafView.render(ThymeleafView.java:192)
	at org.springframework.web.servlet.DispatcherServlet.render(DispatcherServlet.java:1435)
	at org.springframework.web.servlet.DispatcherServlet.processDispatchResult(DispatcherServlet.java:1167)
	at org.springframework.web.servlet.DispatcherServlet.doDispatch(DispatcherServlet.java:1105)
	at org.springframework.web.servlet.DispatcherServlet.doService(DispatcherServlet.java:978)
	at org.springframework.web.servlet.FrameworkServlet.processRequest(FrameworkServlet.java:1014)
	at org.springframework.web.servlet.FrameworkServlet.doGet(FrameworkServlet.java:903)
	at jakarta.servlet.http.HttpServlet.service(HttpServlet.java:564)
	at org.springframework.web.servlet.FrameworkServlet.service(FrameworkServlet.java:885)
	at jakarta.servlet.http.HttpServlet.service(HttpServlet.java:658)
	at org.apache.catalina.core.ApplicationFilterChain.internalDoFilter(ApplicationFilterChain.java:195)
	at org.apache.catalina.core.ApplicationFilterChain.doFilter(ApplicationFilterChain.java:140)
	at org.apache.tomcat.websocket.server.WsFilter.doFilter(WsFilter.java:51)
	at org.apache.catalina.core.ApplicationFilterChain.internalDoFilter(ApplicationFilterChain.java:164)
	at org.apache.catalina.core.ApplicationFilterChain.doFilter(ApplicationFilterChain.java:140)
	at org.springframework.web.filter.RequestContextFilter.doFilterInternal(RequestContextFilter.java:100)
	at org.springframework.web.filter.OncePerRequestFilter.doFilter(OncePerRequestFilter.java:116)
	at org.apache.catalina.core.ApplicationFilterChain.internalDoFilter(ApplicationFilterChain.java:164)
	at org.apache.catalina.core.ApplicationFilterChain.doFilter(ApplicationFilterChain.java:140)
	at org.springframework.web.filter.FormContentFilter.doFilterInternal(FormContentFilter.java:93)
	at org.springframework.web.filter.OncePerRequestFilter.doFilter(OncePerRequestFilter.java:116)
	at org.apache.catalina.core.ApplicationFilterChain.internalDoFilter(ApplicationFilterChain.java:164)
	at org.apache.catalina.core.ApplicationFilterChain.doFilter(ApplicationFilterChain.java:140)
	at org.springframework.web.filter.CharacterEncodingFilter.doFilterInternal(CharacterEncodingFilter.java:201)
	at org.springframework.web.filter.OncePerRequestFilter.doFilter(OncePerRequestFilter.java:116)
	at org.apache.catalina.core.ApplicationFilterChain.internalDoFilter(ApplicationFilterChain.java:164)
	at org.apache.catalina.core.ApplicationFilterChain.doFilter(ApplicationFilterChain.java:140)
	at org.apache.catalina.core.StandardWrapperValve.invoke(StandardWrapperValve.java:167)
	at org.apache.catalina.core.StandardContextValve.invoke(StandardContextValve.java:90)
	at org.apache.catalina.authenticator.AuthenticatorBase.invoke(AuthenticatorBase.java:483)
	at org.apache.catalina.core.StandardHostValve.invoke(StandardHostValve.java:115)
	at org.apache.catalina.valves.ErrorReportValve.invoke(ErrorReportValve.java:93)
	at org.apache.catalina.core.StandardEngineValve.invoke(StandardEngineValve.java:74)
	at org.apache.catalina.connector.CoyoteAdapter.service(CoyoteAdapter.java:344)
	at org.apache.coyote.http11.Http11Processor.service(Http11Processor.java:397)
	at org.apache.coyote.AbstractProcessorLight.process(AbstractProcessorLight.java:63)
	at org.apache.coyote.AbstractProtocol$ConnectionHandler.process(AbstractProtocol.java:905)
	at org.apache.tomcat.util.net.NioEndpoint$SocketProcessor.doRun(NioEndpoint.java:1743)
	at org.apache.tomcat.util.net.SocketProcessorBase.run(SocketProcessorBase.java:52)
	at org.apache.tomcat.util.threads.ThreadPoolExecutor.runWorker(ThreadPoolExecutor.java:1190)
	at org.apache.tomcat.util.threads.ThreadPoolExecutor$Worker.run(ThreadPoolExecutor.java:659)
	at org.apache.tomcat.util.threads.TaskThread$WrappingRunnable.run(TaskThread.java:63)
	at java.base/java.lang.Thread.run(Thread.java:1583)
Caused by: org.attoparser.ParseException: Exception evaluating SpringEL expression: "list.stModTimes" (template: "xdm/stadium/StadiumXdmList" - line 149, col 12)
	at org.attoparser.MarkupParser.parseDocument(MarkupParser.java:393)
	at org.attoparser.MarkupParser.parse(MarkupParser.java:257)
	at org.thymeleaf.templateparser.markup.AbstractMarkupTemplateParser.parse(AbstractMarkupTemplateParser.java:230)
	... 48 common frames omitted
Caused by: org.thymeleaf.exceptions.TemplateProcessingException: Exception evaluating SpringEL expression: "list.stModTimes" (template: "xdm/stadium/StadiumXdmList" - line 149, col 12)
	at org.thymeleaf.spring6.expression.SPELVariableExpressionEvaluator.evaluate(SPELVariableExpressionEvaluator.java:292)
	at org.thymeleaf.standard.expression.VariableExpression.executeVariableExpression(VariableExpression.java:166)
	at org.thymeleaf.standard.expression.SimpleExpression.executeSimple(SimpleExpression.java:66)
	at org.thymeleaf.standard.expression.Expression.execute(Expression.java:109)
	at org.thymeleaf.standard.expression.Expression.execute(Expression.java:138)
	at org.thymeleaf.standard.processor.AbstractStandardExpressionAttributeTagProcessor.doProcess(AbstractStandardExpressionAttributeTagProcessor.java:144)
	at org.thymeleaf.processor.element.AbstractAttributeTagProcessor.doProcess(AbstractAttributeTagProcessor.java:74)
	at org.thymeleaf.processor.element.AbstractElementTagProcessor.process(AbstractElementTagProcessor.java:95)
	at org.thymeleaf.util.ProcessorConfigurationUtils$ElementTagProcessorWrapper.process(ProcessorConfigurationUtils.java:633)
	at org.thymeleaf.engine.ProcessorTemplateHandler.handleOpenElement(ProcessorTemplateHandler.java:1314)
	at org.thymeleaf.engine.OpenElementTag.beHandled(OpenElementTag.java:205)
	at org.thymeleaf.engine.Model.process(Model.java:282)
	at org.thymeleaf.engine.Model.process(Model.java:290)
	at org.thymeleaf.engine.IteratedGatheringModelProcessable.processIterationModel(IteratedGatheringModelProcessable.java:368)
	at org.thymeleaf.engine.IteratedGatheringModelProcessable.process(IteratedGatheringModelProcessable.java:222)
	at org.thymeleaf.engine.ProcessorTemplateHandler.handleCloseElement(ProcessorTemplateHandler.java:1640)
	at org.thymeleaf.engine.TemplateHandlerAdapterMarkupHandler.handleCloseElementEnd(TemplateHandlerAdapterMarkupHandler.java:388)
	at org.thymeleaf.templateparser.markup.InlinedOutputExpressionMarkupHandler$InlineMarkupAdapterPreProcessorHandler.handleCloseElementEnd(InlinedOutputExpressionMarkupHandler.java:322)
	at org.thymeleaf.standard.inline.OutputExpressionInlinePreProcessorHandler.handleCloseElementEnd(OutputExpressionInlinePreProcessorHandler.java:220)
	at org.thymeleaf.templateparser.markup.InlinedOutputExpressionMarkupHandler.handleCloseElementEnd(InlinedOutputExpressionMarkupHandler.java:164)
	at org.attoparser.HtmlElement.handleCloseElementEnd(HtmlElement.java:169)
	at org.attoparser.HtmlMarkupHandler.handleCloseElementEnd(HtmlMarkupHandler.java:412)
	at org.attoparser.MarkupEventProcessorHandler.handleCloseElementEnd(MarkupEventProcessorHandler.java:473)
	at org.attoparser.ParsingElementMarkupUtil.parseCloseElement(ParsingElementMarkupUtil.java:201)
	at org.attoparser.MarkupParser.parseBuffer(MarkupParser.java:725)
	at org.attoparser.MarkupParser.parseDocument(MarkupParser.java:301)
	... 50 common frames omitted
Caused by: org.springframework.expression.spel.SpelEvaluationException: EL1008E: Property or field 'stModTimes' cannot be found on object of type 'com.angels.module.stadium.StadiumDto' - maybe not public or not valid?
	at org.springframework.expression.spel.ast.PropertyOrFieldReference.readProperty(PropertyOrFieldReference.java:229)
	at org.springframework.expression.spel.ast.PropertyOrFieldReference.getValueInternal(PropertyOrFieldReference.java:112)
	at org.springframework.expression.spel.ast.PropertyOrFieldReference$AccessorValueRef.getValue(PropertyOrFieldReference.java:376)
	at org.springframework.expression.spel.ast.CompoundExpression.getValueInternal(CompoundExpression.java:97)
	at org.springframework.expression.spel.ast.SpelNodeImpl.getValue(SpelNodeImpl.java:116)
	at org.springframework.expression.spel.standard.SpelExpression.getValue(SpelExpression.java:338)
	at org.thymeleaf.spring6.expression.SPELVariableExpressionEvaluator.evaluate(SPELVariableExpressionEvaluator.java:265)
	... 75 common frames omitted
2025-03-21T09:44:54.542 [http-nio-8080-exec-5] ERROR o.a.c.c.C.[.[.[.[dispatcherServlet] - Servlet.service() for servlet [dispatcherServlet] in context with path [] threw exception [Request processing failed: org.thymeleaf.exceptions.TemplateInputException: An error happened during template parsing (template: "class path resource [templates/xdm/stadium/StadiumXdmList.html]")] with root cause 
org.springframework.expression.spel.SpelEvaluationException: EL1008E: Property or field 'stModTimes' cannot be found on object of type 'com.angels.module.stadium.StadiumDto' - maybe not public or not valid?
	at org.springframework.expression.spel.ast.PropertyOrFieldReference.readProperty(PropertyOrFieldReference.java:229)
	at org.springframework.expression.spel.ast.PropertyOrFieldReference.getValueInternal(PropertyOrFieldReference.java:112)
	at org.springframework.expression.spel.ast.PropertyOrFieldReference$AccessorValueRef.getValue(PropertyOrFieldReference.java:376)
	at org.springframework.expression.spel.ast.CompoundExpression.getValueInternal(CompoundExpression.java:97)
	at org.springframework.expression.spel.ast.SpelNodeImpl.getValue(SpelNodeImpl.java:116)
	at org.springframework.expression.spel.standard.SpelExpression.getValue(SpelExpression.java:338)
	at org.thymeleaf.spring6.expression.SPELVariableExpressionEvaluator.evaluate(SPELVariableExpressionEvaluator.java:265)
	at org.thymeleaf.standard.expression.VariableExpression.executeVariableExpression(VariableExpression.java:166)
	at org.thymeleaf.standard.expression.SimpleExpression.executeSimple(SimpleExpression.java:66)
	at org.thymeleaf.standard.expression.Expression.execute(Expression.java:109)
	at org.thymeleaf.standard.expression.Expression.execute(Expression.java:138)
	at org.thymeleaf.standard.processor.AbstractStandardExpressionAttributeTagProcessor.doProcess(AbstractStandardExpressionAttributeTagProcessor.java:144)
	at org.thymeleaf.processor.element.AbstractAttributeTagProcessor.doProcess(AbstractAttributeTagProcessor.java:74)
	at org.thymeleaf.processor.element.AbstractElementTagProcessor.process(AbstractElementTagProcessor.java:95)
	at org.thymeleaf.util.ProcessorConfigurationUtils$ElementTagProcessorWrapper.process(ProcessorConfigurationUtils.java:633)
	at org.thymeleaf.engine.ProcessorTemplateHandler.handleOpenElement(ProcessorTemplateHandler.java:1314)
	at org.thymeleaf.engine.OpenElementTag.beHandled(OpenElementTag.java:205)
	at org.thymeleaf.engine.Model.process(Model.java:282)
	at org.thymeleaf.engine.Model.process(Model.java:290)
	at org.thymeleaf.engine.IteratedGatheringModelProcessable.processIterationModel(IteratedGatheringModelProcessable.java:368)
	at org.thymeleaf.engine.IteratedGatheringModelProcessable.process(IteratedGatheringModelProcessable.java:222)
	at org.thymeleaf.engine.ProcessorTemplateHandler.handleCloseElement(ProcessorTemplateHandler.java:1640)
	at org.thymeleaf.engine.TemplateHandlerAdapterMarkupHandler.handleCloseElementEnd(TemplateHandlerAdapterMarkupHandler.java:388)
	at org.thymeleaf.templateparser.markup.InlinedOutputExpressionMarkupHandler$InlineMarkupAdapterPreProcessorHandler.handleCloseElementEnd(InlinedOutputExpressionMarkupHandler.java:322)
	at org.thymeleaf.standard.inline.OutputExpressionInlinePreProcessorHandler.handleCloseElementEnd(OutputExpressionInlinePreProcessorHandler.java:220)
	at org.thymeleaf.templateparser.markup.InlinedOutputExpressionMarkupHandler.handleCloseElementEnd(InlinedOutputExpressionMarkupHandler.java:164)
	at org.attoparser.HtmlElement.handleCloseElementEnd(HtmlElement.java:169)
	at org.attoparser.HtmlMarkupHandler.handleCloseElementEnd(HtmlMarkupHandler.java:412)
	at org.attoparser.MarkupEventProcessorHandler.handleCloseElementEnd(MarkupEventProcessorHandler.java:473)
	at org.attoparser.ParsingElementMarkupUtil.parseCloseElement(ParsingElementMarkupUtil.java:201)
	at org.attoparser.MarkupParser.parseBuffer(MarkupParser.java:725)
	at org.attoparser.MarkupParser.parseDocument(MarkupParser.java:301)
	at org.attoparser.MarkupParser.parse(MarkupParser.java:257)
	at org.thymeleaf.templateparser.markup.AbstractMarkupTemplateParser.parse(AbstractMarkupTemplateParser.java:230)
	at org.thymeleaf.templateparser.markup.AbstractMarkupTemplateParser.parseStandalone(AbstractMarkupTemplateParser.java:100)
	at org.thymeleaf.engine.TemplateManager.parseAndProcess(TemplateManager.java:666)
	at org.thymeleaf.TemplateEngine.process(TemplateEngine.java:1103)
	at org.thymeleaf.TemplateEngine.process(TemplateEngine.java:1077)
	at org.thymeleaf.spring6.view.ThymeleafView.renderFragment(ThymeleafView.java:372)
	at org.thymeleaf.spring6.view.ThymeleafView.render(ThymeleafView.java:192)
	at org.springframework.web.servlet.DispatcherServlet.render(DispatcherServlet.java:1435)
	at org.springframework.web.servlet.DispatcherServlet.processDispatchResult(DispatcherServlet.java:1167)
	at org.springframework.web.servlet.DispatcherServlet.doDispatch(DispatcherServlet.java:1105)
	at org.springframework.web.servlet.DispatcherServlet.doService(DispatcherServlet.java:978)
	at org.springframework.web.servlet.FrameworkServlet.processRequest(FrameworkServlet.java:1014)
	at org.springframework.web.servlet.FrameworkServlet.doGet(FrameworkServlet.java:903)
	at jakarta.servlet.http.HttpServlet.service(HttpServlet.java:564)
	at org.springframework.web.servlet.FrameworkServlet.service(FrameworkServlet.java:885)
	at jakarta.servlet.http.HttpServlet.service(HttpServlet.java:658)
	at org.apache.catalina.core.ApplicationFilterChain.internalDoFilter(ApplicationFilterChain.java:195)
	at org.apache.catalina.core.ApplicationFilterChain.doFilter(ApplicationFilterChain.java:140)
	at org.apache.tomcat.websocket.server.WsFilter.doFilter(WsFilter.java:51)
	at org.apache.catalina.core.ApplicationFilterChain.internalDoFilter(ApplicationFilterChain.java:164)
	at org.apache.catalina.core.ApplicationFilterChain.doFilter(ApplicationFilterChain.java:140)
	at org.springframework.web.filter.RequestContextFilter.doFilterInternal(RequestContextFilter.java:100)
	at org.springframework.web.filter.OncePerRequestFilter.doFilter(OncePerRequestFilter.java:116)
	at org.apache.catalina.core.ApplicationFilterChain.internalDoFilter(ApplicationFilterChain.java:164)
	at org.apache.catalina.core.ApplicationFilterChain.doFilter(ApplicationFilterChain.java:140)
	at org.springframework.web.filter.FormContentFilter.doFilterInternal(FormContentFilter.java:93)
	at org.springframework.web.filter.OncePerRequestFilter.doFilter(OncePerRequestFilter.java:116)
	at org.apache.catalina.core.ApplicationFilterChain.internalDoFilter(ApplicationFilterChain.java:164)
	at org.apache.catalina.core.ApplicationFilterChain.doFilter(ApplicationFilterChain.java:140)
	at org.springframework.web.filter.CharacterEncodingFilter.doFilterInternal(CharacterEncodingFilter.java:201)
	at org.springframework.web.filter.OncePerRequestFilter.doFilter(OncePerRequestFilter.java:116)
	at org.apache.catalina.core.ApplicationFilterChain.internalDoFilter(ApplicationFilterChain.java:164)
	at org.apache.catalina.core.ApplicationFilterChain.doFilter(ApplicationFilterChain.java:140)
	at org.apache.catalina.core.StandardWrapperValve.invoke(StandardWrapperValve.java:167)
	at org.apache.catalina.core.StandardContextValve.invoke(StandardContextValve.java:90)
	at org.apache.catalina.authenticator.AuthenticatorBase.invoke(AuthenticatorBase.java:483)
	at org.apache.catalina.core.StandardHostValve.invoke(StandardHostValve.java:115)
	at org.apache.catalina.valves.ErrorReportValve.invoke(ErrorReportValve.java:93)
	at org.apache.catalina.core.StandardEngineValve.invoke(StandardEngineValve.java:74)
	at org.apache.catalina.connector.CoyoteAdapter.service(CoyoteAdapter.java:344)
	at org.apache.coyote.http11.Http11Processor.service(Http11Processor.java:397)
	at org.apache.coyote.AbstractProcessorLight.process(AbstractProcessorLight.java:63)
	at org.apache.coyote.AbstractProtocol$ConnectionHandler.process(AbstractProtocol.java:905)
	at org.apache.tomcat.util.net.NioEndpoint$SocketProcessor.doRun(NioEndpoint.java:1743)
	at org.apache.tomcat.util.net.SocketProcessorBase.run(SocketProcessorBase.java:52)
	at org.apache.tomcat.util.threads.ThreadPoolExecutor.runWorker(ThreadPoolExecutor.java:1190)
	at org.apache.tomcat.util.threads.ThreadPoolExecutor$Worker.run(ThreadPoolExecutor.java:659)
	at org.apache.tomcat.util.threads.TaskThread$WrappingRunnable.run(TaskThread.java:63)
	at java.base/java.lang.Thread.run(Thread.java:1583)
2025-03-21T09:44:54.561 [http-nio-8080-exec-5] ERROR o.s.b.a.w.s.e.ErrorMvcAutoConfiguration$StaticView - Cannot render error page for request [/stadium/StadiumXdmList] and exception [An error happened during template parsing (template: "class path resource [templates/xdm/stadium/StadiumXdmList.html]")] as the response has already been committed. As a result, the response may have the wrong status code. 
2025-03-21T09:45:01.599 [http-nio-8080-exec-1] DEBUG j.sqltiming -  com.zaxxer.hikari.pool.ProxyPreparedStatement.execute(ProxyPreparedStatement.java:44)
11. Select count(*)
			from
				stadium
			where 1=1
 {executed in 0 msec} 
2025-03-21T09:45:01.599 [http-nio-8080-exec-1] INFO j.resultsettable - 
|---------|
|count(*) |
|---------|
|1        |
|---------|
 
2025-03-21T09:45:01.601 [http-nio-8080-exec-1] DEBUG j.sqltiming -  com.zaxxer.hikari.pool.ProxyPreparedStatement.execute(ProxyPreparedStatement.java:44)
11. SELECT	
		tm.tmNameAb,
	    s.stSeq,
	    s.stName,
	    s.stNameKor,
	    s.stAdress,
	    s.stRegTime,
	    s.stModTime
	from
	  stadium s left join team tm ON s.team_tmSeq = tm.tmSeq
		WHERE 1=1 ORDER BY s.stSeq DESC	
		limit 5 offset 0
 {executed in 1 msec} 
2025-03-21T09:45:01.601 [http-nio-8080-exec-1] INFO j.resultsettable - 
|---------|------|------------|----------|-------------------------------------------|--------------------|----------|
|tmnameab |stseq |stname      |stnamekor |stadress                                   |stregtime           |stmodtime |
|---------|------|------------|----------|-------------------------------------------|--------------------|----------|
|ARI      |1     |Chase Field |체이스 필드    |401 E Jefferson St, Pheonix, AZ 85004, USA |2025-03-21T09:42:39 |[null]    |
|---------|------|------------|----------|-------------------------------------------|--------------------|----------|
 
