2025-03-28T15:06:25.592 [restartedMain] INFO c.a.AngelsApplication - Starting AngelsApplication using Java 21.0.5 with PID 14952 (C:\factory\ws_sts4_4270\repo_angels\angels\bin\main started by sunjs in C:\factory\ws_sts4_4270\repo_angels\angels) 
2025-03-28T15:06:25.592 [restartedMain] INFO c.a.AngelsApplication - No active profile set, falling back to 1 default profile: "default" 
2025-03-28T15:06:25.954 [restartedMain] INFO o.s.b.w.e.t.TomcatWebServer - Tomcat initialized with port 8080 (http) 
2025-03-28T15:06:25.955 [restartedMain] INFO o.a.c.h.Http11NioProtocol - Initializing ProtocolHandler ["http-nio-8080"] 
2025-03-28T15:06:25.963 [restartedMain] INFO o.a.c.c.StandardService - Starting service [Tomcat] 
2025-03-28T15:06:25.963 [restartedMain] INFO o.a.c.c.StandardEngine - Starting Servlet engine: [Apache Tomcat/10.1.36] 
2025-03-28T15:06:25.987 [restartedMain] INFO o.a.c.c.C.[.[.[/] - Initializing Spring embedded WebApplicationContext 
2025-03-28T15:06:25.987 [restartedMain] INFO o.s.b.w.s.c.ServletWebServerApplicationContext - Root WebApplicationContext: initialization completed in 392 ms 
2025-03-28T15:06:26.040 [restartedMain] INFO c.z.h.HikariDataSource - HikariPool-57 - Starting... 
2025-03-28T15:06:26.053 [restartedMain] INFO c.z.h.p.HikariPool - HikariPool-57 - Added connection net.sf.log4jdbc.sql.jdbcapi.ConnectionSpy@60ef55e3 
2025-03-28T15:06:26.054 [restartedMain] INFO c.z.h.HikariDataSource - HikariPool-57 - Start completed. 
2025-03-28T15:06:26.056 [restartedMain] DEBUG j.sqltiming -  com.zaxxer.hikari.pool.ProxyPreparedStatement.execute(ProxyPreparedStatement.java:44)
511. SELECT 
			cdSeq,
			cdName,
			codeGroup_cgSeq
		FROM
			code
		WHERE 1=1
			AND cdDelNy = 0
 {executed in 2 msec} 
2025-03-28T15:06:26.058 [restartedMain] INFO j.resultsettable - 
|------|----------|----------------|
|cdseq |cdname    |codegroup_cgseq |
|------|----------|----------------|
|1     |SKT       |1               |
|2     |KT        |1               |
|3     |LG U+     |1               |
|4     |SKT 알뜰폰   |1               |
|5     |KT 알뜰폰    |1               |
|6     |LG U+ 알뜰폰 |1               |
|7     |남자        |2               |
|8     |여자        |2               |
|9     |AL        |3               |
|10    |NL        |3               |
|11    |East      |4               |
|12    |Central   |4               |
|13    |West      |4               |
|14    |투수        |5               |
|15    |1루수       |5               |
|16    |2루수       |5               |
|17    |3루수       |5               |
|18    |유격수       |5               |
|19    |좌익수       |5               |
|20    |중견수       |5               |
|21    |우익수       |5               |
|22    |포수        |5               |
|23    |지명타자      |5               |
|24    |대타        |5               |
|25    |대주자       |5               |
|26    |좌투        |6               |
|27    |우투        |6               |
|28    |양투        |6               |
|29    |좌타        |7               |
|30    |우타        |7               |
|31    |양타        |7               |
|32    |미국        |8               |
|33    |도미니카 공화국  |8               |
|34    |베네수엘라     |8               |
|35    |쿠바        |8               |
|36    |푸에르토리코    |8               |
|37    |멕시코       |8               |
|38    |캐나다       |8               |
|39    |일본        |8               |
|40    |콜롬비아      |8               |
|41    |대한민국      |8               |
|42    |파나마       |8               |
|43    |퀴라소       |8               |
|44    |네덜란드      |8               |
|45    |바하마       |8               |
|46    |니카라과      |8               |
|47    |호주        |8               |
|48    |브라질       |8               |
|49    |독일        |8               |
|50    |온두라스      |8               |
|51    |대만        |8               |
|52    |아루바       |8               |
|53    |1회초       |9               |
|54    |1회말       |9               |
|55    |2회초       |9               |
|56    |2회말       |9               |
|57    |3회초       |9               |
|58    |3회말       |9               |
|59    |4회초       |9               |
|60    |4회말       |9               |
|61    |5회초       |9               |
|62    |5회말       |9               |
|63    |6회초       |9               |
|64    |6회말       |9               |
|65    |7회초       |9               |
|66    |7회말       |9               |
|67    |8회초       |9               |
|68    |8회말       |9               |
|69    |9회초       |9               |
|70    |9회말       |9               |
|71    |10회초      |9               |
|72    |10회말      |9               |
|73    |11회초      |9               |
|74    |11회말      |9               |
|75    |12회초      |9               |
|76    |12회말      |9               |
|77    |13회초      |9               |
|78    |13회말      |9               |
|79    |14회초      |9               |
|80    |14회말      |9               |
|81    |15회초      |9               |
|82    |15회말      |9               |
|83    |16회초      |9               |
|84    |16회말      |9               |
|85    |17회초      |9               |
|86    |17회말      |9               |
|87    |18회초      |9               |
|88    |18회말      |9               |
|89    |19회초      |9               |
|90    |19회말      |9               |
|91    |20회초      |9               |
|92    |20회말      |9               |
|93    |현역        |10              |
|94    |은퇴        |10              |
|95    |투타겸업      |5               |
|------|----------|----------------|
 
2025-03-28T15:06:26.060 [restartedMain] INFO o.s.b.f.a.AutowiredAnnotationBeanPostProcessor - Autowired annotation should only be used on methods with parameters: public java.lang.String com.angels.module.login.LoginController.login() 
2025-03-28T15:06:26.091 [restartedMain] WARN o.s.b.w.s.c.AnnotationConfigServletWebServerApplicationContext - Exception encountered during context initialization - cancelling refresh attempt: org.springframework.beans.factory.BeanCreationException: Error creating bean with name 'welcomePageHandlerMapping' defined in class path resource [org/springframework/boot/autoconfigure/web/servlet/WebMvcAutoConfiguration$EnableWebMvcConfiguration.class]: Failed to instantiate [org.springframework.boot.autoconfigure.web.servlet.WelcomePageHandlerMapping]: Factory method 'welcomePageHandlerMapping' threw exception with message: Unresolved compilation problem: 
	The method addInterceptor(HandlerInterceptor) in the type InterceptorRegistry is not applicable for the arguments (CheckLoginSessionInterceptor)
 
2025-03-28T15:06:26.091 [restartedMain] INFO c.z.h.HikariDataSource - HikariPool-57 - Shutdown initiated... 
2025-03-28T15:06:26.092 [restartedMain] INFO c.z.h.HikariDataSource - HikariPool-57 - Shutdown completed. 
2025-03-28T15:06:26.094 [restartedMain] INFO o.a.c.c.StandardService - Stopping service [Tomcat] 
2025-03-28T15:06:26.098 [restartedMain] INFO o.s.b.a.l.ConditionEvaluationReportLogger - 

Error starting ApplicationContext. To display the condition evaluation report re-run your application with 'debug' enabled. 
2025-03-28T15:06:26.102 [restartedMain] ERROR o.s.b.SpringApplication - Application run failed 
org.springframework.beans.factory.BeanCreationException: Error creating bean with name 'welcomePageHandlerMapping' defined in class path resource [org/springframework/boot/autoconfigure/web/servlet/WebMvcAutoConfiguration$EnableWebMvcConfiguration.class]: Failed to instantiate [org.springframework.boot.autoconfigure.web.servlet.WelcomePageHandlerMapping]: Factory method 'welcomePageHandlerMapping' threw exception with message: Unresolved compilation problem: 
	The method addInterceptor(HandlerInterceptor) in the type InterceptorRegistry is not applicable for the arguments (CheckLoginSessionInterceptor)

	at org.springframework.beans.factory.support.ConstructorResolver.instantiate(ConstructorResolver.java:657)
	at org.springframework.beans.factory.support.ConstructorResolver.instantiateUsingFactoryMethod(ConstructorResolver.java:645)
	at org.springframework.beans.factory.support.AbstractAutowireCapableBeanFactory.instantiateUsingFactoryMethod(AbstractAutowireCapableBeanFactory.java:1361)
	at org.springframework.beans.factory.support.AbstractAutowireCapableBeanFactory.createBeanInstance(AbstractAutowireCapableBeanFactory.java:1191)
	at org.springframework.beans.factory.support.AbstractAutowireCapableBeanFactory.doCreateBean(AbstractAutowireCapableBeanFactory.java:563)
	at org.springframework.beans.factory.support.AbstractAutowireCapableBeanFactory.createBean(AbstractAutowireCapableBeanFactory.java:523)
	at org.springframework.beans.factory.support.AbstractBeanFactory.lambda$doGetBean$0(AbstractBeanFactory.java:339)
	at org.springframework.beans.factory.support.DefaultSingletonBeanRegistry.getSingleton(DefaultSingletonBeanRegistry.java:346)
	at org.springframework.beans.factory.support.AbstractBeanFactory.doGetBean(AbstractBeanFactory.java:337)
	at org.springframework.beans.factory.support.AbstractBeanFactory.getBean(AbstractBeanFactory.java:202)
	at org.springframework.beans.factory.support.DefaultListableBeanFactory.instantiateSingleton(DefaultListableBeanFactory.java:1155)
	at org.springframework.beans.factory.support.DefaultListableBeanFactory.preInstantiateSingleton(DefaultListableBeanFactory.java:1121)
	at org.springframework.beans.factory.support.DefaultListableBeanFactory.preInstantiateSingletons(DefaultListableBeanFactory.java:1056)
	at org.springframework.context.support.AbstractApplicationContext.finishBeanFactoryInitialization(AbstractApplicationContext.java:987)
	at org.springframework.context.support.AbstractApplicationContext.refresh(AbstractApplicationContext.java:627)
	at org.springframework.boot.web.servlet.context.ServletWebServerApplicationContext.refresh(ServletWebServerApplicationContext.java:146)
	at org.springframework.boot.SpringApplication.refresh(SpringApplication.java:752)
	at org.springframework.boot.SpringApplication.refreshContext(SpringApplication.java:439)
	at org.springframework.boot.SpringApplication.run(SpringApplication.java:318)
	at org.springframework.boot.SpringApplication.run(SpringApplication.java:1361)
	at org.springframework.boot.SpringApplication.run(SpringApplication.java:1350)
	at com.angels.AngelsApplication.main(AngelsApplication.java:10)
	at java.base/jdk.internal.reflect.DirectMethodHandleAccessor.invoke(DirectMethodHandleAccessor.java:103)
	at java.base/java.lang.reflect.Method.invoke(Method.java:580)
	at org.springframework.boot.devtools.restart.RestartLauncher.run(RestartLauncher.java:50)
Caused by: org.springframework.beans.BeanInstantiationException: Failed to instantiate [org.springframework.boot.autoconfigure.web.servlet.WelcomePageHandlerMapping]: Factory method 'welcomePageHandlerMapping' threw exception with message: Unresolved compilation problem: 
	The method addInterceptor(HandlerInterceptor) in the type InterceptorRegistry is not applicable for the arguments (CheckLoginSessionInterceptor)

	at org.springframework.beans.factory.support.SimpleInstantiationStrategy.lambda$instantiate$0(SimpleInstantiationStrategy.java:199)
	at org.springframework.beans.factory.support.SimpleInstantiationStrategy.instantiateWithFactoryMethod(SimpleInstantiationStrategy.java:88)
	at org.springframework.beans.factory.support.SimpleInstantiationStrategy.instantiate(SimpleInstantiationStrategy.java:168)
	at org.springframework.beans.factory.support.ConstructorResolver.instantiate(ConstructorResolver.java:653)
	... 24 common frames omitted
Caused by: java.lang.Error: Unresolved compilation problem: 
	The method addInterceptor(HandlerInterceptor) in the type InterceptorRegistry is not applicable for the arguments (CheckLoginSessionInterceptor)

	at com.angels.common.config.WebMvcConfigurerImpl.addInterceptors(WebMvcConfigurerImpl.java:14)
	at org.springframework.web.servlet.config.annotation.WebMvcConfigurerComposite.addInterceptors(WebMvcConfigurerComposite.java:89)
	at org.springframework.web.servlet.config.annotation.DelegatingWebMvcConfiguration.addInterceptors(DelegatingWebMvcConfiguration.java:84)
	at org.springframework.web.servlet.config.annotation.WebMvcConfigurationSupport.getInterceptors(WebMvcConfigurationSupport.java:367)
	at org.springframework.boot.autoconfigure.web.servlet.WebMvcAutoConfiguration$EnableWebMvcConfiguration.createWelcomePageHandlerMapping(WebMvcAutoConfiguration.java:440)
	at org.springframework.boot.autoconfigure.web.servlet.WebMvcAutoConfiguration$EnableWebMvcConfiguration.welcomePageHandlerMapping(WebMvcAutoConfiguration.java:420)
	at java.base/jdk.internal.reflect.DirectMethodHandleAccessor.invoke(DirectMethodHandleAccessor.java:103)
	at java.base/java.lang.reflect.Method.invoke(Method.java:580)
	at org.springframework.beans.factory.support.SimpleInstantiationStrategy.lambda$instantiate$0(SimpleInstantiationStrategy.java:171)
	... 27 common frames omitted
